<?xml version="1.0" encoding="UTF-8"?>
<testng-results skipped="0" failed="1" total="3" passed="2">
  <reporter-output>
  </reporter-output>
  <suite name="Surefire suite" duration-ms="65600" started-at="2019-08-20T13:55:13Z" finished-at="2019-08-20T13:56:18Z">
    <groups>
    </groups>
    <test name="Surefire test" duration-ms="65600" started-at="2019-08-20T13:55:13Z" finished-at="2019-08-20T13:56:18Z">
      <class name="com.clarolab.selenium.SeleniumTest">
        <test-method status="PASS" signature="initTest()[pri:0, instance:com.clarolab.selenium.SeleniumTest@21a947fe]" name="initTest" is-config="true" duration-ms="1161" started-at="2019-08-20T13:55:13Z" finished-at="2019-08-20T13:55:14Z">
          <reporter-output>
          </reporter-output>
        </test-method> <!-- initTest -->
        <test-method status="PASS" signature="exceptionSeleTest()[pri:0, instance:com.clarolab.selenium.SeleniumTest@21a947fe]" name="exceptionSeleTest" duration-ms="942" started-at="2019-08-20T13:55:14Z" finished-at="2019-08-20T13:55:15Z">
          <reporter-output>
          </reporter-output>
        </test-method> <!-- exceptionSeleTest -->
        <test-method status="PASS" signature="cleanTest()[pri:0, instance:com.clarolab.selenium.SeleniumTest@21a947fe]" name="cleanTest" is-config="true" duration-ms="1194" started-at="2019-08-20T13:55:15Z" finished-at="2019-08-20T13:55:16Z">
          <reporter-output>
          </reporter-output>
        </test-method> <!-- cleanTest -->
        <test-method status="PASS" signature="initTest()[pri:0, instance:com.clarolab.selenium.SeleniumTest@21a947fe]" name="initTest" is-config="true" duration-ms="1457" started-at="2019-08-20T13:55:16Z" finished-at="2019-08-20T13:55:17Z">
          <reporter-output>
          </reporter-output>
        </test-method> <!-- initTest -->
        <test-method status="FAIL" signature="failSeleTest()[pri:0, instance:com.clarolab.selenium.SeleniumTest@21a947fe]" name="failSeleTest" duration-ms="802" started-at="2019-08-20T13:55:17Z" finished-at="2019-08-20T13:55:18Z">
          <exception class="java.lang.AssertionError">
            <message>
              <![CDATA[this is intended to fail expected [false] but found [true]]]>
            </message>
            <full-stacktrace>
              <![CDATA[java.lang.AssertionError: this is intended to fail expected [false] but found [true]
	at org.testng.Assert.fail(Assert.java:94)
	at org.testng.Assert.failNotEquals(Assert.java:494)
	at org.testng.Assert.assertFalse(Assert.java:63)
	at com.clarolab.selenium.SeleniumTest.failSeleTest(SeleniumTest.java:18)
	at sun.reflect.NativeMethodAccessorImpl.invoke0(Native Method)
	at sun.reflect.NativeMethodAccessorImpl.invoke(NativeMethodAccessorImpl.java:62)
	at sun.reflect.DelegatingMethodAccessorImpl.invoke(DelegatingMethodAccessorImpl.java:43)
	at java.lang.reflect.Method.invoke(Method.java:498)
	at org.testng.internal.MethodInvocationHelper.invokeMethod(MethodInvocationHelper.java:80)
	at org.testng.internal.Invoker.invokeMethod(Invoker.java:714)
	at org.testng.internal.Invoker.invokeTestMethod(Invoker.java:901)
	at org.testng.internal.Invoker.invokeTestMethods(Invoker.java:1231)
	at org.testng.internal.TestMethodWorker.invokeTestMethods(TestMethodWorker.java:127)
	at org.testng.internal.TestMethodWorker.run(TestMethodWorker.java:111)
	at org.testng.TestRunner.privateRun(TestRunner.java:767)
	at org.testng.TestRunner.run(TestRunner.java:617)
	at org.testng.SuiteRunner.runTest(SuiteRunner.java:334)
	at org.testng.SuiteRunner.runSequentially(SuiteRunner.java:329)
	at org.testng.SuiteRunner.privateRun(SuiteRunner.java:291)
	at org.testng.SuiteRunner.run(SuiteRunner.java:240)
	at org.testng.SuiteRunnerWorker.runSuite(SuiteRunnerWorker.java:52)
	at org.testng.SuiteRunnerWorker.run(SuiteRunnerWorker.java:86)
	at org.testng.TestNG.runSuitesSequentially(TestNG.java:1198)
	at org.testng.TestNG.runSuitesLocally(TestNG.java:1123)
	at org.testng.TestNG.run(TestNG.java:1031)
	at org.apache.maven.surefire.testng.TestNGExecutor.run(TestNGExecutor.java:135)
	at org.apache.maven.surefire.testng.TestNGDirectoryTestSuite.executeSingleClass(TestNGDirectoryTestSuite.java:112)
	at org.apache.maven.surefire.testng.TestNGDirectoryTestSuite.execute(TestNGDirectoryTestSuite.java:99)
	at org.apache.maven.surefire.testng.TestNGProvider.invoke(TestNGProvider.java:146)
	at org.apache.maven.surefire.booter.ForkedBooter.invokeProviderInSameClassLoader(ForkedBooter.java:384)
	at org.apache.maven.surefire.booter.ForkedBooter.runSuitesInProcess(ForkedBooter.java:345)
	at org.apache.maven.surefire.booter.ForkedBooter.execute(ForkedBooter.java:126)
	at org.apache.maven.surefire.booter.ForkedBooter.main(ForkedBooter.java:418)
]]>
            </full-stacktrace>
          </exception> <!-- java.lang.AssertionError -->
          <reporter-output>
          </reporter-output>
        </test-method> <!-- failSeleTest -->
        <test-method status="PASS" signature="cleanTest()[pri:0, instance:com.clarolab.selenium.SeleniumTest@21a947fe]" name="cleanTest" is-config="true" duration-ms="748" started-at="2019-08-20T13:55:18Z" finished-at="2019-08-20T13:55:19Z">
          <reporter-output>
          </reporter-output>
        </test-method> <!-- cleanTest -->
        <test-method status="PASS" signature="initTest()[pri:0, instance:com.clarolab.selenium.SeleniumTest@21a947fe]" name="initTest" is-config="true" duration-ms="57217" started-at="2019-08-20T13:55:19Z" finished-at="2019-08-20T13:56:16Z">
          <reporter-output>
          </reporter-output>
        </test-method> <!-- initTest -->
        <test-method status="PASS" signature="passSeleTest()[pri:0, instance:com.clarolab.selenium.SeleniumTest@21a947fe]" name="passSeleTest" duration-ms="1060" started-at="2019-08-20T13:56:16Z" finished-at="2019-08-20T13:56:17Z">
          <reporter-output>
          </reporter-output>
        </test-method> <!-- passSeleTest -->
        <test-method status="PASS" signature="cleanTest()[pri:0, instance:com.clarolab.selenium.SeleniumTest@21a947fe]" name="cleanTest" is-config="true" duration-ms="984" started-at="2019-08-20T13:56:17Z" finished-at="2019-08-20T13:56:18Z">
          <reporter-output>
          </reporter-output>
        </test-method> <!-- cleanTest -->
      </class> <!-- com.clarolab.selenium.SeleniumTest -->
    </test> <!-- Surefire test -->
  </suite> <!-- Surefire suite -->
</testng-results>
