<?xml version="1.0" encoding="UTF-8" ?>
<testsuites>
 <testsuite name="chrome.Login Page: UI Navigation negative" timestamp="2019-10-30T11:23:56" hostname="localhost" time="8.882" errors="0" tests="3" skipped="0" disabled="0" failures="3">
  <testcase classname="chrome.Login Page: UI Navigation negative" name="Log in" time="6.223">
   <failure type="toBe" message="Expected true to be false."><![CDATA[Error: Failed expectation
    at UserContext.it (/opt/bamboo/bamboo/bamboo-home/xml-data/build-dir/QA-TES-JOB1/src/testcases/logintest.negative.spec.js:12:16)
    at /opt/bamboo/bamboo/bamboo-home/xml-data/build-dir/QA-TES-JOB1/node_modules/jasminewd2/index.js:112:25
    at new ManagedPromise (/opt/bamboo/bamboo/bamboo-home/xml-data/build-dir/QA-TES-JOB1/node_modules/selenium-webdriver/lib/promise.js:1077:7)
    at ControlFlow.promise (/opt/bamboo/bamboo/bamboo-home/xml-data/build-dir/QA-TES-JOB1/node_modules/selenium-webdriver/lib/promise.js:2505:12)
    at schedulerExecute (/opt/bamboo/bamboo/bamboo-home/xml-data/build-dir/QA-TES-JOB1/node_modules/jasminewd2/index.js:95:18)
    at TaskQueue.execute_ (/opt/bamboo/bamboo/bamboo-home/xml-data/build-dir/QA-TES-JOB1/node_modules/selenium-webdriver/lib/promise.js:3084:14)
    at TaskQueue.executeNext_ (/opt/bamboo/bamboo/bamboo-home/xml-data/build-dir/QA-TES-JOB1/node_modules/selenium-webdriver/lib/promise.js:3067:27)
    at asyncRun (/opt/bamboo/bamboo/bamboo-home/xml-data/build-dir/QA-TES-JOB1/node_modules/selenium-webdriver/lib/promise.js:2974:25)
    at /opt/bamboo/bamboo/bamboo-home/xml-data/build-dir/QA-TES-JOB1/node_modules/selenium-webdriver/lib/promise.js:668:7]]>
   </failure>
  </testcase>
  <testcase classname="chrome.Login Page: UI Navigation negative" name="Login Page: UI Navigation negative 2" time="1.524">
   <failure type="toBe" message="Expected true to be false."><![CDATA[Error: Failed expectation
    at UserContext.it (/opt/bamboo/bamboo/bamboo-home/xml-data/build-dir/QA-TES-JOB1/src/testcases/logintest.negative.spec.js:17:16)
    at /opt/bamboo/bamboo/bamboo-home/xml-data/build-dir/QA-TES-JOB1/node_modules/jasminewd2/index.js:112:25
    at new ManagedPromise (/opt/bamboo/bamboo/bamboo-home/xml-data/build-dir/QA-TES-JOB1/node_modules/selenium-webdriver/lib/promise.js:1077:7)
    at ControlFlow.promise (/opt/bamboo/bamboo/bamboo-home/xml-data/build-dir/QA-TES-JOB1/node_modules/selenium-webdriver/lib/promise.js:2505:12)
    at schedulerExecute (/opt/bamboo/bamboo/bamboo-home/xml-data/build-dir/QA-TES-JOB1/node_modules/jasminewd2/index.js:95:18)
    at TaskQueue.execute_ (/opt/bamboo/bamboo/bamboo-home/xml-data/build-dir/QA-TES-JOB1/node_modules/selenium-webdriver/lib/promise.js:3084:14)
    at TaskQueue.executeNext_ (/opt/bamboo/bamboo/bamboo-home/xml-data/build-dir/QA-TES-JOB1/node_modules/selenium-webdriver/lib/promise.js:3067:27)
    at asyncRun (/opt/bamboo/bamboo/bamboo-home/xml-data/build-dir/QA-TES-JOB1/node_modules/selenium-webdriver/lib/promise.js:2974:25)
    at /opt/bamboo/bamboo/bamboo-home/xml-data/build-dir/QA-TES-JOB1/node_modules/selenium-webdriver/lib/promise.js:668:7]]>
   </failure>
  </testcase>
  <testcase classname="chrome.Login Page: UI Navigation negative" name="Login Page: UI Navigation negative 3" time="1.105">
   <failure type="toBe" message="Expected true to be false."><![CDATA[Error: Failed expectation
    at UserContext.it (/opt/bamboo/bamboo/bamboo-home/xml-data/build-dir/QA-TES-JOB1/src/testcases/logintest.negative.spec.js:22:16)
    at /opt/bamboo/bamboo/bamboo-home/xml-data/build-dir/QA-TES-JOB1/node_modules/jasminewd2/index.js:112:25
    at new ManagedPromise (/opt/bamboo/bamboo/bamboo-home/xml-data/build-dir/QA-TES-JOB1/node_modules/selenium-webdriver/lib/promise.js:1077:7)
    at ControlFlow.promise (/opt/bamboo/bamboo/bamboo-home/xml-data/build-dir/QA-TES-JOB1/node_modules/selenium-webdriver/lib/promise.js:2505:12)
    at schedulerExecute (/opt/bamboo/bamboo/bamboo-home/xml-data/build-dir/QA-TES-JOB1/node_modules/jasminewd2/index.js:95:18)
    at TaskQueue.execute_ (/opt/bamboo/bamboo/bamboo-home/xml-data/build-dir/QA-TES-JOB1/node_modules/selenium-webdriver/lib/promise.js:3084:14)
    at TaskQueue.executeNext_ (/opt/bamboo/bamboo/bamboo-home/xml-data/build-dir/QA-TES-JOB1/node_modules/selenium-webdriver/lib/promise.js:3067:27)
    at asyncRun (/opt/bamboo/bamboo/bamboo-home/xml-data/build-dir/QA-TES-JOB1/node_modules/selenium-webdriver/lib/promise.js:2974:25)
    at /opt/bamboo/bamboo/bamboo-home/xml-data/build-dir/QA-TES-JOB1/node_modules/selenium-webdriver/lib/promise.js:668:7]]>
   </failure>
  </testcase>
 </testsuite>
</testsuites>