<?xml version="1.0" encoding="UTF-8"?>
<!--
  ~ Copyright (c) 2019, Clarolab. All rights reserved.
  -->

<testsuite xmlns:xsi="http://www.w3.org/2001/XMLSchema-instance" xsi:noNamespaceSchemaLocation="https://maven.apache.org/surefire/maven-surefire-plugin/xsd/surefire-test-report-3.0.xsd" version="3.0" name="com.clarolab.runner.suite.ApiTestSuite" time="215.072" tests="62" errors="0" skipped="0" failures="1">
  <properties>
    <property name="sun.desktop" value="gnome"/>
    <property name="awt.toolkit" value="sun.awt.X11.XToolkit"/>
    <property name="file.encoding.pkg" value="sun.io"/>
    <property name="java.specification.version" value="1.8"/>
    <property name="sun.cpu.isalist" value=""/>
    <property name="sun.jnu.encoding" value="UTF-8"/>
    <property name="java.class.path" value="/home/rodrigo/Desarrollo/maven_repo/org/apache/maven/surefire/surefire-booter/3.0.0-M3/surefire-booter-3.0.0-M3.jar:/home/rodrigo/Desarrollo/maven_repo/org/apache/maven/surefire/surefire-api/3.0.0-M3/surefire-api-3.0.0-M3.jar:/home/rodrigo/Desarrollo/maven_repo/org/apache/maven/surefire/surefire-logger-api/3.0.0-M3/surefire-logger-api-3.0.0-M3.jar:/home/rodrigo/Desarrollo/Stash_Projects/Clarolab/qa-reports/target/test-classes:/home/rodrigo/Desarrollo/Stash_Projects/Clarolab/qa-reports/target/classes:/home/rodrigo/Desarrollo/maven_repo/org/slf4j/slf4j-api/1.7.21/slf4j-api-1.7.21.jar:/home/rodrigo/Desarrollo/maven_repo/javax/xml/bind/jaxb-api/2.3.0/jaxb-api-2.3.0.jar:/home/rodrigo/Desarrollo/maven_repo/com/google/code/gson/gson/2.8.5/gson-2.8.5.jar:/home/rodrigo/Desarrollo/maven_repo/org/modelmapper/modelmapper/0.7.4/modelmapper-0.7.4.jar:/home/rodrigo/Desarrollo/maven_repo/org/springframework/boot/spring-boot-starter-data-jpa/2.1.2.RELEASE/spring-boot-starter-data-jpa-2.1.2.RELEASE.jar:/home/rodrigo/Desarrollo/maven_repo/org/springframework/boot/spring-boot-starter-aop/2.1.2.RELEASE/spring-boot-starter-aop-2.1.2.RELEASE.jar:/home/rodrigo/Desarrollo/maven_repo/org/springframework/spring-aop/5.1.4.RELEASE/spring-aop-5.1.4.RELEASE.jar:/home/rodrigo/Desarrollo/maven_repo/org/aspectj/aspectjweaver/1.9.2/aspectjweaver-1.9.2.jar:/home/rodrigo/Desarrollo/maven_repo/javax/transaction/javax.transaction-api/1.3/javax.transaction-api-1.3.jar:/home/rodrigo/Desarrollo/maven_repo/org/hibernate/hibernate-core/5.3.7.Final/hibernate-core-5.3.7.Final.jar:/home/rodrigo/Desarrollo/maven_repo/org/jboss/logging/jboss-logging/3.3.2.Final/jboss-logging-3.3.2.Final.jar:/home/rodrigo/Desarrollo/maven_repo/javax/persistence/javax.persistence-api/2.2/javax.persistence-api-2.2.jar:/home/rodrigo/Desarrollo/maven_repo/org/javassist/javassist/3.23.1-GA/javassist-3.23.1-GA.jar:/home/rodrigo/Desarrollo/maven_repo/net/bytebuddy/byte-buddy/1.9.7/byte-buddy-1.9.7.jar:/home/rodrigo/Desarrollo/maven_repo/antlr/antlr/2.7.7/antlr-2.7.7.jar:/home/rodrigo/Desarrollo/maven_repo/org/jboss/jandex/2.0.5.Final/jandex-2.0.5.Final.jar:/home/rodrigo/Desarrollo/maven_repo/javax/activation/javax.activation-api/1.2.0/javax.activation-api-1.2.0.jar:/home/rodrigo/Desarrollo/maven_repo/org/dom4j/dom4j/2.1.1/dom4j-2.1.1.jar:/home/rodrigo/Desarrollo/maven_repo/org/hibernate/common/hibernate-commons-annotations/5.0.4.Final/hibernate-commons-annotations-5.0.4.Final.jar:/home/rodrigo/Desarrollo/maven_repo/org/springframework/data/spring-data-jpa/2.1.4.RELEASE/spring-data-jpa-2.1.4.RELEASE.jar:/home/rodrigo/Desarrollo/maven_repo/org/springframework/data/spring-data-commons/2.1.4.RELEASE/spring-data-commons-2.1.4.RELEASE.jar:/home/rodrigo/Desarrollo/maven_repo/org/springframework/spring-orm/5.1.4.RELEASE/spring-orm-5.1.4.RELEASE.jar:/home/rodrigo/Desarrollo/maven_repo/org/springframework/spring-context/5.1.4.RELEASE/spring-context-5.1.4.RELEASE.jar:/home/rodrigo/Desarrollo/maven_repo/org/springframework/spring-aspects/5.1.4.RELEASE/spring-aspects-5.1.4.RELEASE.jar:/home/rodrigo/Desarrollo/maven_repo/org/springframework/boot/spring-boot-starter-data-rest/2.1.2.RELEASE/spring-boot-starter-data-rest-2.1.2.RELEASE.jar:/home/rodrigo/Desarrollo/maven_repo/org/springframework/boot/spring-boot-starter-web/2.1.2.RELEASE/spring-boot-starter-web-2.1.2.RELEASE.jar:/home/rodrigo/Desarrollo/maven_repo/org/springframework/boot/spring-boot-starter-json/2.1.2.RELEASE/spring-boot-starter-json-2.1.2.RELEASE.jar:/home/rodrigo/Desarrollo/maven_repo/com/fasterxml/jackson/datatype/jackson-datatype-jdk8/2.9.8/jackson-datatype-jdk8-2.9.8.jar:/home/rodrigo/Desarrollo/maven_repo/com/fasterxml/jackson/datatype/jackson-datatype-jsr310/2.9.8/jackson-datatype-jsr310-2.9.8.jar:/home/rodrigo/Desarrollo/maven_repo/com/fasterxml/jackson/module/jackson-module-parameter-names/2.9.8/jackson-module-parameter-names-2.9.8.jar:/home/rodrigo/Desarrollo/maven_repo/org/springframework/boot/spring-boot-starter-tomcat/2.1.2.RELEASE/spring-boot-starter-tomcat-2.1.2.RELEASE.jar:/home/rodrigo/Desarrollo/maven_repo/org/apache/tomcat/embed/tomcat-embed-core/9.0.14/tomcat-embed-core-9.0.14.jar:/home/rodrigo/Desarrollo/maven_repo/org/apache/tomcat/embed/tomcat-embed-el/9.0.14/tomcat-embed-el-9.0.14.jar:/home/rodrigo/Desarrollo/maven_repo/org/apache/tomcat/embed/tomcat-embed-websocket/9.0.14/tomcat-embed-websocket-9.0.14.jar:/home/rodrigo/Desarrollo/maven_repo/org/hibernate/validator/hibernate-validator/6.0.14.Final/hibernate-validator-6.0.14.Final.jar:/home/rodrigo/Desarrollo/maven_repo/javax/validation/validation-api/2.0.1.Final/validation-api-2.0.1.Final.jar:/home/rodrigo/Desarrollo/maven_repo/org/springframework/spring-web/5.1.4.RELEASE/spring-web-5.1.4.RELEASE.jar:/home/rodrigo/Desarrollo/maven_repo/org/springframework/data/spring-data-rest-webmvc/3.1.4.RELEASE/spring-data-rest-webmvc-3.1.4.RELEASE.jar:/home/rodrigo/Desarrollo/maven_repo/org/springframework/data/spring-data-rest-core/3.1.4.RELEASE/spring-data-rest-core-3.1.4.RELEASE.jar:/home/rodrigo/Desarrollo/maven_repo/org/atteo/evo-inflector/1.2.2/evo-inflector-1.2.2.jar:/home/rodrigo/Desarrollo/maven_repo/org/springframework/boot/spring-boot-starter-test/2.1.2.RELEASE/spring-boot-starter-test-2.1.2.RELEASE.jar:/home/rodrigo/Desarrollo/maven_repo/org/springframework/boot/spring-boot-starter/2.1.2.RELEASE/spring-boot-starter-2.1.2.RELEASE.jar:/home/rodrigo/Desarrollo/maven_repo/org/springframework/boot/spring-boot/2.1.2.RELEASE/spring-boot-2.1.2.RELEASE.jar:/home/rodrigo/Desarrollo/maven_repo/org/springframework/boot/spring-boot-autoconfigure/2.1.2.RELEASE/spring-boot-autoconfigure-2.1.2.RELEASE.jar:/home/rodrigo/Desarrollo/maven_repo/org/springframework/boot/spring-boot-starter-logging/2.1.2.RELEASE/spring-boot-starter-logging-2.1.2.RELEASE.jar:/home/rodrigo/Desarrollo/maven_repo/ch/qos/logback/logback-classic/1.2.3/logback-classic-1.2.3.jar:/home/rodrigo/Desarrollo/maven_repo/ch/qos/logback/logback-core/1.2.3/logback-core-1.2.3.jar:/home/rodrigo/Desarrollo/maven_repo/org/apache/logging/log4j/log4j-to-slf4j/2.11.1/log4j-to-slf4j-2.11.1.jar:/home/rodrigo/Desarrollo/maven_repo/org/apache/logging/log4j/log4j-api/2.11.1/log4j-api-2.11.1.jar:/home/rodrigo/Desarrollo/maven_repo/org/slf4j/jul-to-slf4j/1.7.25/jul-to-slf4j-1.7.25.jar:/home/rodrigo/Desarrollo/maven_repo/javax/annotation/javax.annotation-api/1.3.2/javax.annotation-api-1.3.2.jar:/home/rodrigo/Desarrollo/maven_repo/org/yaml/snakeyaml/1.23/snakeyaml-1.23.jar:/home/rodrigo/Desarrollo/maven_repo/org/springframework/boot/spring-boot-test/2.1.2.RELEASE/spring-boot-test-2.1.2.RELEASE.jar:/home/rodrigo/Desarrollo/maven_repo/org/springframework/boot/spring-boot-test-autoconfigure/2.1.2.RELEASE/spring-boot-test-autoconfigure-2.1.2.RELEASE.jar:/home/rodrigo/Desarrollo/maven_repo/com/jayway/jsonpath/json-path/2.4.0/json-path-2.4.0.jar:/home/rodrigo/Desarrollo/maven_repo/net/minidev/json-smart/2.3/json-smart-2.3.jar:/home/rodrigo/Desarrollo/maven_repo/net/minidev/accessors-smart/1.2/accessors-smart-1.2.jar:/home/rodrigo/Desarrollo/maven_repo/org/ow2/asm/asm/5.0.4/asm-5.0.4.jar:/home/rodrigo/Desarrollo/maven_repo/junit/junit/4.12/junit-4.12.jar:/home/rodrigo/Desarrollo/maven_repo/org/assertj/assertj-core/3.11.1/assertj-core-3.11.1.jar:/home/rodrigo/Desarrollo/maven_repo/org/mockito/mockito-core/2.23.4/mockito-core-2.23.4.jar:/home/rodrigo/Desarrollo/maven_repo/net/bytebuddy/byte-buddy-agent/1.9.7/byte-buddy-agent-1.9.7.jar:/home/rodrigo/Desarrollo/maven_repo/org/objenesis/objenesis/2.6/objenesis-2.6.jar:/home/rodrigo/Desarrollo/maven_repo/org/hamcrest/hamcrest-core/1.3/hamcrest-core-1.3.jar:/home/rodrigo/Desarrollo/maven_repo/org/skyscreamer/jsonassert/1.5.0/jsonassert-1.5.0.jar:/home/rodrigo/Desarrollo/maven_repo/org/springframework/spring-core/5.1.4.RELEASE/spring-core-5.1.4.RELEASE.jar:/home/rodrigo/Desarrollo/maven_repo/org/springframework/spring-jcl/5.1.4.RELEASE/spring-jcl-5.1.4.RELEASE.jar:/home/rodrigo/Desarrollo/maven_repo/org/springframework/spring-test/5.1.4.RELEASE/spring-test-5.1.4.RELEASE.jar:/home/rodrigo/Desarrollo/maven_repo/org/xmlunit/xmlunit-core/2.6.2/xmlunit-core-2.6.2.jar:/home/rodrigo/Desarrollo/maven_repo/org/springframework/restdocs/spring-restdocs-mockmvc/2.0.3.RELEASE/spring-restdocs-mockmvc-2.0.3.RELEASE.jar:/home/rodrigo/Desarrollo/maven_repo/javax/servlet/javax.servlet-api/4.0.1/javax.servlet-api-4.0.1.jar:/home/rodrigo/Desarrollo/maven_repo/org/springframework/restdocs/spring-restdocs-core/2.0.3.RELEASE/spring-restdocs-core-2.0.3.RELEASE.jar:/home/rodrigo/Desarrollo/maven_repo/org/springframework/spring-webmvc/5.1.4.RELEASE/spring-webmvc-5.1.4.RELEASE.jar:/home/rodrigo/Desarrollo/maven_repo/org/springframework/spring-expression/5.1.4.RELEASE/spring-expression-5.1.4.RELEASE.jar:/home/rodrigo/Desarrollo/maven_repo/org/springframework/boot/spring-boot-starter-jdbc/2.1.2.RELEASE/spring-boot-starter-jdbc-2.1.2.RELEASE.jar:/home/rodrigo/Desarrollo/maven_repo/com/zaxxer/HikariCP/3.2.0/HikariCP-3.2.0.jar:/home/rodrigo/Desarrollo/maven_repo/org/springframework/spring-jdbc/5.1.4.RELEASE/spring-jdbc-5.1.4.RELEASE.jar:/home/rodrigo/Desarrollo/maven_repo/org/springframework/spring-beans/5.1.4.RELEASE/spring-beans-5.1.4.RELEASE.jar:/home/rodrigo/Desarrollo/maven_repo/org/springframework/spring-tx/5.1.4.RELEASE/spring-tx-5.1.4.RELEASE.jar:/home/rodrigo/Desarrollo/maven_repo/org/springframework/boot/spring-boot-starter-thymeleaf/2.1.2.RELEASE/spring-boot-starter-thymeleaf-2.1.2.RELEASE.jar:/home/rodrigo/Desarrollo/maven_repo/org/thymeleaf/thymeleaf-spring5/3.0.11.RELEASE/thymeleaf-spring5-3.0.11.RELEASE.jar:/home/rodrigo/Desarrollo/maven_repo/org/thymeleaf/thymeleaf/3.0.11.RELEASE/thymeleaf-3.0.11.RELEASE.jar:/home/rodrigo/Desarrollo/maven_repo/org/attoparser/attoparser/2.0.5.RELEASE/attoparser-2.0.5.RELEASE.jar:/home/rodrigo/Desarrollo/maven_repo/org/unbescape/unbescape/1.1.6.RELEASE/unbescape-1.1.6.RELEASE.jar:/home/rodrigo/Desarrollo/maven_repo/org/thymeleaf/extras/thymeleaf-extras-java8time/3.0.2.RELEASE/thymeleaf-extras-java8time-3.0.2.RELEASE.jar:/home/rodrigo/Desarrollo/maven_repo/org/springframework/boot/spring-boot-starter-hateoas/2.1.2.RELEASE/spring-boot-starter-hateoas-2.1.2.RELEASE.jar:/home/rodrigo/Desarrollo/maven_repo/org/springframework/hateoas/spring-hateoas/0.25.0.RELEASE/spring-hateoas-0.25.0.RELEASE.jar:/home/rodrigo/Desarrollo/maven_repo/org/springframework/plugin/spring-plugin-core/1.2.0.RELEASE/spring-plugin-core-1.2.0.RELEASE.jar:/home/rodrigo/Desarrollo/maven_repo/io/springfox/springfox-swagger2/2.6.1/springfox-swagger2-2.6.1.jar:/home/rodrigo/Desarrollo/maven_repo/io/swagger/swagger-annotations/1.5.10/swagger-annotations-1.5.10.jar:/home/rodrigo/Desarrollo/maven_repo/io/swagger/swagger-models/1.5.10/swagger-models-1.5.10.jar:/home/rodrigo/Desarrollo/maven_repo/io/springfox/springfox-spi/2.6.1/springfox-spi-2.6.1.jar:/home/rodrigo/Desarrollo/maven_repo/io/springfox/springfox-core/2.6.1/springfox-core-2.6.1.jar:/home/rodrigo/Desarrollo/maven_repo/io/springfox/springfox-schema/2.6.1/springfox-schema-2.6.1.jar:/home/rodrigo/Desarrollo/maven_repo/io/springfox/springfox-swagger-common/2.6.1/springfox-swagger-common-2.6.1.jar:/home/rodrigo/Desarrollo/maven_repo/io/springfox/springfox-spring-web/2.6.1/springfox-spring-web-2.6.1.jar:/home/rodrigo/Desarrollo/maven_repo/com/google/guava/guava/18.0/guava-18.0.jar:/home/rodrigo/Desarrollo/maven_repo/com/fasterxml/classmate/1.4.0/classmate-1.4.0.jar:/home/rodrigo/Desarrollo/maven_repo/org/springframework/plugin/spring-plugin-metadata/1.2.0.RELEASE/spring-plugin-metadata-1.2.0.RELEASE.jar:/home/rodrigo/Desarrollo/maven_repo/io/springfox/springfox-swagger-ui/2.6.1/springfox-swagger-ui-2.6.1.jar:/home/rodrigo/Desarrollo/maven_repo/io/springfox/springfox-bean-validators/2.6.1/springfox-bean-validators-2.6.1.jar:/home/rodrigo/Desarrollo/maven_repo/org/projectlombok/lombok/1.18.4/lombok-1.18.4.jar:/home/rodrigo/Desarrollo/maven_repo/com/h2database/h2/1.4.197/h2-1.4.197.jar:/home/rodrigo/Desarrollo/maven_repo/org/postgresql/postgresql/42.2.5/postgresql-42.2.5.jar:/home/rodrigo/Desarrollo/maven_repo/com/fasterxml/jackson/core/jackson-databind/2.9.4/jackson-databind-2.9.4.jar:/home/rodrigo/Desarrollo/maven_repo/com/fasterxml/jackson/core/jackson-annotations/2.9.0/jackson-annotations-2.9.0.jar:/home/rodrigo/Desarrollo/maven_repo/com/fasterxml/jackson/core/jackson-core/2.9.8/jackson-core-2.9.8.jar:/home/rodrigo/Desarrollo/maven_repo/org/mindrot/jbcrypt/0.3m/jbcrypt-0.3m.jar:/home/rodrigo/Desarrollo/maven_repo/com/offbytwo/jenkins/jenkins-client/0.3.8/jenkins-client-0.3.8.jar:/home/rodrigo/Desarrollo/maven_repo/dom4j/dom4j/1.6.1/dom4j-1.6.1.jar:/home/rodrigo/Desarrollo/maven_repo/net/sf/json-lib/json-lib/2.4/json-lib-2.4-jdk15.jar:/home/rodrigo/Desarrollo/maven_repo/commons-beanutils/commons-beanutils/1.8.0/commons-beanutils-1.8.0.jar:/home/rodrigo/Desarrollo/maven_repo/commons-collections/commons-collections/3.2.1/commons-collections-3.2.1.jar:/home/rodrigo/Desarrollo/maven_repo/commons-logging/commons-logging/1.1.1/commons-logging-1.1.1.jar:/home/rodrigo/Desarrollo/maven_repo/net/sf/ezmorph/ezmorph/1.0.6/ezmorph-1.0.6.jar:/home/rodrigo/Desarrollo/maven_repo/commons-lang/commons-lang/2.6/commons-lang-2.6.jar:/home/rodrigo/Desarrollo/maven_repo/commons-io/commons-io/2.4/commons-io-2.4.jar:/home/rodrigo/Desarrollo/maven_repo/org/apache/httpcomponents/httpcore/4.4.10/httpcore-4.4.10.jar:/home/rodrigo/Desarrollo/maven_repo/org/apache/httpcomponents/httpmime/4.5.6/httpmime-4.5.6.jar:/home/rodrigo/Desarrollo/maven_repo/jaxen/jaxen/1.1.6/jaxen-1.1.6.jar:/home/rodrigo/Desarrollo/maven_repo/xml-apis/xml-apis/1.4.01/xml-apis-1.4.01.jar:/home/rodrigo/Desarrollo/maven_repo/org/jsoup/jsoup/1.11.3/jsoup-1.11.3.jar:/home/rodrigo/Desarrollo/maven_repo/io/rest-assured/json-schema-validator/3.0.7/json-schema-validator-3.0.7.jar:/home/rodrigo/Desarrollo/maven_repo/com/github/fge/json-schema-validator/2.2.6/json-schema-validator-2.2.6.jar:/home/rodrigo/Desarrollo/maven_repo/com/google/code/findbugs/jsr305/3.0.0/jsr305-3.0.0.jar:/home/rodrigo/Desarrollo/maven_repo/joda-time/joda-time/2.10.1/joda-time-2.10.1.jar:/home/rodrigo/Desarrollo/maven_repo/com/googlecode/libphonenumber/libphonenumber/6.2/libphonenumber-6.2.jar:/home/rodrigo/Desarrollo/maven_repo/com/github/fge/json-schema-core/1.2.5/json-schema-core-1.2.5.jar:/home/rodrigo/Desarrollo/maven_repo/com/github/fge/uri-template/0.9/uri-template-0.9.jar:/home/rodrigo/Desarrollo/maven_repo/com/github/fge/msg-simple/1.1/msg-simple-1.1.jar:/home/rodrigo/Desarrollo/maven_repo/com/github/fge/btf/1.2/btf-1.2.jar:/home/rodrigo/Desarrollo/maven_repo/com/github/fge/jackson-coreutils/1.8/jackson-coreutils-1.8.jar:/home/rodrigo/Desarrollo/maven_repo/org/mozilla/rhino/1.7R4/rhino-1.7R4.jar:/home/rodrigo/Desarrollo/maven_repo/javax/mail/mailapi/1.4.3/mailapi-1.4.3.jar:/home/rodrigo/Desarrollo/maven_repo/javax/activation/activation/1.1/activation-1.1.jar:/home/rodrigo/Desarrollo/maven_repo/net/sf/jopt-simple/jopt-simple/4.6/jopt-simple-4.6.jar:/home/rodrigo/Desarrollo/maven_repo/io/rest-assured/rest-assured/3.1.1/rest-assured-3.1.1.jar:/home/rodrigo/Desarrollo/maven_repo/org/codehaus/groovy/groovy/2.5.5/groovy-2.5.5.jar:/home/rodrigo/Desarrollo/maven_repo/org/codehaus/groovy/groovy-xml/2.5.5/groovy-xml-2.5.5.jar:/home/rodrigo/Desarrollo/maven_repo/org/ccil/cowan/tagsoup/tagsoup/1.2.1/tagsoup-1.2.1.jar:/home/rodrigo/Desarrollo/maven_repo/io/rest-assured/json-path/3.1.1/json-path-3.1.1.jar:/home/rodrigo/Desarrollo/maven_repo/org/codehaus/groovy/groovy-json/2.5.5/groovy-json-2.5.5.jar:/home/rodrigo/Desarrollo/maven_repo/io/rest-assured/rest-assured-common/3.1.1/rest-assured-common-3.1.1.jar:/home/rodrigo/Desarrollo/maven_repo/io/rest-assured/xml-path/3.1.1/xml-path-3.1.1.jar:/home/rodrigo/Desarrollo/maven_repo/org/hamcrest/hamcrest-library/1.3/hamcrest-library-1.3.jar:/home/rodrigo/Desarrollo/maven_repo/org/json/json/20180813/json-20180813.jar:/home/rodrigo/Desarrollo/maven_repo/org/apache/httpcomponents/httpclient/4.5.6/httpclient-4.5.6.jar:/home/rodrigo/Desarrollo/maven_repo/commons-codec/commons-codec/1.11/commons-codec-1.11.jar:/home/rodrigo/Desarrollo/maven_repo/org/apache/commons/commons-lang3/3.3.2/commons-lang3-3.3.2.jar:/home/rodrigo/Desarrollo/maven_repo/org/apache/poi/poi/3.15/poi-3.15.jar:/home/rodrigo/Desarrollo/maven_repo/org/apache/commons/commons-collections4/4.1/commons-collections4-4.1.jar:/home/rodrigo/Desarrollo/maven_repo/org/apache/poi/poi-ooxml/3.15/poi-ooxml-3.15.jar:/home/rodrigo/Desarrollo/maven_repo/org/apache/poi/poi-ooxml-schemas/3.15/poi-ooxml-schemas-3.15.jar:/home/rodrigo/Desarrollo/maven_repo/org/apache/xmlbeans/xmlbeans/2.6.0/xmlbeans-2.6.0.jar:/home/rodrigo/Desarrollo/maven_repo/stax/stax-api/1.0.1/stax-api-1.0.1.jar:/home/rodrigo/Desarrollo/maven_repo/com/github/virtuald/curvesapi/1.04/curvesapi-1.04.jar:/home/rodrigo/Desarrollo/maven_repo/net/sf/supercsv/super-csv/2.4.0/super-csv-2.4.0.jar:/home/rodrigo/Desarrollo/maven_repo/com/itextpdf/itextpdf/5.5.10/itextpdf-5.5.10.jar:/home/rodrigo/Desarrollo/maven_repo/com/spotify/dockerfile-maven-plugin/1.4.0/dockerfile-maven-plugin-1.4.0.jar:/home/rodrigo/Desarrollo/maven_repo/com/spotify/docker-client/8.11.1/docker-client-8.11.1-shaded.jar:/home/rodrigo/Desarrollo/maven_repo/com/fasterxml/jackson/jaxrs/jackson-jaxrs-json-provider/2.9.8/jackson-jaxrs-json-provider-2.9.8.jar:/home/rodrigo/Desarrollo/maven_repo/com/fasterxml/jackson/jaxrs/jackson-jaxrs-base/2.9.8/jackson-jaxrs-base-2.9.8.jar:/home/rodrigo/Desarrollo/maven_repo/com/fasterxml/jackson/module/jackson-module-jaxb-annotations/2.9.8/jackson-module-jaxb-annotations-2.9.8.jar:/home/rodrigo/Desarrollo/maven_repo/com/fasterxml/jackson/datatype/jackson-datatype-guava/2.9.8/jackson-datatype-guava-2.9.8.jar:/home/rodrigo/Desarrollo/maven_repo/org/glassfish/jersey/core/jersey-client/2.27/jersey-client-2.27.jar:/home/rodrigo/Desarrollo/maven_repo/javax/ws/rs/javax.ws.rs-api/2.1/javax.ws.rs-api-2.1.jar:/home/rodrigo/Desarrollo/maven_repo/org/glassfish/jersey/core/jersey-common/2.27/jersey-common-2.27.jar:/home/rodrigo/Desarrollo/maven_repo/org/glassfish/hk2/osgi-resource-locator/1.0.1/osgi-resource-locator-1.0.1.jar:/home/rodrigo/Desarrollo/maven_repo/org/glassfish/hk2/external/javax.inject/2.5.0-b42/javax.inject-2.5.0-b42.jar:/home/rodrigo/Desarrollo/maven_repo/org/glassfish/jersey/connectors/jersey-apache-connector/2.27/jersey-apache-connector-2.27.jar:/home/rodrigo/Desarrollo/maven_repo/org/glassfish/jersey/media/jersey-media-json-jackson/2.27/jersey-media-json-jackson-2.27.jar:/home/rodrigo/Desarrollo/maven_repo/org/glassfish/jersey/ext/jersey-entity-filtering/2.27/jersey-entity-filtering-2.27.jar:/home/rodrigo/Desarrollo/maven_repo/org/apache/commons/commons-compress/1.9/commons-compress-1.9.jar:/home/rodrigo/Desarrollo/maven_repo/com/github/jnr/jnr-unixsocket/0.18/jnr-unixsocket-0.18.jar:/home/rodrigo/Desarrollo/maven_repo/com/github/jnr/jnr-ffi/2.1.4/jnr-ffi-2.1.4.jar:/home/rodrigo/Desarrollo/maven_repo/com/github/jnr/jffi/1.2.15/jffi-1.2.15.jar:/home/rodrigo/Desarrollo/maven_repo/com/github/jnr/jffi/1.2.15/jffi-1.2.15-native.jar:/home/rodrigo/Desarrollo/maven_repo/org/ow2/asm/asm-commons/5.0.3/asm-commons-5.0.3.jar:/home/rodrigo/Desarrollo/maven_repo/org/ow2/asm/asm-analysis/5.0.3/asm-analysis-5.0.3.jar:/home/rodrigo/Desarrollo/maven_repo/org/ow2/asm/asm-tree/5.0.3/asm-tree-5.0.3.jar:/home/rodrigo/Desarrollo/maven_repo/org/ow2/asm/asm-util/5.0.3/asm-util-5.0.3.jar:/home/rodrigo/Desarrollo/maven_repo/com/github/jnr/jnr-x86asm/1.0.2/jnr-x86asm-1.0.2.jar:/home/rodrigo/Desarrollo/maven_repo/com/github/jnr/jnr-constants/0.9.8/jnr-constants-0.9.8.jar:/home/rodrigo/Desarrollo/maven_repo/com/github/jnr/jnr-enxio/0.16/jnr-enxio-0.16.jar:/home/rodrigo/Desarrollo/maven_repo/com/github/jnr/jnr-posix/3.0.35/jnr-posix-3.0.35.jar:/home/rodrigo/Desarrollo/maven_repo/org/bouncycastle/bcpkix-jdk15on/1.59/bcpkix-jdk15on-1.59.jar:/home/rodrigo/Desarrollo/maven_repo/org/bouncycastle/bcprov-jdk15on/1.59/bcprov-jdk15on-1.59.jar:/home/rodrigo/Desarrollo/maven_repo/com/google/auth/google-auth-library-oauth2-http/0.6.0/google-auth-library-oauth2-http-0.6.0.jar:/home/rodrigo/Desarrollo/maven_repo/com/google/auth/google-auth-library-credentials/0.6.0/google-auth-library-credentials-0.6.0.jar:/home/rodrigo/Desarrollo/maven_repo/com/google/http-client/google-http-client/1.19.0/google-http-client-1.19.0.jar:/home/rodrigo/Desarrollo/maven_repo/com/google/http-client/google-http-client-jackson2/1.19.0/google-http-client-jackson2-1.19.0.jar:/home/rodrigo/Desarrollo/maven_repo/com/spotify/dockerfile-maven-extension/1.4.0/dockerfile-maven-extension-1.4.0.jar:/home/rodrigo/Desarrollo/maven_repo/org/apache/maven/maven-plugin-api/3.3.9/maven-plugin-api-3.3.9.jar:/home/rodrigo/Desarrollo/maven_repo/org/apache/maven/maven-model/3.3.9/maven-model-3.3.9.jar:/home/rodrigo/Desarrollo/maven_repo/org/apache/maven/maven-artifact/3.3.9/maven-artifact-3.3.9.jar:/home/rodrigo/Desarrollo/maven_repo/org/eclipse/sisu/org.eclipse.sisu.plexus/0.3.2/org.eclipse.sisu.plexus-0.3.2.jar:/home/rodrigo/Desarrollo/maven_repo/javax/enterprise/cdi-api/1.0/cdi-api-1.0.jar:/home/rodrigo/Desarrollo/maven_repo/javax/annotation/jsr250-api/1.0/jsr250-api-1.0.jar:/home/rodrigo/Desarrollo/maven_repo/org/eclipse/sisu/org.eclipse.sisu.inject/0.3.2/org.eclipse.sisu.inject-0.3.2.jar:/home/rodrigo/Desarrollo/maven_repo/org/apache/maven/maven-core/3.3.9/maven-core-3.3.9.jar:/home/rodrigo/Desarrollo/maven_repo/org/apache/maven/maven-settings/3.3.9/maven-settings-3.3.9.jar:/home/rodrigo/Desarrollo/maven_repo/org/apache/maven/maven-settings-builder/3.3.9/maven-settings-builder-3.3.9.jar:/home/rodrigo/Desarrollo/maven_repo/org/apache/maven/maven-builder-support/3.3.9/maven-builder-support-3.3.9.jar:/home/rodrigo/Desarrollo/maven_repo/org/apache/maven/maven-repository-metadata/3.3.9/maven-repository-metadata-3.3.9.jar:/home/rodrigo/Desarrollo/maven_repo/org/apache/maven/maven-model-builder/3.3.9/maven-model-builder-3.3.9.jar:/home/rodrigo/Desarrollo/maven_repo/org/apache/maven/maven-aether-provider/3.3.9/maven-aether-provider-3.3.9.jar:/home/rodrigo/Desarrollo/maven_repo/org/eclipse/aether/aether-spi/1.0.2.v20150114/aether-spi-1.0.2.v20150114.jar:/home/rodrigo/Desarrollo/maven_repo/org/eclipse/aether/aether-impl/1.0.2.v20150114/aether-impl-1.0.2.v20150114.jar:/home/rodrigo/Desarrollo/maven_repo/org/eclipse/aether/aether-api/1.0.2.v20150114/aether-api-1.0.2.v20150114.jar:/home/rodrigo/Desarrollo/maven_repo/org/eclipse/aether/aether-util/1.0.2.v20150114/aether-util-1.0.2.v20150114.jar:/home/rodrigo/Desarrollo/maven_repo/com/google/inject/guice/4.0/guice-4.0-no_aop.jar:/home/rodrigo/Desarrollo/maven_repo/javax/inject/javax.inject/1/javax.inject-1.jar:/home/rodrigo/Desarrollo/maven_repo/aopalliance/aopalliance/1.0/aopalliance-1.0.jar:/home/rodrigo/Desarrollo/maven_repo/org/codehaus/plexus/plexus-interpolation/1.21/plexus-interpolation-1.21.jar:/home/rodrigo/Desarrollo/maven_repo/org/codehaus/plexus/plexus-utils/3.0.22/plexus-utils-3.0.22.jar:/home/rodrigo/Desarrollo/maven_repo/org/codehaus/plexus/plexus-classworlds/2.5.2/plexus-classworlds-2.5.2.jar:/home/rodrigo/Desarrollo/maven_repo/org/codehaus/plexus/plexus-component-annotations/1.6/plexus-component-annotations-1.6.jar:/home/rodrigo/Desarrollo/maven_repo/org/sonatype/plexus/plexus-sec-dispatcher/1.3/plexus-sec-dispatcher-1.3.jar:/home/rodrigo/Desarrollo/maven_repo/org/sonatype/plexus/plexus-cipher/1.4/plexus-cipher-1.4.jar:/home/rodrigo/Desarrollo/maven_repo/org/apache/maven/maven-archiver/3.0.0/maven-archiver-3.0.0.jar:/home/rodrigo/Desarrollo/maven_repo/org/apache/maven/shared/maven-shared-utils/3.0.0/maven-shared-utils-3.0.0.jar:/home/rodrigo/Desarrollo/maven_repo/org/codehaus/plexus/plexus-archiver/2.9.1/plexus-archiver-2.9.1.jar:/home/rodrigo/Desarrollo/maven_repo/org/codehaus/plexus/plexus-io/2.4.1/plexus-io-2.4.1.jar:/home/rodrigo/Desarrollo/maven_repo/org/apache/maven/surefire/surefire-junit4/3.0.0-M3/surefire-junit4-3.0.0-M3.jar:/home/rodrigo/Desarrollo/maven_repo/org/apache/maven/surefire/common-java5/3.0.0-M3/common-java5-3.0.0-M3.jar:/home/rodrigo/Desarrollo/maven_repo/org/apache/maven/surefire/common-junit3/3.0.0-M3/common-junit3-3.0.0-M3.jar:/home/rodrigo/Desarrollo/maven_repo/org/apache/maven/surefire/common-junit4/3.0.0-M3/common-junit4-3.0.0-M3.jar"/>
    <property name="java.vm.vendor" value="Oracle Corporation"/>
    <property name="sun.arch.data.model" value="64"/>
    <property name="java.vendor.url" value="http://java.oracle.com/"/>
    <property name="user.timezone" value=""/>
    <property name="java.vm.specification.version" value="1.8"/>
    <property name="os.name" value="Linux"/>
    <property name="user.country" value="US"/>
    <property name="sun.java.launcher" value="SUN_STANDARD"/>
    <property name="sun.boot.library.path" value="/home/rodrigo/Desarrollo/Java/jdk1.8.0_171__64b/jdk1.8.0_171/jre/lib/amd64"/>
    <property name="sun.java.command" value="org.apache.maven.surefire.booter.ForkedBooter /home/rodrigo/Desarrollo/Stash_Projects/Clarolab/qa-reports/target/surefire 2019-02-11T09-55-43_561-jvmRun1 surefire8046057497369550939tmp surefire_05620745310238434893tmp"/>
    <property name="test" value="ApiTestSuite"/>
    <property name="surefire.test.class.path" value="/home/rodrigo/Desarrollo/Stash_Projects/Clarolab/qa-reports/target/test-classes:/home/rodrigo/Desarrollo/Stash_Projects/Clarolab/qa-reports/target/classes:/home/rodrigo/Desarrollo/maven_repo/org/slf4j/slf4j-api/1.7.21/slf4j-api-1.7.21.jar:/home/rodrigo/Desarrollo/maven_repo/javax/xml/bind/jaxb-api/2.3.0/jaxb-api-2.3.0.jar:/home/rodrigo/Desarrollo/maven_repo/com/google/code/gson/gson/2.8.5/gson-2.8.5.jar:/home/rodrigo/Desarrollo/maven_repo/org/modelmapper/modelmapper/0.7.4/modelmapper-0.7.4.jar:/home/rodrigo/Desarrollo/maven_repo/org/springframework/boot/spring-boot-starter-data-jpa/2.1.2.RELEASE/spring-boot-starter-data-jpa-2.1.2.RELEASE.jar:/home/rodrigo/Desarrollo/maven_repo/org/springframework/boot/spring-boot-starter-aop/2.1.2.RELEASE/spring-boot-starter-aop-2.1.2.RELEASE.jar:/home/rodrigo/Desarrollo/maven_repo/org/springframework/spring-aop/5.1.4.RELEASE/spring-aop-5.1.4.RELEASE.jar:/home/rodrigo/Desarrollo/maven_repo/org/aspectj/aspectjweaver/1.9.2/aspectjweaver-1.9.2.jar:/home/rodrigo/Desarrollo/maven_repo/javax/transaction/javax.transaction-api/1.3/javax.transaction-api-1.3.jar:/home/rodrigo/Desarrollo/maven_repo/org/hibernate/hibernate-core/5.3.7.Final/hibernate-core-5.3.7.Final.jar:/home/rodrigo/Desarrollo/maven_repo/org/jboss/logging/jboss-logging/3.3.2.Final/jboss-logging-3.3.2.Final.jar:/home/rodrigo/Desarrollo/maven_repo/javax/persistence/javax.persistence-api/2.2/javax.persistence-api-2.2.jar:/home/rodrigo/Desarrollo/maven_repo/org/javassist/javassist/3.23.1-GA/javassist-3.23.1-GA.jar:/home/rodrigo/Desarrollo/maven_repo/net/bytebuddy/byte-buddy/1.9.7/byte-buddy-1.9.7.jar:/home/rodrigo/Desarrollo/maven_repo/antlr/antlr/2.7.7/antlr-2.7.7.jar:/home/rodrigo/Desarrollo/maven_repo/org/jboss/jandex/2.0.5.Final/jandex-2.0.5.Final.jar:/home/rodrigo/Desarrollo/maven_repo/javax/activation/javax.activation-api/1.2.0/javax.activation-api-1.2.0.jar:/home/rodrigo/Desarrollo/maven_repo/org/dom4j/dom4j/2.1.1/dom4j-2.1.1.jar:/home/rodrigo/Desarrollo/maven_repo/org/hibernate/common/hibernate-commons-annotations/5.0.4.Final/hibernate-commons-annotations-5.0.4.Final.jar:/home/rodrigo/Desarrollo/maven_repo/org/springframework/data/spring-data-jpa/2.1.4.RELEASE/spring-data-jpa-2.1.4.RELEASE.jar:/home/rodrigo/Desarrollo/maven_repo/org/springframework/data/spring-data-commons/2.1.4.RELEASE/spring-data-commons-2.1.4.RELEASE.jar:/home/rodrigo/Desarrollo/maven_repo/org/springframework/spring-orm/5.1.4.RELEASE/spring-orm-5.1.4.RELEASE.jar:/home/rodrigo/Desarrollo/maven_repo/org/springframework/spring-context/5.1.4.RELEASE/spring-context-5.1.4.RELEASE.jar:/home/rodrigo/Desarrollo/maven_repo/org/springframework/spring-aspects/5.1.4.RELEASE/spring-aspects-5.1.4.RELEASE.jar:/home/rodrigo/Desarrollo/maven_repo/org/springframework/boot/spring-boot-starter-data-rest/2.1.2.RELEASE/spring-boot-starter-data-rest-2.1.2.RELEASE.jar:/home/rodrigo/Desarrollo/maven_repo/org/springframework/boot/spring-boot-starter-web/2.1.2.RELEASE/spring-boot-starter-web-2.1.2.RELEASE.jar:/home/rodrigo/Desarrollo/maven_repo/org/springframework/boot/spring-boot-starter-json/2.1.2.RELEASE/spring-boot-starter-json-2.1.2.RELEASE.jar:/home/rodrigo/Desarrollo/maven_repo/com/fasterxml/jackson/datatype/jackson-datatype-jdk8/2.9.8/jackson-datatype-jdk8-2.9.8.jar:/home/rodrigo/Desarrollo/maven_repo/com/fasterxml/jackson/datatype/jackson-datatype-jsr310/2.9.8/jackson-datatype-jsr310-2.9.8.jar:/home/rodrigo/Desarrollo/maven_repo/com/fasterxml/jackson/module/jackson-module-parameter-names/2.9.8/jackson-module-parameter-names-2.9.8.jar:/home/rodrigo/Desarrollo/maven_repo/org/springframework/boot/spring-boot-starter-tomcat/2.1.2.RELEASE/spring-boot-starter-tomcat-2.1.2.RELEASE.jar:/home/rodrigo/Desarrollo/maven_repo/org/apache/tomcat/embed/tomcat-embed-core/9.0.14/tomcat-embed-core-9.0.14.jar:/home/rodrigo/Desarrollo/maven_repo/org/apache/tomcat/embed/tomcat-embed-el/9.0.14/tomcat-embed-el-9.0.14.jar:/home/rodrigo/Desarrollo/maven_repo/org/apache/tomcat/embed/tomcat-embed-websocket/9.0.14/tomcat-embed-websocket-9.0.14.jar:/home/rodrigo/Desarrollo/maven_repo/org/hibernate/validator/hibernate-validator/6.0.14.Final/hibernate-validator-6.0.14.Final.jar:/home/rodrigo/Desarrollo/maven_repo/javax/validation/validation-api/2.0.1.Final/validation-api-2.0.1.Final.jar:/home/rodrigo/Desarrollo/maven_repo/org/springframework/spring-web/5.1.4.RELEASE/spring-web-5.1.4.RELEASE.jar:/home/rodrigo/Desarrollo/maven_repo/org/springframework/data/spring-data-rest-webmvc/3.1.4.RELEASE/spring-data-rest-webmvc-3.1.4.RELEASE.jar:/home/rodrigo/Desarrollo/maven_repo/org/springframework/data/spring-data-rest-core/3.1.4.RELEASE/spring-data-rest-core-3.1.4.RELEASE.jar:/home/rodrigo/Desarrollo/maven_repo/org/atteo/evo-inflector/1.2.2/evo-inflector-1.2.2.jar:/home/rodrigo/Desarrollo/maven_repo/org/springframework/boot/spring-boot-starter-test/2.1.2.RELEASE/spring-boot-starter-test-2.1.2.RELEASE.jar:/home/rodrigo/Desarrollo/maven_repo/org/springframework/boot/spring-boot-starter/2.1.2.RELEASE/spring-boot-starter-2.1.2.RELEASE.jar:/home/rodrigo/Desarrollo/maven_repo/org/springframework/boot/spring-boot/2.1.2.RELEASE/spring-boot-2.1.2.RELEASE.jar:/home/rodrigo/Desarrollo/maven_repo/org/springframework/boot/spring-boot-autoconfigure/2.1.2.RELEASE/spring-boot-autoconfigure-2.1.2.RELEASE.jar:/home/rodrigo/Desarrollo/maven_repo/org/springframework/boot/spring-boot-starter-logging/2.1.2.RELEASE/spring-boot-starter-logging-2.1.2.RELEASE.jar:/home/rodrigo/Desarrollo/maven_repo/ch/qos/logback/logback-classic/1.2.3/logback-classic-1.2.3.jar:/home/rodrigo/Desarrollo/maven_repo/ch/qos/logback/logback-core/1.2.3/logback-core-1.2.3.jar:/home/rodrigo/Desarrollo/maven_repo/org/apache/logging/log4j/log4j-to-slf4j/2.11.1/log4j-to-slf4j-2.11.1.jar:/home/rodrigo/Desarrollo/maven_repo/org/apache/logging/log4j/log4j-api/2.11.1/log4j-api-2.11.1.jar:/home/rodrigo/Desarrollo/maven_repo/org/slf4j/jul-to-slf4j/1.7.25/jul-to-slf4j-1.7.25.jar:/home/rodrigo/Desarrollo/maven_repo/javax/annotation/javax.annotation-api/1.3.2/javax.annotation-api-1.3.2.jar:/home/rodrigo/Desarrollo/maven_repo/org/yaml/snakeyaml/1.23/snakeyaml-1.23.jar:/home/rodrigo/Desarrollo/maven_repo/org/springframework/boot/spring-boot-test/2.1.2.RELEASE/spring-boot-test-2.1.2.RELEASE.jar:/home/rodrigo/Desarrollo/maven_repo/org/springframework/boot/spring-boot-test-autoconfigure/2.1.2.RELEASE/spring-boot-test-autoconfigure-2.1.2.RELEASE.jar:/home/rodrigo/Desarrollo/maven_repo/com/jayway/jsonpath/json-path/2.4.0/json-path-2.4.0.jar:/home/rodrigo/Desarrollo/maven_repo/net/minidev/json-smart/2.3/json-smart-2.3.jar:/home/rodrigo/Desarrollo/maven_repo/net/minidev/accessors-smart/1.2/accessors-smart-1.2.jar:/home/rodrigo/Desarrollo/maven_repo/org/ow2/asm/asm/5.0.4/asm-5.0.4.jar:/home/rodrigo/Desarrollo/maven_repo/junit/junit/4.12/junit-4.12.jar:/home/rodrigo/Desarrollo/maven_repo/org/assertj/assertj-core/3.11.1/assertj-core-3.11.1.jar:/home/rodrigo/Desarrollo/maven_repo/org/mockito/mockito-core/2.23.4/mockito-core-2.23.4.jar:/home/rodrigo/Desarrollo/maven_repo/net/bytebuddy/byte-buddy-agent/1.9.7/byte-buddy-agent-1.9.7.jar:/home/rodrigo/Desarrollo/maven_repo/org/objenesis/objenesis/2.6/objenesis-2.6.jar:/home/rodrigo/Desarrollo/maven_repo/org/hamcrest/hamcrest-core/1.3/hamcrest-core-1.3.jar:/home/rodrigo/Desarrollo/maven_repo/org/skyscreamer/jsonassert/1.5.0/jsonassert-1.5.0.jar:/home/rodrigo/Desarrollo/maven_repo/org/springframework/spring-core/5.1.4.RELEASE/spring-core-5.1.4.RELEASE.jar:/home/rodrigo/Desarrollo/maven_repo/org/springframework/spring-jcl/5.1.4.RELEASE/spring-jcl-5.1.4.RELEASE.jar:/home/rodrigo/Desarrollo/maven_repo/org/springframework/spring-test/5.1.4.RELEASE/spring-test-5.1.4.RELEASE.jar:/home/rodrigo/Desarrollo/maven_repo/org/xmlunit/xmlunit-core/2.6.2/xmlunit-core-2.6.2.jar:/home/rodrigo/Desarrollo/maven_repo/org/springframework/restdocs/spring-restdocs-mockmvc/2.0.3.RELEASE/spring-restdocs-mockmvc-2.0.3.RELEASE.jar:/home/rodrigo/Desarrollo/maven_repo/javax/servlet/javax.servlet-api/4.0.1/javax.servlet-api-4.0.1.jar:/home/rodrigo/Desarrollo/maven_repo/org/springframework/restdocs/spring-restdocs-core/2.0.3.RELEASE/spring-restdocs-core-2.0.3.RELEASE.jar:/home/rodrigo/Desarrollo/maven_repo/org/springframework/spring-webmvc/5.1.4.RELEASE/spring-webmvc-5.1.4.RELEASE.jar:/home/rodrigo/Desarrollo/maven_repo/org/springframework/spring-expression/5.1.4.RELEASE/spring-expression-5.1.4.RELEASE.jar:/home/rodrigo/Desarrollo/maven_repo/org/springframework/boot/spring-boot-starter-jdbc/2.1.2.RELEASE/spring-boot-starter-jdbc-2.1.2.RELEASE.jar:/home/rodrigo/Desarrollo/maven_repo/com/zaxxer/HikariCP/3.2.0/HikariCP-3.2.0.jar:/home/rodrigo/Desarrollo/maven_repo/org/springframework/spring-jdbc/5.1.4.RELEASE/spring-jdbc-5.1.4.RELEASE.jar:/home/rodrigo/Desarrollo/maven_repo/org/springframework/spring-beans/5.1.4.RELEASE/spring-beans-5.1.4.RELEASE.jar:/home/rodrigo/Desarrollo/maven_repo/org/springframework/spring-tx/5.1.4.RELEASE/spring-tx-5.1.4.RELEASE.jar:/home/rodrigo/Desarrollo/maven_repo/org/springframework/boot/spring-boot-starter-thymeleaf/2.1.2.RELEASE/spring-boot-starter-thymeleaf-2.1.2.RELEASE.jar:/home/rodrigo/Desarrollo/maven_repo/org/thymeleaf/thymeleaf-spring5/3.0.11.RELEASE/thymeleaf-spring5-3.0.11.RELEASE.jar:/home/rodrigo/Desarrollo/maven_repo/org/thymeleaf/thymeleaf/3.0.11.RELEASE/thymeleaf-3.0.11.RELEASE.jar:/home/rodrigo/Desarrollo/maven_repo/org/attoparser/attoparser/2.0.5.RELEASE/attoparser-2.0.5.RELEASE.jar:/home/rodrigo/Desarrollo/maven_repo/org/unbescape/unbescape/1.1.6.RELEASE/unbescape-1.1.6.RELEASE.jar:/home/rodrigo/Desarrollo/maven_repo/org/thymeleaf/extras/thymeleaf-extras-java8time/3.0.2.RELEASE/thymeleaf-extras-java8time-3.0.2.RELEASE.jar:/home/rodrigo/Desarrollo/maven_repo/org/springframework/boot/spring-boot-starter-hateoas/2.1.2.RELEASE/spring-boot-starter-hateoas-2.1.2.RELEASE.jar:/home/rodrigo/Desarrollo/maven_repo/org/springframework/hateoas/spring-hateoas/0.25.0.RELEASE/spring-hateoas-0.25.0.RELEASE.jar:/home/rodrigo/Desarrollo/maven_repo/org/springframework/plugin/spring-plugin-core/1.2.0.RELEASE/spring-plugin-core-1.2.0.RELEASE.jar:/home/rodrigo/Desarrollo/maven_repo/io/springfox/springfox-swagger2/2.6.1/springfox-swagger2-2.6.1.jar:/home/rodrigo/Desarrollo/maven_repo/io/swagger/swagger-annotations/1.5.10/swagger-annotations-1.5.10.jar:/home/rodrigo/Desarrollo/maven_repo/io/swagger/swagger-models/1.5.10/swagger-models-1.5.10.jar:/home/rodrigo/Desarrollo/maven_repo/io/springfox/springfox-spi/2.6.1/springfox-spi-2.6.1.jar:/home/rodrigo/Desarrollo/maven_repo/io/springfox/springfox-core/2.6.1/springfox-core-2.6.1.jar:/home/rodrigo/Desarrollo/maven_repo/io/springfox/springfox-schema/2.6.1/springfox-schema-2.6.1.jar:/home/rodrigo/Desarrollo/maven_repo/io/springfox/springfox-swagger-common/2.6.1/springfox-swagger-common-2.6.1.jar:/home/rodrigo/Desarrollo/maven_repo/io/springfox/springfox-spring-web/2.6.1/springfox-spring-web-2.6.1.jar:/home/rodrigo/Desarrollo/maven_repo/com/google/guava/guava/18.0/guava-18.0.jar:/home/rodrigo/Desarrollo/maven_repo/com/fasterxml/classmate/1.4.0/classmate-1.4.0.jar:/home/rodrigo/Desarrollo/maven_repo/org/springframework/plugin/spring-plugin-metadata/1.2.0.RELEASE/spring-plugin-metadata-1.2.0.RELEASE.jar:/home/rodrigo/Desarrollo/maven_repo/io/springfox/springfox-swagger-ui/2.6.1/springfox-swagger-ui-2.6.1.jar:/home/rodrigo/Desarrollo/maven_repo/io/springfox/springfox-bean-validators/2.6.1/springfox-bean-validators-2.6.1.jar:/home/rodrigo/Desarrollo/maven_repo/org/projectlombok/lombok/1.18.4/lombok-1.18.4.jar:/home/rodrigo/Desarrollo/maven_repo/com/h2database/h2/1.4.197/h2-1.4.197.jar:/home/rodrigo/Desarrollo/maven_repo/org/postgresql/postgresql/42.2.5/postgresql-42.2.5.jar:/home/rodrigo/Desarrollo/maven_repo/com/fasterxml/jackson/core/jackson-databind/2.9.4/jackson-databind-2.9.4.jar:/home/rodrigo/Desarrollo/maven_repo/com/fasterxml/jackson/core/jackson-annotations/2.9.0/jackson-annotations-2.9.0.jar:/home/rodrigo/Desarrollo/maven_repo/com/fasterxml/jackson/core/jackson-core/2.9.8/jackson-core-2.9.8.jar:/home/rodrigo/Desarrollo/maven_repo/org/mindrot/jbcrypt/0.3m/jbcrypt-0.3m.jar:/home/rodrigo/Desarrollo/maven_repo/com/offbytwo/jenkins/jenkins-client/0.3.8/jenkins-client-0.3.8.jar:/home/rodrigo/Desarrollo/maven_repo/dom4j/dom4j/1.6.1/dom4j-1.6.1.jar:/home/rodrigo/Desarrollo/maven_repo/net/sf/json-lib/json-lib/2.4/json-lib-2.4-jdk15.jar:/home/rodrigo/Desarrollo/maven_repo/commons-beanutils/commons-beanutils/1.8.0/commons-beanutils-1.8.0.jar:/home/rodrigo/Desarrollo/maven_repo/commons-collections/commons-collections/3.2.1/commons-collections-3.2.1.jar:/home/rodrigo/Desarrollo/maven_repo/commons-logging/commons-logging/1.1.1/commons-logging-1.1.1.jar:/home/rodrigo/Desarrollo/maven_repo/net/sf/ezmorph/ezmorph/1.0.6/ezmorph-1.0.6.jar:/home/rodrigo/Desarrollo/maven_repo/commons-lang/commons-lang/2.6/commons-lang-2.6.jar:/home/rodrigo/Desarrollo/maven_repo/commons-io/commons-io/2.4/commons-io-2.4.jar:/home/rodrigo/Desarrollo/maven_repo/org/apache/httpcomponents/httpcore/4.4.10/httpcore-4.4.10.jar:/home/rodrigo/Desarrollo/maven_repo/org/apache/httpcomponents/httpmime/4.5.6/httpmime-4.5.6.jar:/home/rodrigo/Desarrollo/maven_repo/jaxen/jaxen/1.1.6/jaxen-1.1.6.jar:/home/rodrigo/Desarrollo/maven_repo/xml-apis/xml-apis/1.4.01/xml-apis-1.4.01.jar:/home/rodrigo/Desarrollo/maven_repo/org/jsoup/jsoup/1.11.3/jsoup-1.11.3.jar:/home/rodrigo/Desarrollo/maven_repo/io/rest-assured/json-schema-validator/3.0.7/json-schema-validator-3.0.7.jar:/home/rodrigo/Desarrollo/maven_repo/com/github/fge/json-schema-validator/2.2.6/json-schema-validator-2.2.6.jar:/home/rodrigo/Desarrollo/maven_repo/com/google/code/findbugs/jsr305/3.0.0/jsr305-3.0.0.jar:/home/rodrigo/Desarrollo/maven_repo/joda-time/joda-time/2.10.1/joda-time-2.10.1.jar:/home/rodrigo/Desarrollo/maven_repo/com/googlecode/libphonenumber/libphonenumber/6.2/libphonenumber-6.2.jar:/home/rodrigo/Desarrollo/maven_repo/com/github/fge/json-schema-core/1.2.5/json-schema-core-1.2.5.jar:/home/rodrigo/Desarrollo/maven_repo/com/github/fge/uri-template/0.9/uri-template-0.9.jar:/home/rodrigo/Desarrollo/maven_repo/com/github/fge/msg-simple/1.1/msg-simple-1.1.jar:/home/rodrigo/Desarrollo/maven_repo/com/github/fge/btf/1.2/btf-1.2.jar:/home/rodrigo/Desarrollo/maven_repo/com/github/fge/jackson-coreutils/1.8/jackson-coreutils-1.8.jar:/home/rodrigo/Desarrollo/maven_repo/org/mozilla/rhino/1.7R4/rhino-1.7R4.jar:/home/rodrigo/Desarrollo/maven_repo/javax/mail/mailapi/1.4.3/mailapi-1.4.3.jar:/home/rodrigo/Desarrollo/maven_repo/javax/activation/activation/1.1/activation-1.1.jar:/home/rodrigo/Desarrollo/maven_repo/net/sf/jopt-simple/jopt-simple/4.6/jopt-simple-4.6.jar:/home/rodrigo/Desarrollo/maven_repo/io/rest-assured/rest-assured/3.1.1/rest-assured-3.1.1.jar:/home/rodrigo/Desarrollo/maven_repo/org/codehaus/groovy/groovy/2.5.5/groovy-2.5.5.jar:/home/rodrigo/Desarrollo/maven_repo/org/codehaus/groovy/groovy-xml/2.5.5/groovy-xml-2.5.5.jar:/home/rodrigo/Desarrollo/maven_repo/org/ccil/cowan/tagsoup/tagsoup/1.2.1/tagsoup-1.2.1.jar:/home/rodrigo/Desarrollo/maven_repo/io/rest-assured/json-path/3.1.1/json-path-3.1.1.jar:/home/rodrigo/Desarrollo/maven_repo/org/codehaus/groovy/groovy-json/2.5.5/groovy-json-2.5.5.jar:/home/rodrigo/Desarrollo/maven_repo/io/rest-assured/rest-assured-common/3.1.1/rest-assured-common-3.1.1.jar:/home/rodrigo/Desarrollo/maven_repo/io/rest-assured/xml-path/3.1.1/xml-path-3.1.1.jar:/home/rodrigo/Desarrollo/maven_repo/org/hamcrest/hamcrest-library/1.3/hamcrest-library-1.3.jar:/home/rodrigo/Desarrollo/maven_repo/org/json/json/20180813/json-20180813.jar:/home/rodrigo/Desarrollo/maven_repo/org/apache/httpcomponents/httpclient/4.5.6/httpclient-4.5.6.jar:/home/rodrigo/Desarrollo/maven_repo/commons-codec/commons-codec/1.11/commons-codec-1.11.jar:/home/rodrigo/Desarrollo/maven_repo/org/apache/commons/commons-lang3/3.3.2/commons-lang3-3.3.2.jar:/home/rodrigo/Desarrollo/maven_repo/org/apache/poi/poi/3.15/poi-3.15.jar:/home/rodrigo/Desarrollo/maven_repo/org/apache/commons/commons-collections4/4.1/commons-collections4-4.1.jar:/home/rodrigo/Desarrollo/maven_repo/org/apache/poi/poi-ooxml/3.15/poi-ooxml-3.15.jar:/home/rodrigo/Desarrollo/maven_repo/org/apache/poi/poi-ooxml-schemas/3.15/poi-ooxml-schemas-3.15.jar:/home/rodrigo/Desarrollo/maven_repo/org/apache/xmlbeans/xmlbeans/2.6.0/xmlbeans-2.6.0.jar:/home/rodrigo/Desarrollo/maven_repo/stax/stax-api/1.0.1/stax-api-1.0.1.jar:/home/rodrigo/Desarrollo/maven_repo/com/github/virtuald/curvesapi/1.04/curvesapi-1.04.jar:/home/rodrigo/Desarrollo/maven_repo/net/sf/supercsv/super-csv/2.4.0/super-csv-2.4.0.jar:/home/rodrigo/Desarrollo/maven_repo/com/itextpdf/itextpdf/5.5.10/itextpdf-5.5.10.jar:/home/rodrigo/Desarrollo/maven_repo/com/spotify/dockerfile-maven-plugin/1.4.0/dockerfile-maven-plugin-1.4.0.jar:/home/rodrigo/Desarrollo/maven_repo/com/spotify/docker-client/8.11.1/docker-client-8.11.1-shaded.jar:/home/rodrigo/Desarrollo/maven_repo/com/fasterxml/jackson/jaxrs/jackson-jaxrs-json-provider/2.9.8/jackson-jaxrs-json-provider-2.9.8.jar:/home/rodrigo/Desarrollo/maven_repo/com/fasterxml/jackson/jaxrs/jackson-jaxrs-base/2.9.8/jackson-jaxrs-base-2.9.8.jar:/home/rodrigo/Desarrollo/maven_repo/com/fasterxml/jackson/module/jackson-module-jaxb-annotations/2.9.8/jackson-module-jaxb-annotations-2.9.8.jar:/home/rodrigo/Desarrollo/maven_repo/com/fasterxml/jackson/datatype/jackson-datatype-guava/2.9.8/jackson-datatype-guava-2.9.8.jar:/home/rodrigo/Desarrollo/maven_repo/org/glassfish/jersey/core/jersey-client/2.27/jersey-client-2.27.jar:/home/rodrigo/Desarrollo/maven_repo/javax/ws/rs/javax.ws.rs-api/2.1/javax.ws.rs-api-2.1.jar:/home/rodrigo/Desarrollo/maven_repo/org/glassfish/jersey/core/jersey-common/2.27/jersey-common-2.27.jar:/home/rodrigo/Desarrollo/maven_repo/org/glassfish/hk2/osgi-resource-locator/1.0.1/osgi-resource-locator-1.0.1.jar:/home/rodrigo/Desarrollo/maven_repo/org/glassfish/hk2/external/javax.inject/2.5.0-b42/javax.inject-2.5.0-b42.jar:/home/rodrigo/Desarrollo/maven_repo/org/glassfish/jersey/connectors/jersey-apache-connector/2.27/jersey-apache-connector-2.27.jar:/home/rodrigo/Desarrollo/maven_repo/org/glassfish/jersey/media/jersey-media-json-jackson/2.27/jersey-media-json-jackson-2.27.jar:/home/rodrigo/Desarrollo/maven_repo/org/glassfish/jersey/ext/jersey-entity-filtering/2.27/jersey-entity-filtering-2.27.jar:/home/rodrigo/Desarrollo/maven_repo/org/apache/commons/commons-compress/1.9/commons-compress-1.9.jar:/home/rodrigo/Desarrollo/maven_repo/com/github/jnr/jnr-unixsocket/0.18/jnr-unixsocket-0.18.jar:/home/rodrigo/Desarrollo/maven_repo/com/github/jnr/jnr-ffi/2.1.4/jnr-ffi-2.1.4.jar:/home/rodrigo/Desarrollo/maven_repo/com/github/jnr/jffi/1.2.15/jffi-1.2.15.jar:/home/rodrigo/Desarrollo/maven_repo/com/github/jnr/jffi/1.2.15/jffi-1.2.15-native.jar:/home/rodrigo/Desarrollo/maven_repo/org/ow2/asm/asm-commons/5.0.3/asm-commons-5.0.3.jar:/home/rodrigo/Desarrollo/maven_repo/org/ow2/asm/asm-analysis/5.0.3/asm-analysis-5.0.3.jar:/home/rodrigo/Desarrollo/maven_repo/org/ow2/asm/asm-tree/5.0.3/asm-tree-5.0.3.jar:/home/rodrigo/Desarrollo/maven_repo/org/ow2/asm/asm-util/5.0.3/asm-util-5.0.3.jar:/home/rodrigo/Desarrollo/maven_repo/com/github/jnr/jnr-x86asm/1.0.2/jnr-x86asm-1.0.2.jar:/home/rodrigo/Desarrollo/maven_repo/com/github/jnr/jnr-constants/0.9.8/jnr-constants-0.9.8.jar:/home/rodrigo/Desarrollo/maven_repo/com/github/jnr/jnr-enxio/0.16/jnr-enxio-0.16.jar:/home/rodrigo/Desarrollo/maven_repo/com/github/jnr/jnr-posix/3.0.35/jnr-posix-3.0.35.jar:/home/rodrigo/Desarrollo/maven_repo/org/bouncycastle/bcpkix-jdk15on/1.59/bcpkix-jdk15on-1.59.jar:/home/rodrigo/Desarrollo/maven_repo/org/bouncycastle/bcprov-jdk15on/1.59/bcprov-jdk15on-1.59.jar:/home/rodrigo/Desarrollo/maven_repo/com/google/auth/google-auth-library-oauth2-http/0.6.0/google-auth-library-oauth2-http-0.6.0.jar:/home/rodrigo/Desarrollo/maven_repo/com/google/auth/google-auth-library-credentials/0.6.0/google-auth-library-credentials-0.6.0.jar:/home/rodrigo/Desarrollo/maven_repo/com/google/http-client/google-http-client/1.19.0/google-http-client-1.19.0.jar:/home/rodrigo/Desarrollo/maven_repo/com/google/http-client/google-http-client-jackson2/1.19.0/google-http-client-jackson2-1.19.0.jar:/home/rodrigo/Desarrollo/maven_repo/com/spotify/dockerfile-maven-extension/1.4.0/dockerfile-maven-extension-1.4.0.jar:/home/rodrigo/Desarrollo/maven_repo/org/apache/maven/maven-plugin-api/3.3.9/maven-plugin-api-3.3.9.jar:/home/rodrigo/Desarrollo/maven_repo/org/apache/maven/maven-model/3.3.9/maven-model-3.3.9.jar:/home/rodrigo/Desarrollo/maven_repo/org/apache/maven/maven-artifact/3.3.9/maven-artifact-3.3.9.jar:/home/rodrigo/Desarrollo/maven_repo/org/eclipse/sisu/org.eclipse.sisu.plexus/0.3.2/org.eclipse.sisu.plexus-0.3.2.jar:/home/rodrigo/Desarrollo/maven_repo/javax/enterprise/cdi-api/1.0/cdi-api-1.0.jar:/home/rodrigo/Desarrollo/maven_repo/javax/annotation/jsr250-api/1.0/jsr250-api-1.0.jar:/home/rodrigo/Desarrollo/maven_repo/org/eclipse/sisu/org.eclipse.sisu.inject/0.3.2/org.eclipse.sisu.inject-0.3.2.jar:/home/rodrigo/Desarrollo/maven_repo/org/apache/maven/maven-core/3.3.9/maven-core-3.3.9.jar:/home/rodrigo/Desarrollo/maven_repo/org/apache/maven/maven-settings/3.3.9/maven-settings-3.3.9.jar:/home/rodrigo/Desarrollo/maven_repo/org/apache/maven/maven-settings-builder/3.3.9/maven-settings-builder-3.3.9.jar:/home/rodrigo/Desarrollo/maven_repo/org/apache/maven/maven-builder-support/3.3.9/maven-builder-support-3.3.9.jar:/home/rodrigo/Desarrollo/maven_repo/org/apache/maven/maven-repository-metadata/3.3.9/maven-repository-metadata-3.3.9.jar:/home/rodrigo/Desarrollo/maven_repo/org/apache/maven/maven-model-builder/3.3.9/maven-model-builder-3.3.9.jar:/home/rodrigo/Desarrollo/maven_repo/org/apache/maven/maven-aether-provider/3.3.9/maven-aether-provider-3.3.9.jar:/home/rodrigo/Desarrollo/maven_repo/org/eclipse/aether/aether-spi/1.0.2.v20150114/aether-spi-1.0.2.v20150114.jar:/home/rodrigo/Desarrollo/maven_repo/org/eclipse/aether/aether-impl/1.0.2.v20150114/aether-impl-1.0.2.v20150114.jar:/home/rodrigo/Desarrollo/maven_repo/org/eclipse/aether/aether-api/1.0.2.v20150114/aether-api-1.0.2.v20150114.jar:/home/rodrigo/Desarrollo/maven_repo/org/eclipse/aether/aether-util/1.0.2.v20150114/aether-util-1.0.2.v20150114.jar:/home/rodrigo/Desarrollo/maven_repo/com/google/inject/guice/4.0/guice-4.0-no_aop.jar:/home/rodrigo/Desarrollo/maven_repo/javax/inject/javax.inject/1/javax.inject-1.jar:/home/rodrigo/Desarrollo/maven_repo/aopalliance/aopalliance/1.0/aopalliance-1.0.jar:/home/rodrigo/Desarrollo/maven_repo/org/codehaus/plexus/plexus-interpolation/1.21/plexus-interpolation-1.21.jar:/home/rodrigo/Desarrollo/maven_repo/org/codehaus/plexus/plexus-utils/3.0.22/plexus-utils-3.0.22.jar:/home/rodrigo/Desarrollo/maven_repo/org/codehaus/plexus/plexus-classworlds/2.5.2/plexus-classworlds-2.5.2.jar:/home/rodrigo/Desarrollo/maven_repo/org/codehaus/plexus/plexus-component-annotations/1.6/plexus-component-annotations-1.6.jar:/home/rodrigo/Desarrollo/maven_repo/org/sonatype/plexus/plexus-sec-dispatcher/1.3/plexus-sec-dispatcher-1.3.jar:/home/rodrigo/Desarrollo/maven_repo/org/sonatype/plexus/plexus-cipher/1.4/plexus-cipher-1.4.jar:/home/rodrigo/Desarrollo/maven_repo/org/apache/maven/maven-archiver/3.0.0/maven-archiver-3.0.0.jar:/home/rodrigo/Desarrollo/maven_repo/org/apache/maven/shared/maven-shared-utils/3.0.0/maven-shared-utils-3.0.0.jar:/home/rodrigo/Desarrollo/maven_repo/org/codehaus/plexus/plexus-archiver/2.9.1/plexus-archiver-2.9.1.jar:/home/rodrigo/Desarrollo/maven_repo/org/codehaus/plexus/plexus-io/2.4.1/plexus-io-2.4.1.jar:"/>
    <property name="sun.cpu.endian" value="little"/>
    <property name="user.home" value="/home/rodrigo"/>
    <property name="user.language" value="en"/>
    <property name="java.specification.vendor" value="Oracle Corporation"/>
    <property name="java.home" value="/home/rodrigo/Desarrollo/Java/jdk1.8.0_171__64b/jdk1.8.0_171/jre"/>
    <property name="basedir" value="/home/rodrigo/Desarrollo/Stash_Projects/Clarolab/qa-reports"/>
    <property name="file.separator" value="/"/>
    <property name="line.separator" value="&#10;"/>
    <property name="java.vm.specification.vendor" value="Oracle Corporation"/>
    <property name="java.specification.name" value="Java Platform API Specification"/>
    <property name="java.awt.graphicsenv" value="sun.awt.X11GraphicsEnvironment"/>
    <property name="sun.boot.class.path" value="/home/rodrigo/Desarrollo/Java/jdk1.8.0_171__64b/jdk1.8.0_171/jre/lib/resources.jar:/home/rodrigo/Desarrollo/Java/jdk1.8.0_171__64b/jdk1.8.0_171/jre/lib/rt.jar:/home/rodrigo/Desarrollo/Java/jdk1.8.0_171__64b/jdk1.8.0_171/jre/lib/sunrsasign.jar:/home/rodrigo/Desarrollo/Java/jdk1.8.0_171__64b/jdk1.8.0_171/jre/lib/jsse.jar:/home/rodrigo/Desarrollo/Java/jdk1.8.0_171__64b/jdk1.8.0_171/jre/lib/jce.jar:/home/rodrigo/Desarrollo/Java/jdk1.8.0_171__64b/jdk1.8.0_171/jre/lib/charsets.jar:/home/rodrigo/Desarrollo/Java/jdk1.8.0_171__64b/jdk1.8.0_171/jre/lib/jfr.jar:/home/rodrigo/Desarrollo/Java/jdk1.8.0_171__64b/jdk1.8.0_171/jre/classes"/>
    <property name="sun.management.compiler" value="HotSpot 64-Bit Tiered Compilers"/>
    <property name="java.runtime.version" value="1.8.0_171-b11"/>
    <property name="user.name" value="rodrigo"/>
    <property name="path.separator" value=":"/>
    <property name="os.version" value="4.15.0-45-generic"/>
    <property name="java.endorsed.dirs" value="/home/rodrigo/Desarrollo/Java/jdk1.8.0_171__64b/jdk1.8.0_171/jre/lib/endorsed"/>
    <property name="java.runtime.name" value="Java(TM) SE Runtime Environment"/>
    <property name="file.encoding" value="UTF-8"/>
    <property name="java.vm.name" value="Java HotSpot(TM) 64-Bit Server VM"/>
    <property name="localRepository" value="/home/rodrigo/Desarrollo/maven_repo"/>
    <property name="java.vendor.url.bug" value="http://bugreport.sun.com/bugreport/"/>
    <property name="java.io.tmpdir" value="/tmp"/>
    <property name="java.version" value="1.8.0_171"/>
    <property name="user.dir" value="/home/rodrigo/Desarrollo/Stash_Projects/Clarolab/qa-reports"/>
    <property name="os.arch" value="amd64"/>
    <property name="java.vm.specification.name" value="Java Virtual Machine Specification"/>
    <property name="java.awt.printerjob" value="sun.print.PSPrinterJob"/>
    <property name="sun.os.patch.level" value="unknown"/>
    <property name="java.library.path" value="/usr/java/packages/lib/amd64:/usr/lib64:/lib64:/lib:/usr/lib"/>
    <property name="java.vm.info" value="mixed mode"/>
    <property name="java.vendor" value="Oracle Corporation"/>
    <property name="java.vm.version" value="25.171-b11"/>
    <property name="java.ext.dirs" value="/home/rodrigo/Desarrollo/Java/jdk1.8.0_171__64b/jdk1.8.0_171/jre/lib/ext:/usr/java/packages/lib/ext"/>
    <property name="sun.io.unicode.encoding" value="UnicodeLittle"/>
    <property name="java.class.version" value="52.0"/>
  </properties>
  <testcase name="testBuildListTimeOut" classname="com.clarolab.api.test.BuildAPITest" time="9.011">
    <failure message="1 expectation failed.&#10;Expected response time was not a value less than &lt;7000L&gt; milliseconds, was 8123 milliseconds (8123 milliseconds)." type="java.lang.AssertionError"><![CDATA[java.lang.AssertionError: 
1 expectation failed.
Expected response time was not a value less than <7000L> milliseconds, was 8123 milliseconds (8123 milliseconds).
	at com.clarolab.api.test.BuildAPITest.testBuildListTimeOut(BuildAPITest.java:35)
]]></failure>
    <system-out><![CDATA[09:55:44.333 [main] DEBUG org.springframework.test.context.junit4.SpringJUnit4ClassRunner - SpringJUnit4ClassRunner constructor called with [class com.clarolab.api.entry.BuildAPITest]
09:55:44.338 [main] DEBUG org.springframework.test.context.BootstrapUtils - Instantiating CacheAwareContextLoaderDelegate from class [org.springframework.test.context.cache.DefaultCacheAwareContextLoaderDelegate]
09:55:44.346 [main] DEBUG org.springframework.test.context.BootstrapUtils - Instantiating BootstrapContext using constructor [public org.springframework.test.context.support.DefaultBootstrapContext(java.lang.Class,org.springframework.test.context.CacheAwareContextLoaderDelegate)]
09:55:44.371 [main] DEBUG org.springframework.test.context.BootstrapUtils - Instantiating TestContextBootstrapper for test class [com.clarolab.api.entry.BuildAPITest] from class [org.springframework.boot.test.context.SpringBootTestContextBootstrapper]
09:55:44.386 [main] INFO org.springframework.boot.test.context.SpringBootTestContextBootstrapper - Neither @ContextConfiguration nor @ContextHierarchy found for test class [com.clarolab.api.entry.BuildAPITest], using SpringBootContextLoader
09:55:44.390 [main] DEBUG org.springframework.test.context.support.AbstractContextLoader - Did not detect default resource location for test class [com.clarolab.api.entry.BuildAPITest]: class path resource [com/clarolab/api/entry/BuildAPITest-context.xml] does not exist
09:55:44.391 [main] DEBUG org.springframework.test.context.support.AbstractContextLoader - Did not detect default resource location for test class [com.clarolab.api.entry.BuildAPITest]: class path resource [com/clarolab/api/entry/BuildAPITestContext.groovy] does not exist
09:55:44.391 [main] INFO org.springframework.test.context.support.AbstractContextLoader - Could not detect default resource locations for test class [com.clarolab.api.entry.BuildAPITest]: no resource found for suffixes {-context.xml, Context.groovy}.
09:55:44.438 [main] DEBUG org.springframework.test.context.support.ActiveProfilesUtils - Could not find an 'annotation declaring class' for annotation type [org.springframework.test.context.ActiveProfiles] and class [com.clarolab.api.entry.BuildAPITest]
09:55:44.563 [main] DEBUG org.springframework.boot.test.context.SpringBootTestContextBootstrapper - @TestExecutionListeners is not present for class [com.clarolab.api.entry.BuildAPITest]: using defaults.
09:55:44.564 [main] INFO org.springframework.boot.test.context.SpringBootTestContextBootstrapper - Loaded default TestExecutionListener class names from location [META-INF/spring.factories]: [org.springframework.boot.test.mock.mockito.MockitoTestExecutionListener, org.springframework.boot.test.mock.mockito.ResetMocksTestExecutionListener, org.springframework.boot.test.autoconfigure.restdocs.RestDocsTestExecutionListener, org.springframework.boot.test.autoconfigure.web.client.MockRestServiceServerResetTestExecutionListener, org.springframework.boot.test.autoconfigure.web.servlet.MockMvcPrintOnlyOnFailureTestExecutionListener, org.springframework.boot.test.autoconfigure.web.servlet.WebDriverTestExecutionListener, org.springframework.test.context.web.ServletTestExecutionListener, org.springframework.test.context.support.DirtiesContextBeforeModesTestExecutionListener, org.springframework.test.context.support.DependencyInjectionTestExecutionListener, org.springframework.test.context.support.DirtiesContextTestExecutionListener, org.springframework.test.context.transaction.TransactionalTestExecutionListener, org.springframework.test.context.jdbc.SqlScriptsTestExecutionListener]
09:55:44.577 [main] INFO org.springframework.boot.test.context.SpringBootTestContextBootstrapper - Using TestExecutionListeners: [org.springframework.test.context.web.ServletTestExecutionListener@f79e, org.springframework.test.context.support.DirtiesContextBeforeModesTestExecutionListener@7ee8290b, org.springframework.boot.test.mock.mockito.MockitoTestExecutionListener@1f59a598, org.springframework.boot.test.autoconfigure.SpringBootDependencyInjectionTestExecutionListener@1e178745, org.springframework.test.context.support.DirtiesContextTestExecutionListener@192c3f1e, org.springframework.test.context.transaction.TransactionalTestExecutionListener@26b3fd41, org.springframework.test.context.jdbc.SqlScriptsTestExecutionListener@7494f96a, org.springframework.boot.test.mock.mockito.ResetMocksTestExecutionListener@561b6512, org.springframework.boot.test.autoconfigure.restdocs.RestDocsTestExecutionListener@2e377400, org.springframework.boot.test.autoconfigure.web.client.MockRestServiceServerResetTestExecutionListener@1757cd72, org.springframework.boot.test.autoconfigure.web.servlet.MockMvcPrintOnlyOnFailureTestExecutionListener@445b295b, org.springframework.boot.test.autoconfigure.web.servlet.WebDriverTestExecutionListener@49e5f737]
09:55:44.579 [main] DEBUG org.springframework.test.context.junit4.SpringJUnit4ClassRunner - SpringJUnit4ClassRunner constructor called with [class com.clarolab.api.entry.ConnectorAPITest]
09:55:44.579 [main] DEBUG org.springframework.test.context.BootstrapUtils - Instantiating CacheAwareContextLoaderDelegate from class [org.springframework.test.context.cache.DefaultCacheAwareContextLoaderDelegate]
09:55:44.579 [main] DEBUG org.springframework.test.context.BootstrapUtils - Instantiating BootstrapContext using constructor [public org.springframework.test.context.support.DefaultBootstrapContext(java.lang.Class,org.springframework.test.context.CacheAwareContextLoaderDelegate)]
09:55:44.579 [main] DEBUG org.springframework.test.context.BootstrapUtils - Instantiating TestContextBootstrapper for test class [com.clarolab.api.entry.ConnectorAPITest] from class [org.springframework.boot.test.context.SpringBootTestContextBootstrapper]
09:55:44.580 [main] INFO org.springframework.boot.test.context.SpringBootTestContextBootstrapper - Neither @ContextConfiguration nor @ContextHierarchy found for test class [com.clarolab.api.entry.ConnectorAPITest], using SpringBootContextLoader
09:55:44.581 [main] DEBUG org.springframework.test.context.support.AbstractContextLoader - Did not detect default resource location for test class [com.clarolab.api.entry.ConnectorAPITest]: class path resource [com/clarolab/api/entry/ConnectorAPITest-context.xml] does not exist
09:55:44.581 [main] DEBUG org.springframework.test.context.support.AbstractContextLoader - Did not detect default resource location for test class [com.clarolab.api.entry.ConnectorAPITest]: class path resource [com/clarolab/api/entry/ConnectorAPITestContext.groovy] does not exist
09:55:44.581 [main] INFO org.springframework.test.context.support.AbstractContextLoader - Could not detect default resource locations for test class [com.clarolab.api.entry.ConnectorAPITest]: no resource found for suffixes {-context.xml, Context.groovy}.
09:55:44.583 [main] DEBUG org.springframework.test.context.support.ActiveProfilesUtils - Could not find an 'annotation declaring class' for annotation type [org.springframework.test.context.ActiveProfiles] and class [com.clarolab.api.entry.ConnectorAPITest]
09:55:44.586 [main] DEBUG org.springframework.boot.test.context.SpringBootTestContextBootstrapper - @TestExecutionListeners is not present for class [com.clarolab.api.entry.ConnectorAPITest]: using defaults.
09:55:44.587 [main] INFO org.springframework.boot.test.context.SpringBootTestContextBootstrapper - Loaded default TestExecutionListener class names from location [META-INF/spring.factories]: [org.springframework.boot.test.mock.mockito.MockitoTestExecutionListener, org.springframework.boot.test.mock.mockito.ResetMocksTestExecutionListener, org.springframework.boot.test.autoconfigure.restdocs.RestDocsTestExecutionListener, org.springframework.boot.test.autoconfigure.web.client.MockRestServiceServerResetTestExecutionListener, org.springframework.boot.test.autoconfigure.web.servlet.MockMvcPrintOnlyOnFailureTestExecutionListener, org.springframework.boot.test.autoconfigure.web.servlet.WebDriverTestExecutionListener, org.springframework.test.context.web.ServletTestExecutionListener, org.springframework.test.context.support.DirtiesContextBeforeModesTestExecutionListener, org.springframework.test.context.support.DependencyInjectionTestExecutionListener, org.springframework.test.context.support.DirtiesContextTestExecutionListener, org.springframework.test.context.transaction.TransactionalTestExecutionListener, org.springframework.test.context.jdbc.SqlScriptsTestExecutionListener]
09:55:44.587 [main] INFO org.springframework.boot.test.context.SpringBootTestContextBootstrapper - Using TestExecutionListeners: [org.springframework.test.context.web.ServletTestExecutionListener@37883b97, org.springframework.test.context.support.DirtiesContextBeforeModesTestExecutionListener@6ab778a, org.springframework.boot.test.mock.mockito.MockitoTestExecutionListener@4e3958e7, org.springframework.boot.test.autoconfigure.SpringBootDependencyInjectionTestExecutionListener@77f80c04, org.springframework.test.context.support.DirtiesContextTestExecutionListener@1dac5ef, org.springframework.test.context.transaction.TransactionalTestExecutionListener@5c90e579, org.springframework.test.context.jdbc.SqlScriptsTestExecutionListener@58ea606c, org.springframework.boot.test.mock.mockito.ResetMocksTestExecutionListener@6f45df59, org.springframework.boot.test.autoconfigure.restdocs.RestDocsTestExecutionListener@38e79ae3, org.springframework.boot.test.autoconfigure.web.client.MockRestServiceServerResetTestExecutionListener@63070bab, org.springframework.boot.test.autoconfigure.web.servlet.MockMvcPrintOnlyOnFailureTestExecutionListener@68e5eea7, org.springframework.boot.test.autoconfigure.web.servlet.WebDriverTestExecutionListener@291b4bf5]
09:55:44.589 [main] DEBUG org.springframework.test.context.junit4.SpringJUnit4ClassRunner - SpringJUnit4ClassRunner constructor called with [class com.clarolab.api.entry.ListAPITest]
09:55:44.589 [main] DEBUG org.springframework.test.context.BootstrapUtils - Instantiating CacheAwareContextLoaderDelegate from class [org.springframework.test.context.cache.DefaultCacheAwareContextLoaderDelegate]
09:55:44.589 [main] DEBUG org.springframework.test.context.BootstrapUtils - Instantiating BootstrapContext using constructor [public org.springframework.test.context.support.DefaultBootstrapContext(java.lang.Class,org.springframework.test.context.CacheAwareContextLoaderDelegate)]
09:55:44.589 [main] DEBUG org.springframework.test.context.BootstrapUtils - Instantiating TestContextBootstrapper for test class [com.clarolab.api.entry.ListAPITest] from class [org.springframework.boot.test.context.SpringBootTestContextBootstrapper]
09:55:44.590 [main] INFO org.springframework.boot.test.context.SpringBootTestContextBootstrapper - Neither @ContextConfiguration nor @ContextHierarchy found for test class [com.clarolab.api.entry.ListAPITest], using SpringBootContextLoader
09:55:44.590 [main] DEBUG org.springframework.test.context.support.AbstractContextLoader - Did not detect default resource location for test class [com.clarolab.api.entry.ListAPITest]: class path resource [com/clarolab/api/entry/ListAPITest-context.xml] does not exist
09:55:44.591 [main] DEBUG org.springframework.test.context.support.AbstractContextLoader - Did not detect default resource location for test class [com.clarolab.api.entry.ListAPITest]: class path resource [com/clarolab/api/entry/ListAPITestContext.groovy] does not exist
09:55:44.591 [main] INFO org.springframework.test.context.support.AbstractContextLoader - Could not detect default resource locations for test class [com.clarolab.api.entry.ListAPITest]: no resource found for suffixes {-context.xml, Context.groovy}.
09:55:44.594 [main] DEBUG org.springframework.test.context.support.ActiveProfilesUtils - Could not find an 'annotation declaring class' for annotation type [org.springframework.test.context.ActiveProfiles] and class [com.clarolab.api.entry.ListAPITest]
09:55:44.596 [main] DEBUG org.springframework.boot.test.context.SpringBootTestContextBootstrapper - @TestExecutionListeners is not present for class [com.clarolab.api.entry.ListAPITest]: using defaults.
09:55:44.596 [main] INFO org.springframework.boot.test.context.SpringBootTestContextBootstrapper - Loaded default TestExecutionListener class names from location [META-INF/spring.factories]: [org.springframework.boot.test.mock.mockito.MockitoTestExecutionListener, org.springframework.boot.test.mock.mockito.ResetMocksTestExecutionListener, org.springframework.boot.test.autoconfigure.restdocs.RestDocsTestExecutionListener, org.springframework.boot.test.autoconfigure.web.client.MockRestServiceServerResetTestExecutionListener, org.springframework.boot.test.autoconfigure.web.servlet.MockMvcPrintOnlyOnFailureTestExecutionListener, org.springframework.boot.test.autoconfigure.web.servlet.WebDriverTestExecutionListener, org.springframework.test.context.web.ServletTestExecutionListener, org.springframework.test.context.support.DirtiesContextBeforeModesTestExecutionListener, org.springframework.test.context.support.DependencyInjectionTestExecutionListener, org.springframework.test.context.support.DirtiesContextTestExecutionListener, org.springframework.test.context.transaction.TransactionalTestExecutionListener, org.springframework.test.context.jdbc.SqlScriptsTestExecutionListener]
09:55:44.596 [main] INFO org.springframework.boot.test.context.SpringBootTestContextBootstrapper - Using TestExecutionListeners: [org.springframework.test.context.web.ServletTestExecutionListener@7b02881e, org.springframework.test.context.support.DirtiesContextBeforeModesTestExecutionListener@1ebd319f, org.springframework.boot.test.mock.mockito.MockitoTestExecutionListener@3c0be339, org.springframework.boot.test.autoconfigure.SpringBootDependencyInjectionTestExecutionListener@15ca7889, org.springframework.test.context.support.DirtiesContextTestExecutionListener@7a675056, org.springframework.test.context.transaction.TransactionalTestExecutionListener@d21a74c, org.springframework.test.context.jdbc.SqlScriptsTestExecutionListener@6e509ffa, org.springframework.boot.test.mock.mockito.ResetMocksTestExecutionListener@2898ac89, org.springframework.boot.test.autoconfigure.restdocs.RestDocsTestExecutionListener@683dbc2c, org.springframework.boot.test.autoconfigure.web.client.MockRestServiceServerResetTestExecutionListener@68267da0, org.springframework.boot.test.autoconfigure.web.servlet.MockMvcPrintOnlyOnFailureTestExecutionListener@2638011, org.springframework.boot.test.autoconfigure.web.servlet.WebDriverTestExecutionListener@6ff29830]
09:55:44.598 [main] DEBUG org.springframework.test.context.junit4.SpringJUnit4ClassRunner - SpringJUnit4ClassRunner constructor called with [class com.clarolab.api.entry.ProductAPITest]
09:55:44.598 [main] DEBUG org.springframework.test.context.BootstrapUtils - Instantiating CacheAwareContextLoaderDelegate from class [org.springframework.test.context.cache.DefaultCacheAwareContextLoaderDelegate]
09:55:44.598 [main] DEBUG org.springframework.test.context.BootstrapUtils - Instantiating BootstrapContext using constructor [public org.springframework.test.context.support.DefaultBootstrapContext(java.lang.Class,org.springframework.test.context.CacheAwareContextLoaderDelegate)]
09:55:44.598 [main] DEBUG org.springframework.test.context.BootstrapUtils - Instantiating TestContextBootstrapper for test class [com.clarolab.api.entry.ProductAPITest] from class [org.springframework.boot.test.context.SpringBootTestContextBootstrapper]
09:55:44.599 [main] INFO org.springframework.boot.test.context.SpringBootTestContextBootstrapper - Neither @ContextConfiguration nor @ContextHierarchy found for test class [com.clarolab.api.entry.ProductAPITest], using SpringBootContextLoader
09:55:44.599 [main] DEBUG org.springframework.test.context.support.AbstractContextLoader - Did not detect default resource location for test class [com.clarolab.api.entry.ProductAPITest]: class path resource [com/clarolab/api/entry/ProductAPITest-context.xml] does not exist
09:55:44.600 [main] DEBUG org.springframework.test.context.support.AbstractContextLoader - Did not detect default resource location for test class [com.clarolab.api.entry.ProductAPITest]: class path resource [com/clarolab/api/entry/ProductAPITestContext.groovy] does not exist
09:55:44.600 [main] INFO org.springframework.test.context.support.AbstractContextLoader - Could not detect default resource locations for test class [com.clarolab.api.entry.ProductAPITest]: no resource found for suffixes {-context.xml, Context.groovy}.
09:55:44.607 [main] DEBUG org.springframework.test.context.support.ActiveProfilesUtils - Could not find an 'annotation declaring class' for annotation type [org.springframework.test.context.ActiveProfiles] and class [com.clarolab.api.entry.ProductAPITest]
09:55:44.609 [main] DEBUG org.springframework.boot.test.context.SpringBootTestContextBootstrapper - @TestExecutionListeners is not present for class [com.clarolab.api.entry.ProductAPITest]: using defaults.
09:55:44.609 [main] INFO org.springframework.boot.test.context.SpringBootTestContextBootstrapper - Loaded default TestExecutionListener class names from location [META-INF/spring.factories]: [org.springframework.boot.test.mock.mockito.MockitoTestExecutionListener, org.springframework.boot.test.mock.mockito.ResetMocksTestExecutionListener, org.springframework.boot.test.autoconfigure.restdocs.RestDocsTestExecutionListener, org.springframework.boot.test.autoconfigure.web.client.MockRestServiceServerResetTestExecutionListener, org.springframework.boot.test.autoconfigure.web.servlet.MockMvcPrintOnlyOnFailureTestExecutionListener, org.springframework.boot.test.autoconfigure.web.servlet.WebDriverTestExecutionListener, org.springframework.test.context.web.ServletTestExecutionListener, org.springframework.test.context.support.DirtiesContextBeforeModesTestExecutionListener, org.springframework.test.context.support.DependencyInjectionTestExecutionListener, org.springframework.test.context.support.DirtiesContextTestExecutionListener, org.springframework.test.context.transaction.TransactionalTestExecutionListener, org.springframework.test.context.jdbc.SqlScriptsTestExecutionListener]
09:55:44.609 [main] INFO org.springframework.boot.test.context.SpringBootTestContextBootstrapper - Using TestExecutionListeners: [org.springframework.test.context.web.ServletTestExecutionListener@3098cf3b, org.springframework.test.context.support.DirtiesContextBeforeModesTestExecutionListener@610f7aa, org.springframework.boot.test.mock.mockito.MockitoTestExecutionListener@6a03bcb1, org.springframework.boot.test.autoconfigure.SpringBootDependencyInjectionTestExecutionListener@21b2e768, org.springframework.test.context.support.DirtiesContextTestExecutionListener@57250572, org.springframework.test.context.transaction.TransactionalTestExecutionListener@5609159b, org.springframework.test.context.jdbc.SqlScriptsTestExecutionListener@2118cddf, org.springframework.boot.test.mock.mockito.ResetMocksTestExecutionListener@17a7f733, org.springframework.boot.test.autoconfigure.restdocs.RestDocsTestExecutionListener@68567e20, org.springframework.boot.test.autoconfigure.web.client.MockRestServiceServerResetTestExecutionListener@76ed1b7c, org.springframework.boot.test.autoconfigure.web.servlet.MockMvcPrintOnlyOnFailureTestExecutionListener@11fc564b, org.springframework.boot.test.autoconfigure.web.servlet.WebDriverTestExecutionListener@394a2528]
09:55:44.611 [main] DEBUG org.springframework.test.context.junit4.SpringJUnit4ClassRunner - SpringJUnit4ClassRunner constructor called with [class com.clarolab.api.entry.UserAPITest]
09:55:44.611 [main] DEBUG org.springframework.test.context.BootstrapUtils - Instantiating CacheAwareContextLoaderDelegate from class [org.springframework.test.context.cache.DefaultCacheAwareContextLoaderDelegate]
09:55:44.611 [main] DEBUG org.springframework.test.context.BootstrapUtils - Instantiating BootstrapContext using constructor [public org.springframework.test.context.support.DefaultBootstrapContext(java.lang.Class,org.springframework.test.context.CacheAwareContextLoaderDelegate)]
09:55:44.611 [main] DEBUG org.springframework.test.context.BootstrapUtils - Instantiating TestContextBootstrapper for test class [com.clarolab.api.entry.UserAPITest] from class [org.springframework.boot.test.context.SpringBootTestContextBootstrapper]
09:55:44.612 [main] INFO org.springframework.boot.test.context.SpringBootTestContextBootstrapper - Neither @ContextConfiguration nor @ContextHierarchy found for test class [com.clarolab.api.entry.UserAPITest], using SpringBootContextLoader
09:55:44.612 [main] DEBUG org.springframework.test.context.support.AbstractContextLoader - Did not detect default resource location for test class [com.clarolab.api.entry.UserAPITest]: class path resource [com/clarolab/api/entry/UserAPITest-context.xml] does not exist
09:55:44.612 [main] DEBUG org.springframework.test.context.support.AbstractContextLoader - Did not detect default resource location for test class [com.clarolab.api.entry.UserAPITest]: class path resource [com/clarolab/api/entry/UserAPITestContext.groovy] does not exist
09:55:44.612 [main] INFO org.springframework.test.context.support.AbstractContextLoader - Could not detect default resource locations for test class [com.clarolab.api.entry.UserAPITest]: no resource found for suffixes {-context.xml, Context.groovy}.
09:55:44.615 [main] DEBUG org.springframework.test.context.support.ActiveProfilesUtils - Could not find an 'annotation declaring class' for annotation type [org.springframework.test.context.ActiveProfiles] and class [com.clarolab.api.entry.UserAPITest]
09:55:44.616 [main] DEBUG org.springframework.boot.test.context.SpringBootTestContextBootstrapper - @TestExecutionListeners is not present for class [com.clarolab.api.entry.UserAPITest]: using defaults.
09:55:44.618 [main] INFO org.springframework.boot.test.context.SpringBootTestContextBootstrapper - Loaded default TestExecutionListener class names from location [META-INF/spring.factories]: [org.springframework.boot.test.mock.mockito.MockitoTestExecutionListener, org.springframework.boot.test.mock.mockito.ResetMocksTestExecutionListener, org.springframework.boot.test.autoconfigure.restdocs.RestDocsTestExecutionListener, org.springframework.boot.test.autoconfigure.web.client.MockRestServiceServerResetTestExecutionListener, org.springframework.boot.test.autoconfigure.web.servlet.MockMvcPrintOnlyOnFailureTestExecutionListener, org.springframework.boot.test.autoconfigure.web.servlet.WebDriverTestExecutionListener, org.springframework.test.context.web.ServletTestExecutionListener, org.springframework.test.context.support.DirtiesContextBeforeModesTestExecutionListener, org.springframework.test.context.support.DependencyInjectionTestExecutionListener, org.springframework.test.context.support.DirtiesContextTestExecutionListener, org.springframework.test.context.transaction.TransactionalTestExecutionListener, org.springframework.test.context.jdbc.SqlScriptsTestExecutionListener]
09:55:44.619 [main] INFO org.springframework.boot.test.context.SpringBootTestContextBootstrapper - Using TestExecutionListeners: [org.springframework.test.context.web.ServletTestExecutionListener@2b4bac49, org.springframework.test.context.support.DirtiesContextBeforeModesTestExecutionListener@fd07cbb, org.springframework.boot.test.mock.mockito.MockitoTestExecutionListener@3571b748, org.springframework.boot.test.autoconfigure.SpringBootDependencyInjectionTestExecutionListener@3e96bacf, org.springframework.test.context.support.DirtiesContextTestExecutionListener@484970b0, org.springframework.test.context.transaction.TransactionalTestExecutionListener@4470f8a6, org.springframework.test.context.jdbc.SqlScriptsTestExecutionListener@7c83dc97, org.springframework.boot.test.mock.mockito.ResetMocksTestExecutionListener@7748410a, org.springframework.boot.test.autoconfigure.restdocs.RestDocsTestExecutionListener@740773a3, org.springframework.boot.test.autoconfigure.web.client.MockRestServiceServerResetTestExecutionListener@37f1104d, org.springframework.boot.test.autoconfigure.web.servlet.MockMvcPrintOnlyOnFailureTestExecutionListener@55740540, org.springframework.boot.test.autoconfigure.web.servlet.WebDriverTestExecutionListener@60015ef5]
09:55:44.620 [main] DEBUG org.springframework.test.context.junit4.SpringJUnit4ClassRunner - SpringJUnit4ClassRunner constructor called with [class com.clarolab.api.report.ExportAPITest]
09:55:44.620 [main] DEBUG org.springframework.test.context.BootstrapUtils - Instantiating CacheAwareContextLoaderDelegate from class [org.springframework.test.context.cache.DefaultCacheAwareContextLoaderDelegate]
09:55:44.620 [main] DEBUG org.springframework.test.context.BootstrapUtils - Instantiating BootstrapContext using constructor [public org.springframework.test.context.support.DefaultBootstrapContext(java.lang.Class,org.springframework.test.context.CacheAwareContextLoaderDelegate)]
09:55:44.620 [main] DEBUG org.springframework.test.context.BootstrapUtils - Instantiating TestContextBootstrapper for test class [com.clarolab.api.report.ExportAPITest] from class [org.springframework.boot.test.context.SpringBootTestContextBootstrapper]
09:55:44.620 [main] INFO org.springframework.boot.test.context.SpringBootTestContextBootstrapper - Neither @ContextConfiguration nor @ContextHierarchy found for test class [com.clarolab.api.report.ExportAPITest], using SpringBootContextLoader
09:55:44.621 [main] DEBUG org.springframework.test.context.support.AbstractContextLoader - Did not detect default resource location for test class [com.clarolab.api.report.ExportAPITest]: class path resource [com/clarolab/api/report/ExportAPITest-context.xml] does not exist
09:55:44.621 [main] DEBUG org.springframework.test.context.support.AbstractContextLoader - Did not detect default resource location for test class [com.clarolab.api.report.ExportAPITest]: class path resource [com/clarolab/api/report/ExportAPITestContext.groovy] does not exist
09:55:44.621 [main] INFO org.springframework.test.context.support.AbstractContextLoader - Could not detect default resource locations for test class [com.clarolab.api.report.ExportAPITest]: no resource found for suffixes {-context.xml, Context.groovy}.
09:55:44.624 [main] DEBUG org.springframework.test.context.support.ActiveProfilesUtils - Could not find an 'annotation declaring class' for annotation type [org.springframework.test.context.ActiveProfiles] and class [com.clarolab.api.report.ExportAPITest]
09:55:44.625 [main] DEBUG org.springframework.boot.test.context.SpringBootTestContextBootstrapper - @TestExecutionListeners is not present for class [com.clarolab.api.report.ExportAPITest]: using defaults.
09:55:44.625 [main] INFO org.springframework.boot.test.context.SpringBootTestContextBootstrapper - Loaded default TestExecutionListener class names from location [META-INF/spring.factories]: [org.springframework.boot.test.mock.mockito.MockitoTestExecutionListener, org.springframework.boot.test.mock.mockito.ResetMocksTestExecutionListener, org.springframework.boot.test.autoconfigure.restdocs.RestDocsTestExecutionListener, org.springframework.boot.test.autoconfigure.web.client.MockRestServiceServerResetTestExecutionListener, org.springframework.boot.test.autoconfigure.web.servlet.MockMvcPrintOnlyOnFailureTestExecutionListener, org.springframework.boot.test.autoconfigure.web.servlet.WebDriverTestExecutionListener, org.springframework.test.context.web.ServletTestExecutionListener, org.springframework.test.context.support.DirtiesContextBeforeModesTestExecutionListener, org.springframework.test.context.support.DependencyInjectionTestExecutionListener, org.springframework.test.context.support.DirtiesContextTestExecutionListener, org.springframework.test.context.transaction.TransactionalTestExecutionListener, org.springframework.test.context.jdbc.SqlScriptsTestExecutionListener]
09:55:44.625 [main] INFO org.springframework.boot.test.context.SpringBootTestContextBootstrapper - Using TestExecutionListeners: [org.springframework.test.context.web.ServletTestExecutionListener@5ab9e72c, org.springframework.test.context.support.DirtiesContextBeforeModesTestExecutionListener@186f8716, org.springframework.boot.test.mock.mockito.MockitoTestExecutionListener@1d8bd0de, org.springframework.boot.test.autoconfigure.SpringBootDependencyInjectionTestExecutionListener@45ca843, org.springframework.test.context.support.DirtiesContextTestExecutionListener@11c9af63, org.springframework.test.context.transaction.TransactionalTestExecutionListener@757acd7b, org.springframework.test.context.jdbc.SqlScriptsTestExecutionListener@36b4fe2a, org.springframework.boot.test.mock.mockito.ResetMocksTestExecutionListener@574b560f, org.springframework.boot.test.autoconfigure.restdocs.RestDocsTestExecutionListener@ba54932, org.springframework.boot.test.autoconfigure.web.client.MockRestServiceServerResetTestExecutionListener@28975c28, org.springframework.boot.test.autoconfigure.web.servlet.MockMvcPrintOnlyOnFailureTestExecutionListener@3943a2be, org.springframework.boot.test.autoconfigure.web.servlet.WebDriverTestExecutionListener@343570b7]
09:55:44.626 [main] DEBUG org.springframework.test.context.junit4.SpringJUnit4ClassRunner - SpringJUnit4ClassRunner constructor called with [class com.clarolab.api.report.StatsAPITest]
09:55:44.626 [main] DEBUG org.springframework.test.context.BootstrapUtils - Instantiating CacheAwareContextLoaderDelegate from class [org.springframework.test.context.cache.DefaultCacheAwareContextLoaderDelegate]
09:55:44.626 [main] DEBUG org.springframework.test.context.BootstrapUtils - Instantiating BootstrapContext using constructor [public org.springframework.test.context.support.DefaultBootstrapContext(java.lang.Class,org.springframework.test.context.CacheAwareContextLoaderDelegate)]
09:55:44.626 [main] DEBUG org.springframework.test.context.BootstrapUtils - Instantiating TestContextBootstrapper for test class [com.clarolab.api.report.StatsAPITest] from class [org.springframework.boot.test.context.SpringBootTestContextBootstrapper]
09:55:44.627 [main] INFO org.springframework.boot.test.context.SpringBootTestContextBootstrapper - Neither @ContextConfiguration nor @ContextHierarchy found for test class [com.clarolab.api.report.StatsAPITest], using SpringBootContextLoader
09:55:44.627 [main] DEBUG org.springframework.test.context.support.AbstractContextLoader - Did not detect default resource location for test class [com.clarolab.api.report.StatsAPITest]: class path resource [com/clarolab/api/report/StatsAPITest-context.xml] does not exist
09:55:44.628 [main] DEBUG org.springframework.test.context.support.AbstractContextLoader - Did not detect default resource location for test class [com.clarolab.api.report.StatsAPITest]: class path resource [com/clarolab/api/report/StatsAPITestContext.groovy] does not exist
09:55:44.628 [main] INFO org.springframework.test.context.support.AbstractContextLoader - Could not detect default resource locations for test class [com.clarolab.api.report.StatsAPITest]: no resource found for suffixes {-context.xml, Context.groovy}.
09:55:44.632 [main] DEBUG org.springframework.test.context.support.ActiveProfilesUtils - Could not find an 'annotation declaring class' for annotation type [org.springframework.test.context.ActiveProfiles] and class [com.clarolab.api.report.StatsAPITest]
09:55:44.636 [main] DEBUG org.springframework.boot.test.context.SpringBootTestContextBootstrapper - @TestExecutionListeners is not present for class [com.clarolab.api.report.StatsAPITest]: using defaults.
09:55:44.636 [main] INFO org.springframework.boot.test.context.SpringBootTestContextBootstrapper - Loaded default TestExecutionListener class names from location [META-INF/spring.factories]: [org.springframework.boot.test.mock.mockito.MockitoTestExecutionListener, org.springframework.boot.test.mock.mockito.ResetMocksTestExecutionListener, org.springframework.boot.test.autoconfigure.restdocs.RestDocsTestExecutionListener, org.springframework.boot.test.autoconfigure.web.client.MockRestServiceServerResetTestExecutionListener, org.springframework.boot.test.autoconfigure.web.servlet.MockMvcPrintOnlyOnFailureTestExecutionListener, org.springframework.boot.test.autoconfigure.web.servlet.WebDriverTestExecutionListener, org.springframework.test.context.web.ServletTestExecutionListener, org.springframework.test.context.support.DirtiesContextBeforeModesTestExecutionListener, org.springframework.test.context.support.DependencyInjectionTestExecutionListener, org.springframework.test.context.support.DirtiesContextTestExecutionListener, org.springframework.test.context.transaction.TransactionalTestExecutionListener, org.springframework.test.context.jdbc.SqlScriptsTestExecutionListener]
09:55:44.636 [main] INFO org.springframework.boot.test.context.SpringBootTestContextBootstrapper - Using TestExecutionListeners: [org.springframework.test.context.web.ServletTestExecutionListener@5f16132a, org.springframework.test.context.support.DirtiesContextBeforeModesTestExecutionListener@69fb6037, org.springframework.boot.test.mock.mockito.MockitoTestExecutionListener@36d585c, org.springframework.boot.test.autoconfigure.SpringBootDependencyInjectionTestExecutionListener@87a85e1, org.springframework.test.context.support.DirtiesContextTestExecutionListener@671a5887, org.springframework.test.context.transaction.TransactionalTestExecutionListener@5552768b, org.springframework.test.context.jdbc.SqlScriptsTestExecutionListener@3c947bc5, org.springframework.boot.test.mock.mockito.ResetMocksTestExecutionListener@609db43b, org.springframework.boot.test.autoconfigure.restdocs.RestDocsTestExecutionListener@55f616cf, org.springframework.boot.test.autoconfigure.web.client.MockRestServiceServerResetTestExecutionListener@1356d4d4, org.springframework.boot.test.autoconfigure.web.servlet.MockMvcPrintOnlyOnFailureTestExecutionListener@c03cf28, org.springframework.boot.test.autoconfigure.web.servlet.WebDriverTestExecutionListener@1329eff]
09:55:44.637 [main] DEBUG org.springframework.test.context.junit4.SpringJUnit4ClassRunner - SpringJUnit4ClassRunner constructor called with [class com.clarolab.api.report.ViewAPITest]
09:55:44.637 [main] DEBUG org.springframework.test.context.BootstrapUtils - Instantiating CacheAwareContextLoaderDelegate from class [org.springframework.test.context.cache.DefaultCacheAwareContextLoaderDelegate]
09:55:44.637 [main] DEBUG org.springframework.test.context.BootstrapUtils - Instantiating BootstrapContext using constructor [public org.springframework.test.context.support.DefaultBootstrapContext(java.lang.Class,org.springframework.test.context.CacheAwareContextLoaderDelegate)]
09:55:44.638 [main] DEBUG org.springframework.test.context.BootstrapUtils - Instantiating TestContextBootstrapper for test class [com.clarolab.api.report.ViewAPITest] from class [org.springframework.boot.test.context.SpringBootTestContextBootstrapper]
09:55:44.638 [main] INFO org.springframework.boot.test.context.SpringBootTestContextBootstrapper - Neither @ContextConfiguration nor @ContextHierarchy found for test class [com.clarolab.api.report.ViewAPITest], using SpringBootContextLoader
09:55:44.639 [main] DEBUG org.springframework.test.context.support.AbstractContextLoader - Did not detect default resource location for test class [com.clarolab.api.report.ViewAPITest]: class path resource [com/clarolab/api/report/ViewAPITest-context.xml] does not exist
09:55:44.639 [main] DEBUG org.springframework.test.context.support.AbstractContextLoader - Did not detect default resource location for test class [com.clarolab.api.report.ViewAPITest]: class path resource [com/clarolab/api/report/ViewAPITestContext.groovy] does not exist
09:55:44.639 [main] INFO org.springframework.test.context.support.AbstractContextLoader - Could not detect default resource locations for test class [com.clarolab.api.report.ViewAPITest]: no resource found for suffixes {-context.xml, Context.groovy}.
09:55:44.642 [main] DEBUG org.springframework.test.context.support.ActiveProfilesUtils - Could not find an 'annotation declaring class' for annotation type [org.springframework.test.context.ActiveProfiles] and class [com.clarolab.api.report.ViewAPITest]
09:55:44.644 [main] DEBUG org.springframework.boot.test.context.SpringBootTestContextBootstrapper - @TestExecutionListeners is not present for class [com.clarolab.api.report.ViewAPITest]: using defaults.
09:55:44.644 [main] INFO org.springframework.boot.test.context.SpringBootTestContextBootstrapper - Loaded default TestExecutionListener class names from location [META-INF/spring.factories]: [org.springframework.boot.test.mock.mockito.MockitoTestExecutionListener, org.springframework.boot.test.mock.mockito.ResetMocksTestExecutionListener, org.springframework.boot.test.autoconfigure.restdocs.RestDocsTestExecutionListener, org.springframework.boot.test.autoconfigure.web.client.MockRestServiceServerResetTestExecutionListener, org.springframework.boot.test.autoconfigure.web.servlet.MockMvcPrintOnlyOnFailureTestExecutionListener, org.springframework.boot.test.autoconfigure.web.servlet.WebDriverTestExecutionListener, org.springframework.test.context.web.ServletTestExecutionListener, org.springframework.test.context.support.DirtiesContextBeforeModesTestExecutionListener, org.springframework.test.context.support.DependencyInjectionTestExecutionListener, org.springframework.test.context.support.DirtiesContextTestExecutionListener, org.springframework.test.context.transaction.TransactionalTestExecutionListener, org.springframework.test.context.jdbc.SqlScriptsTestExecutionListener]
09:55:44.644 [main] INFO org.springframework.boot.test.context.SpringBootTestContextBootstrapper - Using TestExecutionListeners: [org.springframework.test.context.web.ServletTestExecutionListener@f381794, org.springframework.test.context.support.DirtiesContextBeforeModesTestExecutionListener@2cdd0d4b, org.springframework.boot.test.mock.mockito.MockitoTestExecutionListener@7e9131d5, org.springframework.boot.test.autoconfigure.SpringBootDependencyInjectionTestExecutionListener@2e1d27ba, org.springframework.test.context.support.DirtiesContextTestExecutionListener@61d6015a, org.springframework.test.context.transaction.TransactionalTestExecutionListener@2525ff7e, org.springframework.test.context.jdbc.SqlScriptsTestExecutionListener@524d6d96, org.springframework.boot.test.mock.mockito.ResetMocksTestExecutionListener@152aa092, org.springframework.boot.test.autoconfigure.restdocs.RestDocsTestExecutionListener@44a7bfbc, org.springframework.boot.test.autoconfigure.web.client.MockRestServiceServerResetTestExecutionListener@4ef37659, org.springframework.boot.test.autoconfigure.web.servlet.MockMvcPrintOnlyOnFailureTestExecutionListener@776b83cc, org.springframework.boot.test.autoconfigure.web.servlet.WebDriverTestExecutionListener@37858383]
09:55:44.645 [main] DEBUG org.springframework.test.context.junit4.SpringJUnit4ClassRunner - SpringJUnit4ClassRunner constructor called with [class com.clarolab.api.suite.ApproveAutomaticTriageAPITest]
09:55:44.645 [main] DEBUG org.springframework.test.context.BootstrapUtils - Instantiating CacheAwareContextLoaderDelegate from class [org.springframework.test.context.cache.DefaultCacheAwareContextLoaderDelegate]
09:55:44.645 [main] DEBUG org.springframework.test.context.BootstrapUtils - Instantiating BootstrapContext using constructor [public org.springframework.test.context.support.DefaultBootstrapContext(java.lang.Class,org.springframework.test.context.CacheAwareContextLoaderDelegate)]
09:55:44.645 [main] DEBUG org.springframework.test.context.BootstrapUtils - Instantiating TestContextBootstrapper for test class [com.clarolab.api.suite.ApproveAutomaticTriageAPITest] from class [org.springframework.boot.test.context.SpringBootTestContextBootstrapper]
09:55:44.646 [main] INFO org.springframework.boot.test.context.SpringBootTestContextBootstrapper - Neither @ContextConfiguration nor @ContextHierarchy found for test class [com.clarolab.api.suite.ApproveAutomaticTriageAPITest], using SpringBootContextLoader
09:55:44.646 [main] DEBUG org.springframework.test.context.support.AbstractContextLoader - Did not detect default resource location for test class [com.clarolab.api.suite.ApproveAutomaticTriageAPITest]: class path resource [com/clarolab/api/suite/ApproveAutomaticTriageAPITest-context.xml] does not exist
09:55:44.647 [main] DEBUG org.springframework.test.context.support.AbstractContextLoader - Did not detect default resource location for test class [com.clarolab.api.suite.ApproveAutomaticTriageAPITest]: class path resource [com/clarolab/api/suite/ApproveAutomaticTriageAPITestContext.groovy] does not exist
09:55:44.647 [main] INFO org.springframework.test.context.support.AbstractContextLoader - Could not detect default resource locations for test class [com.clarolab.api.suite.ApproveAutomaticTriageAPITest]: no resource found for suffixes {-context.xml, Context.groovy}.
09:55:44.649 [main] DEBUG org.springframework.test.context.support.ActiveProfilesUtils - Could not find an 'annotation declaring class' for annotation type [org.springframework.test.context.ActiveProfiles] and class [com.clarolab.api.suite.ApproveAutomaticTriageAPITest]
09:55:44.650 [main] DEBUG org.springframework.boot.test.context.SpringBootTestContextBootstrapper - @TestExecutionListeners is not present for class [com.clarolab.api.suite.ApproveAutomaticTriageAPITest]: using defaults.
09:55:44.650 [main] INFO org.springframework.boot.test.context.SpringBootTestContextBootstrapper - Loaded default TestExecutionListener class names from location [META-INF/spring.factories]: [org.springframework.boot.test.mock.mockito.MockitoTestExecutionListener, org.springframework.boot.test.mock.mockito.ResetMocksTestExecutionListener, org.springframework.boot.test.autoconfigure.restdocs.RestDocsTestExecutionListener, org.springframework.boot.test.autoconfigure.web.client.MockRestServiceServerResetTestExecutionListener, org.springframework.boot.test.autoconfigure.web.servlet.MockMvcPrintOnlyOnFailureTestExecutionListener, org.springframework.boot.test.autoconfigure.web.servlet.WebDriverTestExecutionListener, org.springframework.test.context.web.ServletTestExecutionListener, org.springframework.test.context.support.DirtiesContextBeforeModesTestExecutionListener, org.springframework.test.context.support.DependencyInjectionTestExecutionListener, org.springframework.test.context.support.DirtiesContextTestExecutionListener, org.springframework.test.context.transaction.TransactionalTestExecutionListener, org.springframework.test.context.jdbc.SqlScriptsTestExecutionListener]
09:55:44.651 [main] INFO org.springframework.boot.test.context.SpringBootTestContextBootstrapper - Using TestExecutionListeners: [org.springframework.test.context.web.ServletTestExecutionListener@52102734, org.springframework.test.context.support.DirtiesContextBeforeModesTestExecutionListener@3541cb24, org.springframework.boot.test.mock.mockito.MockitoTestExecutionListener@2177849e, org.springframework.boot.test.autoconfigure.SpringBootDependencyInjectionTestExecutionListener@40cb8df7, org.springframework.test.context.support.DirtiesContextTestExecutionListener@13b13b5d, org.springframework.test.context.transaction.TransactionalTestExecutionListener@2892dae4, org.springframework.test.context.jdbc.SqlScriptsTestExecutionListener@355ce81c, org.springframework.boot.test.mock.mockito.ResetMocksTestExecutionListener@29647f75, org.springframework.boot.test.autoconfigure.restdocs.RestDocsTestExecutionListener@3315d2d7, org.springframework.boot.test.autoconfigure.web.client.MockRestServiceServerResetTestExecutionListener@d6e7bab, org.springframework.boot.test.autoconfigure.web.servlet.MockMvcPrintOnlyOnFailureTestExecutionListener@5fa07e12, org.springframework.boot.test.autoconfigure.web.servlet.WebDriverTestExecutionListener@55b53d44]
09:55:44.651 [main] DEBUG org.springframework.test.context.junit4.SpringJUnit4ClassRunner - SpringJUnit4ClassRunner constructor called with [class com.clarolab.api.suite.AssigneeToBuildAPITest]
09:55:44.651 [main] DEBUG org.springframework.test.context.BootstrapUtils - Instantiating CacheAwareContextLoaderDelegate from class [org.springframework.test.context.cache.DefaultCacheAwareContextLoaderDelegate]
09:55:44.651 [main] DEBUG org.springframework.test.context.BootstrapUtils - Instantiating BootstrapContext using constructor [public org.springframework.test.context.support.DefaultBootstrapContext(java.lang.Class,org.springframework.test.context.CacheAwareContextLoaderDelegate)]
09:55:44.652 [main] DEBUG org.springframework.test.context.BootstrapUtils - Instantiating TestContextBootstrapper for test class [com.clarolab.api.suite.AssigneeToBuildAPITest] from class [org.springframework.boot.test.context.SpringBootTestContextBootstrapper]
09:55:44.652 [main] INFO org.springframework.boot.test.context.SpringBootTestContextBootstrapper - Neither @ContextConfiguration nor @ContextHierarchy found for test class [com.clarolab.api.suite.AssigneeToBuildAPITest], using SpringBootContextLoader
09:55:44.652 [main] DEBUG org.springframework.test.context.support.AbstractContextLoader - Did not detect default resource location for test class [com.clarolab.api.suite.AssigneeToBuildAPITest]: class path resource [com/clarolab/api/suite/AssigneeToBuildAPITest-context.xml] does not exist
09:55:44.653 [main] DEBUG org.springframework.test.context.support.AbstractContextLoader - Did not detect default resource location for test class [com.clarolab.api.suite.AssigneeToBuildAPITest]: class path resource [com/clarolab/api/suite/AssigneeToBuildAPITestContext.groovy] does not exist
09:55:44.653 [main] INFO org.springframework.test.context.support.AbstractContextLoader - Could not detect default resource locations for test class [com.clarolab.api.suite.AssigneeToBuildAPITest]: no resource found for suffixes {-context.xml, Context.groovy}.
09:55:44.654 [main] DEBUG org.springframework.test.context.support.ActiveProfilesUtils - Could not find an 'annotation declaring class' for annotation type [org.springframework.test.context.ActiveProfiles] and class [com.clarolab.api.suite.AssigneeToBuildAPITest]
09:55:44.656 [main] DEBUG org.springframework.boot.test.context.SpringBootTestContextBootstrapper - @TestExecutionListeners is not present for class [com.clarolab.api.suite.AssigneeToBuildAPITest]: using defaults.
09:55:44.656 [main] INFO org.springframework.boot.test.context.SpringBootTestContextBootstrapper - Loaded default TestExecutionListener class names from location [META-INF/spring.factories]: [org.springframework.boot.test.mock.mockito.MockitoTestExecutionListener, org.springframework.boot.test.mock.mockito.ResetMocksTestExecutionListener, org.springframework.boot.test.autoconfigure.restdocs.RestDocsTestExecutionListener, org.springframework.boot.test.autoconfigure.web.client.MockRestServiceServerResetTestExecutionListener, org.springframework.boot.test.autoconfigure.web.servlet.MockMvcPrintOnlyOnFailureTestExecutionListener, org.springframework.boot.test.autoconfigure.web.servlet.WebDriverTestExecutionListener, org.springframework.test.context.web.ServletTestExecutionListener, org.springframework.test.context.support.DirtiesContextBeforeModesTestExecutionListener, org.springframework.test.context.support.DependencyInjectionTestExecutionListener, org.springframework.test.context.support.DirtiesContextTestExecutionListener, org.springframework.test.context.transaction.TransactionalTestExecutionListener, org.springframework.test.context.jdbc.SqlScriptsTestExecutionListener]
09:55:44.656 [main] INFO org.springframework.boot.test.context.SpringBootTestContextBootstrapper - Using TestExecutionListeners: [org.springframework.test.context.web.ServletTestExecutionListener@62e7f11d, org.springframework.test.context.support.DirtiesContextBeforeModesTestExecutionListener@503d687a, org.springframework.boot.test.mock.mockito.MockitoTestExecutionListener@6a370f4, org.springframework.boot.test.autoconfigure.SpringBootDependencyInjectionTestExecutionListener@2abf4075, org.springframework.test.context.support.DirtiesContextTestExecutionListener@770d3326, org.springframework.test.context.transaction.TransactionalTestExecutionListener@4cc8eb05, org.springframework.test.context.jdbc.SqlScriptsTestExecutionListener@51f116b8, org.springframework.boot.test.mock.mockito.ResetMocksTestExecutionListener@19d481b, org.springframework.boot.test.autoconfigure.restdocs.RestDocsTestExecutionListener@1f97cf0d, org.springframework.boot.test.autoconfigure.web.client.MockRestServiceServerResetTestExecutionListener@140c9f39, org.springframework.boot.test.autoconfigure.web.servlet.MockMvcPrintOnlyOnFailureTestExecutionListener@4d910fd6, org.springframework.boot.test.autoconfigure.web.servlet.WebDriverTestExecutionListener@26275bef]
09:55:44.657 [main] DEBUG org.springframework.test.context.junit4.SpringJUnit4ClassRunner - SpringJUnit4ClassRunner constructor called with [class com.clarolab.api.suite.InvalidBuildTriageAPITest]
09:55:44.657 [main] DEBUG org.springframework.test.context.BootstrapUtils - Instantiating CacheAwareContextLoaderDelegate from class [org.springframework.test.context.cache.DefaultCacheAwareContextLoaderDelegate]
09:55:44.657 [main] DEBUG org.springframework.test.context.BootstrapUtils - Instantiating BootstrapContext using constructor [public org.springframework.test.context.support.DefaultBootstrapContext(java.lang.Class,org.springframework.test.context.CacheAwareContextLoaderDelegate)]
09:55:44.657 [main] DEBUG org.springframework.test.context.BootstrapUtils - Instantiating TestContextBootstrapper for test class [com.clarolab.api.suite.InvalidBuildTriageAPITest] from class [org.springframework.boot.test.context.SpringBootTestContextBootstrapper]
09:55:44.658 [main] INFO org.springframework.boot.test.context.SpringBootTestContextBootstrapper - Neither @ContextConfiguration nor @ContextHierarchy found for test class [com.clarolab.api.suite.InvalidBuildTriageAPITest], using SpringBootContextLoader
09:55:44.658 [main] DEBUG org.springframework.test.context.support.AbstractContextLoader - Did not detect default resource location for test class [com.clarolab.api.suite.InvalidBuildTriageAPITest]: class path resource [com/clarolab/api/suite/InvalidBuildTriageAPITest-context.xml] does not exist
09:55:44.658 [main] DEBUG org.springframework.test.context.support.AbstractContextLoader - Did not detect default resource location for test class [com.clarolab.api.suite.InvalidBuildTriageAPITest]: class path resource [com/clarolab/api/suite/InvalidBuildTriageAPITestContext.groovy] does not exist
09:55:44.658 [main] INFO org.springframework.test.context.support.AbstractContextLoader - Could not detect default resource locations for test class [com.clarolab.api.suite.InvalidBuildTriageAPITest]: no resource found for suffixes {-context.xml, Context.groovy}.
09:55:44.660 [main] DEBUG org.springframework.test.context.support.ActiveProfilesUtils - Could not find an 'annotation declaring class' for annotation type [org.springframework.test.context.ActiveProfiles] and class [com.clarolab.api.suite.InvalidBuildTriageAPITest]
09:55:44.662 [main] DEBUG org.springframework.boot.test.context.SpringBootTestContextBootstrapper - @TestExecutionListeners is not present for class [com.clarolab.api.suite.InvalidBuildTriageAPITest]: using defaults.
09:55:44.662 [main] INFO org.springframework.boot.test.context.SpringBootTestContextBootstrapper - Loaded default TestExecutionListener class names from location [META-INF/spring.factories]: [org.springframework.boot.test.mock.mockito.MockitoTestExecutionListener, org.springframework.boot.test.mock.mockito.ResetMocksTestExecutionListener, org.springframework.boot.test.autoconfigure.restdocs.RestDocsTestExecutionListener, org.springframework.boot.test.autoconfigure.web.client.MockRestServiceServerResetTestExecutionListener, org.springframework.boot.test.autoconfigure.web.servlet.MockMvcPrintOnlyOnFailureTestExecutionListener, org.springframework.boot.test.autoconfigure.web.servlet.WebDriverTestExecutionListener, org.springframework.test.context.web.ServletTestExecutionListener, org.springframework.test.context.support.DirtiesContextBeforeModesTestExecutionListener, org.springframework.test.context.support.DependencyInjectionTestExecutionListener, org.springframework.test.context.support.DirtiesContextTestExecutionListener, org.springframework.test.context.transaction.TransactionalTestExecutionListener, org.springframework.test.context.jdbc.SqlScriptsTestExecutionListener]
09:55:44.662 [main] INFO org.springframework.boot.test.context.SpringBootTestContextBootstrapper - Using TestExecutionListeners: [org.springframework.test.context.web.ServletTestExecutionListener@49dc7102, org.springframework.test.context.support.DirtiesContextBeforeModesTestExecutionListener@6b8ca3c8, org.springframework.boot.test.mock.mockito.MockitoTestExecutionListener@68c72235, org.springframework.boot.test.autoconfigure.SpringBootDependencyInjectionTestExecutionListener@10959ece, org.springframework.test.context.support.DirtiesContextTestExecutionListener@3a6bb9bf, org.springframework.test.context.transaction.TransactionalTestExecutionListener@34f7cfd9, org.springframework.test.context.jdbc.SqlScriptsTestExecutionListener@65f095f8, org.springframework.boot.test.mock.mockito.ResetMocksTestExecutionListener@59af0466, org.springframework.boot.test.autoconfigure.restdocs.RestDocsTestExecutionListener@3e6ef8ad, org.springframework.boot.test.autoconfigure.web.client.MockRestServiceServerResetTestExecutionListener@346d61be, org.springframework.boot.test.autoconfigure.web.servlet.MockMvcPrintOnlyOnFailureTestExecutionListener@55536d9e, org.springframework.boot.test.autoconfigure.web.servlet.WebDriverTestExecutionListener@747edf66]
09:55:44.663 [main] DEBUG org.springframework.test.context.junit4.SpringJUnit4ClassRunner - SpringJUnit4ClassRunner constructor called with [class com.clarolab.api.suite.TriageBuildAPITest]
09:55:44.663 [main] DEBUG org.springframework.test.context.BootstrapUtils - Instantiating CacheAwareContextLoaderDelegate from class [org.springframework.test.context.cache.DefaultCacheAwareContextLoaderDelegate]
09:55:44.663 [main] DEBUG org.springframework.test.context.BootstrapUtils - Instantiating BootstrapContext using constructor [public org.springframework.test.context.support.DefaultBootstrapContext(java.lang.Class,org.springframework.test.context.CacheAwareContextLoaderDelegate)]
09:55:44.663 [main] DEBUG org.springframework.test.context.BootstrapUtils - Instantiating TestContextBootstrapper for test class [com.clarolab.api.suite.TriageBuildAPITest] from class [org.springframework.boot.test.context.SpringBootTestContextBootstrapper]
09:55:44.663 [main] INFO org.springframework.boot.test.context.SpringBootTestContextBootstrapper - Neither @ContextConfiguration nor @ContextHierarchy found for test class [com.clarolab.api.suite.TriageBuildAPITest], using SpringBootContextLoader
09:55:44.664 [main] DEBUG org.springframework.test.context.support.AbstractContextLoader - Did not detect default resource location for test class [com.clarolab.api.suite.TriageBuildAPITest]: class path resource [com/clarolab/api/suite/TriageBuildAPITest-context.xml] does not exist
09:55:44.664 [main] DEBUG org.springframework.test.context.support.AbstractContextLoader - Did not detect default resource location for test class [com.clarolab.api.suite.TriageBuildAPITest]: class path resource [com/clarolab/api/suite/TriageBuildAPITestContext.groovy] does not exist
09:55:44.664 [main] INFO org.springframework.test.context.support.AbstractContextLoader - Could not detect default resource locations for test class [com.clarolab.api.suite.TriageBuildAPITest]: no resource found for suffixes {-context.xml, Context.groovy}.
09:55:44.666 [main] DEBUG org.springframework.test.context.support.ActiveProfilesUtils - Could not find an 'annotation declaring class' for annotation type [org.springframework.test.context.ActiveProfiles] and class [com.clarolab.api.suite.TriageBuildAPITest]
09:55:44.667 [main] DEBUG org.springframework.boot.test.context.SpringBootTestContextBootstrapper - @TestExecutionListeners is not present for class [com.clarolab.api.suite.TriageBuildAPITest]: using defaults.
09:55:44.667 [main] INFO org.springframework.boot.test.context.SpringBootTestContextBootstrapper - Loaded default TestExecutionListener class names from location [META-INF/spring.factories]: [org.springframework.boot.test.mock.mockito.MockitoTestExecutionListener, org.springframework.boot.test.mock.mockito.ResetMocksTestExecutionListener, org.springframework.boot.test.autoconfigure.restdocs.RestDocsTestExecutionListener, org.springframework.boot.test.autoconfigure.web.client.MockRestServiceServerResetTestExecutionListener, org.springframework.boot.test.autoconfigure.web.servlet.MockMvcPrintOnlyOnFailureTestExecutionListener, org.springframework.boot.test.autoconfigure.web.servlet.WebDriverTestExecutionListener, org.springframework.test.context.web.ServletTestExecutionListener, org.springframework.test.context.support.DirtiesContextBeforeModesTestExecutionListener, org.springframework.test.context.support.DependencyInjectionTestExecutionListener, org.springframework.test.context.support.DirtiesContextTestExecutionListener, org.springframework.test.context.transaction.TransactionalTestExecutionListener, org.springframework.test.context.jdbc.SqlScriptsTestExecutionListener]
09:55:44.667 [main] INFO org.springframework.boot.test.context.SpringBootTestContextBootstrapper - Using TestExecutionListeners: [org.springframework.test.context.web.ServletTestExecutionListener@3738449f, org.springframework.test.context.support.DirtiesContextBeforeModesTestExecutionListener@69e1dd28, org.springframework.boot.test.mock.mockito.MockitoTestExecutionListener@11bd0f3b, org.springframework.boot.test.autoconfigure.SpringBootDependencyInjectionTestExecutionListener@c333c60, org.springframework.test.context.support.DirtiesContextTestExecutionListener@79da8dc5, org.springframework.test.context.transaction.TransactionalTestExecutionListener@1eb5174b, org.springframework.test.context.jdbc.SqlScriptsTestExecutionListener@67080771, org.springframework.boot.test.mock.mockito.ResetMocksTestExecutionListener@72cde7cc, org.springframework.boot.test.autoconfigure.restdocs.RestDocsTestExecutionListener@5fd4f8f5, org.springframework.boot.test.autoconfigure.web.client.MockRestServiceServerResetTestExecutionListener@696da30b, org.springframework.boot.test.autoconfigure.web.servlet.MockMvcPrintOnlyOnFailureTestExecutionListener@4e7912d8, org.springframework.boot.test.autoconfigure.web.servlet.WebDriverTestExecutionListener@53976f5c]
09:55:44.668 [main] DEBUG org.springframework.test.context.junit4.SpringJUnit4ClassRunner - SpringJUnit4ClassRunner constructor called with [class com.clarolab.api.test.AssignTestCaseAPITest]
09:55:44.668 [main] DEBUG org.springframework.test.context.BootstrapUtils - Instantiating CacheAwareContextLoaderDelegate from class [org.springframework.test.context.cache.DefaultCacheAwareContextLoaderDelegate]
09:55:44.668 [main] DEBUG org.springframework.test.context.BootstrapUtils - Instantiating BootstrapContext using constructor [public org.springframework.test.context.support.DefaultBootstrapContext(java.lang.Class,org.springframework.test.context.CacheAwareContextLoaderDelegate)]
09:55:44.668 [main] DEBUG org.springframework.test.context.BootstrapUtils - Instantiating TestContextBootstrapper for test class [com.clarolab.api.test.AssignTestCaseAPITest] from class [org.springframework.boot.test.context.SpringBootTestContextBootstrapper]
09:55:44.669 [main] INFO org.springframework.boot.test.context.SpringBootTestContextBootstrapper - Neither @ContextConfiguration nor @ContextHierarchy found for test class [com.clarolab.api.test.AssignTestCaseAPITest], using SpringBootContextLoader
09:55:44.669 [main] DEBUG org.springframework.test.context.support.AbstractContextLoader - Did not detect default resource location for test class [com.clarolab.api.test.AssignTestCaseAPITest]: class path resource [com/clarolab/api/test/AssignTestCaseAPITest-context.xml] does not exist
09:55:44.669 [main] DEBUG org.springframework.test.context.support.AbstractContextLoader - Did not detect default resource location for test class [com.clarolab.api.test.AssignTestCaseAPITest]: class path resource [com/clarolab/api/test/AssignTestCaseAPITestContext.groovy] does not exist
09:55:44.669 [main] INFO org.springframework.test.context.support.AbstractContextLoader - Could not detect default resource locations for test class [com.clarolab.api.test.AssignTestCaseAPITest]: no resource found for suffixes {-context.xml, Context.groovy}.
09:55:44.671 [main] DEBUG org.springframework.test.context.support.ActiveProfilesUtils - Could not find an 'annotation declaring class' for annotation type [org.springframework.test.context.ActiveProfiles] and class [com.clarolab.api.test.AssignTestCaseAPITest]
09:55:44.672 [main] DEBUG org.springframework.boot.test.context.SpringBootTestContextBootstrapper - @TestExecutionListeners is not present for class [com.clarolab.api.test.AssignTestCaseAPITest]: using defaults.
09:55:44.672 [main] INFO org.springframework.boot.test.context.SpringBootTestContextBootstrapper - Loaded default TestExecutionListener class names from location [META-INF/spring.factories]: [org.springframework.boot.test.mock.mockito.MockitoTestExecutionListener, org.springframework.boot.test.mock.mockito.ResetMocksTestExecutionListener, org.springframework.boot.test.autoconfigure.restdocs.RestDocsTestExecutionListener, org.springframework.boot.test.autoconfigure.web.client.MockRestServiceServerResetTestExecutionListener, org.springframework.boot.test.autoconfigure.web.servlet.MockMvcPrintOnlyOnFailureTestExecutionListener, org.springframework.boot.test.autoconfigure.web.servlet.WebDriverTestExecutionListener, org.springframework.test.context.web.ServletTestExecutionListener, org.springframework.test.context.support.DirtiesContextBeforeModesTestExecutionListener, org.springframework.test.context.support.DependencyInjectionTestExecutionListener, org.springframework.test.context.support.DirtiesContextTestExecutionListener, org.springframework.test.context.transaction.TransactionalTestExecutionListener, org.springframework.test.context.jdbc.SqlScriptsTestExecutionListener]
09:55:44.673 [main] INFO org.springframework.boot.test.context.SpringBootTestContextBootstrapper - Using TestExecutionListeners: [org.springframework.test.context.web.ServletTestExecutionListener@a3d8174, org.springframework.test.context.support.DirtiesContextBeforeModesTestExecutionListener@1ba9117e, org.springframework.boot.test.mock.mockito.MockitoTestExecutionListener@732c2a62, org.springframework.boot.test.autoconfigure.SpringBootDependencyInjectionTestExecutionListener@272ed83b, org.springframework.test.context.support.DirtiesContextTestExecutionListener@41fecb8b, org.springframework.test.context.transaction.TransactionalTestExecutionListener@120f102b, org.springframework.test.context.jdbc.SqlScriptsTestExecutionListener@625732, org.springframework.boot.test.mock.mockito.ResetMocksTestExecutionListener@51dcb805, org.springframework.boot.test.autoconfigure.restdocs.RestDocsTestExecutionListener@66498326, org.springframework.boot.test.autoconfigure.web.client.MockRestServiceServerResetTestExecutionListener@cad498c, org.springframework.boot.test.autoconfigure.web.servlet.MockMvcPrintOnlyOnFailureTestExecutionListener@1e6454ec, org.springframework.boot.test.autoconfigure.web.servlet.WebDriverTestExecutionListener@2accdbb5]
09:55:44.675 [main] DEBUG org.springframework.test.context.junit4.SpringJUnit4ClassRunner - SpringJUnit4ClassRunner constructor called with [class com.clarolab.api.test.TestExecutionAPITest]
09:55:44.675 [main] DEBUG org.springframework.test.context.BootstrapUtils - Instantiating CacheAwareContextLoaderDelegate from class [org.springframework.test.context.cache.DefaultCacheAwareContextLoaderDelegate]
09:55:44.675 [main] DEBUG org.springframework.test.context.BootstrapUtils - Instantiating BootstrapContext using constructor [public org.springframework.test.context.support.DefaultBootstrapContext(java.lang.Class,org.springframework.test.context.CacheAwareContextLoaderDelegate)]
09:55:44.675 [main] DEBUG org.springframework.test.context.BootstrapUtils - Instantiating TestContextBootstrapper for test class [com.clarolab.api.test.TestExecutionAPITest] from class [org.springframework.boot.test.context.SpringBootTestContextBootstrapper]
09:55:44.675 [main] INFO org.springframework.boot.test.context.SpringBootTestContextBootstrapper - Neither @ContextConfiguration nor @ContextHierarchy found for test class [com.clarolab.api.test.TestExecutionAPITest], using SpringBootContextLoader
09:55:44.676 [main] DEBUG org.springframework.test.context.support.AbstractContextLoader - Did not detect default resource location for test class [com.clarolab.api.test.TestExecutionAPITest]: class path resource [com/clarolab/api/test/TestExecutionAPITest-context.xml] does not exist
09:55:44.676 [main] DEBUG org.springframework.test.context.support.AbstractContextLoader - Did not detect default resource location for test class [com.clarolab.api.test.TestExecutionAPITest]: class path resource [com/clarolab/api/test/TestExecutionAPITestContext.groovy] does not exist
09:55:44.676 [main] INFO org.springframework.test.context.support.AbstractContextLoader - Could not detect default resource locations for test class [com.clarolab.api.test.TestExecutionAPITest]: no resource found for suffixes {-context.xml, Context.groovy}.
09:55:44.678 [main] DEBUG org.springframework.test.context.support.ActiveProfilesUtils - Could not find an 'annotation declaring class' for annotation type [org.springframework.test.context.ActiveProfiles] and class [com.clarolab.api.test.TestExecutionAPITest]
09:55:44.679 [main] DEBUG org.springframework.boot.test.context.SpringBootTestContextBootstrapper - @TestExecutionListeners is not present for class [com.clarolab.api.test.TestExecutionAPITest]: using defaults.
09:55:44.679 [main] INFO org.springframework.boot.test.context.SpringBootTestContextBootstrapper - Loaded default TestExecutionListener class names from location [META-INF/spring.factories]: [org.springframework.boot.test.mock.mockito.MockitoTestExecutionListener, org.springframework.boot.test.mock.mockito.ResetMocksTestExecutionListener, org.springframework.boot.test.autoconfigure.restdocs.RestDocsTestExecutionListener, org.springframework.boot.test.autoconfigure.web.client.MockRestServiceServerResetTestExecutionListener, org.springframework.boot.test.autoconfigure.web.servlet.MockMvcPrintOnlyOnFailureTestExecutionListener, org.springframework.boot.test.autoconfigure.web.servlet.WebDriverTestExecutionListener, org.springframework.test.context.web.ServletTestExecutionListener, org.springframework.test.context.support.DirtiesContextBeforeModesTestExecutionListener, org.springframework.test.context.support.DependencyInjectionTestExecutionListener, org.springframework.test.context.support.DirtiesContextTestExecutionListener, org.springframework.test.context.transaction.TransactionalTestExecutionListener, org.springframework.test.context.jdbc.SqlScriptsTestExecutionListener]
09:55:44.679 [main] INFO org.springframework.boot.test.context.SpringBootTestContextBootstrapper - Using TestExecutionListeners: [org.springframework.test.context.web.ServletTestExecutionListener@693fe6c9, org.springframework.test.context.support.DirtiesContextBeforeModesTestExecutionListener@34f5090e, org.springframework.boot.test.mock.mockito.MockitoTestExecutionListener@31e5415e, org.springframework.boot.test.autoconfigure.SpringBootDependencyInjectionTestExecutionListener@a2431d0, org.springframework.test.context.support.DirtiesContextTestExecutionListener@1cbb87f3, org.springframework.test.context.transaction.TransactionalTestExecutionListener@1a4013, org.springframework.test.context.jdbc.SqlScriptsTestExecutionListener@1b6e1eff, org.springframework.boot.test.mock.mockito.ResetMocksTestExecutionListener@306f16f3, org.springframework.boot.test.autoconfigure.restdocs.RestDocsTestExecutionListener@702b8b12, org.springframework.boot.test.autoconfigure.web.client.MockRestServiceServerResetTestExecutionListener@22e357dc, org.springframework.boot.test.autoconfigure.web.servlet.MockMvcPrintOnlyOnFailureTestExecutionListener@49912c99, org.springframework.boot.test.autoconfigure.web.servlet.WebDriverTestExecutionListener@10163d6]
09:55:44.680 [main] DEBUG org.springframework.test.context.junit4.SpringJUnit4ClassRunner - SpringJUnit4ClassRunner constructor called with [class com.clarolab.api.test.TriageTestAPITest]
09:55:44.681 [main] DEBUG org.springframework.test.context.BootstrapUtils - Instantiating CacheAwareContextLoaderDelegate from class [org.springframework.test.context.cache.DefaultCacheAwareContextLoaderDelegate]
09:55:44.681 [main] DEBUG org.springframework.test.context.BootstrapUtils - Instantiating BootstrapContext using constructor [public org.springframework.test.context.support.DefaultBootstrapContext(java.lang.Class,org.springframework.test.context.CacheAwareContextLoaderDelegate)]
09:55:44.681 [main] DEBUG org.springframework.test.context.BootstrapUtils - Instantiating TestContextBootstrapper for test class [com.clarolab.api.test.TriageTestAPITest] from class [org.springframework.boot.test.context.SpringBootTestContextBootstrapper]
09:55:44.681 [main] INFO org.springframework.boot.test.context.SpringBootTestContextBootstrapper - Neither @ContextConfiguration nor @ContextHierarchy found for test class [com.clarolab.api.test.TriageTestAPITest], using SpringBootContextLoader
09:55:44.682 [main] DEBUG org.springframework.test.context.support.AbstractContextLoader - Did not detect default resource location for test class [com.clarolab.api.test.TriageTestAPITest]: class path resource [com/clarolab/api/test/TriageTestAPITest-context.xml] does not exist
09:55:44.682 [main] DEBUG org.springframework.test.context.support.AbstractContextLoader - Did not detect default resource location for test class [com.clarolab.api.test.TriageTestAPITest]: class path resource [com/clarolab/api/test/TriageTestAPITestContext.groovy] does not exist
09:55:44.683 [main] INFO org.springframework.test.context.support.AbstractContextLoader - Could not detect default resource locations for test class [com.clarolab.api.test.TriageTestAPITest]: no resource found for suffixes {-context.xml, Context.groovy}.
09:55:44.685 [main] DEBUG org.springframework.test.context.support.ActiveProfilesUtils - Could not find an 'annotation declaring class' for annotation type [org.springframework.test.context.ActiveProfiles] and class [com.clarolab.api.test.TriageTestAPITest]
09:55:44.687 [main] DEBUG org.springframework.boot.test.context.SpringBootTestContextBootstrapper - @TestExecutionListeners is not present for class [com.clarolab.api.test.TriageTestAPITest]: using defaults.
09:55:44.687 [main] INFO org.springframework.boot.test.context.SpringBootTestContextBootstrapper - Loaded default TestExecutionListener class names from location [META-INF/spring.factories]: [org.springframework.boot.test.mock.mockito.MockitoTestExecutionListener, org.springframework.boot.test.mock.mockito.ResetMocksTestExecutionListener, org.springframework.boot.test.autoconfigure.restdocs.RestDocsTestExecutionListener, org.springframework.boot.test.autoconfigure.web.client.MockRestServiceServerResetTestExecutionListener, org.springframework.boot.test.autoconfigure.web.servlet.MockMvcPrintOnlyOnFailureTestExecutionListener, org.springframework.boot.test.autoconfigure.web.servlet.WebDriverTestExecutionListener, org.springframework.test.context.web.ServletTestExecutionListener, org.springframework.test.context.support.DirtiesContextBeforeModesTestExecutionListener, org.springframework.test.context.support.DependencyInjectionTestExecutionListener, org.springframework.test.context.support.DirtiesContextTestExecutionListener, org.springframework.test.context.transaction.TransactionalTestExecutionListener, org.springframework.test.context.jdbc.SqlScriptsTestExecutionListener]
09:55:44.687 [main] INFO org.springframework.boot.test.context.SpringBootTestContextBootstrapper - Using TestExecutionListeners: [org.springframework.test.context.web.ServletTestExecutionListener@50ad3bc1, org.springframework.test.context.support.DirtiesContextBeforeModesTestExecutionListener@223aa2f7, org.springframework.boot.test.mock.mockito.MockitoTestExecutionListener@6d3a388c, org.springframework.boot.test.autoconfigure.SpringBootDependencyInjectionTestExecutionListener@193f604a, org.springframework.test.context.support.DirtiesContextTestExecutionListener@20f5239f, org.springframework.test.context.transaction.TransactionalTestExecutionListener@57af006c, org.springframework.test.context.jdbc.SqlScriptsTestExecutionListener@6bedbc4d, org.springframework.boot.test.mock.mockito.ResetMocksTestExecutionListener@932bc4a, org.springframework.boot.test.autoconfigure.restdocs.RestDocsTestExecutionListener@d29f28, org.springframework.boot.test.autoconfigure.web.client.MockRestServiceServerResetTestExecutionListener@2fd1433e, org.springframework.boot.test.autoconfigure.web.servlet.MockMvcPrintOnlyOnFailureTestExecutionListener@29d89d5d, org.springframework.boot.test.autoconfigure.web.servlet.WebDriverTestExecutionListener@3514a4c0]
09:55:44.690 [main] DEBUG org.springframework.test.annotation.ProfileValueUtils - Retrieved @ProfileValueSourceConfiguration [null] for test class [com.clarolab.api.entry.BuildAPITest]
09:55:44.691 [main] DEBUG org.springframework.test.annotation.ProfileValueUtils - Retrieved ProfileValueSource type [class org.springframework.test.annotation.SystemProfileValueSource] for class [com.clarolab.api.entry.BuildAPITest]
09:55:44.692 [main] DEBUG org.springframework.test.annotation.ProfileValueUtils - Retrieved @ProfileValueSourceConfiguration [null] for test class [com.clarolab.api.entry.ConnectorAPITest]
09:55:44.692 [main] DEBUG org.springframework.test.annotation.ProfileValueUtils - Retrieved ProfileValueSource type [class org.springframework.test.annotation.SystemProfileValueSource] for class [com.clarolab.api.entry.ConnectorAPITest]
09:55:44.693 [main] DEBUG org.springframework.test.annotation.ProfileValueUtils - Retrieved @ProfileValueSourceConfiguration [null] for test class [com.clarolab.api.entry.ListAPITest]
09:55:44.693 [main] DEBUG org.springframework.test.annotation.ProfileValueUtils - Retrieved ProfileValueSource type [class org.springframework.test.annotation.SystemProfileValueSource] for class [com.clarolab.api.entry.ListAPITest]
09:55:44.693 [main] DEBUG org.springframework.test.annotation.ProfileValueUtils - Retrieved @ProfileValueSourceConfiguration [null] for test class [com.clarolab.api.entry.ProductAPITest]
09:55:44.693 [main] DEBUG org.springframework.test.annotation.ProfileValueUtils - Retrieved ProfileValueSource type [class org.springframework.test.annotation.SystemProfileValueSource] for class [com.clarolab.api.entry.ProductAPITest]
09:55:44.694 [main] DEBUG org.springframework.test.annotation.ProfileValueUtils - Retrieved @ProfileValueSourceConfiguration [null] for test class [com.clarolab.api.entry.UserAPITest]
09:55:44.694 [main] DEBUG org.springframework.test.annotation.ProfileValueUtils - Retrieved ProfileValueSource type [class org.springframework.test.annotation.SystemProfileValueSource] for class [com.clarolab.api.entry.UserAPITest]
09:55:44.694 [main] DEBUG org.springframework.test.annotation.ProfileValueUtils - Retrieved @ProfileValueSourceConfiguration [null] for test class [com.clarolab.api.report.ExportAPITest]
09:55:44.694 [main] DEBUG org.springframework.test.annotation.ProfileValueUtils - Retrieved ProfileValueSource type [class org.springframework.test.annotation.SystemProfileValueSource] for class [com.clarolab.api.report.ExportAPITest]
09:55:44.695 [main] DEBUG org.springframework.test.annotation.ProfileValueUtils - Retrieved @ProfileValueSourceConfiguration [null] for test class [com.clarolab.api.report.StatsAPITest]
09:55:44.695 [main] DEBUG org.springframework.test.annotation.ProfileValueUtils - Retrieved ProfileValueSource type [class org.springframework.test.annotation.SystemProfileValueSource] for class [com.clarolab.api.report.StatsAPITest]
09:55:44.695 [main] DEBUG org.springframework.test.annotation.ProfileValueUtils - Retrieved @ProfileValueSourceConfiguration [null] for test class [com.clarolab.api.report.ViewAPITest]
09:55:44.695 [main] DEBUG org.springframework.test.annotation.ProfileValueUtils - Retrieved ProfileValueSource type [class org.springframework.test.annotation.SystemProfileValueSource] for class [com.clarolab.api.report.ViewAPITest]
09:55:44.695 [main] DEBUG org.springframework.test.annotation.ProfileValueUtils - Retrieved @ProfileValueSourceConfiguration [null] for test class [com.clarolab.api.suite.ApproveAutomaticTriageAPITest]
09:55:44.695 [main] DEBUG org.springframework.test.annotation.ProfileValueUtils - Retrieved ProfileValueSource type [class org.springframework.test.annotation.SystemProfileValueSource] for class [com.clarolab.api.suite.ApproveAutomaticTriageAPITest]
09:55:44.695 [main] DEBUG org.springframework.test.annotation.ProfileValueUtils - Retrieved @ProfileValueSourceConfiguration [null] for test class [com.clarolab.api.suite.AssigneeToBuildAPITest]
09:55:44.695 [main] DEBUG org.springframework.test.annotation.ProfileValueUtils - Retrieved ProfileValueSource type [class org.springframework.test.annotation.SystemProfileValueSource] for class [com.clarolab.api.suite.AssigneeToBuildAPITest]
09:55:44.696 [main] DEBUG org.springframework.test.annotation.ProfileValueUtils - Retrieved @ProfileValueSourceConfiguration [null] for test class [com.clarolab.api.suite.InvalidBuildTriageAPITest]
09:55:44.696 [main] DEBUG org.springframework.test.annotation.ProfileValueUtils - Retrieved ProfileValueSource type [class org.springframework.test.annotation.SystemProfileValueSource] for class [com.clarolab.api.suite.InvalidBuildTriageAPITest]
09:55:44.696 [main] DEBUG org.springframework.test.annotation.ProfileValueUtils - Retrieved @ProfileValueSourceConfiguration [null] for test class [com.clarolab.api.suite.TriageBuildAPITest]
09:55:44.696 [main] DEBUG org.springframework.test.annotation.ProfileValueUtils - Retrieved ProfileValueSource type [class org.springframework.test.annotation.SystemProfileValueSource] for class [com.clarolab.api.suite.TriageBuildAPITest]
09:55:44.696 [main] DEBUG org.springframework.test.annotation.ProfileValueUtils - Retrieved @ProfileValueSourceConfiguration [null] for test class [com.clarolab.api.test.AssignTestCaseAPITest]
09:55:44.696 [main] DEBUG org.springframework.test.annotation.ProfileValueUtils - Retrieved ProfileValueSource type [class org.springframework.test.annotation.SystemProfileValueSource] for class [com.clarolab.api.test.AssignTestCaseAPITest]
09:55:44.696 [main] DEBUG org.springframework.test.annotation.ProfileValueUtils - Retrieved @ProfileValueSourceConfiguration [null] for test class [com.clarolab.api.test.TestExecutionAPITest]
09:55:44.696 [main] DEBUG org.springframework.test.annotation.ProfileValueUtils - Retrieved ProfileValueSource type [class org.springframework.test.annotation.SystemProfileValueSource] for class [com.clarolab.api.test.TestExecutionAPITest]
09:55:44.697 [main] DEBUG org.springframework.test.annotation.ProfileValueUtils - Retrieved @ProfileValueSourceConfiguration [null] for test class [com.clarolab.api.test.TriageTestAPITest]
09:55:44.697 [main] DEBUG org.springframework.test.annotation.ProfileValueUtils - Retrieved ProfileValueSource type [class org.springframework.test.annotation.SystemProfileValueSource] for class [com.clarolab.api.test.TriageTestAPITest]
09:55:44.697 [main] DEBUG org.springframework.test.annotation.ProfileValueUtils - Retrieved @ProfileValueSourceConfiguration [null] for test class [com.clarolab.api.entry.BuildAPITest]
09:55:44.697 [main] DEBUG org.springframework.test.annotation.ProfileValueUtils - Retrieved ProfileValueSource type [class org.springframework.test.annotation.SystemProfileValueSource] for class [com.clarolab.api.entry.BuildAPITest]
09:55:44.697 [main] DEBUG org.springframework.test.annotation.ProfileValueUtils - Retrieved @ProfileValueSourceConfiguration [null] for test class [com.clarolab.api.entry.ConnectorAPITest]
09:55:44.697 [main] DEBUG org.springframework.test.annotation.ProfileValueUtils - Retrieved ProfileValueSource type [class org.springframework.test.annotation.SystemProfileValueSource] for class [com.clarolab.api.entry.ConnectorAPITest]
09:55:44.697 [main] DEBUG org.springframework.test.annotation.ProfileValueUtils - Retrieved @ProfileValueSourceConfiguration [null] for test class [com.clarolab.api.entry.ListAPITest]
09:55:44.697 [main] DEBUG org.springframework.test.annotation.ProfileValueUtils - Retrieved ProfileValueSource type [class org.springframework.test.annotation.SystemProfileValueSource] for class [com.clarolab.api.entry.ListAPITest]
09:55:44.697 [main] DEBUG org.springframework.test.annotation.ProfileValueUtils - Retrieved @ProfileValueSourceConfiguration [null] for test class [com.clarolab.api.entry.ProductAPITest]
09:55:44.697 [main] DEBUG org.springframework.test.annotation.ProfileValueUtils - Retrieved ProfileValueSource type [class org.springframework.test.annotation.SystemProfileValueSource] for class [com.clarolab.api.entry.ProductAPITest]
09:55:44.697 [main] DEBUG org.springframework.test.annotation.ProfileValueUtils - Retrieved @ProfileValueSourceConfiguration [null] for test class [com.clarolab.api.entry.UserAPITest]
09:55:44.697 [main] DEBUG org.springframework.test.annotation.ProfileValueUtils - Retrieved ProfileValueSource type [class org.springframework.test.annotation.SystemProfileValueSource] for class [com.clarolab.api.entry.UserAPITest]
09:55:44.698 [main] DEBUG org.springframework.test.annotation.ProfileValueUtils - Retrieved @ProfileValueSourceConfiguration [null] for test class [com.clarolab.api.report.ExportAPITest]
09:55:44.698 [main] DEBUG org.springframework.test.annotation.ProfileValueUtils - Retrieved ProfileValueSource type [class org.springframework.test.annotation.SystemProfileValueSource] for class [com.clarolab.api.report.ExportAPITest]
09:55:44.698 [main] DEBUG org.springframework.test.annotation.ProfileValueUtils - Retrieved @ProfileValueSourceConfiguration [null] for test class [com.clarolab.api.report.StatsAPITest]
09:55:44.698 [main] DEBUG org.springframework.test.annotation.ProfileValueUtils - Retrieved ProfileValueSource type [class org.springframework.test.annotation.SystemProfileValueSource] for class [com.clarolab.api.report.StatsAPITest]
09:55:44.698 [main] DEBUG org.springframework.test.annotation.ProfileValueUtils - Retrieved @ProfileValueSourceConfiguration [null] for test class [com.clarolab.api.report.ViewAPITest]
09:55:44.698 [main] DEBUG org.springframework.test.annotation.ProfileValueUtils - Retrieved ProfileValueSource type [class org.springframework.test.annotation.SystemProfileValueSource] for class [com.clarolab.api.report.ViewAPITest]
09:55:44.698 [main] DEBUG org.springframework.test.annotation.ProfileValueUtils - Retrieved @ProfileValueSourceConfiguration [null] for test class [com.clarolab.api.suite.ApproveAutomaticTriageAPITest]
09:55:44.698 [main] DEBUG org.springframework.test.annotation.ProfileValueUtils - Retrieved ProfileValueSource type [class org.springframework.test.annotation.SystemProfileValueSource] for class [com.clarolab.api.suite.ApproveAutomaticTriageAPITest]
09:55:44.698 [main] DEBUG org.springframework.test.annotation.ProfileValueUtils - Retrieved @ProfileValueSourceConfiguration [null] for test class [com.clarolab.api.suite.AssigneeToBuildAPITest]
09:55:44.698 [main] DEBUG org.springframework.test.annotation.ProfileValueUtils - Retrieved ProfileValueSource type [class org.springframework.test.annotation.SystemProfileValueSource] for class [com.clarolab.api.suite.AssigneeToBuildAPITest]
09:55:44.698 [main] DEBUG org.springframework.test.annotation.ProfileValueUtils - Retrieved @ProfileValueSourceConfiguration [null] for test class [com.clarolab.api.suite.InvalidBuildTriageAPITest]
09:55:44.698 [main] DEBUG org.springframework.test.annotation.ProfileValueUtils - Retrieved ProfileValueSource type [class org.springframework.test.annotation.SystemProfileValueSource] for class [com.clarolab.api.suite.InvalidBuildTriageAPITest]
09:55:44.698 [main] DEBUG org.springframework.test.annotation.ProfileValueUtils - Retrieved @ProfileValueSourceConfiguration [null] for test class [com.clarolab.api.suite.TriageBuildAPITest]
09:55:44.699 [main] DEBUG org.springframework.test.annotation.ProfileValueUtils - Retrieved ProfileValueSource type [class org.springframework.test.annotation.SystemProfileValueSource] for class [com.clarolab.api.suite.TriageBuildAPITest]
09:55:44.699 [main] DEBUG org.springframework.test.annotation.ProfileValueUtils - Retrieved @ProfileValueSourceConfiguration [null] for test class [com.clarolab.api.test.AssignTestCaseAPITest]
09:55:44.699 [main] DEBUG org.springframework.test.annotation.ProfileValueUtils - Retrieved ProfileValueSource type [class org.springframework.test.annotation.SystemProfileValueSource] for class [com.clarolab.api.test.AssignTestCaseAPITest]
09:55:44.699 [main] DEBUG org.springframework.test.annotation.ProfileValueUtils - Retrieved @ProfileValueSourceConfiguration [null] for test class [com.clarolab.api.test.TestExecutionAPITest]
09:55:44.699 [main] DEBUG org.springframework.test.annotation.ProfileValueUtils - Retrieved ProfileValueSource type [class org.springframework.test.annotation.SystemProfileValueSource] for class [com.clarolab.api.test.TestExecutionAPITest]
09:55:44.699 [main] DEBUG org.springframework.test.annotation.ProfileValueUtils - Retrieved @ProfileValueSourceConfiguration [null] for test class [com.clarolab.api.test.TriageTestAPITest]
09:55:44.699 [main] DEBUG org.springframework.test.annotation.ProfileValueUtils - Retrieved ProfileValueSource type [class org.springframework.test.annotation.SystemProfileValueSource] for class [com.clarolab.api.test.TriageTestAPITest]
09:55:44.700 [main] DEBUG org.springframework.test.annotation.ProfileValueUtils - Retrieved @ProfileValueSourceConfiguration [null] for test class [com.clarolab.api.entry.BuildAPITest]
09:55:44.700 [main] DEBUG org.springframework.test.annotation.ProfileValueUtils - Retrieved ProfileValueSource type [class org.springframework.test.annotation.SystemProfileValueSource] for class [com.clarolab.api.entry.BuildAPITest]
09:55:44.700 [main] DEBUG org.springframework.test.annotation.ProfileValueUtils - Retrieved @ProfileValueSourceConfiguration [null] for test class [com.clarolab.api.entry.ConnectorAPITest]
09:55:44.700 [main] DEBUG org.springframework.test.annotation.ProfileValueUtils - Retrieved ProfileValueSource type [class org.springframework.test.annotation.SystemProfileValueSource] for class [com.clarolab.api.entry.ConnectorAPITest]
09:55:44.700 [main] DEBUG org.springframework.test.annotation.ProfileValueUtils - Retrieved @ProfileValueSourceConfiguration [null] for test class [com.clarolab.api.entry.ListAPITest]
09:55:44.700 [main] DEBUG org.springframework.test.annotation.ProfileValueUtils - Retrieved ProfileValueSource type [class org.springframework.test.annotation.SystemProfileValueSource] for class [com.clarolab.api.entry.ListAPITest]
09:55:44.700 [main] DEBUG org.springframework.test.annotation.ProfileValueUtils - Retrieved @ProfileValueSourceConfiguration [null] for test class [com.clarolab.api.entry.ProductAPITest]
09:55:44.700 [main] DEBUG org.springframework.test.annotation.ProfileValueUtils - Retrieved ProfileValueSource type [class org.springframework.test.annotation.SystemProfileValueSource] for class [com.clarolab.api.entry.ProductAPITest]
09:55:44.700 [main] DEBUG org.springframework.test.annotation.ProfileValueUtils - Retrieved @ProfileValueSourceConfiguration [null] for test class [com.clarolab.api.entry.UserAPITest]
09:55:44.700 [main] DEBUG org.springframework.test.annotation.ProfileValueUtils - Retrieved ProfileValueSource type [class org.springframework.test.annotation.SystemProfileValueSource] for class [com.clarolab.api.entry.UserAPITest]
09:55:44.700 [main] DEBUG org.springframework.test.annotation.ProfileValueUtils - Retrieved @ProfileValueSourceConfiguration [null] for test class [com.clarolab.api.report.ExportAPITest]
09:55:44.701 [main] DEBUG org.springframework.test.annotation.ProfileValueUtils - Retrieved ProfileValueSource type [class org.springframework.test.annotation.SystemProfileValueSource] for class [com.clarolab.api.report.ExportAPITest]
09:55:44.701 [main] DEBUG org.springframework.test.annotation.ProfileValueUtils - Retrieved @ProfileValueSourceConfiguration [null] for test class [com.clarolab.api.report.StatsAPITest]
09:55:44.701 [main] DEBUG org.springframework.test.annotation.ProfileValueUtils - Retrieved ProfileValueSource type [class org.springframework.test.annotation.SystemProfileValueSource] for class [com.clarolab.api.report.StatsAPITest]
09:55:44.701 [main] DEBUG org.springframework.test.annotation.ProfileValueUtils - Retrieved @ProfileValueSourceConfiguration [null] for test class [com.clarolab.api.report.ViewAPITest]
09:55:44.701 [main] DEBUG org.springframework.test.annotation.ProfileValueUtils - Retrieved ProfileValueSource type [class org.springframework.test.annotation.SystemProfileValueSource] for class [com.clarolab.api.report.ViewAPITest]
09:55:44.701 [main] DEBUG org.springframework.test.annotation.ProfileValueUtils - Retrieved @ProfileValueSourceConfiguration [null] for test class [com.clarolab.api.suite.ApproveAutomaticTriageAPITest]
09:55:44.701 [main] DEBUG org.springframework.test.annotation.ProfileValueUtils - Retrieved ProfileValueSource type [class org.springframework.test.annotation.SystemProfileValueSource] for class [com.clarolab.api.suite.ApproveAutomaticTriageAPITest]
09:55:44.701 [main] DEBUG org.springframework.test.annotation.ProfileValueUtils - Retrieved @ProfileValueSourceConfiguration [null] for test class [com.clarolab.api.suite.AssigneeToBuildAPITest]
09:55:44.701 [main] DEBUG org.springframework.test.annotation.ProfileValueUtils - Retrieved ProfileValueSource type [class org.springframework.test.annotation.SystemProfileValueSource] for class [com.clarolab.api.suite.AssigneeToBuildAPITest]
09:55:44.701 [main] DEBUG org.springframework.test.annotation.ProfileValueUtils - Retrieved @ProfileValueSourceConfiguration [null] for test class [com.clarolab.api.suite.InvalidBuildTriageAPITest]
09:55:44.701 [main] DEBUG org.springframework.test.annotation.ProfileValueUtils - Retrieved ProfileValueSource type [class org.springframework.test.annotation.SystemProfileValueSource] for class [com.clarolab.api.suite.InvalidBuildTriageAPITest]
09:55:44.702 [main] DEBUG org.springframework.test.annotation.ProfileValueUtils - Retrieved @ProfileValueSourceConfiguration [null] for test class [com.clarolab.api.suite.TriageBuildAPITest]
09:55:44.702 [main] DEBUG org.springframework.test.annotation.ProfileValueUtils - Retrieved ProfileValueSource type [class org.springframework.test.annotation.SystemProfileValueSource] for class [com.clarolab.api.suite.TriageBuildAPITest]
09:55:44.702 [main] DEBUG org.springframework.test.annotation.ProfileValueUtils - Retrieved @ProfileValueSourceConfiguration [null] for test class [com.clarolab.api.test.AssignTestCaseAPITest]
09:55:44.702 [main] DEBUG org.springframework.test.annotation.ProfileValueUtils - Retrieved ProfileValueSource type [class org.springframework.test.annotation.SystemProfileValueSource] for class [com.clarolab.api.test.AssignTestCaseAPITest]
09:55:44.702 [main] DEBUG org.springframework.test.annotation.ProfileValueUtils - Retrieved @ProfileValueSourceConfiguration [null] for test class [com.clarolab.api.test.TestExecutionAPITest]
09:55:44.702 [main] DEBUG org.springframework.test.annotation.ProfileValueUtils - Retrieved ProfileValueSource type [class org.springframework.test.annotation.SystemProfileValueSource] for class [com.clarolab.api.test.TestExecutionAPITest]
09:55:44.702 [main] DEBUG org.springframework.test.annotation.ProfileValueUtils - Retrieved @ProfileValueSourceConfiguration [null] for test class [com.clarolab.api.test.TriageTestAPITest]
09:55:44.702 [main] DEBUG org.springframework.test.annotation.ProfileValueUtils - Retrieved ProfileValueSource type [class org.springframework.test.annotation.SystemProfileValueSource] for class [com.clarolab.api.test.TriageTestAPITest]
09:55:44.704 [main] DEBUG org.springframework.test.annotation.ProfileValueUtils - Retrieved @ProfileValueSourceConfiguration [null] for test class [com.clarolab.api.entry.BuildAPITest]
09:55:44.704 [main] DEBUG org.springframework.test.annotation.ProfileValueUtils - Retrieved ProfileValueSource type [class org.springframework.test.annotation.SystemProfileValueSource] for class [com.clarolab.api.entry.BuildAPITest]
09:55:44.704 [main] DEBUG org.springframework.test.annotation.ProfileValueUtils - Retrieved @ProfileValueSourceConfiguration [null] for test class [com.clarolab.api.entry.ConnectorAPITest]
09:55:44.705 [main] DEBUG org.springframework.test.annotation.ProfileValueUtils - Retrieved ProfileValueSource type [class org.springframework.test.annotation.SystemProfileValueSource] for class [com.clarolab.api.entry.ConnectorAPITest]
09:55:44.705 [main] DEBUG org.springframework.test.annotation.ProfileValueUtils - Retrieved @ProfileValueSourceConfiguration [null] for test class [com.clarolab.api.entry.ListAPITest]
09:55:44.705 [main] DEBUG org.springframework.test.annotation.ProfileValueUtils - Retrieved ProfileValueSource type [class org.springframework.test.annotation.SystemProfileValueSource] for class [com.clarolab.api.entry.ListAPITest]
09:55:44.705 [main] DEBUG org.springframework.test.annotation.ProfileValueUtils - Retrieved @ProfileValueSourceConfiguration [null] for test class [com.clarolab.api.entry.ProductAPITest]
09:55:44.705 [main] DEBUG org.springframework.test.annotation.ProfileValueUtils - Retrieved ProfileValueSource type [class org.springframework.test.annotation.SystemProfileValueSource] for class [com.clarolab.api.entry.ProductAPITest]
09:55:44.705 [main] DEBUG org.springframework.test.annotation.ProfileValueUtils - Retrieved @ProfileValueSourceConfiguration [null] for test class [com.clarolab.api.entry.UserAPITest]
09:55:44.705 [main] DEBUG org.springframework.test.annotation.ProfileValueUtils - Retrieved ProfileValueSource type [class org.springframework.test.annotation.SystemProfileValueSource] for class [com.clarolab.api.entry.UserAPITest]
09:55:44.705 [main] DEBUG org.springframework.test.annotation.ProfileValueUtils - Retrieved @ProfileValueSourceConfiguration [null] for test class [com.clarolab.api.report.ExportAPITest]
09:55:44.705 [main] DEBUG org.springframework.test.annotation.ProfileValueUtils - Retrieved ProfileValueSource type [class org.springframework.test.annotation.SystemProfileValueSource] for class [com.clarolab.api.report.ExportAPITest]
09:55:44.705 [main] DEBUG org.springframework.test.annotation.ProfileValueUtils - Retrieved @ProfileValueSourceConfiguration [null] for test class [com.clarolab.api.report.StatsAPITest]
09:55:44.705 [main] DEBUG org.springframework.test.annotation.ProfileValueUtils - Retrieved ProfileValueSource type [class org.springframework.test.annotation.SystemProfileValueSource] for class [com.clarolab.api.report.StatsAPITest]
09:55:44.705 [main] DEBUG org.springframework.test.annotation.ProfileValueUtils - Retrieved @ProfileValueSourceConfiguration [null] for test class [com.clarolab.api.report.ViewAPITest]
09:55:44.705 [main] DEBUG org.springframework.test.annotation.ProfileValueUtils - Retrieved ProfileValueSource type [class org.springframework.test.annotation.SystemProfileValueSource] for class [com.clarolab.api.report.ViewAPITest]
09:55:44.706 [main] DEBUG org.springframework.test.annotation.ProfileValueUtils - Retrieved @ProfileValueSourceConfiguration [null] for test class [com.clarolab.api.suite.ApproveAutomaticTriageAPITest]
09:55:44.706 [main] DEBUG org.springframework.test.annotation.ProfileValueUtils - Retrieved ProfileValueSource type [class org.springframework.test.annotation.SystemProfileValueSource] for class [com.clarolab.api.suite.ApproveAutomaticTriageAPITest]
09:55:44.706 [main] DEBUG org.springframework.test.annotation.ProfileValueUtils - Retrieved @ProfileValueSourceConfiguration [null] for test class [com.clarolab.api.suite.AssigneeToBuildAPITest]
09:55:44.706 [main] DEBUG org.springframework.test.annotation.ProfileValueUtils - Retrieved ProfileValueSource type [class org.springframework.test.annotation.SystemProfileValueSource] for class [com.clarolab.api.suite.AssigneeToBuildAPITest]
09:55:44.706 [main] DEBUG org.springframework.test.annotation.ProfileValueUtils - Retrieved @ProfileValueSourceConfiguration [null] for test class [com.clarolab.api.suite.InvalidBuildTriageAPITest]
09:55:44.706 [main] DEBUG org.springframework.test.annotation.ProfileValueUtils - Retrieved ProfileValueSource type [class org.springframework.test.annotation.SystemProfileValueSource] for class [com.clarolab.api.suite.InvalidBuildTriageAPITest]
09:55:44.706 [main] DEBUG org.springframework.test.annotation.ProfileValueUtils - Retrieved @ProfileValueSourceConfiguration [null] for test class [com.clarolab.api.suite.TriageBuildAPITest]
09:55:44.706 [main] DEBUG org.springframework.test.annotation.ProfileValueUtils - Retrieved ProfileValueSource type [class org.springframework.test.annotation.SystemProfileValueSource] for class [com.clarolab.api.suite.TriageBuildAPITest]
09:55:44.706 [main] DEBUG org.springframework.test.annotation.ProfileValueUtils - Retrieved @ProfileValueSourceConfiguration [null] for test class [com.clarolab.api.test.AssignTestCaseAPITest]
09:55:44.706 [main] DEBUG org.springframework.test.annotation.ProfileValueUtils - Retrieved ProfileValueSource type [class org.springframework.test.annotation.SystemProfileValueSource] for class [com.clarolab.api.test.AssignTestCaseAPITest]
09:55:44.706 [main] DEBUG org.springframework.test.annotation.ProfileValueUtils - Retrieved @ProfileValueSourceConfiguration [null] for test class [com.clarolab.api.test.TestExecutionAPITest]
09:55:44.706 [main] DEBUG org.springframework.test.annotation.ProfileValueUtils - Retrieved ProfileValueSource type [class org.springframework.test.annotation.SystemProfileValueSource] for class [com.clarolab.api.test.TestExecutionAPITest]
09:55:44.706 [main] DEBUG org.springframework.test.annotation.ProfileValueUtils - Retrieved @ProfileValueSourceConfiguration [null] for test class [com.clarolab.api.test.TriageTestAPITest]
09:55:44.706 [main] DEBUG org.springframework.test.annotation.ProfileValueUtils - Retrieved ProfileValueSource type [class org.springframework.test.annotation.SystemProfileValueSource] for class [com.clarolab.api.test.TriageTestAPITest]
09:55:44.707 [main] DEBUG org.springframework.test.annotation.ProfileValueUtils - Retrieved @ProfileValueSourceConfiguration [null] for test class [com.clarolab.api.entry.BuildAPITest]
09:55:44.707 [main] DEBUG org.springframework.test.annotation.ProfileValueUtils - Retrieved ProfileValueSource type [class org.springframework.test.annotation.SystemProfileValueSource] for class [com.clarolab.api.entry.BuildAPITest]
09:55:44.707 [main] DEBUG org.springframework.test.annotation.ProfileValueUtils - Retrieved @ProfileValueSourceConfiguration [null] for test class [com.clarolab.api.entry.BuildAPITest]
09:55:44.707 [main] DEBUG org.springframework.test.annotation.ProfileValueUtils - Retrieved ProfileValueSource type [class org.springframework.test.annotation.SystemProfileValueSource] for class [com.clarolab.api.entry.BuildAPITest]
09:55:44.710 [main] DEBUG org.springframework.test.context.support.AbstractDirtiesContextTestExecutionListener - Before test class: context [DefaultTestContext@76c3e77a testClass = BuildAPITest, testInstance = [null], testMethod = [null], testException = [null], mergedContextConfiguration = [WebMergedContextConfiguration@78123e82 testClass = BuildAPITest, locations = '{}', classes = '{class com.clarolab.QAReportApplication, class com.clarolab.QAReportApplication}', contextInitializerClasses = '[]', activeProfiles = '{}', propertySourceLocations = '{}', propertySourceProperties = '{org.springframework.boot.test.context.SpringBootTestContextBootstrapper=true, server.port=0}', contextCustomizers = set[org.springframework.boot.test.context.filter.ExcludeFilterContextCustomizer@62fdb4a6, org.springframework.boot.test.json.DuplicateJsonObjectContextCustomizerFactory$DuplicateJsonObjectContextCustomizer@31206beb, org.springframework.boot.test.mock.mockito.MockitoContextCustomizer@0, org.springframework.boot.test.web.client.TestRestTemplateContextCustomizer@64d7f7e0, org.springframework.boot.test.autoconfigure.properties.PropertyMappingContextCustomizer@0, org.springframework.boot.test.autoconfigure.web.servlet.WebDriverContextCustomizerFactory$Customizer@5d20e46], resourceBasePath = 'src/main/webapp', contextLoader = 'org.springframework.boot.test.context.SpringBootContextLoader', parent = [null]], attributes = map['org.springframework.test.context.web.ServletTestExecutionListener.activateListener' -> false]], class annotated with @DirtiesContext [false] with mode [null].
09:55:44.710 [main] DEBUG org.springframework.test.annotation.ProfileValueUtils - Retrieved @ProfileValueSourceConfiguration [null] for test class [com.clarolab.api.entry.BuildAPITest]
09:55:44.710 [main] DEBUG org.springframework.test.annotation.ProfileValueUtils - Retrieved ProfileValueSource type [class org.springframework.test.annotation.SystemProfileValueSource] for class [com.clarolab.api.entry.BuildAPITest]
09:55:44.715 [main] DEBUG org.springframework.test.context.support.DependencyInjectionTestExecutionListener - Performing dependency injection for test context [[DefaultTestContext@76c3e77a testClass = BuildAPITest, testInstance = com.clarolab.api.entry.BuildAPITest@73e22a3d, testMethod = [null], testException = [null], mergedContextConfiguration = [WebMergedContextConfiguration@78123e82 testClass = BuildAPITest, locations = '{}', classes = '{class com.clarolab.QAReportApplication, class com.clarolab.QAReportApplication}', contextInitializerClasses = '[]', activeProfiles = '{}', propertySourceLocations = '{}', propertySourceProperties = '{org.springframework.boot.test.context.SpringBootTestContextBootstrapper=true, server.port=0}', contextCustomizers = set[org.springframework.boot.test.context.filter.ExcludeFilterContextCustomizer@62fdb4a6, org.springframework.boot.test.json.DuplicateJsonObjectContextCustomizerFactory$DuplicateJsonObjectContextCustomizer@31206beb, org.springframework.boot.test.mock.mockito.MockitoContextCustomizer@0, org.springframework.boot.test.web.client.TestRestTemplateContextCustomizer@64d7f7e0, org.springframework.boot.test.autoconfigure.properties.PropertyMappingContextCustomizer@0, org.springframework.boot.test.autoconfigure.web.servlet.WebDriverContextCustomizerFactory$Customizer@5d20e46], resourceBasePath = 'src/main/webapp', contextLoader = 'org.springframework.boot.test.context.SpringBootContextLoader', parent = [null]], attributes = map['org.springframework.test.context.web.ServletTestExecutionListener.activateListener' -> false]]].
09:55:44.737 [main] DEBUG org.springframework.test.context.support.TestPropertySourceUtils - Adding inlined properties to environment: {spring.jmx.enabled=false, org.springframework.boot.test.context.SpringBootTestContextBootstrapper=true, server.port=0}

  .   ____          _            __ _ _
 /\\ / ___'_ __ _ _(_)_ __  __ _ \ \ \ \
( ( )\___ | '_ | '_| | '_ \/ _` | \ \ \ \
 \\/  ___)| |_)| | | | | || (_| |  ) ) ) )
  '  |____| .__|_| |_|_| |_\__, | / / / /
 =========|_|==============|___/=/_/_/_/
 :: Spring Boot ::        (v2.1.2.RELEASE)

2019-02-11 09:56:32.896  INFO 7456 --- [           main] com.clarolab.api.test.BuildAPITest      : Starting BuildAPITest on clarolab-rodrigo-machine with PID 7456 (started by rodrigo in /home/rodrigo/Desarrollo/Stash_Projects/Clarolab/qa-reports)
2019-02-11 09:56:32.897  INFO 7456 --- [           main] com.clarolab.api.test.BuildAPITest      : The following profiles are active: swagger
2019-02-11 09:56:34.271  INFO 7456 --- [           main] .s.d.r.c.RepositoryConfigurationDelegate : Bootstrapping Spring Data repositories in DEFAULT mode.
2019-02-11 09:56:34.448  INFO 7456 --- [           main] .s.d.r.c.RepositoryConfigurationDelegate : Finished Spring Data repository scanning in 169ms. Found 16 repository interfaces.
2019-02-11 09:56:35.065  INFO 7456 --- [           main] trationDelegate$BeanPostProcessorChecker : Bean 'org.springframework.transaction.annotation.ProxyTransactionManagementConfiguration' of type [org.springframework.transaction.annotation.ProxyTransactionManagementConfiguration$$EnhancerBySpringCGLIB$$f7b8acb0] is not eligible for getting processed by all BeanPostProcessors (for example: not eligible for auto-proxying)
2019-02-11 09:56:35.116  INFO 7456 --- [           main] trationDelegate$BeanPostProcessorChecker : Bean 'org.springframework.hateoas.config.HateoasConfiguration' of type [org.springframework.hateoas.config.HateoasConfiguration$$EnhancerBySpringCGLIB$$7738f9e2] is not eligible for getting processed by all BeanPostProcessors (for example: not eligible for auto-proxying)
2019-02-11 09:56:35.604  INFO 7456 --- [           main] o.s.b.w.embedded.tomcat.TomcatWebServer  : Tomcat initialized with port(s): 0 (http)
2019-02-11 09:56:35.639  INFO 7456 --- [           main] o.apache.catalina.core.StandardService   : Starting service [Tomcat]
2019-02-11 09:56:35.640  INFO 7456 --- [           main] org.apache.catalina.core.StandardEngine  : Starting Servlet engine: [Apache Tomcat/9.0.14]
2019-02-11 09:56:35.649  INFO 7456 --- [           main] o.a.catalina.core.AprLifecycleListener   : The APR based Apache Tomcat Native library which allows optimal performance in production environments was not found on the java.library.path: [/usr/java/packages/lib/amd64:/usr/lib64:/lib64:/lib:/usr/lib]
2019-02-11 09:56:35.773  INFO 7456 --- [           main] o.a.c.c.C.[Tomcat].[localhost].[/]       : Initializing Spring embedded WebApplicationContext
2019-02-11 09:56:35.773  INFO 7456 --- [           main] o.s.web.context.ContextLoader            : Root WebApplicationContext: initialization completed in 2676 ms
2019-02-11 09:56:36.168  INFO 7456 --- [           main] o.hibernate.jpa.internal.util.LogHelper  : HHH000204: Processing PersistenceUnitInfo [
	name: default
	...]
2019-02-11 09:56:36.243  INFO 7456 --- [           main] org.hibernate.Version                    : HHH000412: Hibernate Core {5.3.7.Final}
2019-02-11 09:56:36.245  INFO 7456 --- [           main] org.hibernate.cfg.Environment            : HHH000206: hibernate.properties not found
2019-02-11 09:56:36.379  INFO 7456 --- [           main] o.hibernate.annotations.common.Version   : HCANN000001: Hibernate Commons Annotations {5.0.4.Final}
2019-02-11 09:56:36.508  INFO 7456 --- [           main] com.zaxxer.hikari.HikariDataSource       : HikariPool-1 - Starting...
2019-02-11 09:56:36.694  INFO 7456 --- [           main] com.zaxxer.hikari.HikariDataSource       : HikariPool-1 - Start completed.
2019-02-11 09:56:36.719  INFO 7456 --- [           main] org.hibernate.dialect.Dialect            : HHH000400: Using dialect: org.hibernate.dialect.H2Dialect
2019-02-11 09:56:37.092  INFO 7456 --- [           main] org.hibernate.orm.beans                  : HHH10005002: No explicit CDI BeanManager reference was passed to Hibernate, but CDI is available on the Hibernate ClassLoader.
2019-02-11 09:56:38.267  INFO 7456 --- [           main] j.LocalContainerEntityManagerFactoryBean : Initialized JPA EntityManagerFactory for persistence unit 'default'
2019-02-11 09:56:38.715  INFO 7456 --- [           main] o.h.h.i.QueryTranslatorFactoryInitiator  : HHH000397: Using ASTQueryTranslatorFactory
2019-02-11 09:56:40.144  WARN 7456 --- [           main] aWebConfiguration$JpaWebMvcConfiguration : spring.jpa.open-in-view is enabled by default. Therefore, database queries may be performed during view rendering. Explicitly configure spring.jpa.open-in-view to disable this warning
2019-02-11 09:56:41.066  WARN 7456 --- [           main] ion$DefaultTemplateResolverConfiguration : Cannot find template location: classpath:/templates/ (please add some templates or check your Thymeleaf configuration)
2019-02-11 09:56:41.645  INFO 7456 --- [           main] o.s.s.c.ThreadPoolTaskScheduler          : Initializing ExecutorService 'taskScheduler'
2019-02-11 09:56:41.979  INFO 7456 --- [           main] d.s.w.p.DocumentationPluginsBootstrapper : Context refreshed
2019-02-11 09:56:42.008  INFO 7456 --- [           main] d.s.w.p.DocumentationPluginsBootstrapper : Found 1 custom documentation plugin(s)
2019-02-11 09:56:42.033  INFO 7456 --- [           main] s.d.s.w.s.ApiListingReferenceScanner     : Scanning for api listing references
2019-02-11 09:56:42.349  INFO 7456 --- [           main] .d.s.w.r.o.CachingOperationNameGenerator : Generating unique operation named: findUsingGET_1
2019-02-11 09:56:42.359  INFO 7456 --- [           main] .d.s.w.r.o.CachingOperationNameGenerator : Generating unique operation named: listUsingGET_1
2019-02-11 09:56:42.366  INFO 7456 --- [           main] .d.s.w.r.o.CachingOperationNameGenerator : Generating unique operation named: findUsingGET_2
2019-02-11 09:56:42.382  INFO 7456 --- [           main] .d.s.w.r.o.CachingOperationNameGenerator : Generating unique operation named: listUsingGET_2
2019-02-11 09:56:42.400  INFO 7456 --- [           main] .d.s.w.r.o.CachingOperationNameGenerator : Generating unique operation named: findUsingGET_3
2019-02-11 09:56:42.427  INFO 7456 --- [           main] .d.s.w.r.o.CachingOperationNameGenerator : Generating unique operation named: getAllContainersUsingGET_1
2019-02-11 09:56:42.438  INFO 7456 --- [           main] .d.s.w.r.o.CachingOperationNameGenerator : Generating unique operation named: listUsingGET_3
2019-02-11 09:56:42.472  INFO 7456 --- [           main] .d.s.w.r.o.CachingOperationNameGenerator : Generating unique operation named: deleteUsingDELETE_1
2019-02-11 09:56:42.483  INFO 7456 --- [           main] .d.s.w.r.o.CachingOperationNameGenerator : Generating unique operation named: findUsingGET_4
2019-02-11 09:56:42.497  INFO 7456 --- [           main] .d.s.w.r.o.CachingOperationNameGenerator : Generating unique operation named: listUsingGET_4
2019-02-11 09:56:42.527  INFO 7456 --- [           main] .d.s.w.r.o.CachingOperationNameGenerator : Generating unique operation named: populateUsingGET_1
2019-02-11 09:56:42.560  INFO 7456 --- [           main] .d.s.w.r.o.CachingOperationNameGenerator : Generating unique operation named: saveUsingPOST_1
2019-02-11 09:56:42.569  INFO 7456 --- [           main] .d.s.w.r.o.CachingOperationNameGenerator : Generating unique operation named: updateUsingPUT_1
2019-02-11 09:56:42.577  INFO 7456 --- [           main] .d.s.w.r.o.CachingOperationNameGenerator : Generating unique operation named: deleteUsingDELETE_2
2019-02-11 09:56:42.587  INFO 7456 --- [           main] .d.s.w.r.o.CachingOperationNameGenerator : Generating unique operation named: findUsingGET_5
2019-02-11 09:56:42.602  INFO 7456 --- [           main] .d.s.w.r.o.CachingOperationNameGenerator : Generating unique operation named: listUsingGET_5
2019-02-11 09:56:42.615  INFO 7456 --- [           main] .d.s.w.r.o.CachingOperationNameGenerator : Generating unique operation named: saveUsingPOST_2
2019-02-11 09:56:42.621  INFO 7456 --- [           main] .d.s.w.r.o.CachingOperationNameGenerator : Generating unique operation named: updateUsingPUT_2
2019-02-11 09:56:42.631  INFO 7456 --- [           main] .d.s.w.r.o.CachingOperationNameGenerator : Generating unique operation named: findUsingGET_6
2019-02-11 09:56:42.645  INFO 7456 --- [           main] .d.s.w.r.o.CachingOperationNameGenerator : Generating unique operation named: listUsingGET_6
2019-02-11 09:56:42.667  INFO 7456 --- [           main] .d.s.w.r.o.CachingOperationNameGenerator : Generating unique operation named: findUsingGET_7
2019-02-11 09:56:42.686  INFO 7456 --- [           main] .d.s.w.r.o.CachingOperationNameGenerator : Generating unique operation named: listUsingGET_7
2019-02-11 09:56:42.693  INFO 7456 --- [           main] .d.s.w.r.o.CachingOperationNameGenerator : Generating unique operation named: deleteUsingDELETE_3
2019-02-11 09:56:42.702  INFO 7456 --- [           main] .d.s.w.r.o.CachingOperationNameGenerator : Generating unique operation named: findUsingGET_8
2019-02-11 09:56:42.717  INFO 7456 --- [           main] .d.s.w.r.o.CachingOperationNameGenerator : Generating unique operation named: listUsingGET_8
2019-02-11 09:56:42.724  INFO 7456 --- [           main] .d.s.w.r.o.CachingOperationNameGenerator : Generating unique operation named: listUsingGET_9
2019-02-11 09:56:42.736  INFO 7456 --- [           main] .d.s.w.r.o.CachingOperationNameGenerator : Generating unique operation named: saveUsingPOST_3
2019-02-11 09:56:42.744  INFO 7456 --- [           main] .d.s.w.r.o.CachingOperationNameGenerator : Generating unique operation named: updateUsingPUT_3
2019-02-11 09:56:42.750  INFO 7456 --- [           main] .d.s.w.r.o.CachingOperationNameGenerator : Generating unique operation named: deleteUsingDELETE_4
2019-02-11 09:56:42.759  INFO 7456 --- [           main] .d.s.w.r.o.CachingOperationNameGenerator : Generating unique operation named: findUsingGET_9
2019-02-11 09:56:42.771  INFO 7456 --- [           main] .d.s.w.r.o.CachingOperationNameGenerator : Generating unique operation named: listUsingGET_10
2019-02-11 09:56:42.781  INFO 7456 --- [           main] .d.s.w.r.o.CachingOperationNameGenerator : Generating unique operation named: saveUsingPOST_4
2019-02-11 09:56:42.786  INFO 7456 --- [           main] .d.s.w.r.o.CachingOperationNameGenerator : Generating unique operation named: updateUsingPUT_4
2019-02-11 09:56:42.792  INFO 7456 --- [           main] .d.s.w.r.o.CachingOperationNameGenerator : Generating unique operation named: deleteUsingDELETE_5
2019-02-11 09:56:42.797  INFO 7456 --- [           main] .d.s.w.r.o.CachingOperationNameGenerator : Generating unique operation named: findUsingGET_10
2019-02-11 09:56:42.808  INFO 7456 --- [           main] .d.s.w.r.o.CachingOperationNameGenerator : Generating unique operation named: listUsingGET_11
2019-02-11 09:56:42.814  INFO 7456 --- [           main] .d.s.w.r.o.CachingOperationNameGenerator : Generating unique operation named: saveUsingPOST_5
2019-02-11 09:56:42.818  INFO 7456 --- [           main] .d.s.w.r.o.CachingOperationNameGenerator : Generating unique operation named: updateUsingPUT_5
2019-02-11 09:56:42.828  INFO 7456 --- [           main] .d.s.w.r.o.CachingOperationNameGenerator : Generating unique operation named: findUsingGET_11
2019-02-11 09:56:42.838  INFO 7456 --- [           main] .d.s.w.r.o.CachingOperationNameGenerator : Generating unique operation named: listUsingGET_12
2019-02-11 09:56:42.855  INFO 7456 --- [           main] .d.s.w.r.o.CachingOperationNameGenerator : Generating unique operation named: findUsingGET_12
2019-02-11 09:56:42.865  INFO 7456 --- [           main] .d.s.w.r.o.CachingOperationNameGenerator : Generating unique operation named: listUsingGET_13
2019-02-11 09:56:42.871  INFO 7456 --- [           main] .d.s.w.r.o.CachingOperationNameGenerator : Generating unique operation named: findUsingGET_13
2019-02-11 09:56:42.881  INFO 7456 --- [           main] .d.s.w.r.o.CachingOperationNameGenerator : Generating unique operation named: listUsingGET_14
2019-02-11 09:56:42.902  INFO 7456 --- [           main] .d.s.w.r.o.CachingOperationNameGenerator : Generating unique operation named: updateUsingPUT_6
2019-02-11 09:56:42.910  INFO 7456 --- [           main] .d.s.w.r.o.CachingOperationNameGenerator : Generating unique operation named: deleteUsingDELETE_6
2019-02-11 09:56:42.920  INFO 7456 --- [           main] .d.s.w.r.o.CachingOperationNameGenerator : Generating unique operation named: findUsingGET_14
2019-02-11 09:56:42.939  INFO 7456 --- [           main] .d.s.w.r.o.CachingOperationNameGenerator : Generating unique operation named: listUsingGET_15
2019-02-11 09:56:42.950  INFO 7456 --- [           main] .d.s.w.r.o.CachingOperationNameGenerator : Generating unique operation named: saveUsingPOST_6
2019-02-11 09:56:42.957  INFO 7456 --- [           main] .d.s.w.r.o.CachingOperationNameGenerator : Generating unique operation named: updateUsingPUT_7
2019-02-11 09:56:42.963  INFO 7456 --- [           main] .d.s.w.r.o.CachingOperationNameGenerator : Generating unique operation named: deleteUsingDELETE_7
2019-02-11 09:56:42.971  INFO 7456 --- [           main] .d.s.w.r.o.CachingOperationNameGenerator : Generating unique operation named: findUsingGET_15
2019-02-11 09:56:42.981  INFO 7456 --- [           main] .d.s.w.r.o.CachingOperationNameGenerator : Generating unique operation named: listUsingGET_16
2019-02-11 09:56:42.988  INFO 7456 --- [           main] .d.s.w.r.o.CachingOperationNameGenerator : Generating unique operation named: saveUsingPOST_7
2019-02-11 09:56:42.993  INFO 7456 --- [           main] .d.s.w.r.o.CachingOperationNameGenerator : Generating unique operation named: updateUsingPUT_8
2019-02-11 09:56:43.001  INFO 7456 --- [           main] .d.s.w.r.o.CachingOperationNameGenerator : Generating unique operation named: deleteUsingDELETE_8
2019-02-11 09:56:43.007  INFO 7456 --- [           main] .d.s.w.r.o.CachingOperationNameGenerator : Generating unique operation named: findUsingGET_16
2019-02-11 09:56:43.017  INFO 7456 --- [           main] .d.s.w.r.o.CachingOperationNameGenerator : Generating unique operation named: listUsingGET_17
2019-02-11 09:56:43.024  INFO 7456 --- [           main] .d.s.w.r.o.CachingOperationNameGenerator : Generating unique operation named: saveUsingPOST_8
2019-02-11 09:56:43.029  INFO 7456 --- [           main] .d.s.w.r.o.CachingOperationNameGenerator : Generating unique operation named: updateUsingPUT_9
2019-02-11 09:56:43.032  INFO 7456 --- [           main] .d.s.w.r.o.CachingOperationNameGenerator : Generating unique operation named: downloadUsingGET_1
2019-02-11 09:56:43.098  INFO 7456 --- [           main] o.s.b.w.embedded.tomcat.TomcatWebServer  : Tomcat started on port(s): 41553 (http) with context path ''
2019-02-11 09:56:43.101  INFO 7456 --- [           main] com.clarolab.api.test.BuildAPITest      : Started BuildAPITest in 58.363 seconds (JVM running for 59.226)
2019-02-11 09:56:45.281  INFO 7456 --- [           main] com.clarolab.populate.PopulateDemoData   : All Demo Data Populated!
2019-02-11 09:56:45.289  INFO 7456 --- [       Thread-4] com.clarolab.service.ContainerService    : To populate: qa-reports
2019-02-11 09:56:46.371  WARN 7456 --- [       Thread-4] o.a.h.c.protocol.ResponseProcessCookies  : Invalid cookie header: "Set-Cookie: ring-session=fgki3dokGoYUNlwgy6Qv%2B7yIIF9PBLNzxU5DrQlqPZtT%2BIUO%2BREzVdc5LHBQmAzx4Hh8U8l6Gru%2B6lS7OXYz4Xgw0ZU%2BK6OwukfA%2B655OVPNxg5ASmK8y1%2Fuftg10q48RwRGX28bDR0WPfCzZm0uuaGlDbC4Qt2BejsD6AIlWhjnQnuP7cnWeMc8uDbMZKbH8u1bKsVvyNZPYR%2FNGhAIglmXR8aOFCGMhLY%2BKG85QFs%3D--NPlQ70jqOFxg9jAuat03RD9dkCZ22jlECpKYRpKqimc%3D;Path=/;HttpOnly;Expires=Mon, 10 Feb 2020 18:53:17 +0000;Max-Age=1209600;Secure". Invalid 'expires' attribute: Mon, 10 Feb 2020 18:53:17 +0000
2019-02-11 09:56:46.376  INFO 7456 --- [       Thread-4] com.clarolab.service.ContainerService    : Container qa-reports is being populated for first time.
2019-02-11 09:56:46.379  INFO 7456 --- [       Thread-4] com.clarolab.util.rest.HttpClient        : Curl to execute: curl -u a296eed321ab07d489eae6a2eed301eac5472b19: --header 'Accept: application/json;' -X GET "https://circleci.com/api/v1.1/project/bitbucket/TTriage/qa-reports?offset=0&limit=20" --insecure
2019-02-11 09:56:47.178  WARN 7456 --- [       Thread-4] o.a.h.c.protocol.ResponseProcessCookies  : Invalid cookie header: "Set-Cookie: ring-session=uMr2qFzYgusODTWNR1afhyLCavFcBaDzoBZk7cg%2By2T6GeLC2nMogMB78G%2FeBMffEDqVoZV6%2BpJzYQ5tRfYlV8QyUBHXbm6seQzhG0%2BPYLOJ49n8UZMnPTrWTtQogW7NNGV0r08q4Nd6nwGszJPeLkLttJ5MeeKOb0wkxkmfb1VTO6y3gQGg3lT1R8lvHQFoH0rnc1Hx%2Fi3%2BSW5XJgfVo7Aj%2BozB7RsRORh6pyqI7vw%3D--A%2FDBn8IZoB6lPALq71q7XxVi79quIiZHvq8N2MQKjXg%3D;Path=/;HttpOnly;Expires=Mon, 10 Feb 2020 18:02:59 +0000;Max-Age=1209600;Secure". Invalid 'expires' attribute: Mon, 10 Feb 2020 18:02:59 +0000
2019-02-11 09:56:47.204  INFO 7456 --- [       Thread-4] com.clarolab.util.rest.HttpClient        : Curl to execute: curl -u a296eed321ab07d489eae6a2eed301eac5472b19: --header 'Accept: application/json;' -X GET "https://circleci.com/api/v1.1/project/bitbucket/TTriage/qa-reports/132/artifacts" --insecure
2019-02-11 09:56:47.443  WARN 7456 --- [       Thread-4] o.a.h.c.protocol.ResponseProcessCookies  : Invalid cookie header: "Set-Cookie: ring-session=u1qkDGHolP%2BCK3nToOFWNhOEMEKmwVZO84j4TdlU%2BCmNoGpwgN%2Bj%2F%2FnTJEMX86H4FxDSpX7hTduUVuecMBb90TgBTp3xZ6jZwxwhMcX8Ar7kvVW3gMYafJeh5FOJBVU2AEybUeFDlFkoAhe5nqZe7wjbi761y%2FI1o2TjIhnMAT00XboQVHgNtP%2BmHLrxMabZSmaJU4trO%2BwO59Ow6EVWRFDJWpwJQJ1i8YY0sEqi7zQ%3D--%2BXnpnv0thuyeVFn6ZEGFLPaAs3%2BUgBDH9yr247W4avY%3D;Path=/;HttpOnly;Expires=Mon, 10 Feb 2020 18:02:59 +0000;Max-Age=1209600;Secure". Invalid 'expires' attribute: Mon, 10 Feb 2020 18:02:59 +0000
2019-02-11 09:56:47.447  INFO 7456 --- [       Thread-4] com.clarolab.util.rest.HttpClient        : Curl to execute: curl -u a296eed321ab07d489eae6a2eed301eac5472b19: --header 'Accept: application/json;' -X GET "https://circleci.com/api/v1.1/project/bitbucket/TTriage/qa-reports/131/artifacts" --insecure
2019-02-11 09:56:47.676  WARN 7456 --- [       Thread-4] o.a.h.c.protocol.ResponseProcessCookies  : Invalid cookie header: "Set-Cookie: ring-session=E0BqLuVh8wzNzARDFg%2FkdqRGH9Or7ZbRDGm1RHENh8yQ4PcYi1RC7XkufvDb5IDH1w0k6HEyVE8mGKSFlQLBFicRvq6O39UH%2FHBhr1j%2F3qftRAbWcE%2FHOqXDiQiQF7Ir5PgXbuJ0WmVDIJnrItZfRp%2Fws40Rowx7oVT%2BDUXHY1DmmyvohJMhGNM2owaweDlewRWgZNpZF0S75WircPNeWj5i8GgTXOTmRNSqy3AHXpk%3D--eRt%2B4v04%2FyTxVWFuWxSXRBid10tnG1cqO6pGu6evylU%3D;Path=/;HttpOnly;Expires=Fri, 07 Feb 2020 07:41:13 +0000;Max-Age=1209600;Secure". Invalid 'expires' attribute: Fri, 07 Feb 2020 07:41:13 +0000
2019-02-11 09:56:47.677  INFO 7456 --- [       Thread-4] com.clarolab.util.rest.HttpClient        : Curl to execute: curl -u a296eed321ab07d489eae6a2eed301eac5472b19: --header 'Accept: application/json;' -X GET "https://circleci.com/api/v1.1/project/bitbucket/TTriage/qa-reports/130/artifacts" --insecure
2019-02-11 09:56:47.933  WARN 7456 --- [       Thread-4] o.a.h.c.protocol.ResponseProcessCookies  : Invalid cookie header: "Set-Cookie: ring-session=2teArgVg3cwOJiWCvX%2BPEUJm73Js8jLgELKcilZTGT3GFUsHilvHfxlScNCFg9lRjtQ%2ByfIKP7cPACje3VxOh079SzovD4hLgUOOUXmwz6RnBSKNONO5cuY9OeMBXehhuqk4zazlOlMjY%2Fk4QD9yIn0koU0y60TbSOqnhlOQtDopgU%2F%2FsAU0%2FS%2FKDznv2ocuknJlGrI3bywldnkV74Sd119vd7tiWQjv%2F0gEiWQ0MTo%3D--6cFdJV4ToT1taIbUFeL%2FJAHHhyG9DaswaX6yfUe8B9Y%3D;Path=/;HttpOnly;Expires=Tue, 11 Feb 2020 08:57:26 +0000;Max-Age=1209600;Secure". Invalid 'expires' attribute: Tue, 11 Feb 2020 08:57:26 +0000
2019-02-11 09:56:47.934  INFO 7456 --- [       Thread-4] com.clarolab.util.rest.HttpClient        : Curl to execute: curl -u a296eed321ab07d489eae6a2eed301eac5472b19: --header 'Accept: application/json;' -X GET "https://circleci.com/api/v1.1/project/bitbucket/TTriage/qa-reports/129/artifacts" --insecure
2019-02-11 09:56:48.174  WARN 7456 --- [       Thread-4] o.a.h.c.protocol.ResponseProcessCookies  : Invalid cookie header: "Set-Cookie: ring-session=YflSsk9mWcmUGtMgznR%2FUTEEtZjEjt%2FmZa2H%2BauNek0Z4QsfWWCahM4N0S7tQUScxKgr4f9DkjI0%2B2XJfZpkUhsUa4Dda2Mx0pkHRIlF9cxR08tWi9C4HzSYyNFcHlmBK1Cv%2Fgapz75sQugJZGeJ2e4JsrwOp4rwHBh0D%2FWrNXWDwQCa4P962FssFXUq%2BdgznBoHeMyAh1ijStHzYfkO96AcRn4nUSd%2F8%2BEhq5G%2FyEw%3D--ftS6oIouJ3GSHCzgH1LxXibty1kUatCGcCQIvCSsMK4%3D;Path=/;HttpOnly;Expires=Mon, 10 Feb 2020 18:08:15 +0000;Max-Age=1209600;Secure". Invalid 'expires' attribute: Mon, 10 Feb 2020 18:08:15 +0000
2019-02-11 09:56:48.175  INFO 7456 --- [       Thread-4] com.clarolab.util.rest.HttpClient        : Curl to execute: curl -u a296eed321ab07d489eae6a2eed301eac5472b19: --header 'Accept: application/json;' -X GET "https://circleci.com/api/v1.1/project/bitbucket/TTriage/qa-reports/128/artifacts" --insecure
2019-02-11 09:56:48.408  WARN 7456 --- [       Thread-4] o.a.h.c.protocol.ResponseProcessCookies  : Invalid cookie header: "Set-Cookie: ring-session=nbdBT3dW1P3Tt%2F4dyc%2BiC%2ByMgx9CiQRnDLUjONkLFzpzLYxI8aQG0Jm7EE%2BT51lFcByu%2F9fYIiDcOg3M9HNcSIAYY8WyFVtPdgCqalQlRcnpKcuGWTiQG4q9spZhCWKjS5vRZJLCDy5p9FtJ0waAXgJP3t59ZxxzEE7uFj%2B0DwQkmwyr7f03KizXmSQ6p2NFbovAVlJ%2BqRZprp9mmlMAgiziCE%2FBACfAJWv7phER%2FQ4%3D--g58RECy%2BHaCnG7ZYLbCUiUPP31x5oJoblecskGMLYL8%3D;Path=/;HttpOnly;Expires=Fri, 07 Feb 2020 07:31:13 +0000;Max-Age=1209600;Secure". Invalid 'expires' attribute: Fri, 07 Feb 2020 07:31:13 +0000
2019-02-11 09:56:48.452  INFO 7456 --- [       Thread-4] com.clarolab.util.rest.HttpClient        : Curl to execute: curl -u a296eed321ab07d489eae6a2eed301eac5472b19: --header 'Accept: application/json;' -X GET "https://circleci.com/api/v1.1/project/bitbucket/TTriage/qa-reports/127/artifacts" --insecure
2019-02-11 09:56:48.660  WARN 7456 --- [       Thread-4] o.a.h.c.protocol.ResponseProcessCookies  : Invalid cookie header: "Set-Cookie: ring-session=54IOKJ0BrELb36nBsr45SNdwg9pOCh6u%2BF2kwOthUCOhhnrXbhL1b8NCmoUYUIgbrQr5MuGox2ObPMJM3pvJU1UFw2f3hLbD%2BNZQZN8BnlNYIgPkRVmZJqVgt%2FrhZ1I8z8Ybs0Btr83RdOuEcQ%2FQDiYb5qhoKYtw7vdMUwADNkv0TXQWjDvmzYrEsAI0OSngzS%2FaoSwUeOV6nazXWsckEhXmaVf2qBQQGkvc7rkt3Qk%3D--CZoKmGmCYsuELz%2BeJnFrCVDx1GBGL172eGs%2FPfPkH84%3D;Path=/;HttpOnly;Expires=Mon, 10 Feb 2020 18:08:13 +0000;Max-Age=1209600;Secure". Invalid 'expires' attribute: Mon, 10 Feb 2020 18:08:13 +0000
2019-02-11 09:56:48.661  INFO 7456 --- [       Thread-4] com.clarolab.util.rest.HttpClient        : Curl to execute: curl -u a296eed321ab07d489eae6a2eed301eac5472b19: --header 'Accept: application/json;' -X GET "https://circleci.com/api/v1.1/project/bitbucket/TTriage/qa-reports/126/artifacts" --insecure
2019-02-11 09:56:48.860  WARN 7456 --- [       Thread-4] o.a.h.c.protocol.ResponseProcessCookies  : Invalid cookie header: "Set-Cookie: ring-session=yfDhLucoEXlQ2105g%2BeKsmoywLXLdPFGCCAhmU8512gB7%2FZChsXGStWHuhiAkAKv5cbPsBpAFn263%2Bk7UaSgO7T%2B6SfYC8xObwABpxwXPuYyvoh3YcH60hg7igPpNJUuVsMIjK7IM25%2FVOD1ak0fYtyaZfttSBwym7UtwQLgvL1yWx0nSfb%2F%2F3iNqAhoWXLL1gy3GnbbXCjS%2BITI5O25pAQKOiq3QRWQyzYDwwI6was%3D--Qjy07qov2yzfUp5O4he6yQmnqON8m4WeQmRGY9%2FVIXQ%3D;Path=/;HttpOnly;Expires=Mon, 10 Feb 2020 18:08:13 +0000;Max-Age=1209600;Secure". Invalid 'expires' attribute: Mon, 10 Feb 2020 18:08:13 +0000
2019-02-11 09:56:48.861  INFO 7456 --- [       Thread-4] com.clarolab.util.rest.HttpClient        : Curl to execute: curl -u a296eed321ab07d489eae6a2eed301eac5472b19: --header 'Accept: application/json;' -X GET "https://circleci.com/api/v1.1/project/bitbucket/TTriage/qa-reports/125/artifacts" --insecure
2019-02-11 09:56:49.067  WARN 7456 --- [       Thread-4] o.a.h.c.protocol.ResponseProcessCookies  : Invalid cookie header: "Set-Cookie: ring-session=SOenVjSZBZi%2FVmLXuY1l%2BRl4vcDaAN%2FaHd%2B2%2F%2BaF%2BfaEEmlmRSPM8D2tqvsOOxbJFTWyPAvc9DSfKWgaUzo6LE8E7QGO0Vk0zIXd2ofTmxABfUSI1r%2BqxroLG%2B2NS8WbTRH%2FbXM4bbMZ%2FFVyro4ZIa7Ko8x3fJB4OZI84gFEysFnbh4KY26OkWDzz510v0GMnCb1FdQ1IcAhYkJanF4lqfAkuMT5rkbbvEwP0hmcGd8%3D--Mwb1tik6Aau%2BYToMMk6rC1B%2BulgvBgwO5xZBLcHJIog%3D;Path=/;HttpOnly;Expires=Mon, 10 Feb 2020 18:08:13 +0000;Max-Age=1209600;Secure". Invalid 'expires' attribute: Mon, 10 Feb 2020 18:08:13 +0000
2019-02-11 09:56:49.068  INFO 7456 --- [       Thread-4] com.clarolab.util.rest.HttpClient        : Curl to execute: curl -u a296eed321ab07d489eae6a2eed301eac5472b19: --header 'Accept: application/json;' -X GET "https://circleci.com/api/v1.1/project/bitbucket/TTriage/qa-reports/124/artifacts" --insecure
2019-02-11 09:56:49.323  WARN 7456 --- [       Thread-4] o.a.h.c.protocol.ResponseProcessCookies  : Invalid cookie header: "Set-Cookie: ring-session=ztu%2BaUc%2F7brRyywesNThp8dBkzeKVS1%2FKt%2FfGPmSTJ%2BSA%2BHJOJYfrHOLrEMRWzpwM%2FkTyuKA7zqYu0RfUOu2EDc8GBZFd%2Fc9SzorJyOKu0aYK9qG4DjZmuqb1DLYPhuTMqG5alhu8MTp0XhmFQ6T78IXCmMtvOQeIXfMe8XoeJ7pBUlrT0RDQjALvuc8NZIRt64rks7LZaqSkkd1linGatTE%2Fwx3qC4eyYf7EsWgoUk%3D--AQqFx%2FyMxaoeg4y3Y0%2BHjvnLzcbxh0O0ZVtpGghAwqU%3D;Path=/;HttpOnly;Expires=Fri, 07 Feb 2020 07:44:05 +0000;Max-Age=1209600;Secure". Invalid 'expires' attribute: Fri, 07 Feb 2020 07:44:05 +0000
2019-02-11 09:56:49.324  INFO 7456 --- [       Thread-4] com.clarolab.util.rest.HttpClient        : Curl to execute: curl -u a296eed321ab07d489eae6a2eed301eac5472b19: --header 'Accept: application/json;' -X GET "https://circleci.com/api/v1.1/project/bitbucket/TTriage/qa-reports/123/artifacts" --insecure
2019-02-11 09:56:49.556  WARN 7456 --- [       Thread-4] o.a.h.c.protocol.ResponseProcessCookies  : Invalid cookie header: "Set-Cookie: ring-session=uTR7y%2BoFeNOi4eckn13mrIKwnExqs8%2BxvE47pFnWe1m8mIyVHepbbohOmtZhk7LDoBEqvcirkkB7V6j%2BY8CXxX4VDRQ6j9O1fm%2BZhuWyl443NNPJPoiMySet%2FdM6ejI2P0FfxRSmekgyvFKRnNqxGkWbHgHiQAfraZEA4pwNmYUM3dyzw6KrZUUJLdy9Sqh005faDUJkeLPf4J%2F19fG29NlCdwirU1dhOYwdFFDDYdw%3D--WDJYBr3L%2BlIPQ6rG1TlV16GUazblM2Bd3ypedNdQ0Ig%3D;Path=/;HttpOnly;Expires=Fri, 07 Feb 2020 07:43:39 +0000;Max-Age=1209600;Secure". Invalid 'expires' attribute: Fri, 07 Feb 2020 07:43:39 +0000
2019-02-11 09:56:49.557  INFO 7456 --- [       Thread-4] com.clarolab.util.rest.HttpClient        : Curl to execute: curl -u a296eed321ab07d489eae6a2eed301eac5472b19: --header 'Accept: application/json;' -X GET "https://circleci.com/api/v1.1/project/bitbucket/TTriage/qa-reports/122/artifacts" --insecure
2019-02-11 09:56:49.799  WARN 7456 --- [       Thread-4] o.a.h.c.protocol.ResponseProcessCookies  : Invalid cookie header: "Set-Cookie: ring-session=JGomXigmYu8szdd2yOuab2DH%2FIr6jGewH9P7alGLo7fMD0zfQTn5bvxAA%2B3H6FWz%2FE7UKjzH90T4W8D3ADoDk9FTXCaISLlCggpx849FTtuN2sWJ7NIPjzqTMjc6Qem7KCcK6vVZ7J2LwaLakqEJm7%2FJSeuBF0oCZJVxePhT9Q%2F7lZ5PnxF8PXIY19%2B9PIhNixFbRbJyhN3WqJgsgUOCJ1%2BzqXkoyRpOR7Db3g4D3pg%3D--KiCz4QT9CqOnclOfe%2F%2Fa3b8CZuScrwM4L240zV1N79k%3D;Path=/;HttpOnly;Expires=Fri, 07 Feb 2020 07:34:31 +0000;Max-Age=1209600;Secure". Invalid 'expires' attribute: Fri, 07 Feb 2020 07:34:31 +0000
2019-02-11 09:56:49.799  INFO 7456 --- [       Thread-4] com.clarolab.util.rest.HttpClient        : Curl to execute: curl -u a296eed321ab07d489eae6a2eed301eac5472b19: --header 'Accept: application/json;' -X GET "https://circleci.com/api/v1.1/project/bitbucket/TTriage/qa-reports/121/artifacts" --insecure
2019-02-11 09:56:50.084  WARN 7456 --- [       Thread-4] o.a.h.c.protocol.ResponseProcessCookies  : Invalid cookie header: "Set-Cookie: ring-session=4O%2FK576an04NWjsBelBrLCN%2F%2BmTgmKIdYhQICpDOWC8IW146339ZEL8MLz%2BSMQaeRGMaVfC8CJugujxjz%2BszlTktHYYq%2Ba%2FKssxns1WWi4ec3L0UtyjjhbeC93ef0weM6lkDA7pZV%2Bsi8HDFTxRlT2z%2B8CVR4vlaEZOeL1H3j3yPfcQQjqoXxFCkoKa3KP3AJ1Ses0zSuq3UeGOq19AYwhltQ4gWYke5Br3%2FYU5ChCA%3D--we%2FGQ9e3NQfiKo9kmmwB407jT3iAIb4rEzAb1TdQh8k%3D;Path=/;HttpOnly;Expires=Mon, 10 Feb 2020 18:08:13 +0000;Max-Age=1209600;Secure". Invalid 'expires' attribute: Mon, 10 Feb 2020 18:08:13 +0000
2019-02-11 09:56:50.085  INFO 7456 --- [       Thread-4] com.clarolab.util.rest.HttpClient        : Curl to execute: curl -u a296eed321ab07d489eae6a2eed301eac5472b19: --header 'Accept: application/json;' -X GET "https://circleci.com/api/v1.1/project/bitbucket/TTriage/qa-reports/120/artifacts" --insecure
2019-02-11 09:56:50.316  WARN 7456 --- [       Thread-4] o.a.h.c.protocol.ResponseProcessCookies  : Invalid cookie header: "Set-Cookie: ring-session=V0ajkQHu086M9EUqobx581W4xZ9rWJbRs6LOw%2BhwdHAV98HiWe7AX1pgH2QaM3MnQPDe2H3RMJ4noLCh%2BWc9%2FzXGT901NZCMqrll8RKNxsD40poIhV1gTRuR47lPVIkV3lYqMIuUQ4NsZZ0NmHBdG1dZYqG1bFKmBP4miCKVozao60iYJb4WlJq32RpsJ856LWgUGMhCdbvxRWor4lsa9ym8B0gom1P4BWXPo7b5gOQ%3D--MPSduJsHkqIjRVFUdAqpzBYqRcXpTBXILj2veInIqno%3D;Path=/;HttpOnly;Expires=Mon, 10 Feb 2020 19:09:54 +0000;Max-Age=1209600;Secure". Invalid 'expires' attribute: Mon, 10 Feb 2020 19:09:54 +0000
2019-02-11 09:56:50.317  INFO 7456 --- [       Thread-4] com.clarolab.util.rest.HttpClient        : Curl to execute: curl -u a296eed321ab07d489eae6a2eed301eac5472b19: --header 'Accept: application/json;' -X GET "https://circleci.com/api/v1.1/project/bitbucket/TTriage/qa-reports/119/artifacts" --insecure
2019-02-11 09:56:50.522  WARN 7456 --- [       Thread-4] o.a.h.c.protocol.ResponseProcessCookies  : Invalid cookie header: "Set-Cookie: ring-session=nO5VkruIPtpA3VqFapf%2B%2BIQns4UpXXwz3%2FX5w2322Ljam%2FkmL9PRGh2YSv5F3yVXOBmpUeJJ6K5U%2F%2BSTMt5rEU7pFe3ATAF%2Fr9d5hb1w4xy3ZJ8G17GtwBJ%2BR%2BV8lMLzpqMQ8uTCcayjQyJ48YseDTnOybVQI6JEF5p%2BOK4Xc2CJlMPGF6EgspMmk6SSYjkrjWemoFGKsKe0PZ3rHD8XnnsvRcg3DwzD0hRZ0dyAMsQ%3D--%2BCBJETA4JdKAneJ8s%2FoRyAWUhuo62IQtro7KwcGOW8w%3D;Path=/;HttpOnly;Expires=Mon, 10 Feb 2020 19:09:54 +0000;Max-Age=1209600;Secure". Invalid 'expires' attribute: Mon, 10 Feb 2020 19:09:54 +0000
2019-02-11 09:56:50.523  INFO 7456 --- [       Thread-4] com.clarolab.util.rest.HttpClient        : Curl to execute: curl -u a296eed321ab07d489eae6a2eed301eac5472b19: --header 'Accept: application/json;' -X GET "https://circleci.com/api/v1.1/project/bitbucket/TTriage/qa-reports/118/artifacts" --insecure
2019-02-11 09:56:50.757  WARN 7456 --- [       Thread-4] o.a.h.c.protocol.ResponseProcessCookies  : Invalid cookie header: "Set-Cookie: ring-session=KtqQSJw5IzFGa2eHSaUGl%2FRD1eUUqs%2FAAOboPVHoAsBnVHt3UsMWNv%2BOhtpbfmFiJIp%2BdN9f7fi0sIZCrqluLU56KZERktDQQdNr%2BEFcQ3B0TrAR8wB4ooZkY0WQSiaYo8s5c%2BX5vQul5pwpL9OTZ87KHLQ6xdJO0Acyl7ZafthupMDbCLDnAxIvrJxvz6bImeHZ9cAQBbdMeLMxkA385yphtWJ%2FRpDHZ1gFfzEorto%3D--1KJZao6OeOjFRuW7ZQRqt30qqPi0oXp8%2F53SvIfQfvc%3D;Path=/;HttpOnly;Expires=Fri, 07 Feb 2020 07:31:19 +0000;Max-Age=1209600;Secure". Invalid 'expires' attribute: Fri, 07 Feb 2020 07:31:19 +0000
2019-02-11 09:56:50.758  INFO 7456 --- [       Thread-4] com.clarolab.util.rest.HttpClient        : Curl to execute: curl -u a296eed321ab07d489eae6a2eed301eac5472b19: --header 'Accept: application/json;' -X GET "https://circleci.com/api/v1.1/project/bitbucket/TTriage/qa-reports/117/artifacts" --insecure
2019-02-11 09:56:50.990  WARN 7456 --- [       Thread-4] o.a.h.c.protocol.ResponseProcessCookies  : Invalid cookie header: "Set-Cookie: ring-session=lAkt1LisWIsBdsVCIpPcgL0YcE4WxcinDB9po1JN4%2Bhrnt3XW6COpszf1UomsgzyO%2BRKb6zW8uLOeaZ441qmt1UT%2BO31jFVXTFU7Xg7u2IbAE%2B9VDn%2FUCqSfoHJlbMij9%2FAXxGV5wfOgAFR%2FbwQHSFoxFM6L2cyzYi8PAcJhPfF3MIzHCli5ZPkSDV1SINyWPSDY8jTkGTsj0Xum7hKSXjvKnZWYfbyTzd%2Fg10Pe8zo%3D--TNLM0POC664J32Bk5yrwtsmGTaLwJdVwRAkRhNcLsYI%3D;Path=/;HttpOnly;Expires=Fri, 07 Feb 2020 07:34:27 +0000;Max-Age=1209600;Secure". Invalid 'expires' attribute: Fri, 07 Feb 2020 07:34:27 +0000
2019-02-11 09:56:50.991  INFO 7456 --- [       Thread-4] com.clarolab.util.rest.HttpClient        : Curl to execute: curl -u a296eed321ab07d489eae6a2eed301eac5472b19: --header 'Accept: application/json;' -X GET "https://circleci.com/api/v1.1/project/bitbucket/TTriage/qa-reports/116/artifacts" --insecure
2019-02-11 09:56:51.218  WARN 7456 --- [       Thread-4] o.a.h.c.protocol.ResponseProcessCookies  : Invalid cookie header: "Set-Cookie: ring-session=52WC0%2FMysdIKnbI6ua6Uf3PtbAo2TRx7pUS%2FVYxlmTDICtUiBhf%2FS2S8yr7EOh%2FfysfdOO5n%2FWO5LDqzPkzhr1t%2FWajSbf%2B%2F7KtKmSdjL1lhMGPwj014cLKAmyBBAQcsTExO0I8FlFbDhauTTtZr4fYH%2Br9rksSu4qlFOhboO6y%2BhR0QpvB3UUYQMhMXB0cNtzx4CrC%2Bntz7gI%2BrI0BPekXdpMH6FxO5DQ16Am9bWfU%3D--UVhuIdVLvlrq7%2F30MEpuAjyIC%2FG2ScEsCQZEaS6acBA%3D;Path=/;HttpOnly;Expires=Sat, 08 Feb 2020 01:04:10 +0000;Max-Age=1209600;Secure". Invalid 'expires' attribute: Sat, 08 Feb 2020 01:04:10 +0000
2019-02-11 09:56:51.219  INFO 7456 --- [       Thread-4] com.clarolab.util.rest.HttpClient        : Curl to execute: curl -u a296eed321ab07d489eae6a2eed301eac5472b19: --header 'Accept: application/json;' -X GET "https://circleci.com/api/v1.1/project/bitbucket/TTriage/qa-reports/115/artifacts" --insecure
2019-02-11 09:56:51.455  WARN 7456 --- [       Thread-4] o.a.h.c.protocol.ResponseProcessCookies  : Invalid cookie header: "Set-Cookie: ring-session=bXdHMQXbG5oosYmJadsNyyJcz8d2S9JUXX%2B8WSfohBzKsaujaCIw1Ea2%2B4S3z64mwb4%2FPg42fMlHBm32abeTvjn%2FLFOgVlvfIT2YZCYA%2FTpowx3hewNd8uBN3dHrPbmeDGUDAKhBpXBxSmKYGoywXDN2WQqKwiIcifP67SzQR6NcibECCQmjoQgbHxpU%2BevaomMY74vilO4o%2FoIgWLWXVQ%2BDIq9geWWhb4mjfeQjUro%3D--ywZ5ucASA1FZxJEb6%2BaNdhzBZf7MQhaCdc7JkZKmEdw%3D;Path=/;HttpOnly;Expires=Fri, 07 Feb 2020 07:44:27 +0000;Max-Age=1209600;Secure". Invalid 'expires' attribute: Fri, 07 Feb 2020 07:44:27 +0000
2019-02-11 09:56:51.457  INFO 7456 --- [       Thread-4] com.clarolab.util.rest.HttpClient        : Curl to execute: curl -u a296eed321ab07d489eae6a2eed301eac5472b19: --header 'Accept: application/json;' -X GET "https://circleci.com/api/v1.1/project/bitbucket/TTriage/qa-reports/114/artifacts" --insecure
2019-02-11 09:56:51.675  WARN 7456 --- [       Thread-4] o.a.h.c.protocol.ResponseProcessCookies  : Invalid cookie header: "Set-Cookie: ring-session=T1ZbjEdWbucxKiC0BW5ZKMvJrJP7CEPAAnTsg%2FvharGlpJE8u5voMyLUpoWBIGuCi%2BzFApT93j86MzS3ziG4ibAOOs%2BkrHtmoTQnLLhBr%2BE3Sm2gb3aypdExi1Jrz6NWjpOGVrLsl%2FVcqQ%2FBgsYTd5tz1wG0gujg7q2JzEUb8u6%2FaeN6Nlsw7WkRV0HcncLeU26VnYijVkeJk6ODUBx9xyhZjLq5mgaGq8R9Uv%2BXaLY%3D--zQJW46%2FhM3ATtNE0ZIhjkniuGyGAEnWJV5a%2F5kO0Zvw%3D;Path=/;HttpOnly;Expires=Fri, 07 Feb 2020 21:30:24 +0000;Max-Age=1209600;Secure". Invalid 'expires' attribute: Fri, 07 Feb 2020 21:30:24 +0000
2019-02-11 09:56:51.676  INFO 7456 --- [       Thread-4] com.clarolab.util.rest.HttpClient        : Curl to execute: curl -u a296eed321ab07d489eae6a2eed301eac5472b19: --header 'Accept: application/json;' -X GET "https://circleci.com/api/v1.1/project/bitbucket/TTriage/qa-reports/113/artifacts" --insecure
2019-02-11 09:56:51.880  WARN 7456 --- [       Thread-4] o.a.h.c.protocol.ResponseProcessCookies  : Invalid cookie header: "Set-Cookie: ring-session=Pk%2FOM5J9fqyFvhec8%2BSx4zeHg%2BC%2BbVcaLw3uxF6pCiBcSOnPdt%2FbjoSIuyQMhhPcM8ORDnlOTyrOh85MKrisjE3eirCnj2qxeW%2B3%2BiYLbIh3LCxP%2BOf%2BJSY2o4TBtqMQ2jQK%2Fox18DNUc9SP5u3sCl8Ij1X9bZOz6qXy%2F8KSnCNYD0BhYwYStroSQsmzcXIsN8K0fR2YY4YcbD4SXyAYE6roeYaB0jxpP7Gr28f02Mc%3D--IxRPR1XSruZx%2BHw8MkhzMdnqxnHFg3w02kQJu21knew%3D;Path=/;HttpOnly;Expires=Tue, 11 Feb 2020 08:57:26 +0000;Max-Age=1209600;Secure". Invalid 'expires' attribute: Tue, 11 Feb 2020 08:57:26 +0000
2019-02-11 09:56:51.882  INFO 7456 --- [       Thread-4] c.c.c.impl.circleCI.CircleCIConnector    : Generating build for: qa-reports>>test#132
2019-02-11 09:56:51.888  INFO 7456 --- [       Thread-4] com.clarolab.util.rest.HttpClient        : Curl to execute: curl -u a296eed321ab07d489eae6a2eed301eac5472b19: --header 'Accept: application/json;' -X GET "https://132-cea26d03-16f4-4beb-afc7-f87595e1989d-bb.circle-artifacts.com/0/root/repo/target/surefire-reports/testng-results.xml?circle-token=a296eed321ab07d489eae6a2eed301eac5472b19" --insecure
2019-02-11 09:56:52.952  WARN 7456 --- [       Thread-4] o.a.h.c.protocol.ResponseProcessCookies  : Invalid cookie header: "Set-Cookie: ring-session=7C1OXimDJ%2FRaU8RvA0koSmyiU%2BuJrGOYzfN5yerQtuw%3D--Z%2Fi%2BcrqAWT0WHnoBQ4D7htyxoywjQNzE8V%2BqXEj0dUo%3D;Path=/;HttpOnly;Expires=Mon, 03 Feb 2020 19:18:01 +0000;Max-Age=31536000;Secure". Invalid 'expires' attribute: Mon, 03 Feb 2020 19:18:01 +0000
2019-02-11 09:56:53.161  INFO 7456 --- [       Thread-4] c.c.c.impl.circleCI.CircleCIConnector    : Generating build for: qa-reports>>test#129
2019-02-11 09:56:53.162  INFO 7456 --- [       Thread-4] com.clarolab.util.rest.HttpClient        : Curl to execute: curl -u a296eed321ab07d489eae6a2eed301eac5472b19: --header 'Accept: application/json;' -X GET "https://129-cea26d03-16f4-4beb-afc7-f87595e1989d-bb.circle-artifacts.com/0/root/repo/target/surefire-reports/testng-results.xml?circle-token=a296eed321ab07d489eae6a2eed301eac5472b19" --insecure
2019-02-11 09:56:53.703  INFO 7456 --- [o-auto-1-exec-1] o.a.c.c.C.[Tomcat].[localhost].[/]       : Initializing Spring DispatcherServlet 'dispatcherServlet'
2019-02-11 09:56:53.703  INFO 7456 --- [o-auto-1-exec-1] o.s.web.servlet.DispatcherServlet        : Initializing Servlet 'dispatcherServlet'
2019-02-11 09:56:53.722  INFO 7456 --- [o-auto-1-exec-1] o.s.web.servlet.DispatcherServlet        : Completed initialization in 19 ms
]]></system-out>
  </testcase>
  <testcase name="testBuildCreate" classname="com.clarolab.api.test.BuildAPITest" time="0.006"/>
  <testcase name="testBuildDelete" classname="com.clarolab.api.test.BuildAPITest" time="0.644"/>
  <testcase name="testBuildGetOne" classname="com.clarolab.api.test.BuildAPITest" time="0.078"/>
  <testcase name="testBuildListNotEmpty" classname="com.clarolab.api.test.BuildAPITest" time="5.736"/>
  <testcase name="testConnectorContainerList" classname="com.clarolab.api.test.ConnectorAPITest" time="0.046"/>
  <testcase name="testGet" classname="com.clarolab.api.test.ConnectorAPITest" time="0.058"/>
  <testcase name="testList" classname="com.clarolab.api.test.ConnectorAPITest" time="0.027"/>
  <testcase name="testAContainer" classname="com.clarolab.api.test.ConnectorAPITest" time="1.932"/>
  <testcase name="testCreate" classname="com.clarolab.api.test.ConnectorAPITest" time="0.095"/>
  <testcase name="testDelete" classname="com.clarolab.api.test.ConnectorAPITest" time="0.021"/>
  <testcase name="testPopulateId" classname="com.clarolab.api.test.ConnectorAPITest" time="0.003"/>
  <testcase name="testUpdate" classname="com.clarolab.api.test.ConnectorAPITest" time="0.039"/>
  <testcase name="testSpecList" classname="com.clarolab.api.test.ListAPITest" time="0.327"/>
  <testcase name="testBuildList" classname="com.clarolab.api.test.ListAPITest" time="0.402"/>
  <testcase name="testContainerList" classname="com.clarolab.api.test.ListAPITest" time="0.149"/>
  <testcase name="testExecutorList" classname="com.clarolab.api.test.ListAPITest" time="0.1"/>
  <testcase name="testPropertyList" classname="com.clarolab.api.test.ListAPITest" time="0.061"/>
  <testcase name="testUserList" classname="com.clarolab.api.test.ListAPITest" time="0.17"/>
  <testcase name="testReportList" classname="com.clarolab.api.test.ListAPITest" time="0.404"/>
  <testcase name="testConnectorList" classname="com.clarolab.api.test.ListAPITest" time="0.218"/>
  <testcase name="testTestCaseList" classname="com.clarolab.api.test.ListAPITest" time="0.212"/>
  <testcase name="testGet" classname="com.clarolab.api.test.ProductAPITest" time="0.032"/>
  <testcase name="testList" classname="com.clarolab.api.test.ProductAPITest" time="0.017"/>
  <testcase name="testCreate" classname="com.clarolab.api.test.ProductAPITest" time="0.035"/>
  <testcase name="testDelete" classname="com.clarolab.api.test.ProductAPITest" time="0.035"/>
  <testcase name="testUpdate" classname="com.clarolab.api.test.ProductAPITest" time="0.038"/>
  <testcase name="testUserCreateDuplicatedUsernames" classname="com.clarolab.api.test.UserAPITest" time="0.123"/>
  <testcase name="testTime1" classname="com.clarolab.api.test.UserAPITest" time="1.003"/>
  <testcase name="testTime2" classname="com.clarolab.api.test.UserAPITest" time="59.005"/>
  <testcase name="testTime3" classname="com.clarolab.api.test.UserAPITest" time="65.005"/>
  <testcase name="testUserCreate" classname="com.clarolab.api.test.UserAPITest" time="6.753"/>
  <testcase name="testUserDelete" classname="com.clarolab.api.test.UserAPITest" time="0.12"/>
  <testcase name="testUserListTimeOut" classname="com.clarolab.api.test.UserAPITest" time="0.011"/>
  <testcase name="testUserUpdate" classname="com.clarolab.api.test.UserAPITest" time="0.115"/>
  <testcase name="testUserDeleteNotInList" classname="com.clarolab.api.test.UserAPITest" time="0.133"/>
  <testcase name="testViewExportExecutorAsCSV" classname="com.clarolab.api.test.ExportAPITest" time="0.077"/>
  <testcase name="testViewExportExecutorAsPDF" classname="com.clarolab.api.test.ExportAPITest" time="0.177"/>
  <testcase name="testViewExportExecutorAsXLS" classname="com.clarolab.api.test.ExportAPITest" time="0.214"/>
  <testcase name="testViewExportUserAsCSV" classname="com.clarolab.api.test.ExportAPITest" time="0.091"/>
  <testcase name="testViewExportUserAsPDF" classname="com.clarolab.api.test.ExportAPITest" time="0.099"/>
  <testcase name="testViewExportUserAsXLS" classname="com.clarolab.api.test.ExportAPITest" time="0.094"/>
  <testcase name="testJobExecution" classname="com.clarolab.api.report.StatsAPITest" time="0.023"/>
  <testcase name="testBuildFails" classname="com.clarolab.api.report.StatsAPITest" time="0.019"/>
  <testcase name="testViewBuildReport" classname="com.clarolab.api.test.ViewAPITest" time="0.011"/>
  <testcase name="testViewBuildTriage" classname="com.clarolab.api.test.ViewAPITest" time="0.104"/>
  <testcase name="testViewExecutor" classname="com.clarolab.api.test.ViewAPITest" time="0.019"/>
  <testcase name="testViewTestCase" classname="com.clarolab.api.test.ViewAPITest" time="0.014"/>
  <testcase name="testViewExecutors" classname="com.clarolab.api.test.ViewAPITest" time="0.035"/>
  <testcase name="testTestCaseReport" classname="com.clarolab.api.test.ViewAPITest" time="0.024"/>
  <testcase name="testBasic" classname="com.clarolab.api.test.ApproveAutomaticTriageAPITest" time="0.118"/>
  <testcase name="testBase" classname="com.clarolab.api.test.AssigneeToBuildAPITest" time="0.117"/>
  <testcase name="testBasic" classname="com.clarolab.api.test.InvalidBuildTriageAPITest" time="0.104"/>
  <testcase name="testBasic" classname="com.clarolab.api.test.TriageBuildAPITest" time="0.105"/>
  <testcase name="testBasic" classname="com.clarolab.api.test.AssignTestCaseAPITest" time="0.1"/>
  <testcase name="testTestCaseListNotEmpty" classname="com.clarolab.api.test.TestExecutionAPITest" time="0.027"/>
  <testcase name="testTestCaseDeleteNotInList" classname="com.clarolab.api.test.TestExecutionAPITest" time="0.025"/>
  <testcase name="testTestCaseCreate" classname="com.clarolab.api.test.TestExecutionAPITest" time="0.004"/>
  <testcase name="testTestCaseDelete" classname="com.clarolab.api.test.TestExecutionAPITest" time="0.016"/>
  <testcase name="testTestCaseGetOne" classname="com.clarolab.api.test.TestExecutionAPITest" time="0.015"/>
  <testcase name="testTestCaseListTimeOut" classname="com.clarolab.api.test.TestExecutionAPITest" time="0.01"/>
  <testcase name="testBasic" classname="com.clarolab.api.test.TriageTestAPITest" time="0.112"/>
</testsuite>