<?xml version="1.0" encoding="UTF-8"?>
<testsuite xmlns:xsi="http://www.w3.org/2001/XMLSchema-instance" xsi:noNamespaceSchemaLocation="https://maven.apache.org/surefire/maven-surefire-plugin/xsd/surefire-test-report-3.0.xsd" version="3.0" name="com.clarolab.runner.suite.SmokeSuite" time="45.959" tests="249" errors="1" skipped="0" failures="15">
  <properties>
    <property name="awt.toolkit" value="sun.awt.X11.XToolkit"/>
    <property name="file.encoding.pkg" value="sun.io"/>
    <property name="java.specification.version" value="1.8"/>
    <property name="sun.cpu.isalist" value=""/>
    <property name="sun.jnu.encoding" value="UTF-8"/>
    <property name="java.class.path" value="/var/jenkins_home/.m2/repository/org/apache/maven/surefire/surefire-booter/3.0.0-M3/surefire-booter-3.0.0-M3.jar:/var/jenkins_home/.m2/repository/org/apache/maven/surefire/surefire-api/3.0.0-M3/surefire-api-3.0.0-M3.jar:/var/jenkins_home/.m2/repository/org/apache/maven/surefire/surefire-logger-api/3.0.0-M3/surefire-logger-api-3.0.0-M3.jar:/var/jenkins_home/workspace/TTriage Backend Smoke Suite/target/test-classes:/var/jenkins_home/workspace/TTriage Backend Smoke Suite/target/classes:/var/jenkins_home/.m2/repository/org/slf4j/slf4j-api/1.7.21/slf4j-api-1.7.21.jar:/var/jenkins_home/.m2/repository/javax/xml/bind/jaxb-api/2.3.0/jaxb-api-2.3.0.jar:/var/jenkins_home/.m2/repository/com/google/code/gson/gson/2.8.5/gson-2.8.5.jar:/var/jenkins_home/.m2/repository/org/modelmapper/modelmapper/2.3.2/modelmapper-2.3.2.jar:/var/jenkins_home/.m2/repository/org/springframework/boot/spring-boot-starter-data-jpa/2.1.2.RELEASE/spring-boot-starter-data-jpa-2.1.2.RELEASE.jar:/var/jenkins_home/.m2/repository/org/springframework/boot/spring-boot-starter-aop/2.1.2.RELEASE/spring-boot-starter-aop-2.1.2.RELEASE.jar:/var/jenkins_home/.m2/repository/org/aspectj/aspectjweaver/1.9.2/aspectjweaver-1.9.2.jar:/var/jenkins_home/.m2/repository/javax/transaction/javax.transaction-api/1.3/javax.transaction-api-1.3.jar:/var/jenkins_home/.m2/repository/org/hibernate/hibernate-core/5.3.7.Final/hibernate-core-5.3.7.Final.jar:/var/jenkins_home/.m2/repository/org/jboss/logging/jboss-logging/3.3.2.Final/jboss-logging-3.3.2.Final.jar:/var/jenkins_home/.m2/repository/javax/persistence/javax.persistence-api/2.2/javax.persistence-api-2.2.jar:/var/jenkins_home/.m2/repository/org/javassist/javassist/3.23.1-GA/javassist-3.23.1-GA.jar:/var/jenkins_home/.m2/repository/net/bytebuddy/byte-buddy/1.9.7/byte-buddy-1.9.7.jar:/var/jenkins_home/.m2/repository/antlr/antlr/2.7.7/antlr-2.7.7.jar:/var/jenkins_home/.m2/repository/org/jboss/jandex/2.0.5.Final/jandex-2.0.5.Final.jar:/var/jenkins_home/.m2/repository/javax/activation/javax.activation-api/1.2.0/javax.activation-api-1.2.0.jar:/var/jenkins_home/.m2/repository/org/dom4j/dom4j/2.1.1/dom4j-2.1.1.jar:/var/jenkins_home/.m2/repository/org/hibernate/common/hibernate-commons-annotations/5.0.4.Final/hibernate-commons-annotations-5.0.4.Final.jar:/var/jenkins_home/.m2/repository/org/springframework/data/spring-data-jpa/2.1.4.RELEASE/spring-data-jpa-2.1.4.RELEASE.jar:/var/jenkins_home/.m2/repository/org/springframework/data/spring-data-commons/2.1.4.RELEASE/spring-data-commons-2.1.4.RELEASE.jar:/var/jenkins_home/.m2/repository/org/springframework/spring-orm/5.1.4.RELEASE/spring-orm-5.1.4.RELEASE.jar:/var/jenkins_home/.m2/repository/org/springframework/spring-context/5.1.4.RELEASE/spring-context-5.1.4.RELEASE.jar:/var/jenkins_home/.m2/repository/org/springframework/spring-aspects/5.1.4.RELEASE/spring-aspects-5.1.4.RELEASE.jar:/var/jenkins_home/.m2/repository/org/springframework/boot/spring-boot-starter-data-rest/2.1.2.RELEASE/spring-boot-starter-data-rest-2.1.2.RELEASE.jar:/var/jenkins_home/.m2/repository/org/springframework/boot/spring-boot-starter-web/2.1.2.RELEASE/spring-boot-starter-web-2.1.2.RELEASE.jar:/var/jenkins_home/.m2/repository/org/springframework/boot/spring-boot-starter-json/2.1.2.RELEASE/spring-boot-starter-json-2.1.2.RELEASE.jar:/var/jenkins_home/.m2/repository/com/fasterxml/jackson/datatype/jackson-datatype-jdk8/2.9.8/jackson-datatype-jdk8-2.9.8.jar:/var/jenkins_home/.m2/repository/com/fasterxml/jackson/datatype/jackson-datatype-jsr310/2.9.8/jackson-datatype-jsr310-2.9.8.jar:/var/jenkins_home/.m2/repository/com/fasterxml/jackson/module/jackson-module-parameter-names/2.9.8/jackson-module-parameter-names-2.9.8.jar:/var/jenkins_home/.m2/repository/org/springframework/boot/spring-boot-starter-tomcat/2.1.2.RELEASE/spring-boot-starter-tomcat-2.1.2.RELEASE.jar:/var/jenkins_home/.m2/repository/org/apache/tomcat/embed/tomcat-embed-core/9.0.14/tomcat-embed-core-9.0.14.jar:/var/jenkins_home/.m2/repository/org/apache/tomcat/embed/tomcat-embed-el/9.0.14/tomcat-embed-el-9.0.14.jar:/var/jenkins_home/.m2/repository/org/apache/tomcat/embed/tomcat-embed-websocket/9.0.14/tomcat-embed-websocket-9.0.14.jar:/var/jenkins_home/.m2/repository/org/hibernate/validator/hibernate-validator/6.0.14.Final/hibernate-validator-6.0.14.Final.jar:/var/jenkins_home/.m2/repository/javax/validation/validation-api/2.0.1.Final/validation-api-2.0.1.Final.jar:/var/jenkins_home/.m2/repository/org/springframework/spring-web/5.1.4.RELEASE/spring-web-5.1.4.RELEASE.jar:/var/jenkins_home/.m2/repository/org/springframework/data/spring-data-rest-webmvc/3.1.4.RELEASE/spring-data-rest-webmvc-3.1.4.RELEASE.jar:/var/jenkins_home/.m2/repository/org/springframework/data/spring-data-rest-core/3.1.4.RELEASE/spring-data-rest-core-3.1.4.RELEASE.jar:/var/jenkins_home/.m2/repository/org/springframework/hateoas/spring-hateoas/0.25.0.RELEASE/spring-hateoas-0.25.0.RELEASE.jar:/var/jenkins_home/.m2/repository/org/atteo/evo-inflector/1.2.2/evo-inflector-1.2.2.jar:/var/jenkins_home/.m2/repository/org/springframework/boot/spring-boot-starter-test/2.1.2.RELEASE/spring-boot-starter-test-2.1.2.RELEASE.jar:/var/jenkins_home/.m2/repository/org/springframework/boot/spring-boot-starter/2.1.2.RELEASE/spring-boot-starter-2.1.2.RELEASE.jar:/var/jenkins_home/.m2/repository/org/springframework/boot/spring-boot/2.1.2.RELEASE/spring-boot-2.1.2.RELEASE.jar:/var/jenkins_home/.m2/repository/org/springframework/boot/spring-boot-autoconfigure/2.1.2.RELEASE/spring-boot-autoconfigure-2.1.2.RELEASE.jar:/var/jenkins_home/.m2/repository/org/springframework/boot/spring-boot-starter-logging/2.1.2.RELEASE/spring-boot-starter-logging-2.1.2.RELEASE.jar:/var/jenkins_home/.m2/repository/ch/qos/logback/logback-classic/1.2.3/logback-classic-1.2.3.jar:/var/jenkins_home/.m2/repository/ch/qos/logback/logback-core/1.2.3/logback-core-1.2.3.jar:/var/jenkins_home/.m2/repository/org/apache/logging/log4j/log4j-to-slf4j/2.11.1/log4j-to-slf4j-2.11.1.jar:/var/jenkins_home/.m2/repository/org/apache/logging/log4j/log4j-api/2.11.1/log4j-api-2.11.1.jar:/var/jenkins_home/.m2/repository/org/slf4j/jul-to-slf4j/1.7.25/jul-to-slf4j-1.7.25.jar:/var/jenkins_home/.m2/repository/javax/annotation/javax.annotation-api/1.3.2/javax.annotation-api-1.3.2.jar:/var/jenkins_home/.m2/repository/org/yaml/snakeyaml/1.23/snakeyaml-1.23.jar:/var/jenkins_home/.m2/repository/org/springframework/boot/spring-boot-test/2.1.2.RELEASE/spring-boot-test-2.1.2.RELEASE.jar:/var/jenkins_home/.m2/repository/org/springframework/boot/spring-boot-test-autoconfigure/2.1.2.RELEASE/spring-boot-test-autoconfigure-2.1.2.RELEASE.jar:/var/jenkins_home/.m2/repository/com/jayway/jsonpath/json-path/2.4.0/json-path-2.4.0.jar:/var/jenkins_home/.m2/repository/net/minidev/json-smart/2.3/json-smart-2.3.jar:/var/jenkins_home/.m2/repository/net/minidev/accessors-smart/1.2/accessors-smart-1.2.jar:/var/jenkins_home/.m2/repository/org/ow2/asm/asm/5.0.4/asm-5.0.4.jar:/var/jenkins_home/.m2/repository/junit/junit/4.12/junit-4.12.jar:/var/jenkins_home/.m2/repository/org/assertj/assertj-core/3.11.1/assertj-core-3.11.1.jar:/var/jenkins_home/.m2/repository/org/mockito/mockito-core/2.23.4/mockito-core-2.23.4.jar:/var/jenkins_home/.m2/repository/net/bytebuddy/byte-buddy-agent/1.9.7/byte-buddy-agent-1.9.7.jar:/var/jenkins_home/.m2/repository/org/objenesis/objenesis/2.6/objenesis-2.6.jar:/var/jenkins_home/.m2/repository/org/hamcrest/hamcrest-core/1.3/hamcrest-core-1.3.jar:/var/jenkins_home/.m2/repository/org/skyscreamer/jsonassert/1.5.0/jsonassert-1.5.0.jar:/var/jenkins_home/.m2/repository/org/springframework/spring-core/5.1.4.RELEASE/spring-core-5.1.4.RELEASE.jar:/var/jenkins_home/.m2/repository/org/springframework/spring-jcl/5.1.4.RELEASE/spring-jcl-5.1.4.RELEASE.jar:/var/jenkins_home/.m2/repository/org/springframework/spring-test/5.1.4.RELEASE/spring-test-5.1.4.RELEASE.jar:/var/jenkins_home/.m2/repository/org/xmlunit/xmlunit-core/2.6.2/xmlunit-core-2.6.2.jar:/var/jenkins_home/.m2/repository/org/springframework/restdocs/spring-restdocs-mockmvc/2.0.3.RELEASE/spring-restdocs-mockmvc-2.0.3.RELEASE.jar:/var/jenkins_home/.m2/repository/javax/servlet/javax.servlet-api/4.0.1/javax.servlet-api-4.0.1.jar:/var/jenkins_home/.m2/repository/org/springframework/restdocs/spring-restdocs-core/2.0.3.RELEASE/spring-restdocs-core-2.0.3.RELEASE.jar:/var/jenkins_home/.m2/repository/org/springframework/spring-webmvc/5.1.4.RELEASE/spring-webmvc-5.1.4.RELEASE.jar:/var/jenkins_home/.m2/repository/org/springframework/spring-expression/5.1.4.RELEASE/spring-expression-5.1.4.RELEASE.jar:/var/jenkins_home/.m2/repository/org/springframework/boot/spring-boot-starter-jdbc/2.1.2.RELEASE/spring-boot-starter-jdbc-2.1.2.RELEASE.jar:/var/jenkins_home/.m2/repository/org/springframework/spring-jdbc/5.1.4.RELEASE/spring-jdbc-5.1.4.RELEASE.jar:/var/jenkins_home/.m2/repository/org/springframework/spring-beans/5.1.4.RELEASE/spring-beans-5.1.4.RELEASE.jar:/var/jenkins_home/.m2/repository/org/springframework/spring-tx/5.1.4.RELEASE/spring-tx-5.1.4.RELEASE.jar:/var/jenkins_home/.m2/repository/org/springframework/boot/spring-boot-starter-security/2.1.2.RELEASE/spring-boot-starter-security-2.1.2.RELEASE.jar:/var/jenkins_home/.m2/repository/org/springframework/spring-aop/5.1.4.RELEASE/spring-aop-5.1.4.RELEASE.jar:/var/jenkins_home/.m2/repository/org/springframework/security/spring-security-config/5.1.3.RELEASE/spring-security-config-5.1.3.RELEASE.jar:/var/jenkins_home/.m2/repository/org/springframework/security/spring-security-web/5.1.3.RELEASE/spring-security-web-5.1.3.RELEASE.jar:/var/jenkins_home/.m2/repository/org/springframework/security/spring-security-oauth2-client/5.1.3.RELEASE/spring-security-oauth2-client-5.1.3.RELEASE.jar:/var/jenkins_home/.m2/repository/com/nimbusds/oauth2-oidc-sdk/6.0/oauth2-oidc-sdk-6.0.jar:/var/jenkins_home/.m2/repository/com/sun/mail/javax.mail/1.6.2/javax.mail-1.6.2.jar:/var/jenkins_home/.m2/repository/javax/activation/activation/1.1/activation-1.1.jar:/var/jenkins_home/.m2/repository/com/github/stephenc/jcip/jcip-annotations/1.0-1/jcip-annotations-1.0-1.jar:/var/jenkins_home/.m2/repository/com/nimbusds/lang-tag/1.4.4/lang-tag-1.4.4.jar:/var/jenkins_home/.m2/repository/com/nimbusds/nimbus-jose-jwt/7.1/nimbus-jose-jwt-7.1.jar:/var/jenkins_home/.m2/repository/org/springframework/security/spring-security-core/5.1.3.RELEASE/spring-security-core-5.1.3.RELEASE.jar:/var/jenkins_home/.m2/repository/org/springframework/security/spring-security-oauth2-core/5.1.3.RELEASE/spring-security-oauth2-core-5.1.3.RELEASE.jar:/var/jenkins_home/.m2/repository/io/jsonwebtoken/jjwt/0.9.1/jjwt-0.9.1.jar:/var/jenkins_home/.m2/repository/io/springfox/springfox-swagger2/2.6.1/springfox-swagger2-2.6.1.jar:/var/jenkins_home/.m2/repository/io/swagger/swagger-annotations/1.5.10/swagger-annotations-1.5.10.jar:/var/jenkins_home/.m2/repository/io/swagger/swagger-models/1.5.10/swagger-models-1.5.10.jar:/var/jenkins_home/.m2/repository/io/springfox/springfox-spi/2.6.1/springfox-spi-2.6.1.jar:/var/jenkins_home/.m2/repository/io/springfox/springfox-core/2.6.1/springfox-core-2.6.1.jar:/var/jenkins_home/.m2/repository/io/springfox/springfox-schema/2.6.1/springfox-schema-2.6.1.jar:/var/jenkins_home/.m2/repository/io/springfox/springfox-swagger-common/2.6.1/springfox-swagger-common-2.6.1.jar:/var/jenkins_home/.m2/repository/io/springfox/springfox-spring-web/2.6.1/springfox-spring-web-2.6.1.jar:/var/jenkins_home/.m2/repository/com/google/guava/guava/18.0/guava-18.0.jar:/var/jenkins_home/.m2/repository/com/fasterxml/classmate/1.4.0/classmate-1.4.0.jar:/var/jenkins_home/.m2/repository/org/springframework/plugin/spring-plugin-core/1.2.0.RELEASE/spring-plugin-core-1.2.0.RELEASE.jar:/var/jenkins_home/.m2/repository/org/springframework/plugin/spring-plugin-metadata/1.2.0.RELEASE/spring-plugin-metadata-1.2.0.RELEASE.jar:/var/jenkins_home/.m2/repository/io/springfox/springfox-swagger-ui/2.6.1/springfox-swagger-ui-2.6.1.jar:/var/jenkins_home/.m2/repository/io/springfox/springfox-bean-validators/2.6.1/springfox-bean-validators-2.6.1.jar:/var/jenkins_home/.m2/repository/org/projectlombok/lombok/1.18.4/lombok-1.18.4.jar:/var/jenkins_home/.m2/repository/com/h2database/h2/1.4.197/h2-1.4.197.jar:/var/jenkins_home/.m2/repository/org/postgresql/postgresql/42.2.5/postgresql-42.2.5.jar:/var/jenkins_home/.m2/repository/com/fasterxml/jackson/core/jackson-databind/2.9.4/jackson-databind-2.9.4.jar:/var/jenkins_home/.m2/repository/com/fasterxml/jackson/core/jackson-annotations/2.9.0/jackson-annotations-2.9.0.jar:/var/jenkins_home/.m2/repository/com/fasterxml/jackson/core/jackson-core/2.9.8/jackson-core-2.9.8.jar:/var/jenkins_home/.m2/repository/com/offbytwo/jenkins/jenkins-client/0.3.8/jenkins-client-0.3.8.jar:/var/jenkins_home/.m2/repository/dom4j/dom4j/1.6.1/dom4j-1.6.1.jar:/var/jenkins_home/.m2/repository/net/sf/json-lib/json-lib/2.4/json-lib-2.4-jdk15.jar:/var/jenkins_home/.m2/repository/commons-beanutils/commons-beanutils/1.8.0/commons-beanutils-1.8.0.jar:/var/jenkins_home/.m2/repository/commons-collections/commons-collections/3.2.1/commons-collections-3.2.1.jar:/var/jenkins_home/.m2/repository/commons-logging/commons-logging/1.1.1/commons-logging-1.1.1.jar:/var/jenkins_home/.m2/repository/net/sf/ezmorph/ezmorph/1.0.6/ezmorph-1.0.6.jar:/var/jenkins_home/.m2/repository/commons-lang/commons-lang/2.6/commons-lang-2.6.jar:/var/jenkins_home/.m2/repository/commons-io/commons-io/2.4/commons-io-2.4.jar:/var/jenkins_home/.m2/repository/org/apache/httpcomponents/httpcore/4.4.10/httpcore-4.4.10.jar:/var/jenkins_home/.m2/repository/org/apache/httpcomponents/httpmime/4.5.6/httpmime-4.5.6.jar:/var/jenkins_home/.m2/repository/jaxen/jaxen/1.1.6/jaxen-1.1.6.jar:/var/jenkins_home/.m2/repository/xml-apis/xml-apis/1.4.01/xml-apis-1.4.01.jar:/var/jenkins_home/.m2/repository/org/gitlab4j/gitlab4j-api/4.9.18/gitlab4j-api-4.9.18.jar:/var/jenkins_home/.m2/repository/com/sun/activation/javax.activation/1.2.0/javax.activation-1.2.0.jar:/var/jenkins_home/.m2/repository/com/fasterxml/jackson/jaxrs/jackson-jaxrs-json-provider/2.9.8/jackson-jaxrs-json-provider-2.9.8.jar:/var/jenkins_home/.m2/repository/com/fasterxml/jackson/jaxrs/jackson-jaxrs-base/2.9.8/jackson-jaxrs-base-2.9.8.jar:/var/jenkins_home/.m2/repository/com/fasterxml/jackson/module/jackson-module-jaxb-annotations/2.9.8/jackson-module-jaxb-annotations-2.9.8.jar:/var/jenkins_home/.m2/repository/org/glassfish/jersey/inject/jersey-hk2/2.27/jersey-hk2-2.27.jar:/var/jenkins_home/.m2/repository/org/glassfish/jersey/core/jersey-common/2.27/jersey-common-2.27.jar:/var/jenkins_home/.m2/repository/org/glassfish/hk2/osgi-resource-locator/1.0.1/osgi-resource-locator-1.0.1.jar:/var/jenkins_home/.m2/repository/org/glassfish/hk2/hk2-locator/2.5.0-b42/hk2-locator-2.5.0-b42.jar:/var/jenkins_home/.m2/repository/org/glassfish/hk2/external/aopalliance-repackaged/2.5.0-b42/aopalliance-repackaged-2.5.0-b42.jar:/var/jenkins_home/.m2/repository/org/glassfish/hk2/hk2-api/2.5.0-b42/hk2-api-2.5.0-b42.jar:/var/jenkins_home/.m2/repository/org/glassfish/hk2/hk2-utils/2.5.0-b42/hk2-utils-2.5.0-b42.jar:/var/jenkins_home/.m2/repository/org/glassfish/jersey/core/jersey-client/2.27/jersey-client-2.27.jar:/var/jenkins_home/.m2/repository/javax/ws/rs/javax.ws.rs-api/2.1/javax.ws.rs-api-2.1.jar:/var/jenkins_home/.m2/repository/org/glassfish/hk2/external/javax.inject/2.5.0-b42/javax.inject-2.5.0-b42.jar:/var/jenkins_home/.m2/repository/org/glassfish/jersey/connectors/jersey-apache-connector/2.27/jersey-apache-connector-2.27.jar:/var/jenkins_home/.m2/repository/org/glassfish/jersey/media/jersey-media-multipart/2.27/jersey-media-multipart-2.27.jar:/var/jenkins_home/.m2/repository/org/jvnet/mimepull/mimepull/1.9.10/mimepull-1.9.10.jar:/var/jenkins_home/.m2/repository/org/jsoup/jsoup/1.11.3/jsoup-1.11.3.jar:/var/jenkins_home/.m2/repository/io/rest-assured/json-schema-validator/3.0.7/json-schema-validator-3.0.7.jar:/var/jenkins_home/.m2/repository/com/github/fge/json-schema-validator/2.2.6/json-schema-validator-2.2.6.jar:/var/jenkins_home/.m2/repository/com/google/code/findbugs/jsr305/3.0.0/jsr305-3.0.0.jar:/var/jenkins_home/.m2/repository/joda-time/joda-time/2.10.1/joda-time-2.10.1.jar:/var/jenkins_home/.m2/repository/com/googlecode/libphonenumber/libphonenumber/6.2/libphonenumber-6.2.jar:/var/jenkins_home/.m2/repository/com/github/fge/json-schema-core/1.2.5/json-schema-core-1.2.5.jar:/var/jenkins_home/.m2/repository/com/github/fge/uri-template/0.9/uri-template-0.9.jar:/var/jenkins_home/.m2/repository/com/github/fge/msg-simple/1.1/msg-simple-1.1.jar:/var/jenkins_home/.m2/repository/com/github/fge/btf/1.2/btf-1.2.jar:/var/jenkins_home/.m2/repository/com/github/fge/jackson-coreutils/1.8/jackson-coreutils-1.8.jar:/var/jenkins_home/.m2/repository/org/mozilla/rhino/1.7R4/rhino-1.7R4.jar:/var/jenkins_home/.m2/repository/javax/mail/mailapi/1.4.3/mailapi-1.4.3.jar:/var/jenkins_home/.m2/repository/net/sf/jopt-simple/jopt-simple/4.6/jopt-simple-4.6.jar:/var/jenkins_home/.m2/repository/io/rest-assured/rest-assured/3.1.1/rest-assured-3.1.1.jar:/var/jenkins_home/.m2/repository/org/codehaus/groovy/groovy/2.5.5/groovy-2.5.5.jar:/var/jenkins_home/.m2/repository/org/codehaus/groovy/groovy-xml/2.5.5/groovy-xml-2.5.5.jar:/var/jenkins_home/.m2/repository/org/ccil/cowan/tagsoup/tagsoup/1.2.1/tagsoup-1.2.1.jar:/var/jenkins_home/.m2/repository/io/rest-assured/json-path/3.1.1/json-path-3.1.1.jar:/var/jenkins_home/.m2/repository/org/codehaus/groovy/groovy-json/2.5.5/groovy-json-2.5.5.jar:/var/jenkins_home/.m2/repository/io/rest-assured/rest-assured-common/3.1.1/rest-assured-common-3.1.1.jar:/var/jenkins_home/.m2/repository/io/rest-assured/xml-path/3.1.1/xml-path-3.1.1.jar:/var/jenkins_home/.m2/repository/org/hamcrest/hamcrest-library/1.3/hamcrest-library-1.3.jar:/var/jenkins_home/.m2/repository/org/json/json/20180813/json-20180813.jar:/var/jenkins_home/.m2/repository/org/apache/httpcomponents/httpclient/4.5.6/httpclient-4.5.6.jar:/var/jenkins_home/.m2/repository/commons-codec/commons-codec/1.11/commons-codec-1.11.jar:/var/jenkins_home/.m2/repository/org/apache/commons/commons-lang3/3.3.2/commons-lang3-3.3.2.jar:/var/jenkins_home/.m2/repository/org/apache/poi/poi/3.15/poi-3.15.jar:/var/jenkins_home/.m2/repository/org/apache/commons/commons-collections4/4.1/commons-collections4-4.1.jar:/var/jenkins_home/.m2/repository/org/apache/poi/poi-ooxml/3.15/poi-ooxml-3.15.jar:/var/jenkins_home/.m2/repository/org/apache/poi/poi-ooxml-schemas/3.15/poi-ooxml-schemas-3.15.jar:/var/jenkins_home/.m2/repository/org/apache/xmlbeans/xmlbeans/2.6.0/xmlbeans-2.6.0.jar:/var/jenkins_home/.m2/repository/stax/stax-api/1.0.1/stax-api-1.0.1.jar:/var/jenkins_home/.m2/repository/com/github/virtuald/curvesapi/1.04/curvesapi-1.04.jar:/var/jenkins_home/.m2/repository/net/sf/supercsv/super-csv/2.4.0/super-csv-2.4.0.jar:/var/jenkins_home/.m2/repository/com/itextpdf/itextpdf/5.5.10/itextpdf-5.5.10.jar:/var/jenkins_home/.m2/repository/com/spotify/dockerfile-maven-plugin/1.4.0/dockerfile-maven-plugin-1.4.0.jar:/var/jenkins_home/.m2/repository/com/spotify/docker-client/8.11.1/docker-client-8.11.1-shaded.jar:/var/jenkins_home/.m2/repository/com/fasterxml/jackson/datatype/jackson-datatype-guava/2.9.8/jackson-datatype-guava-2.9.8.jar:/var/jenkins_home/.m2/repository/org/glassfish/jersey/media/jersey-media-json-jackson/2.27/jersey-media-json-jackson-2.27.jar:/var/jenkins_home/.m2/repository/org/glassfish/jersey/ext/jersey-entity-filtering/2.27/jersey-entity-filtering-2.27.jar:/var/jenkins_home/.m2/repository/com/github/jnr/jnr-unixsocket/0.18/jnr-unixsocket-0.18.jar:/var/jenkins_home/.m2/repository/com/github/jnr/jnr-ffi/2.1.4/jnr-ffi-2.1.4.jar:/var/jenkins_home/.m2/repository/com/github/jnr/jffi/1.2.15/jffi-1.2.15.jar:/var/jenkins_home/.m2/repository/com/github/jnr/jffi/1.2.15/jffi-1.2.15-native.jar:/var/jenkins_home/.m2/repository/org/ow2/asm/asm-commons/5.0.3/asm-commons-5.0.3.jar:/var/jenkins_home/.m2/repository/org/ow2/asm/asm-analysis/5.0.3/asm-analysis-5.0.3.jar:/var/jenkins_home/.m2/repository/org/ow2/asm/asm-tree/5.0.3/asm-tree-5.0.3.jar:/var/jenkins_home/.m2/repository/org/ow2/asm/asm-util/5.0.3/asm-util-5.0.3.jar:/var/jenkins_home/.m2/repository/com/github/jnr/jnr-x86asm/1.0.2/jnr-x86asm-1.0.2.jar:/var/jenkins_home/.m2/repository/com/github/jnr/jnr-constants/0.9.8/jnr-constants-0.9.8.jar:/var/jenkins_home/.m2/repository/com/github/jnr/jnr-enxio/0.16/jnr-enxio-0.16.jar:/var/jenkins_home/.m2/repository/com/github/jnr/jnr-posix/3.0.35/jnr-posix-3.0.35.jar:/var/jenkins_home/.m2/repository/org/bouncycastle/bcpkix-jdk15on/1.59/bcpkix-jdk15on-1.59.jar:/var/jenkins_home/.m2/repository/org/bouncycastle/bcprov-jdk15on/1.59/bcprov-jdk15on-1.59.jar:/var/jenkins_home/.m2/repository/com/google/auth/google-auth-library-oauth2-http/0.6.0/google-auth-library-oauth2-http-0.6.0.jar:/var/jenkins_home/.m2/repository/com/google/auth/google-auth-library-credentials/0.6.0/google-auth-library-credentials-0.6.0.jar:/var/jenkins_home/.m2/repository/com/google/http-client/google-http-client/1.19.0/google-http-client-1.19.0.jar:/var/jenkins_home/.m2/repository/com/google/http-client/google-http-client-jackson2/1.19.0/google-http-client-jackson2-1.19.0.jar:/var/jenkins_home/.m2/repository/com/spotify/dockerfile-maven-extension/1.4.0/dockerfile-maven-extension-1.4.0.jar:/var/jenkins_home/.m2/repository/org/apache/maven/maven-plugin-api/3.3.9/maven-plugin-api-3.3.9.jar:/var/jenkins_home/.m2/repository/org/apache/maven/maven-model/3.3.9/maven-model-3.3.9.jar:/var/jenkins_home/.m2/repository/org/apache/maven/maven-artifact/3.3.9/maven-artifact-3.3.9.jar:/var/jenkins_home/.m2/repository/org/eclipse/sisu/org.eclipse.sisu.plexus/0.3.2/org.eclipse.sisu.plexus-0.3.2.jar:/var/jenkins_home/.m2/repository/javax/enterprise/cdi-api/1.0/cdi-api-1.0.jar:/var/jenkins_home/.m2/repository/javax/annotation/jsr250-api/1.0/jsr250-api-1.0.jar:/var/jenkins_home/.m2/repository/org/eclipse/sisu/org.eclipse.sisu.inject/0.3.2/org.eclipse.sisu.inject-0.3.2.jar:/var/jenkins_home/.m2/repository/org/apache/maven/maven-core/3.3.9/maven-core-3.3.9.jar:/var/jenkins_home/.m2/repository/org/apache/maven/maven-settings/3.3.9/maven-settings-3.3.9.jar:/var/jenkins_home/.m2/repository/org/apache/maven/maven-settings-builder/3.3.9/maven-settings-builder-3.3.9.jar:/var/jenkins_home/.m2/repository/org/apache/maven/maven-builder-support/3.3.9/maven-builder-support-3.3.9.jar:/var/jenkins_home/.m2/repository/org/apache/maven/maven-repository-metadata/3.3.9/maven-repository-metadata-3.3.9.jar:/var/jenkins_home/.m2/repository/org/apache/maven/maven-model-builder/3.3.9/maven-model-builder-3.3.9.jar:/var/jenkins_home/.m2/repository/org/apache/maven/maven-aether-provider/3.3.9/maven-aether-provider-3.3.9.jar:/var/jenkins_home/.m2/repository/org/eclipse/aether/aether-spi/1.0.2.v20150114/aether-spi-1.0.2.v20150114.jar:/var/jenkins_home/.m2/repository/org/eclipse/aether/aether-impl/1.0.2.v20150114/aether-impl-1.0.2.v20150114.jar:/var/jenkins_home/.m2/repository/org/eclipse/aether/aether-api/1.0.2.v20150114/aether-api-1.0.2.v20150114.jar:/var/jenkins_home/.m2/repository/org/eclipse/aether/aether-util/1.0.2.v20150114/aether-util-1.0.2.v20150114.jar:/var/jenkins_home/.m2/repository/com/google/inject/guice/4.0/guice-4.0-no_aop.jar:/var/jenkins_home/.m2/repository/javax/inject/javax.inject/1/javax.inject-1.jar:/var/jenkins_home/.m2/repository/aopalliance/aopalliance/1.0/aopalliance-1.0.jar:/var/jenkins_home/.m2/repository/org/codehaus/plexus/plexus-interpolation/1.21/plexus-interpolation-1.21.jar:/var/jenkins_home/.m2/repository/org/codehaus/plexus/plexus-utils/3.0.22/plexus-utils-3.0.22.jar:/var/jenkins_home/.m2/repository/org/codehaus/plexus/plexus-classworlds/2.5.2/plexus-classworlds-2.5.2.jar:/var/jenkins_home/.m2/repository/org/codehaus/plexus/plexus-component-annotations/1.6/plexus-component-annotations-1.6.jar:/var/jenkins_home/.m2/repository/org/sonatype/plexus/plexus-sec-dispatcher/1.3/plexus-sec-dispatcher-1.3.jar:/var/jenkins_home/.m2/repository/org/sonatype/plexus/plexus-cipher/1.4/plexus-cipher-1.4.jar:/var/jenkins_home/.m2/repository/org/apache/maven/maven-archiver/3.0.0/maven-archiver-3.0.0.jar:/var/jenkins_home/.m2/repository/org/apache/maven/shared/maven-shared-utils/3.0.0/maven-shared-utils-3.0.0.jar:/var/jenkins_home/.m2/repository/org/codehaus/plexus/plexus-archiver/2.9.1/plexus-archiver-2.9.1.jar:/var/jenkins_home/.m2/repository/org/codehaus/plexus/plexus-io/2.4.1/plexus-io-2.4.1.jar:/var/jenkins_home/.m2/repository/org/springframework/boot/spring-boot-configuration-processor/2.1.2.RELEASE/spring-boot-configuration-processor-2.1.2.RELEASE.jar:/var/jenkins_home/.m2/repository/com/github/techguy-bhushan/xss.filter/1.0.2/xss.filter-1.0.2.jar:/var/jenkins_home/.m2/repository/com/zaxxer/HikariCP/3.3.1/HikariCP-3.3.1.jar:/var/jenkins_home/.m2/repository/org/apache/commons/commons-compress/1.14/commons-compress-1.14.jar:/var/jenkins_home/.m2/repository/com/brsanthu/google-analytics-java/2.0.0/google-analytics-java-2.0.0.jar:/var/jenkins_home/.m2/repository/org/slf4j/jcl-over-slf4j/1.7.25/jcl-over-slf4j-1.7.25.jar:/var/jenkins_home/.m2/repository/org/apache/maven/surefire/surefire-junit4/3.0.0-M3/surefire-junit4-3.0.0-M3.jar:/var/jenkins_home/.m2/repository/org/apache/maven/surefire/common-java5/3.0.0-M3/common-java5-3.0.0-M3.jar:/var/jenkins_home/.m2/repository/org/apache/maven/surefire/common-junit3/3.0.0-M3/common-junit3-3.0.0-M3.jar:/var/jenkins_home/.m2/repository/org/apache/maven/surefire/common-junit4/3.0.0-M3/common-junit4-3.0.0-M3.jar"/>
    <property name="java.vm.vendor" value="Oracle Corporation"/>
    <property name="sun.arch.data.model" value="64"/>
    <property name="java.vendor.url" value="http://java.oracle.com/"/>
    <property name="user.timezone" value=""/>
    <property name="java.vm.specification.version" value="1.8"/>
    <property name="os.name" value="Linux"/>
    <property name="qe.pass" value="123123"/>
    <property name="sun.java.launcher" value="SUN_STANDARD"/>
    <property name="sun.boot.library.path" value="/usr/lib/jvm/java-8-openjdk-amd64/jre/lib/amd64"/>
    <property name="sun.java.command" value="org.apache.maven.surefire.booter.ForkedBooter /var/jenkins_home/workspace/TTriage Backend Smoke Suite/target/surefire 2019-05-06T00-00-34_500-jvmRun1 surefire8214340235182028850tmp surefire_08783084026703764168tmp"/>
    <property name="test" value="SmokeSuite"/>
    <property name="surefire.test.class.path" value="/var/jenkins_home/workspace/TTriage Backend Smoke Suite/target/test-classes:/var/jenkins_home/workspace/TTriage Backend Smoke Suite/target/classes:/var/jenkins_home/.m2/repository/org/slf4j/slf4j-api/1.7.21/slf4j-api-1.7.21.jar:/var/jenkins_home/.m2/repository/javax/xml/bind/jaxb-api/2.3.0/jaxb-api-2.3.0.jar:/var/jenkins_home/.m2/repository/com/google/code/gson/gson/2.8.5/gson-2.8.5.jar:/var/jenkins_home/.m2/repository/org/modelmapper/modelmapper/2.3.2/modelmapper-2.3.2.jar:/var/jenkins_home/.m2/repository/org/springframework/boot/spring-boot-starter-data-jpa/2.1.2.RELEASE/spring-boot-starter-data-jpa-2.1.2.RELEASE.jar:/var/jenkins_home/.m2/repository/org/springframework/boot/spring-boot-starter-aop/2.1.2.RELEASE/spring-boot-starter-aop-2.1.2.RELEASE.jar:/var/jenkins_home/.m2/repository/org/aspectj/aspectjweaver/1.9.2/aspectjweaver-1.9.2.jar:/var/jenkins_home/.m2/repository/javax/transaction/javax.transaction-api/1.3/javax.transaction-api-1.3.jar:/var/jenkins_home/.m2/repository/org/hibernate/hibernate-core/5.3.7.Final/hibernate-core-5.3.7.Final.jar:/var/jenkins_home/.m2/repository/org/jboss/logging/jboss-logging/3.3.2.Final/jboss-logging-3.3.2.Final.jar:/var/jenkins_home/.m2/repository/javax/persistence/javax.persistence-api/2.2/javax.persistence-api-2.2.jar:/var/jenkins_home/.m2/repository/org/javassist/javassist/3.23.1-GA/javassist-3.23.1-GA.jar:/var/jenkins_home/.m2/repository/net/bytebuddy/byte-buddy/1.9.7/byte-buddy-1.9.7.jar:/var/jenkins_home/.m2/repository/antlr/antlr/2.7.7/antlr-2.7.7.jar:/var/jenkins_home/.m2/repository/org/jboss/jandex/2.0.5.Final/jandex-2.0.5.Final.jar:/var/jenkins_home/.m2/repository/javax/activation/javax.activation-api/1.2.0/javax.activation-api-1.2.0.jar:/var/jenkins_home/.m2/repository/org/dom4j/dom4j/2.1.1/dom4j-2.1.1.jar:/var/jenkins_home/.m2/repository/org/hibernate/common/hibernate-commons-annotations/5.0.4.Final/hibernate-commons-annotations-5.0.4.Final.jar:/var/jenkins_home/.m2/repository/org/springframework/data/spring-data-jpa/2.1.4.RELEASE/spring-data-jpa-2.1.4.RELEASE.jar:/var/jenkins_home/.m2/repository/org/springframework/data/spring-data-commons/2.1.4.RELEASE/spring-data-commons-2.1.4.RELEASE.jar:/var/jenkins_home/.m2/repository/org/springframework/spring-orm/5.1.4.RELEASE/spring-orm-5.1.4.RELEASE.jar:/var/jenkins_home/.m2/repository/org/springframework/spring-context/5.1.4.RELEASE/spring-context-5.1.4.RELEASE.jar:/var/jenkins_home/.m2/repository/org/springframework/spring-aspects/5.1.4.RELEASE/spring-aspects-5.1.4.RELEASE.jar:/var/jenkins_home/.m2/repository/org/springframework/boot/spring-boot-starter-data-rest/2.1.2.RELEASE/spring-boot-starter-data-rest-2.1.2.RELEASE.jar:/var/jenkins_home/.m2/repository/org/springframework/boot/spring-boot-starter-web/2.1.2.RELEASE/spring-boot-starter-web-2.1.2.RELEASE.jar:/var/jenkins_home/.m2/repository/org/springframework/boot/spring-boot-starter-json/2.1.2.RELEASE/spring-boot-starter-json-2.1.2.RELEASE.jar:/var/jenkins_home/.m2/repository/com/fasterxml/jackson/datatype/jackson-datatype-jdk8/2.9.8/jackson-datatype-jdk8-2.9.8.jar:/var/jenkins_home/.m2/repository/com/fasterxml/jackson/datatype/jackson-datatype-jsr310/2.9.8/jackson-datatype-jsr310-2.9.8.jar:/var/jenkins_home/.m2/repository/com/fasterxml/jackson/module/jackson-module-parameter-names/2.9.8/jackson-module-parameter-names-2.9.8.jar:/var/jenkins_home/.m2/repository/org/springframework/boot/spring-boot-starter-tomcat/2.1.2.RELEASE/spring-boot-starter-tomcat-2.1.2.RELEASE.jar:/var/jenkins_home/.m2/repository/org/apache/tomcat/embed/tomcat-embed-core/9.0.14/tomcat-embed-core-9.0.14.jar:/var/jenkins_home/.m2/repository/org/apache/tomcat/embed/tomcat-embed-el/9.0.14/tomcat-embed-el-9.0.14.jar:/var/jenkins_home/.m2/repository/org/apache/tomcat/embed/tomcat-embed-websocket/9.0.14/tomcat-embed-websocket-9.0.14.jar:/var/jenkins_home/.m2/repository/org/hibernate/validator/hibernate-validator/6.0.14.Final/hibernate-validator-6.0.14.Final.jar:/var/jenkins_home/.m2/repository/javax/validation/validation-api/2.0.1.Final/validation-api-2.0.1.Final.jar:/var/jenkins_home/.m2/repository/org/springframework/spring-web/5.1.4.RELEASE/spring-web-5.1.4.RELEASE.jar:/var/jenkins_home/.m2/repository/org/springframework/data/spring-data-rest-webmvc/3.1.4.RELEASE/spring-data-rest-webmvc-3.1.4.RELEASE.jar:/var/jenkins_home/.m2/repository/org/springframework/data/spring-data-rest-core/3.1.4.RELEASE/spring-data-rest-core-3.1.4.RELEASE.jar:/var/jenkins_home/.m2/repository/org/springframework/hateoas/spring-hateoas/0.25.0.RELEASE/spring-hateoas-0.25.0.RELEASE.jar:/var/jenkins_home/.m2/repository/org/atteo/evo-inflector/1.2.2/evo-inflector-1.2.2.jar:/var/jenkins_home/.m2/repository/org/springframework/boot/spring-boot-starter-test/2.1.2.RELEASE/spring-boot-starter-test-2.1.2.RELEASE.jar:/var/jenkins_home/.m2/repository/org/springframework/boot/spring-boot-starter/2.1.2.RELEASE/spring-boot-starter-2.1.2.RELEASE.jar:/var/jenkins_home/.m2/repository/org/springframework/boot/spring-boot/2.1.2.RELEASE/spring-boot-2.1.2.RELEASE.jar:/var/jenkins_home/.m2/repository/org/springframework/boot/spring-boot-autoconfigure/2.1.2.RELEASE/spring-boot-autoconfigure-2.1.2.RELEASE.jar:/var/jenkins_home/.m2/repository/org/springframework/boot/spring-boot-starter-logging/2.1.2.RELEASE/spring-boot-starter-logging-2.1.2.RELEASE.jar:/var/jenkins_home/.m2/repository/ch/qos/logback/logback-classic/1.2.3/logback-classic-1.2.3.jar:/var/jenkins_home/.m2/repository/ch/qos/logback/logback-core/1.2.3/logback-core-1.2.3.jar:/var/jenkins_home/.m2/repository/org/apache/logging/log4j/log4j-to-slf4j/2.11.1/log4j-to-slf4j-2.11.1.jar:/var/jenkins_home/.m2/repository/org/apache/logging/log4j/log4j-api/2.11.1/log4j-api-2.11.1.jar:/var/jenkins_home/.m2/repository/org/slf4j/jul-to-slf4j/1.7.25/jul-to-slf4j-1.7.25.jar:/var/jenkins_home/.m2/repository/javax/annotation/javax.annotation-api/1.3.2/javax.annotation-api-1.3.2.jar:/var/jenkins_home/.m2/repository/org/yaml/snakeyaml/1.23/snakeyaml-1.23.jar:/var/jenkins_home/.m2/repository/org/springframework/boot/spring-boot-test/2.1.2.RELEASE/spring-boot-test-2.1.2.RELEASE.jar:/var/jenkins_home/.m2/repository/org/springframework/boot/spring-boot-test-autoconfigure/2.1.2.RELEASE/spring-boot-test-autoconfigure-2.1.2.RELEASE.jar:/var/jenkins_home/.m2/repository/com/jayway/jsonpath/json-path/2.4.0/json-path-2.4.0.jar:/var/jenkins_home/.m2/repository/net/minidev/json-smart/2.3/json-smart-2.3.jar:/var/jenkins_home/.m2/repository/net/minidev/accessors-smart/1.2/accessors-smart-1.2.jar:/var/jenkins_home/.m2/repository/org/ow2/asm/asm/5.0.4/asm-5.0.4.jar:/var/jenkins_home/.m2/repository/junit/junit/4.12/junit-4.12.jar:/var/jenkins_home/.m2/repository/org/assertj/assertj-core/3.11.1/assertj-core-3.11.1.jar:/var/jenkins_home/.m2/repository/org/mockito/mockito-core/2.23.4/mockito-core-2.23.4.jar:/var/jenkins_home/.m2/repository/net/bytebuddy/byte-buddy-agent/1.9.7/byte-buddy-agent-1.9.7.jar:/var/jenkins_home/.m2/repository/org/objenesis/objenesis/2.6/objenesis-2.6.jar:/var/jenkins_home/.m2/repository/org/hamcrest/hamcrest-core/1.3/hamcrest-core-1.3.jar:/var/jenkins_home/.m2/repository/org/skyscreamer/jsonassert/1.5.0/jsonassert-1.5.0.jar:/var/jenkins_home/.m2/repository/org/springframework/spring-core/5.1.4.RELEASE/spring-core-5.1.4.RELEASE.jar:/var/jenkins_home/.m2/repository/org/springframework/spring-jcl/5.1.4.RELEASE/spring-jcl-5.1.4.RELEASE.jar:/var/jenkins_home/.m2/repository/org/springframework/spring-test/5.1.4.RELEASE/spring-test-5.1.4.RELEASE.jar:/var/jenkins_home/.m2/repository/org/xmlunit/xmlunit-core/2.6.2/xmlunit-core-2.6.2.jar:/var/jenkins_home/.m2/repository/org/springframework/restdocs/spring-restdocs-mockmvc/2.0.3.RELEASE/spring-restdocs-mockmvc-2.0.3.RELEASE.jar:/var/jenkins_home/.m2/repository/javax/servlet/javax.servlet-api/4.0.1/javax.servlet-api-4.0.1.jar:/var/jenkins_home/.m2/repository/org/springframework/restdocs/spring-restdocs-core/2.0.3.RELEASE/spring-restdocs-core-2.0.3.RELEASE.jar:/var/jenkins_home/.m2/repository/org/springframework/spring-webmvc/5.1.4.RELEASE/spring-webmvc-5.1.4.RELEASE.jar:/var/jenkins_home/.m2/repository/org/springframework/spring-expression/5.1.4.RELEASE/spring-expression-5.1.4.RELEASE.jar:/var/jenkins_home/.m2/repository/org/springframework/boot/spring-boot-starter-jdbc/2.1.2.RELEASE/spring-boot-starter-jdbc-2.1.2.RELEASE.jar:/var/jenkins_home/.m2/repository/org/springframework/spring-jdbc/5.1.4.RELEASE/spring-jdbc-5.1.4.RELEASE.jar:/var/jenkins_home/.m2/repository/org/springframework/spring-beans/5.1.4.RELEASE/spring-beans-5.1.4.RELEASE.jar:/var/jenkins_home/.m2/repository/org/springframework/spring-tx/5.1.4.RELEASE/spring-tx-5.1.4.RELEASE.jar:/var/jenkins_home/.m2/repository/org/springframework/boot/spring-boot-starter-security/2.1.2.RELEASE/spring-boot-starter-security-2.1.2.RELEASE.jar:/var/jenkins_home/.m2/repository/org/springframework/spring-aop/5.1.4.RELEASE/spring-aop-5.1.4.RELEASE.jar:/var/jenkins_home/.m2/repository/org/springframework/security/spring-security-config/5.1.3.RELEASE/spring-security-config-5.1.3.RELEASE.jar:/var/jenkins_home/.m2/repository/org/springframework/security/spring-security-web/5.1.3.RELEASE/spring-security-web-5.1.3.RELEASE.jar:/var/jenkins_home/.m2/repository/org/springframework/security/spring-security-oauth2-client/5.1.3.RELEASE/spring-security-oauth2-client-5.1.3.RELEASE.jar:/var/jenkins_home/.m2/repository/com/nimbusds/oauth2-oidc-sdk/6.0/oauth2-oidc-sdk-6.0.jar:/var/jenkins_home/.m2/repository/com/sun/mail/javax.mail/1.6.2/javax.mail-1.6.2.jar:/var/jenkins_home/.m2/repository/javax/activation/activation/1.1/activation-1.1.jar:/var/jenkins_home/.m2/repository/com/github/stephenc/jcip/jcip-annotations/1.0-1/jcip-annotations-1.0-1.jar:/var/jenkins_home/.m2/repository/com/nimbusds/lang-tag/1.4.4/lang-tag-1.4.4.jar:/var/jenkins_home/.m2/repository/com/nimbusds/nimbus-jose-jwt/7.1/nimbus-jose-jwt-7.1.jar:/var/jenkins_home/.m2/repository/org/springframework/security/spring-security-core/5.1.3.RELEASE/spring-security-core-5.1.3.RELEASE.jar:/var/jenkins_home/.m2/repository/org/springframework/security/spring-security-oauth2-core/5.1.3.RELEASE/spring-security-oauth2-core-5.1.3.RELEASE.jar:/var/jenkins_home/.m2/repository/io/jsonwebtoken/jjwt/0.9.1/jjwt-0.9.1.jar:/var/jenkins_home/.m2/repository/io/springfox/springfox-swagger2/2.6.1/springfox-swagger2-2.6.1.jar:/var/jenkins_home/.m2/repository/io/swagger/swagger-annotations/1.5.10/swagger-annotations-1.5.10.jar:/var/jenkins_home/.m2/repository/io/swagger/swagger-models/1.5.10/swagger-models-1.5.10.jar:/var/jenkins_home/.m2/repository/io/springfox/springfox-spi/2.6.1/springfox-spi-2.6.1.jar:/var/jenkins_home/.m2/repository/io/springfox/springfox-core/2.6.1/springfox-core-2.6.1.jar:/var/jenkins_home/.m2/repository/io/springfox/springfox-schema/2.6.1/springfox-schema-2.6.1.jar:/var/jenkins_home/.m2/repository/io/springfox/springfox-swagger-common/2.6.1/springfox-swagger-common-2.6.1.jar:/var/jenkins_home/.m2/repository/io/springfox/springfox-spring-web/2.6.1/springfox-spring-web-2.6.1.jar:/var/jenkins_home/.m2/repository/com/google/guava/guava/18.0/guava-18.0.jar:/var/jenkins_home/.m2/repository/com/fasterxml/classmate/1.4.0/classmate-1.4.0.jar:/var/jenkins_home/.m2/repository/org/springframework/plugin/spring-plugin-core/1.2.0.RELEASE/spring-plugin-core-1.2.0.RELEASE.jar:/var/jenkins_home/.m2/repository/org/springframework/plugin/spring-plugin-metadata/1.2.0.RELEASE/spring-plugin-metadata-1.2.0.RELEASE.jar:/var/jenkins_home/.m2/repository/io/springfox/springfox-swagger-ui/2.6.1/springfox-swagger-ui-2.6.1.jar:/var/jenkins_home/.m2/repository/io/springfox/springfox-bean-validators/2.6.1/springfox-bean-validators-2.6.1.jar:/var/jenkins_home/.m2/repository/org/projectlombok/lombok/1.18.4/lombok-1.18.4.jar:/var/jenkins_home/.m2/repository/com/h2database/h2/1.4.197/h2-1.4.197.jar:/var/jenkins_home/.m2/repository/org/postgresql/postgresql/42.2.5/postgresql-42.2.5.jar:/var/jenkins_home/.m2/repository/com/fasterxml/jackson/core/jackson-databind/2.9.4/jackson-databind-2.9.4.jar:/var/jenkins_home/.m2/repository/com/fasterxml/jackson/core/jackson-annotations/2.9.0/jackson-annotations-2.9.0.jar:/var/jenkins_home/.m2/repository/com/fasterxml/jackson/core/jackson-core/2.9.8/jackson-core-2.9.8.jar:/var/jenkins_home/.m2/repository/com/offbytwo/jenkins/jenkins-client/0.3.8/jenkins-client-0.3.8.jar:/var/jenkins_home/.m2/repository/dom4j/dom4j/1.6.1/dom4j-1.6.1.jar:/var/jenkins_home/.m2/repository/net/sf/json-lib/json-lib/2.4/json-lib-2.4-jdk15.jar:/var/jenkins_home/.m2/repository/commons-beanutils/commons-beanutils/1.8.0/commons-beanutils-1.8.0.jar:/var/jenkins_home/.m2/repository/commons-collections/commons-collections/3.2.1/commons-collections-3.2.1.jar:/var/jenkins_home/.m2/repository/commons-logging/commons-logging/1.1.1/commons-logging-1.1.1.jar:/var/jenkins_home/.m2/repository/net/sf/ezmorph/ezmorph/1.0.6/ezmorph-1.0.6.jar:/var/jenkins_home/.m2/repository/commons-lang/commons-lang/2.6/commons-lang-2.6.jar:/var/jenkins_home/.m2/repository/commons-io/commons-io/2.4/commons-io-2.4.jar:/var/jenkins_home/.m2/repository/org/apache/httpcomponents/httpcore/4.4.10/httpcore-4.4.10.jar:/var/jenkins_home/.m2/repository/org/apache/httpcomponents/httpmime/4.5.6/httpmime-4.5.6.jar:/var/jenkins_home/.m2/repository/jaxen/jaxen/1.1.6/jaxen-1.1.6.jar:/var/jenkins_home/.m2/repository/xml-apis/xml-apis/1.4.01/xml-apis-1.4.01.jar:/var/jenkins_home/.m2/repository/org/gitlab4j/gitlab4j-api/4.9.18/gitlab4j-api-4.9.18.jar:/var/jenkins_home/.m2/repository/com/sun/activation/javax.activation/1.2.0/javax.activation-1.2.0.jar:/var/jenkins_home/.m2/repository/com/fasterxml/jackson/jaxrs/jackson-jaxrs-json-provider/2.9.8/jackson-jaxrs-json-provider-2.9.8.jar:/var/jenkins_home/.m2/repository/com/fasterxml/jackson/jaxrs/jackson-jaxrs-base/2.9.8/jackson-jaxrs-base-2.9.8.jar:/var/jenkins_home/.m2/repository/com/fasterxml/jackson/module/jackson-module-jaxb-annotations/2.9.8/jackson-module-jaxb-annotations-2.9.8.jar:/var/jenkins_home/.m2/repository/org/glassfish/jersey/inject/jersey-hk2/2.27/jersey-hk2-2.27.jar:/var/jenkins_home/.m2/repository/org/glassfish/jersey/core/jersey-common/2.27/jersey-common-2.27.jar:/var/jenkins_home/.m2/repository/org/glassfish/hk2/osgi-resource-locator/1.0.1/osgi-resource-locator-1.0.1.jar:/var/jenkins_home/.m2/repository/org/glassfish/hk2/hk2-locator/2.5.0-b42/hk2-locator-2.5.0-b42.jar:/var/jenkins_home/.m2/repository/org/glassfish/hk2/external/aopalliance-repackaged/2.5.0-b42/aopalliance-repackaged-2.5.0-b42.jar:/var/jenkins_home/.m2/repository/org/glassfish/hk2/hk2-api/2.5.0-b42/hk2-api-2.5.0-b42.jar:/var/jenkins_home/.m2/repository/org/glassfish/hk2/hk2-utils/2.5.0-b42/hk2-utils-2.5.0-b42.jar:/var/jenkins_home/.m2/repository/org/glassfish/jersey/core/jersey-client/2.27/jersey-client-2.27.jar:/var/jenkins_home/.m2/repository/javax/ws/rs/javax.ws.rs-api/2.1/javax.ws.rs-api-2.1.jar:/var/jenkins_home/.m2/repository/org/glassfish/hk2/external/javax.inject/2.5.0-b42/javax.inject-2.5.0-b42.jar:/var/jenkins_home/.m2/repository/org/glassfish/jersey/connectors/jersey-apache-connector/2.27/jersey-apache-connector-2.27.jar:/var/jenkins_home/.m2/repository/org/glassfish/jersey/media/jersey-media-multipart/2.27/jersey-media-multipart-2.27.jar:/var/jenkins_home/.m2/repository/org/jvnet/mimepull/mimepull/1.9.10/mimepull-1.9.10.jar:/var/jenkins_home/.m2/repository/org/jsoup/jsoup/1.11.3/jsoup-1.11.3.jar:/var/jenkins_home/.m2/repository/io/rest-assured/json-schema-validator/3.0.7/json-schema-validator-3.0.7.jar:/var/jenkins_home/.m2/repository/com/github/fge/json-schema-validator/2.2.6/json-schema-validator-2.2.6.jar:/var/jenkins_home/.m2/repository/com/google/code/findbugs/jsr305/3.0.0/jsr305-3.0.0.jar:/var/jenkins_home/.m2/repository/joda-time/joda-time/2.10.1/joda-time-2.10.1.jar:/var/jenkins_home/.m2/repository/com/googlecode/libphonenumber/libphonenumber/6.2/libphonenumber-6.2.jar:/var/jenkins_home/.m2/repository/com/github/fge/json-schema-core/1.2.5/json-schema-core-1.2.5.jar:/var/jenkins_home/.m2/repository/com/github/fge/uri-template/0.9/uri-template-0.9.jar:/var/jenkins_home/.m2/repository/com/github/fge/msg-simple/1.1/msg-simple-1.1.jar:/var/jenkins_home/.m2/repository/com/github/fge/btf/1.2/btf-1.2.jar:/var/jenkins_home/.m2/repository/com/github/fge/jackson-coreutils/1.8/jackson-coreutils-1.8.jar:/var/jenkins_home/.m2/repository/org/mozilla/rhino/1.7R4/rhino-1.7R4.jar:/var/jenkins_home/.m2/repository/javax/mail/mailapi/1.4.3/mailapi-1.4.3.jar:/var/jenkins_home/.m2/repository/net/sf/jopt-simple/jopt-simple/4.6/jopt-simple-4.6.jar:/var/jenkins_home/.m2/repository/io/rest-assured/rest-assured/3.1.1/rest-assured-3.1.1.jar:/var/jenkins_home/.m2/repository/org/codehaus/groovy/groovy/2.5.5/groovy-2.5.5.jar:/var/jenkins_home/.m2/repository/org/codehaus/groovy/groovy-xml/2.5.5/groovy-xml-2.5.5.jar:/var/jenkins_home/.m2/repository/org/ccil/cowan/tagsoup/tagsoup/1.2.1/tagsoup-1.2.1.jar:/var/jenkins_home/.m2/repository/io/rest-assured/json-path/3.1.1/json-path-3.1.1.jar:/var/jenkins_home/.m2/repository/org/codehaus/groovy/groovy-json/2.5.5/groovy-json-2.5.5.jar:/var/jenkins_home/.m2/repository/io/rest-assured/rest-assured-common/3.1.1/rest-assured-common-3.1.1.jar:/var/jenkins_home/.m2/repository/io/rest-assured/xml-path/3.1.1/xml-path-3.1.1.jar:/var/jenkins_home/.m2/repository/org/hamcrest/hamcrest-library/1.3/hamcrest-library-1.3.jar:/var/jenkins_home/.m2/repository/org/json/json/20180813/json-20180813.jar:/var/jenkins_home/.m2/repository/org/apache/httpcomponents/httpclient/4.5.6/httpclient-4.5.6.jar:/var/jenkins_home/.m2/repository/commons-codec/commons-codec/1.11/commons-codec-1.11.jar:/var/jenkins_home/.m2/repository/org/apache/commons/commons-lang3/3.3.2/commons-lang3-3.3.2.jar:/var/jenkins_home/.m2/repository/org/apache/poi/poi/3.15/poi-3.15.jar:/var/jenkins_home/.m2/repository/org/apache/commons/commons-collections4/4.1/commons-collections4-4.1.jar:/var/jenkins_home/.m2/repository/org/apache/poi/poi-ooxml/3.15/poi-ooxml-3.15.jar:/var/jenkins_home/.m2/repository/org/apache/poi/poi-ooxml-schemas/3.15/poi-ooxml-schemas-3.15.jar:/var/jenkins_home/.m2/repository/org/apache/xmlbeans/xmlbeans/2.6.0/xmlbeans-2.6.0.jar:/var/jenkins_home/.m2/repository/stax/stax-api/1.0.1/stax-api-1.0.1.jar:/var/jenkins_home/.m2/repository/com/github/virtuald/curvesapi/1.04/curvesapi-1.04.jar:/var/jenkins_home/.m2/repository/net/sf/supercsv/super-csv/2.4.0/super-csv-2.4.0.jar:/var/jenkins_home/.m2/repository/com/itextpdf/itextpdf/5.5.10/itextpdf-5.5.10.jar:/var/jenkins_home/.m2/repository/com/spotify/dockerfile-maven-plugin/1.4.0/dockerfile-maven-plugin-1.4.0.jar:/var/jenkins_home/.m2/repository/com/spotify/docker-client/8.11.1/docker-client-8.11.1-shaded.jar:/var/jenkins_home/.m2/repository/com/fasterxml/jackson/datatype/jackson-datatype-guava/2.9.8/jackson-datatype-guava-2.9.8.jar:/var/jenkins_home/.m2/repository/org/glassfish/jersey/media/jersey-media-json-jackson/2.27/jersey-media-json-jackson-2.27.jar:/var/jenkins_home/.m2/repository/org/glassfish/jersey/ext/jersey-entity-filtering/2.27/jersey-entity-filtering-2.27.jar:/var/jenkins_home/.m2/repository/com/github/jnr/jnr-unixsocket/0.18/jnr-unixsocket-0.18.jar:/var/jenkins_home/.m2/repository/com/github/jnr/jnr-ffi/2.1.4/jnr-ffi-2.1.4.jar:/var/jenkins_home/.m2/repository/com/github/jnr/jffi/1.2.15/jffi-1.2.15.jar:/var/jenkins_home/.m2/repository/com/github/jnr/jffi/1.2.15/jffi-1.2.15-native.jar:/var/jenkins_home/.m2/repository/org/ow2/asm/asm-commons/5.0.3/asm-commons-5.0.3.jar:/var/jenkins_home/.m2/repository/org/ow2/asm/asm-analysis/5.0.3/asm-analysis-5.0.3.jar:/var/jenkins_home/.m2/repository/org/ow2/asm/asm-tree/5.0.3/asm-tree-5.0.3.jar:/var/jenkins_home/.m2/repository/org/ow2/asm/asm-util/5.0.3/asm-util-5.0.3.jar:/var/jenkins_home/.m2/repository/com/github/jnr/jnr-x86asm/1.0.2/jnr-x86asm-1.0.2.jar:/var/jenkins_home/.m2/repository/com/github/jnr/jnr-constants/0.9.8/jnr-constants-0.9.8.jar:/var/jenkins_home/.m2/repository/com/github/jnr/jnr-enxio/0.16/jnr-enxio-0.16.jar:/var/jenkins_home/.m2/repository/com/github/jnr/jnr-posix/3.0.35/jnr-posix-3.0.35.jar:/var/jenkins_home/.m2/repository/org/bouncycastle/bcpkix-jdk15on/1.59/bcpkix-jdk15on-1.59.jar:/var/jenkins_home/.m2/repository/org/bouncycastle/bcprov-jdk15on/1.59/bcprov-jdk15on-1.59.jar:/var/jenkins_home/.m2/repository/com/google/auth/google-auth-library-oauth2-http/0.6.0/google-auth-library-oauth2-http-0.6.0.jar:/var/jenkins_home/.m2/repository/com/google/auth/google-auth-library-credentials/0.6.0/google-auth-library-credentials-0.6.0.jar:/var/jenkins_home/.m2/repository/com/google/http-client/google-http-client/1.19.0/google-http-client-1.19.0.jar:/var/jenkins_home/.m2/repository/com/google/http-client/google-http-client-jackson2/1.19.0/google-http-client-jackson2-1.19.0.jar:/var/jenkins_home/.m2/repository/com/spotify/dockerfile-maven-extension/1.4.0/dockerfile-maven-extension-1.4.0.jar:/var/jenkins_home/.m2/repository/org/apache/maven/maven-plugin-api/3.3.9/maven-plugin-api-3.3.9.jar:/var/jenkins_home/.m2/repository/org/apache/maven/maven-model/3.3.9/maven-model-3.3.9.jar:/var/jenkins_home/.m2/repository/org/apache/maven/maven-artifact/3.3.9/maven-artifact-3.3.9.jar:/var/jenkins_home/.m2/repository/org/eclipse/sisu/org.eclipse.sisu.plexus/0.3.2/org.eclipse.sisu.plexus-0.3.2.jar:/var/jenkins_home/.m2/repository/javax/enterprise/cdi-api/1.0/cdi-api-1.0.jar:/var/jenkins_home/.m2/repository/javax/annotation/jsr250-api/1.0/jsr250-api-1.0.jar:/var/jenkins_home/.m2/repository/org/eclipse/sisu/org.eclipse.sisu.inject/0.3.2/org.eclipse.sisu.inject-0.3.2.jar:/var/jenkins_home/.m2/repository/org/apache/maven/maven-core/3.3.9/maven-core-3.3.9.jar:/var/jenkins_home/.m2/repository/org/apache/maven/maven-settings/3.3.9/maven-settings-3.3.9.jar:/var/jenkins_home/.m2/repository/org/apache/maven/maven-settings-builder/3.3.9/maven-settings-builder-3.3.9.jar:/var/jenkins_home/.m2/repository/org/apache/maven/maven-builder-support/3.3.9/maven-builder-support-3.3.9.jar:/var/jenkins_home/.m2/repository/org/apache/maven/maven-repository-metadata/3.3.9/maven-repository-metadata-3.3.9.jar:/var/jenkins_home/.m2/repository/org/apache/maven/maven-model-builder/3.3.9/maven-model-builder-3.3.9.jar:/var/jenkins_home/.m2/repository/org/apache/maven/maven-aether-provider/3.3.9/maven-aether-provider-3.3.9.jar:/var/jenkins_home/.m2/repository/org/eclipse/aether/aether-spi/1.0.2.v20150114/aether-spi-1.0.2.v20150114.jar:/var/jenkins_home/.m2/repository/org/eclipse/aether/aether-impl/1.0.2.v20150114/aether-impl-1.0.2.v20150114.jar:/var/jenkins_home/.m2/repository/org/eclipse/aether/aether-api/1.0.2.v20150114/aether-api-1.0.2.v20150114.jar:/var/jenkins_home/.m2/repository/org/eclipse/aether/aether-util/1.0.2.v20150114/aether-util-1.0.2.v20150114.jar:/var/jenkins_home/.m2/repository/com/google/inject/guice/4.0/guice-4.0-no_aop.jar:/var/jenkins_home/.m2/repository/javax/inject/javax.inject/1/javax.inject-1.jar:/var/jenkins_home/.m2/repository/aopalliance/aopalliance/1.0/aopalliance-1.0.jar:/var/jenkins_home/.m2/repository/org/codehaus/plexus/plexus-interpolation/1.21/plexus-interpolation-1.21.jar:/var/jenkins_home/.m2/repository/org/codehaus/plexus/plexus-utils/3.0.22/plexus-utils-3.0.22.jar:/var/jenkins_home/.m2/repository/org/codehaus/plexus/plexus-classworlds/2.5.2/plexus-classworlds-2.5.2.jar:/var/jenkins_home/.m2/repository/org/codehaus/plexus/plexus-component-annotations/1.6/plexus-component-annotations-1.6.jar:/var/jenkins_home/.m2/repository/org/sonatype/plexus/plexus-sec-dispatcher/1.3/plexus-sec-dispatcher-1.3.jar:/var/jenkins_home/.m2/repository/org/sonatype/plexus/plexus-cipher/1.4/plexus-cipher-1.4.jar:/var/jenkins_home/.m2/repository/org/apache/maven/maven-archiver/3.0.0/maven-archiver-3.0.0.jar:/var/jenkins_home/.m2/repository/org/apache/maven/shared/maven-shared-utils/3.0.0/maven-shared-utils-3.0.0.jar:/var/jenkins_home/.m2/repository/org/codehaus/plexus/plexus-archiver/2.9.1/plexus-archiver-2.9.1.jar:/var/jenkins_home/.m2/repository/org/codehaus/plexus/plexus-io/2.4.1/plexus-io-2.4.1.jar:/var/jenkins_home/.m2/repository/org/springframework/boot/spring-boot-configuration-processor/2.1.2.RELEASE/spring-boot-configuration-processor-2.1.2.RELEASE.jar:/var/jenkins_home/.m2/repository/com/github/techguy-bhushan/xss.filter/1.0.2/xss.filter-1.0.2.jar:/var/jenkins_home/.m2/repository/com/zaxxer/HikariCP/3.3.1/HikariCP-3.3.1.jar:/var/jenkins_home/.m2/repository/org/apache/commons/commons-compress/1.14/commons-compress-1.14.jar:/var/jenkins_home/.m2/repository/com/brsanthu/google-analytics-java/2.0.0/google-analytics-java-2.0.0.jar:/var/jenkins_home/.m2/repository/org/slf4j/jcl-over-slf4j/1.7.25/jcl-over-slf4j-1.7.25.jar:"/>
    <property name="sun.cpu.endian" value="little"/>
    <property name="user.home" value="/var/jenkins_home"/>
    <property name="user.language" value="en"/>
    <property name="java.specification.vendor" value="Oracle Corporation"/>
    <property name="java.home" value="/usr/lib/jvm/java-8-openjdk-amd64/jre"/>
    <property name="spring.profiles.active" value="test"/>
    <property name="basedir" value="/var/jenkins_home/workspace/TTriage Backend Smoke Suite"/>
    <property name="file.separator" value="/"/>
    <property name="line.separator" value="&#10;"/>
    <property name="java.vm.specification.vendor" value="Oracle Corporation"/>
    <property name="java.specification.name" value="Java Platform API Specification"/>
    <property name="java.awt.graphicsenv" value="sun.awt.X11GraphicsEnvironment"/>
    <property name="sun.boot.class.path" value="/usr/lib/jvm/java-8-openjdk-amd64/jre/lib/resources.jar:/usr/lib/jvm/java-8-openjdk-amd64/jre/lib/rt.jar:/usr/lib/jvm/java-8-openjdk-amd64/jre/lib/sunrsasign.jar:/usr/lib/jvm/java-8-openjdk-amd64/jre/lib/jsse.jar:/usr/lib/jvm/java-8-openjdk-amd64/jre/lib/jce.jar:/usr/lib/jvm/java-8-openjdk-amd64/jre/lib/charsets.jar:/usr/lib/jvm/java-8-openjdk-amd64/jre/lib/jfr.jar:/usr/lib/jvm/java-8-openjdk-amd64/jre/classes"/>
    <property name="sun.management.compiler" value="HotSpot 64-Bit Tiered Compilers"/>
    <property name="java.runtime.version" value="1.8.0_212-8u212-b01-1~deb9u1-b01"/>
    <property name="user.name" value="jenkins"/>
    <property name="path.separator" value=":"/>
    <property name="os.version" value="4.15.0-29-generic"/>
    <property name="java.endorsed.dirs" value="/usr/lib/jvm/java-8-openjdk-amd64/jre/lib/endorsed"/>
    <property name="java.runtime.name" value="OpenJDK Runtime Environment"/>
    <property name="file.encoding" value="UTF-8"/>
    <property name="java.vm.name" value="OpenJDK 64-Bit Server VM"/>
    <property name="qe.user" value="info@clarolab.com"/>
    <property name="localRepository" value="/var/jenkins_home/.m2/repository"/>
    <property name="java.vendor.url.bug" value="http://bugreport.sun.com/bugreport/"/>
    <property name="java.io.tmpdir" value="/tmp"/>
    <property name="java.version" value="1.8.0_212"/>
    <property name="user.dir" value="/var/jenkins_home/workspace/TTriage Backend Smoke Suite"/>
    <property name="os.arch" value="amd64"/>
    <property name="java.vm.specification.name" value="Java Virtual Machine Specification"/>
    <property name="java.awt.printerjob" value="sun.print.PSPrinterJob"/>
    <property name="sun.os.patch.level" value="unknown"/>
    <property name="java.library.path" value="/usr/java/packages/lib/amd64:/usr/lib/x86_64-linux-gnu/jni:/lib/x86_64-linux-gnu:/usr/lib/x86_64-linux-gnu:/usr/lib/jni:/lib:/usr/lib"/>
    <property name="java.vm.info" value="mixed mode"/>
    <property name="java.vendor" value="Oracle Corporation"/>
    <property name="java.vm.version" value="25.212-b01"/>
    <property name="java.ext.dirs" value="/usr/lib/jvm/java-8-openjdk-amd64/jre/lib/ext:/usr/java/packages/lib/ext"/>
    <property name="sun.io.unicode.encoding" value="UnicodeLittle"/>
    <property name="java.class.version" value="52.0"/>
  </properties>
  <testcase name="initializationError" classname="com.clarolab.api.suite.SuiteSmokeAPITest" time="0.009">
    <error type="org.junit.runner.manipulation.NoTestsRemainException">org.junit.runner.manipulation.NoTestsRemainException
</error>
    <system-out><![CDATA[00:00:36,141 |-INFO in ch.qos.logback.classic.LoggerContext[default] - Could NOT find resource [logback-test.xml]
00:00:36,142 |-INFO in ch.qos.logback.classic.LoggerContext[default] - Could NOT find resource [logback.groovy]
00:00:36,142 |-INFO in ch.qos.logback.classic.LoggerContext[default] - Found resource [logback.xml] at [file:/var/jenkins_home/workspace/TTriage%20Backend%20Smoke%20Suite/target/classes/logback.xml]
00:00:36,235 |-INFO in ch.qos.logback.classic.joran.action.ConfigurationAction - debug attribute not set
00:00:36,247 |-INFO in ch.qos.logback.core.joran.action.AppenderAction - About to instantiate appender of type [ch.qos.logback.core.ConsoleAppender]
00:00:36,250 |-INFO in ch.qos.logback.core.joran.action.AppenderAction - Naming appender as [CONSOLE]
00:00:36,292 |-WARN in ch.qos.logback.core.ConsoleAppender[CONSOLE] - This appender no longer admits a layout as a sub-component, set an encoder instead.
00:00:36,292 |-WARN in ch.qos.logback.core.ConsoleAppender[CONSOLE] - To ensure compatibility, wrapping your layout in LayoutWrappingEncoder.
00:00:36,292 |-WARN in ch.qos.logback.core.ConsoleAppender[CONSOLE] - See also http://logback.qos.ch/codes.html#layoutInsteadOfEncoder for details
00:00:36,293 |-INFO in ch.qos.logback.core.joran.action.AppenderAction - About to instantiate appender of type [ch.qos.logback.core.rolling.RollingFileAppender]
00:00:36,295 |-INFO in ch.qos.logback.core.joran.action.AppenderAction - Naming appender as [STD-FILE]
00:00:36,308 |-INFO in c.q.l.core.rolling.TimeBasedRollingPolicy@480971771 - No compression will be used
00:00:36,309 |-INFO in c.q.l.core.rolling.TimeBasedRollingPolicy@480971771 - Will use the pattern ./logs/archived/std-%d{yyyy-ww}.%i.log for the active file
00:00:36,311 |-INFO in ch.qos.logback.core.rolling.SizeAndTimeBasedFNATP@5e955596 - The date pattern is 'yyyy-ww' from file name pattern './logs/archived/std-%d{yyyy-ww}.%i.log'.
00:00:36,311 |-INFO in ch.qos.logback.core.rolling.SizeAndTimeBasedFNATP@5e955596 - Rollover at the start of week.
00:00:36,314 |-INFO in ch.qos.logback.core.rolling.SizeAndTimeBasedFNATP@5e955596 - Setting initial period to Sun May 05 15:10:34 UTC 2019
00:00:36,314 |-WARN in ch.qos.logback.core.rolling.SizeAndTimeBasedFNATP@5e955596 - SizeAndTimeBasedFNATP is deprecated. Use SizeAndTimeBasedRollingPolicy instead
00:00:36,314 |-WARN in ch.qos.logback.core.rolling.SizeAndTimeBasedFNATP@5e955596 - For more information see http://logback.qos.ch/manual/appenders.html#SizeAndTimeBasedRollingPolicy
00:00:36,317 |-INFO in ch.qos.logback.core.rolling.RollingFileAppender[STD-FILE] - Active log file name: ./logs/std-logger.log
00:00:36,317 |-INFO in ch.qos.logback.core.rolling.RollingFileAppender[STD-FILE] - File property is set to [./logs/std-logger.log]
00:00:36,317 |-INFO in ch.qos.logback.core.joran.action.AppenderAction - About to instantiate appender of type [ch.qos.logback.core.rolling.RollingFileAppender]
00:00:36,317 |-INFO in ch.qos.logback.core.joran.action.AppenderAction - Naming appender as [SECURITY-FILE]
00:00:36,319 |-INFO in c.q.l.core.rolling.TimeBasedRollingPolicy@1356728614 - No compression will be used
00:00:36,320 |-INFO in c.q.l.core.rolling.TimeBasedRollingPolicy@1356728614 - Will use the pattern ./logs/archived/security-logger-%d{yyyy-MM}.%i.log for the active file
00:00:36,320 |-INFO in ch.qos.logback.core.rolling.SizeAndTimeBasedFNATP@2473b9ce - The date pattern is 'yyyy-MM' from file name pattern './logs/archived/security-logger-%d{yyyy-MM}.%i.log'.
00:00:36,320 |-INFO in ch.qos.logback.core.rolling.SizeAndTimeBasedFNATP@2473b9ce - Rollover at start of every month.
00:00:36,321 |-INFO in ch.qos.logback.core.rolling.SizeAndTimeBasedFNATP@2473b9ce - Setting initial period to Mon Apr 29 18:31:58 UTC 2019
00:00:36,321 |-WARN in ch.qos.logback.core.rolling.SizeAndTimeBasedFNATP@2473b9ce - SizeAndTimeBasedFNATP is deprecated. Use SizeAndTimeBasedRollingPolicy instead
00:00:36,321 |-WARN in ch.qos.logback.core.rolling.SizeAndTimeBasedFNATP@2473b9ce - For more information see http://logback.qos.ch/manual/appenders.html#SizeAndTimeBasedRollingPolicy
00:00:36,321 |-INFO in ch.qos.logback.core.rolling.RollingFileAppender[SECURITY-FILE] - Active log file name: ./logs/security-logger.log
00:00:36,321 |-INFO in ch.qos.logback.core.rolling.RollingFileAppender[SECURITY-FILE] - File property is set to [./logs/security-logger.log]
00:00:36,321 |-INFO in ch.qos.logback.classic.joran.action.RootLoggerAction - Setting level of ROOT logger to INFO
00:00:36,321 |-INFO in ch.qos.logback.core.joran.action.AppenderRefAction - Attaching appender named [STD-FILE] to Logger[ROOT]
00:00:36,322 |-INFO in ch.qos.logback.core.joran.action.AppenderRefAction - Attaching appender named [CONSOLE] to Logger[ROOT]
00:00:36,322 |-INFO in ch.qos.logback.classic.joran.action.LoggerAction - Setting level of logger [com.clarolab] to TRACE
00:00:36,322 |-INFO in ch.qos.logback.classic.joran.action.LoggerAction - Setting additivity of logger [com.clarolab] to false
00:00:36,322 |-INFO in ch.qos.logback.core.joran.action.AppenderRefAction - Attaching appender named [CONSOLE] to Logger[com.clarolab]
00:00:36,322 |-INFO in ch.qos.logback.core.joran.action.AppenderRefAction - Attaching appender named [STD-FILE] to Logger[com.clarolab]
00:00:36,322 |-INFO in ch.qos.logback.classic.joran.action.LoggerAction - Setting level of logger [security-logger] to ERROR
00:00:36,322 |-INFO in ch.qos.logback.classic.joran.action.LoggerAction - Setting additivity of logger [security-logger] to false
00:00:36,322 |-INFO in ch.qos.logback.core.joran.action.AppenderRefAction - Attaching appender named [CONSOLE] to Logger[security-logger]
00:00:36,322 |-INFO in ch.qos.logback.core.joran.action.AppenderRefAction - Attaching appender named [SECURITY-FILE] to Logger[security-logger]
00:00:36,323 |-INFO in ch.qos.logback.classic.joran.action.ConfigurationAction - End of configuration.
00:00:36,323 |-INFO in ch.qos.logback.classic.joran.JoranConfigurator@60438a68 - Registering current configuration as safe fallback point

&amp#27;[30m2019-05-06 00:00:36,437&amp#27;[0;39m &amp#27;[34mINFO &amp#27;[0;39m [&amp#27;[34mmain&amp#27;[0;39m] &amp#27;[33morg.springframework.test.context.support.AbstractTestContextBootstrapper&amp#27;[0;39m: Neither @ContextConfiguration nor @ContextHierarchy found for test class [com.clarolab.api.test.AutomatedTestIssueAPITest], using SpringBootContextLoader
&amp#27;[30m2019-05-06 00:00:36,443&amp#27;[0;39m &amp#27;[34mINFO &amp#27;[0;39m [&amp#27;[34mmain&amp#27;[0;39m] &amp#27;[33morg.springframework.test.context.support.AbstractContextLoader&amp#27;[0;39m: Could not detect default resource locations for test class [com.clarolab.api.test.AutomatedTestIssueAPITest]: no resource found for suffixes {-context.xml, Context.groovy}.
&amp#27;[30m2019-05-06 00:00:36,657&amp#27;[0;39m &amp#27;[34mINFO &amp#27;[0;39m [&amp#27;[34mmain&amp#27;[0;39m] &amp#27;[33morg.springframework.test.context.support.AbstractTestContextBootstrapper&amp#27;[0;39m: Loaded default TestExecutionListener class names from location [META-INF/spring.factories]: [org.springframework.boot.test.mock.mockito.MockitoTestExecutionListener, org.springframework.boot.test.mock.mockito.ResetMocksTestExecutionListener, org.springframework.boot.test.autoconfigure.restdocs.RestDocsTestExecutionListener, org.springframework.boot.test.autoconfigure.web.client.MockRestServiceServerResetTestExecutionListener, org.springframework.boot.test.autoconfigure.web.servlet.MockMvcPrintOnlyOnFailureTestExecutionListener, org.springframework.boot.test.autoconfigure.web.servlet.WebDriverTestExecutionListener, org.springframework.test.context.web.ServletTestExecutionListener, org.springframework.test.context.support.DirtiesContextBeforeModesTestExecutionListener, org.springframework.test.context.support.DependencyInjectionTestExecutionListener, org.springframework.test.context.support.DirtiesContextTestExecutionListener, org.springframework.test.context.transaction.TransactionalTestExecutionListener, org.springframework.test.context.jdbc.SqlScriptsTestExecutionListener]
&amp#27;[30m2019-05-06 00:00:36,674&amp#27;[0;39m &amp#27;[34mINFO &amp#27;[0;39m [&amp#27;[34mmain&amp#27;[0;39m] &amp#27;[33morg.springframework.test.context.support.AbstractTestContextBootstrapper&amp#27;[0;39m: Using TestExecutionListeners: [org.springframework.test.context.web.ServletTestExecutionListener@3cebbb30, org.springframework.test.context.support.DirtiesContextBeforeModesTestExecutionListener@12aba8be, org.springframework.boot.test.mock.mockito.MockitoTestExecutionListener@290222c1, org.springframework.boot.test.autoconfigure.SpringBootDependencyInjectionTestExecutionListener@67f639d3, org.springframework.test.context.support.DirtiesContextTestExecutionListener@6253c26, org.springframework.test.context.transaction.TransactionalTestExecutionListener@49049a04, org.springframework.test.context.jdbc.SqlScriptsTestExecutionListener@71a8adcf, org.springframework.boot.test.mock.mockito.ResetMocksTestExecutionListener@27462a88, org.springframework.boot.test.autoconfigure.restdocs.RestDocsTestExecutionListener@82de64a, org.springframework.boot.test.autoconfigure.web.client.MockRestServiceServerResetTestExecutionListener@659499f1, org.springframework.boot.test.autoconfigure.web.servlet.MockMvcPrintOnlyOnFailureTestExecutionListener@51e69659, org.springframework.boot.test.autoconfigure.web.servlet.WebDriverTestExecutionListener@47e2e487]
&amp#27;[30m2019-05-06 00:00:36,678&amp#27;[0;39m &amp#27;[34mINFO &amp#27;[0;39m [&amp#27;[34mmain&amp#27;[0;39m] &amp#27;[33morg.springframework.test.context.support.AbstractTestContextBootstrapper&amp#27;[0;39m: Neither @ContextConfiguration nor @ContextHierarchy found for test class [com.clarolab.api.test.BuildAPITest], using SpringBootContextLoader
&amp#27;[30m2019-05-06 00:00:36,680&amp#27;[0;39m &amp#27;[34mINFO &amp#27;[0;39m [&amp#27;[34mmain&amp#27;[0;39m] &amp#27;[33morg.springframework.test.context.support.AbstractContextLoader&amp#27;[0;39m: Could not detect default resource locations for test class [com.clarolab.api.test.BuildAPITest]: no resource found for suffixes {-context.xml, Context.groovy}.
&amp#27;[30m2019-05-06 00:00:36,687&amp#27;[0;39m &amp#27;[34mINFO &amp#27;[0;39m [&amp#27;[34mmain&amp#27;[0;39m] &amp#27;[33morg.springframework.test.context.support.AbstractTestContextBootstrapper&amp#27;[0;39m: Loaded default TestExecutionListener class names from location [META-INF/spring.factories]: [org.springframework.boot.test.mock.mockito.MockitoTestExecutionListener, org.springframework.boot.test.mock.mockito.ResetMocksTestExecutionListener, org.springframework.boot.test.autoconfigure.restdocs.RestDocsTestExecutionListener, org.springframework.boot.test.autoconfigure.web.client.MockRestServiceServerResetTestExecutionListener, org.springframework.boot.test.autoconfigure.web.servlet.MockMvcPrintOnlyOnFailureTestExecutionListener, org.springframework.boot.test.autoconfigure.web.servlet.WebDriverTestExecutionListener, org.springframework.test.context.web.ServletTestExecutionListener, org.springframework.test.context.support.DirtiesContextBeforeModesTestExecutionListener, org.springframework.test.context.support.DependencyInjectionTestExecutionListener, org.springframework.test.context.support.DirtiesContextTestExecutionListener, org.springframework.test.context.transaction.TransactionalTestExecutionListener, org.springframework.test.context.jdbc.SqlScriptsTestExecutionListener]
&amp#27;[30m2019-05-06 00:00:36,687&amp#27;[0;39m &amp#27;[34mINFO &amp#27;[0;39m [&amp#27;[34mmain&amp#27;[0;39m] &amp#27;[33morg.springframework.test.context.support.AbstractTestContextBootstrapper&amp#27;[0;39m: Using TestExecutionListeners: [org.springframework.test.context.web.ServletTestExecutionListener@4b0d79fc, org.springframework.test.context.support.DirtiesContextBeforeModesTestExecutionListener@4c1909a3, org.springframework.boot.test.mock.mockito.MockitoTestExecutionListener@428640fa, org.springframework.boot.test.autoconfigure.SpringBootDependencyInjectionTestExecutionListener@d9345cd, org.springframework.test.context.support.DirtiesContextTestExecutionListener@2d710f1a, org.springframework.test.context.transaction.TransactionalTestExecutionListener@29215f06, org.springframework.test.context.jdbc.SqlScriptsTestExecutionListener@59505b48, org.springframework.boot.test.mock.mockito.ResetMocksTestExecutionListener@4efac082, org.springframework.boot.test.autoconfigure.restdocs.RestDocsTestExecutionListener@6bd61f98, org.springframework.boot.test.autoconfigure.web.client.MockRestServiceServerResetTestExecutionListener@48aca48b, org.springframework.boot.test.autoconfigure.web.servlet.MockMvcPrintOnlyOnFailureTestExecutionListener@13fd2ccd, org.springframework.boot.test.autoconfigure.web.servlet.WebDriverTestExecutionListener@b9b00e0]
&amp#27;[30m2019-05-06 00:00:36,693&amp#27;[0;39m &amp#27;[34mINFO &amp#27;[0;39m [&amp#27;[34mmain&amp#27;[0;39m] &amp#27;[33morg.springframework.test.context.support.AbstractTestContextBootstrapper&amp#27;[0;39m: Neither @ContextConfiguration nor @ContextHierarchy found for test class [com.clarolab.api.test.ContainerSuggestionAPITest], using SpringBootContextLoader
&amp#27;[30m2019-05-06 00:00:36,695&amp#27;[0;39m &amp#27;[34mINFO &amp#27;[0;39m [&amp#27;[34mmain&amp#27;[0;39m] &amp#27;[33morg.springframework.test.context.support.AbstractContextLoader&amp#27;[0;39m: Could not detect default resource locations for test class [com.clarolab.api.test.ContainerSuggestionAPITest]: no resource found for suffixes {-context.xml, Context.groovy}.
&amp#27;[30m2019-05-06 00:00:36,701&amp#27;[0;39m &amp#27;[34mINFO &amp#27;[0;39m [&amp#27;[34mmain&amp#27;[0;39m] &amp#27;[33morg.springframework.test.context.support.AbstractTestContextBootstrapper&amp#27;[0;39m: Loaded default TestExecutionListener class names from location [META-INF/spring.factories]: [org.springframework.boot.test.mock.mockito.MockitoTestExecutionListener, org.springframework.boot.test.mock.mockito.ResetMocksTestExecutionListener, org.springframework.boot.test.autoconfigure.restdocs.RestDocsTestExecutionListener, org.springframework.boot.test.autoconfigure.web.client.MockRestServiceServerResetTestExecutionListener, org.springframework.boot.test.autoconfigure.web.servlet.MockMvcPrintOnlyOnFailureTestExecutionListener, org.springframework.boot.test.autoconfigure.web.servlet.WebDriverTestExecutionListener, org.springframework.test.context.web.ServletTestExecutionListener, org.springframework.test.context.support.DirtiesContextBeforeModesTestExecutionListener, org.springframework.test.context.support.DependencyInjectionTestExecutionListener, org.springframework.test.context.support.DirtiesContextTestExecutionListener, org.springframework.test.context.transaction.TransactionalTestExecutionListener, org.springframework.test.context.jdbc.SqlScriptsTestExecutionListener]
&amp#27;[30m2019-05-06 00:00:36,702&amp#27;[0;39m &amp#27;[34mINFO &amp#27;[0;39m [&amp#27;[34mmain&amp#27;[0;39m] &amp#27;[33morg.springframework.test.context.support.AbstractTestContextBootstrapper&amp#27;[0;39m: Using TestExecutionListeners: [org.springframework.test.context.web.ServletTestExecutionListener@5a45133e, org.springframework.test.context.support.DirtiesContextBeforeModesTestExecutionListener@534a5a98, org.springframework.boot.test.mock.mockito.MockitoTestExecutionListener@4f80542f, org.springframework.boot.test.autoconfigure.SpringBootDependencyInjectionTestExecutionListener@60bd273d, org.springframework.test.context.support.DirtiesContextTestExecutionListener@121314f7, org.springframework.test.context.transaction.TransactionalTestExecutionListener@130c12b7, org.springframework.test.context.jdbc.SqlScriptsTestExecutionListener@5e600dd5, org.springframework.boot.test.mock.mockito.ResetMocksTestExecutionListener@576d5deb, org.springframework.boot.test.autoconfigure.restdocs.RestDocsTestExecutionListener@5d534f5d, org.springframework.boot.test.autoconfigure.web.client.MockRestServiceServerResetTestExecutionListener@2e3967ea, org.springframework.boot.test.autoconfigure.web.servlet.MockMvcPrintOnlyOnFailureTestExecutionListener@70e9c95d, org.springframework.boot.test.autoconfigure.web.servlet.WebDriverTestExecutionListener@4d5650ae]
&amp#27;[30m2019-05-06 00:00:36,706&amp#27;[0;39m &amp#27;[34mINFO &amp#27;[0;39m [&amp#27;[34mmain&amp#27;[0;39m] &amp#27;[33morg.springframework.test.context.support.AbstractTestContextBootstrapper&amp#27;[0;39m: Neither @ContextConfiguration nor @ContextHierarchy found for test class [com.clarolab.api.test.IssueTicketAPITest], using SpringBootContextLoader
&amp#27;[30m2019-05-06 00:00:36,708&amp#27;[0;39m &amp#27;[34mINFO &amp#27;[0;39m [&amp#27;[34mmain&amp#27;[0;39m] &amp#27;[33morg.springframework.test.context.support.AbstractContextLoader&amp#27;[0;39m: Could not detect default resource locations for test class [com.clarolab.api.test.IssueTicketAPITest]: no resource found for suffixes {-context.xml, Context.groovy}.
&amp#27;[30m2019-05-06 00:00:36,715&amp#27;[0;39m &amp#27;[34mINFO &amp#27;[0;39m [&amp#27;[34mmain&amp#27;[0;39m] &amp#27;[33morg.springframework.test.context.support.AbstractTestContextBootstrapper&amp#27;[0;39m: Loaded default TestExecutionListener class names from location [META-INF/spring.factories]: [org.springframework.boot.test.mock.mockito.MockitoTestExecutionListener, org.springframework.boot.test.mock.mockito.ResetMocksTestExecutionListener, org.springframework.boot.test.autoconfigure.restdocs.RestDocsTestExecutionListener, org.springframework.boot.test.autoconfigure.web.client.MockRestServiceServerResetTestExecutionListener, org.springframework.boot.test.autoconfigure.web.servlet.MockMvcPrintOnlyOnFailureTestExecutionListener, org.springframework.boot.test.autoconfigure.web.servlet.WebDriverTestExecutionListener, org.springframework.test.context.web.ServletTestExecutionListener, org.springframework.test.context.support.DirtiesContextBeforeModesTestExecutionListener, org.springframework.test.context.support.DependencyInjectionTestExecutionListener, org.springframework.test.context.support.DirtiesContextTestExecutionListener, org.springframework.test.context.transaction.TransactionalTestExecutionListener, org.springframework.test.context.jdbc.SqlScriptsTestExecutionListener]
&amp#27;[30m2019-05-06 00:00:36,716&amp#27;[0;39m &amp#27;[34mINFO &amp#27;[0;39m [&amp#27;[34mmain&amp#27;[0;39m] &amp#27;[33morg.springframework.test.context.support.AbstractTestContextBootstrapper&amp#27;[0;39m: Using TestExecutionListeners: [org.springframework.test.context.web.ServletTestExecutionListener@5824a83d, org.springframework.test.context.support.DirtiesContextBeforeModesTestExecutionListener@537f60bf, org.springframework.boot.test.mock.mockito.MockitoTestExecutionListener@5677323c, org.springframework.boot.test.autoconfigure.SpringBootDependencyInjectionTestExecutionListener@18df8434, org.springframework.test.context.support.DirtiesContextTestExecutionListener@65c7a252, org.springframework.test.context.transaction.TransactionalTestExecutionListener@4d154ccd, org.springframework.test.context.jdbc.SqlScriptsTestExecutionListener@229c6181, org.springframework.boot.test.mock.mockito.ResetMocksTestExecutionListener@4686afc2, org.springframework.boot.test.autoconfigure.restdocs.RestDocsTestExecutionListener@1e0b4072, org.springframework.boot.test.autoconfigure.web.client.MockRestServiceServerResetTestExecutionListener@791f145a, org.springframework.boot.test.autoconfigure.web.servlet.MockMvcPrintOnlyOnFailureTestExecutionListener@38cee291, org.springframework.boot.test.autoconfigure.web.servlet.WebDriverTestExecutionListener@4b45a2f5]
&amp#27;[30m2019-05-06 00:00:36,719&amp#27;[0;39m &amp#27;[34mINFO &amp#27;[0;39m [&amp#27;[34mmain&amp#27;[0;39m] &amp#27;[33morg.springframework.test.context.support.AbstractTestContextBootstrapper&amp#27;[0;39m: Neither @ContextConfiguration nor @ContextHierarchy found for test class [com.clarolab.api.test.ListAPITest], using SpringBootContextLoader
&amp#27;[30m2019-05-06 00:00:36,721&amp#27;[0;39m &amp#27;[34mINFO &amp#27;[0;39m [&amp#27;[34mmain&amp#27;[0;39m] &amp#27;[33morg.springframework.test.context.support.AbstractContextLoader&amp#27;[0;39m: Could not detect default resource locations for test class [com.clarolab.api.test.ListAPITest]: no resource found for suffixes {-context.xml, Context.groovy}.
&amp#27;[30m2019-05-06 00:00:36,727&amp#27;[0;39m &amp#27;[34mINFO &amp#27;[0;39m [&amp#27;[34mmain&amp#27;[0;39m] &amp#27;[33morg.springframework.test.context.support.AbstractTestContextBootstrapper&amp#27;[0;39m: Loaded default TestExecutionListener class names from location [META-INF/spring.factories]: [org.springframework.boot.test.mock.mockito.MockitoTestExecutionListener, org.springframework.boot.test.mock.mockito.ResetMocksTestExecutionListener, org.springframework.boot.test.autoconfigure.restdocs.RestDocsTestExecutionListener, org.springframework.boot.test.autoconfigure.web.client.MockRestServiceServerResetTestExecutionListener, org.springframework.boot.test.autoconfigure.web.servlet.MockMvcPrintOnlyOnFailureTestExecutionListener, org.springframework.boot.test.autoconfigure.web.servlet.WebDriverTestExecutionListener, org.springframework.test.context.web.ServletTestExecutionListener, org.springframework.test.context.support.DirtiesContextBeforeModesTestExecutionListener, org.springframework.test.context.support.DependencyInjectionTestExecutionListener, org.springframework.test.context.support.DirtiesContextTestExecutionListener, org.springframework.test.context.transaction.TransactionalTestExecutionListener, org.springframework.test.context.jdbc.SqlScriptsTestExecutionListener]
&amp#27;[30m2019-05-06 00:00:36,728&amp#27;[0;39m &amp#27;[34mINFO &amp#27;[0;39m [&amp#27;[34mmain&amp#27;[0;39m] &amp#27;[33morg.springframework.test.context.support.AbstractTestContextBootstrapper&amp#27;[0;39m: Using TestExecutionListeners: [org.springframework.test.context.web.ServletTestExecutionListener@1c7696c6, org.springframework.test.context.support.DirtiesContextBeforeModesTestExecutionListener@60099951, org.springframework.boot.test.mock.mockito.MockitoTestExecutionListener@20140db9, org.springframework.boot.test.autoconfigure.SpringBootDependencyInjectionTestExecutionListener@1e6a3214, org.springframework.test.context.support.DirtiesContextTestExecutionListener@368247b9, org.springframework.test.context.transaction.TransactionalTestExecutionListener@1a6d8329, org.springframework.test.context.jdbc.SqlScriptsTestExecutionListener@1a942c18, org.springframework.boot.test.mock.mockito.ResetMocksTestExecutionListener@55a147cc, org.springframework.boot.test.autoconfigure.restdocs.RestDocsTestExecutionListener@71ba6d4e, org.springframework.boot.test.autoconfigure.web.client.MockRestServiceServerResetTestExecutionListener@738dc9b, org.springframework.boot.test.autoconfigure.web.servlet.MockMvcPrintOnlyOnFailureTestExecutionListener@3c77d488, org.springframework.boot.test.autoconfigure.web.servlet.WebDriverTestExecutionListener@63376bed]
&amp#27;[30m2019-05-06 00:00:36,731&amp#27;[0;39m &amp#27;[34mINFO &amp#27;[0;39m [&amp#27;[34mmain&amp#27;[0;39m] &amp#27;[33morg.springframework.test.context.support.AbstractTestContextBootstrapper&amp#27;[0;39m: Neither @ContextConfiguration nor @ContextHierarchy found for test class [com.clarolab.api.test.ProductAPITest], using SpringBootContextLoader
&amp#27;[30m2019-05-06 00:00:36,733&amp#27;[0;39m &amp#27;[34mINFO &amp#27;[0;39m [&amp#27;[34mmain&amp#27;[0;39m] &amp#27;[33morg.springframework.test.context.support.AbstractContextLoader&amp#27;[0;39m: Could not detect default resource locations for test class [com.clarolab.api.test.ProductAPITest]: no resource found for suffixes {-context.xml, Context.groovy}.
&amp#27;[30m2019-05-06 00:00:36,739&amp#27;[0;39m &amp#27;[34mINFO &amp#27;[0;39m [&amp#27;[34mmain&amp#27;[0;39m] &amp#27;[33morg.springframework.test.context.support.AbstractTestContextBootstrapper&amp#27;[0;39m: Loaded default TestExecutionListener class names from location [META-INF/spring.factories]: [org.springframework.boot.test.mock.mockito.MockitoTestExecutionListener, org.springframework.boot.test.mock.mockito.ResetMocksTestExecutionListener, org.springframework.boot.test.autoconfigure.restdocs.RestDocsTestExecutionListener, org.springframework.boot.test.autoconfigure.web.client.MockRestServiceServerResetTestExecutionListener, org.springframework.boot.test.autoconfigure.web.servlet.MockMvcPrintOnlyOnFailureTestExecutionListener, org.springframework.boot.test.autoconfigure.web.servlet.WebDriverTestExecutionListener, org.springframework.test.context.web.ServletTestExecutionListener, org.springframework.test.context.support.DirtiesContextBeforeModesTestExecutionListener, org.springframework.test.context.support.DependencyInjectionTestExecutionListener, org.springframework.test.context.support.DirtiesContextTestExecutionListener, org.springframework.test.context.transaction.TransactionalTestExecutionListener, org.springframework.test.context.jdbc.SqlScriptsTestExecutionListener]
&amp#27;[30m2019-05-06 00:00:36,740&amp#27;[0;39m &amp#27;[34mINFO &amp#27;[0;39m [&amp#27;[34mmain&amp#27;[0;39m] &amp#27;[33morg.springframework.test.context.support.AbstractTestContextBootstrapper&amp#27;[0;39m: Using TestExecutionListeners: [org.springframework.test.context.web.ServletTestExecutionListener@298a5e20, org.springframework.test.context.support.DirtiesContextBeforeModesTestExecutionListener@2a7f1f10, org.springframework.boot.test.mock.mockito.MockitoTestExecutionListener@46cdf8bd, org.springframework.boot.test.autoconfigure.SpringBootDependencyInjectionTestExecutionListener@f0c8a99, org.springframework.test.context.support.DirtiesContextTestExecutionListener@740cae06, org.springframework.test.context.transaction.TransactionalTestExecutionListener@26d9b808, org.springframework.test.context.jdbc.SqlScriptsTestExecutionListener@f78a47e, org.springframework.boot.test.mock.mockito.ResetMocksTestExecutionListener@644baf4a, org.springframework.boot.test.autoconfigure.restdocs.RestDocsTestExecutionListener@7526515b, org.springframework.boot.test.autoconfigure.web.client.MockRestServiceServerResetTestExecutionListener@1ed4ae0f, org.springframework.boot.test.autoconfigure.web.servlet.MockMvcPrintOnlyOnFailureTestExecutionListener@54c5a2ff, org.springframework.boot.test.autoconfigure.web.servlet.WebDriverTestExecutionListener@6d4d66d2]
&amp#27;[30m2019-05-06 00:00:36,744&amp#27;[0;39m &amp#27;[34mINFO &amp#27;[0;39m [&amp#27;[34mmain&amp#27;[0;39m] &amp#27;[33morg.springframework.test.context.support.AbstractTestContextBootstrapper&amp#27;[0;39m: Neither @ContextConfiguration nor @ContextHierarchy found for test class [com.clarolab.api.test.TriageBuildAPITest], using SpringBootContextLoader
&amp#27;[30m2019-05-06 00:00:36,745&amp#27;[0;39m &amp#27;[34mINFO &amp#27;[0;39m [&amp#27;[34mmain&amp#27;[0;39m] &amp#27;[33morg.springframework.test.context.support.AbstractContextLoader&amp#27;[0;39m: Could not detect default resource locations for test class [com.clarolab.api.test.TriageBuildAPITest]: no resource found for suffixes {-context.xml, Context.groovy}.
&amp#27;[30m2019-05-06 00:00:36,753&amp#27;[0;39m &amp#27;[34mINFO &amp#27;[0;39m [&amp#27;[34mmain&amp#27;[0;39m] &amp#27;[33morg.springframework.test.context.support.AbstractTestContextBootstrapper&amp#27;[0;39m: Loaded default TestExecutionListener class names from location [META-INF/spring.factories]: [org.springframework.boot.test.mock.mockito.MockitoTestExecutionListener, org.springframework.boot.test.mock.mockito.ResetMocksTestExecutionListener, org.springframework.boot.test.autoconfigure.restdocs.RestDocsTestExecutionListener, org.springframework.boot.test.autoconfigure.web.client.MockRestServiceServerResetTestExecutionListener, org.springframework.boot.test.autoconfigure.web.servlet.MockMvcPrintOnlyOnFailureTestExecutionListener, org.springframework.boot.test.autoconfigure.web.servlet.WebDriverTestExecutionListener, org.springframework.test.context.web.ServletTestExecutionListener, org.springframework.test.context.support.DirtiesContextBeforeModesTestExecutionListener, org.springframework.test.context.support.DependencyInjectionTestExecutionListener, org.springframework.test.context.support.DirtiesContextTestExecutionListener, org.springframework.test.context.transaction.TransactionalTestExecutionListener, org.springframework.test.context.jdbc.SqlScriptsTestExecutionListener]
&amp#27;[30m2019-05-06 00:00:36,757&amp#27;[0;39m &amp#27;[34mINFO &amp#27;[0;39m [&amp#27;[34mmain&amp#27;[0;39m] &amp#27;[33morg.springframework.test.context.support.AbstractTestContextBootstrapper&amp#27;[0;39m: Using TestExecutionListeners: [org.springframework.test.context.web.ServletTestExecutionListener@6e9175d8, org.springframework.test.context.support.DirtiesContextBeforeModesTestExecutionListener@7d0b7e3c, org.springframework.boot.test.mock.mockito.MockitoTestExecutionListener@15bb5034, org.springframework.boot.test.autoconfigure.SpringBootDependencyInjectionTestExecutionListener@4b741d6d, org.springframework.test.context.support.DirtiesContextTestExecutionListener@2eae8e6e, org.springframework.test.context.transaction.TransactionalTestExecutionListener@8f2ef19, org.springframework.test.context.jdbc.SqlScriptsTestExecutionListener@470734c3, org.springframework.boot.test.mock.mockito.ResetMocksTestExecutionListener@2cf3d63b, org.springframework.boot.test.autoconfigure.restdocs.RestDocsTestExecutionListener@7674f035, org.springframework.boot.test.autoconfigure.web.client.MockRestServiceServerResetTestExecutionListener@69e153c5, org.springframework.boot.test.autoconfigure.web.servlet.MockMvcPrintOnlyOnFailureTestExecutionListener@173ed316, org.springframework.boot.test.autoconfigure.web.servlet.WebDriverTestExecutionListener@25ce9dc4]
&amp#27;[30m2019-05-06 00:00:36,759&amp#27;[0;39m &amp#27;[34mINFO &amp#27;[0;39m [&amp#27;[34mmain&amp#27;[0;39m] &amp#27;[33morg.springframework.test.context.support.AbstractTestContextBootstrapper&amp#27;[0;39m: Neither @ContextConfiguration nor @ContextHierarchy found for test class [com.clarolab.api.test.TriageTestAPITest], using SpringBootContextLoader
&amp#27;[30m2019-05-06 00:00:36,761&amp#27;[0;39m &amp#27;[34mINFO &amp#27;[0;39m [&amp#27;[34mmain&amp#27;[0;39m] &amp#27;[33morg.springframework.test.context.support.AbstractContextLoader&amp#27;[0;39m: Could not detect default resource locations for test class [com.clarolab.api.test.TriageTestAPITest]: no resource found for suffixes {-context.xml, Context.groovy}.
&amp#27;[30m2019-05-06 00:00:36,767&amp#27;[0;39m &amp#27;[34mINFO &amp#27;[0;39m [&amp#27;[34mmain&amp#27;[0;39m] &amp#27;[33morg.springframework.test.context.support.AbstractTestContextBootstrapper&amp#27;[0;39m: Loaded default TestExecutionListener class names from location [META-INF/spring.factories]: [org.springframework.boot.test.mock.mockito.MockitoTestExecutionListener, org.springframework.boot.test.mock.mockito.ResetMocksTestExecutionListener, org.springframework.boot.test.autoconfigure.restdocs.RestDocsTestExecutionListener, org.springframework.boot.test.autoconfigure.web.client.MockRestServiceServerResetTestExecutionListener, org.springframework.boot.test.autoconfigure.web.servlet.MockMvcPrintOnlyOnFailureTestExecutionListener, org.springframework.boot.test.autoconfigure.web.servlet.WebDriverTestExecutionListener, org.springframework.test.context.web.ServletTestExecutionListener, org.springframework.test.context.support.DirtiesContextBeforeModesTestExecutionListener, org.springframework.test.context.support.DependencyInjectionTestExecutionListener, org.springframework.test.context.support.DirtiesContextTestExecutionListener, org.springframework.test.context.transaction.TransactionalTestExecutionListener, org.springframework.test.context.jdbc.SqlScriptsTestExecutionListener]
&amp#27;[30m2019-05-06 00:00:36,771&amp#27;[0;39m &amp#27;[34mINFO &amp#27;[0;39m [&amp#27;[34mmain&amp#27;[0;39m] &amp#27;[33morg.springframework.test.context.support.AbstractTestContextBootstrapper&amp#27;[0;39m: Using TestExecutionListeners: [org.springframework.test.context.web.ServletTestExecutionListener@1ca3b418, org.springframework.test.context.support.DirtiesContextBeforeModesTestExecutionListener@58cbafc2, org.springframework.boot.test.mock.mockito.MockitoTestExecutionListener@2034b64c, org.springframework.boot.test.autoconfigure.SpringBootDependencyInjectionTestExecutionListener@75d3a5e0, org.springframework.test.context.support.DirtiesContextTestExecutionListener@74d1dc36, org.springframework.test.context.transaction.TransactionalTestExecutionListener@7161d8d1, org.springframework.test.context.jdbc.SqlScriptsTestExecutionListener@74e28667, org.springframework.boot.test.mock.mockito.ResetMocksTestExecutionListener@1cf6d1be, org.springframework.boot.test.autoconfigure.restdocs.RestDocsTestExecutionListener@663c9e7a, org.springframework.boot.test.autoconfigure.web.client.MockRestServiceServerResetTestExecutionListener@19e4653c, org.springframework.boot.test.autoconfigure.web.servlet.MockMvcPrintOnlyOnFailureTestExecutionListener@795509d9, org.springframework.boot.test.autoconfigure.web.servlet.WebDriverTestExecutionListener@53045c6c]
&amp#27;[30m2019-05-06 00:00:36,776&amp#27;[0;39m &amp#27;[34mINFO &amp#27;[0;39m [&amp#27;[34mmain&amp#27;[0;39m] &amp#27;[33morg.springframework.test.context.support.AbstractTestContextBootstrapper&amp#27;[0;39m: Neither @ContextConfiguration nor @ContextHierarchy found for test class [com.clarolab.api.test.UserAPITest], using SpringBootContextLoader
&amp#27;[30m2019-05-06 00:00:36,778&amp#27;[0;39m &amp#27;[34mINFO &amp#27;[0;39m [&amp#27;[34mmain&amp#27;[0;39m] &amp#27;[33morg.springframework.test.context.support.AbstractContextLoader&amp#27;[0;39m: Could not detect default resource locations for test class [com.clarolab.api.test.UserAPITest]: no resource found for suffixes {-context.xml, Context.groovy}.
&amp#27;[30m2019-05-06 00:00:36,784&amp#27;[0;39m &amp#27;[34mINFO &amp#27;[0;39m [&amp#27;[34mmain&amp#27;[0;39m] &amp#27;[33morg.springframework.test.context.support.AbstractTestContextBootstrapper&amp#27;[0;39m: Loaded default TestExecutionListener class names from location [META-INF/spring.factories]: [org.springframework.boot.test.mock.mockito.MockitoTestExecutionListener, org.springframework.boot.test.mock.mockito.ResetMocksTestExecutionListener, org.springframework.boot.test.autoconfigure.restdocs.RestDocsTestExecutionListener, org.springframework.boot.test.autoconfigure.web.client.MockRestServiceServerResetTestExecutionListener, org.springframework.boot.test.autoconfigure.web.servlet.MockMvcPrintOnlyOnFailureTestExecutionListener, org.springframework.boot.test.autoconfigure.web.servlet.WebDriverTestExecutionListener, org.springframework.test.context.web.ServletTestExecutionListener, org.springframework.test.context.support.DirtiesContextBeforeModesTestExecutionListener, org.springframework.test.context.support.DependencyInjectionTestExecutionListener, org.springframework.test.context.support.DirtiesContextTestExecutionListener, org.springframework.test.context.transaction.TransactionalTestExecutionListener, org.springframework.test.context.jdbc.SqlScriptsTestExecutionListener]
&amp#27;[30m2019-05-06 00:00:36,786&amp#27;[0;39m &amp#27;[34mINFO &amp#27;[0;39m [&amp#27;[34mmain&amp#27;[0;39m] &amp#27;[33morg.springframework.test.context.support.AbstractTestContextBootstrapper&amp#27;[0;39m: Using TestExecutionListeners: [org.springframework.test.context.web.ServletTestExecutionListener@7bba5817, org.springframework.test.context.support.DirtiesContextBeforeModesTestExecutionListener@742ff096, org.springframework.boot.test.mock.mockito.MockitoTestExecutionListener@75437611, org.springframework.boot.test.autoconfigure.SpringBootDependencyInjectionTestExecutionListener@350aac89, org.springframework.test.context.support.DirtiesContextTestExecutionListener@1c5920df, org.springframework.test.context.transaction.TransactionalTestExecutionListener@17f9d882, org.springframework.test.context.jdbc.SqlScriptsTestExecutionListener@79e4c792, org.springframework.boot.test.mock.mockito.ResetMocksTestExecutionListener@196a42c3, org.springframework.boot.test.autoconfigure.restdocs.RestDocsTestExecutionListener@4c60d6e9, org.springframework.boot.test.autoconfigure.web.client.MockRestServiceServerResetTestExecutionListener@15043a2f, org.springframework.boot.test.autoconfigure.web.servlet.MockMvcPrintOnlyOnFailureTestExecutionListener@4a83a74a, org.springframework.boot.test.autoconfigure.web.servlet.WebDriverTestExecutionListener@1349883]
&amp#27;[30m2019-05-06 00:00:36,788&amp#27;[0;39m &amp#27;[34mINFO &amp#27;[0;39m [&amp#27;[34mmain&amp#27;[0;39m] &amp#27;[33morg.springframework.test.context.support.AbstractTestContextBootstrapper&amp#27;[0;39m: Neither @ContextConfiguration nor @ContextHierarchy found for test class [com.clarolab.api.test.ViewAPITest], using SpringBootContextLoader
&amp#27;[30m2019-05-06 00:00:36,790&amp#27;[0;39m &amp#27;[34mINFO &amp#27;[0;39m [&amp#27;[34mmain&amp#27;[0;39m] &amp#27;[33morg.springframework.test.context.support.AbstractContextLoader&amp#27;[0;39m: Could not detect default resource locations for test class [com.clarolab.api.test.ViewAPITest]: no resource found for suffixes {-context.xml, Context.groovy}.
&amp#27;[30m2019-05-06 00:00:36,797&amp#27;[0;39m &amp#27;[34mINFO &amp#27;[0;39m [&amp#27;[34mmain&amp#27;[0;39m] &amp#27;[33morg.springframework.test.context.support.AbstractTestContextBootstrapper&amp#27;[0;39m: Loaded default TestExecutionListener class names from location [META-INF/spring.factories]: [org.springframework.boot.test.mock.mockito.MockitoTestExecutionListener, org.springframework.boot.test.mock.mockito.ResetMocksTestExecutionListener, org.springframework.boot.test.autoconfigure.restdocs.RestDocsTestExecutionListener, org.springframework.boot.test.autoconfigure.web.client.MockRestServiceServerResetTestExecutionListener, org.springframework.boot.test.autoconfigure.web.servlet.MockMvcPrintOnlyOnFailureTestExecutionListener, org.springframework.boot.test.autoconfigure.web.servlet.WebDriverTestExecutionListener, org.springframework.test.context.web.ServletTestExecutionListener, org.springframework.test.context.support.DirtiesContextBeforeModesTestExecutionListener, org.springframework.test.context.support.DependencyInjectionTestExecutionListener, org.springframework.test.context.support.DirtiesContextTestExecutionListener, org.springframework.test.context.transaction.TransactionalTestExecutionListener, org.springframework.test.context.jdbc.SqlScriptsTestExecutionListener]
&amp#27;[30m2019-05-06 00:00:36,798&amp#27;[0;39m &amp#27;[34mINFO &amp#27;[0;39m [&amp#27;[34mmain&amp#27;[0;39m] &amp#27;[33morg.springframework.test.context.support.AbstractTestContextBootstrapper&amp#27;[0;39m: Using TestExecutionListeners: [org.springframework.test.context.web.ServletTestExecutionListener@5f049ea1, org.springframework.test.context.support.DirtiesContextBeforeModesTestExecutionListener@72cc7e6f, org.springframework.boot.test.mock.mockito.MockitoTestExecutionListener@5afa3c9, org.springframework.boot.test.autoconfigure.SpringBootDependencyInjectionTestExecutionListener@72035809, org.springframework.test.context.support.DirtiesContextTestExecutionListener@909217e, org.springframework.test.context.transaction.TransactionalTestExecutionListener@18271936, org.springframework.test.context.jdbc.SqlScriptsTestExecutionListener@606e4010, org.springframework.boot.test.mock.mockito.ResetMocksTestExecutionListener@8458f04, org.springframework.boot.test.autoconfigure.restdocs.RestDocsTestExecutionListener@48075da3, org.springframework.boot.test.autoconfigure.web.client.MockRestServiceServerResetTestExecutionListener@68c9133c, org.springframework.boot.test.autoconfigure.web.servlet.MockMvcPrintOnlyOnFailureTestExecutionListener@7a35b0f5, org.springframework.boot.test.autoconfigure.web.servlet.WebDriverTestExecutionListener@5e2c3d18]
&amp#27;[30m2019-05-06 00:00:36,839&amp#27;[0;39m &amp#27;[34mINFO &amp#27;[0;39m [&amp#27;[34mmain&amp#27;[0;39m] &amp#27;[33morg.springframework.test.context.support.AbstractTestContextBootstrapper&amp#27;[0;39m: Neither @ContextConfiguration nor @ContextHierarchy found for test class [com.clarolab.functional.test.AbstractTriageRuleFunctionalTest], using SpringBootContextLoader
&amp#27;[30m2019-05-06 00:00:36,841&amp#27;[0;39m &amp#27;[34mINFO &amp#27;[0;39m [&amp#27;[34mmain&amp#27;[0;39m] &amp#27;[33morg.springframework.test.context.support.AbstractContextLoader&amp#27;[0;39m: Could not detect default resource locations for test class [com.clarolab.functional.test.AbstractTriageRuleFunctionalTest]: no resource found for suffixes {-context.xml, Context.groovy}.
&amp#27;[30m2019-05-06 00:00:36,854&amp#27;[0;39m &amp#27;[34mINFO &amp#27;[0;39m [&amp#27;[34mmain&amp#27;[0;39m] &amp#27;[33morg.springframework.test.context.support.AbstractTestContextBootstrapper&amp#27;[0;39m: Using TestExecutionListeners: [org.springframework.test.context.web.ServletTestExecutionListener@4007f65e, org.springframework.test.context.support.DirtiesContextBeforeModesTestExecutionListener@1a245833, org.springframework.test.context.support.DependencyInjectionTestExecutionListener@673fdbce, org.springframework.test.context.support.DirtiesContextTestExecutionListener@5965d37, org.springframework.test.context.transaction.TransactionalTestExecutionListener@7a5ceedd, org.springframework.test.context.jdbc.SqlScriptsTestExecutionListener@4201c465]
&amp#27;[30m2019-05-06 00:00:36,857&amp#27;[0;39m &amp#27;[34mINFO &amp#27;[0;39m [&amp#27;[34mmain&amp#27;[0;39m] &amp#27;[33morg.springframework.test.context.support.AbstractTestContextBootstrapper&amp#27;[0;39m: Neither @ContextConfiguration nor @ContextHierarchy found for test class [com.clarolab.functional.test.ApplicationDomainFunctionalTest], using SpringBootContextLoader
&amp#27;[30m2019-05-06 00:00:36,858&amp#27;[0;39m &amp#27;[34mINFO &amp#27;[0;39m [&amp#27;[34mmain&amp#27;[0;39m] &amp#27;[33morg.springframework.test.context.support.AbstractContextLoader&amp#27;[0;39m: Could not detect default resource locations for test class [com.clarolab.functional.test.ApplicationDomainFunctionalTest]: no resource found for suffixes {-context.xml, Context.groovy}.
&amp#27;[30m2019-05-06 00:00:36,865&amp#27;[0;39m &amp#27;[34mINFO &amp#27;[0;39m [&amp#27;[34mmain&amp#27;[0;39m] &amp#27;[33morg.springframework.test.context.support.AbstractTestContextBootstrapper&amp#27;[0;39m: Using TestExecutionListeners: [org.springframework.test.context.web.ServletTestExecutionListener@740fb309, org.springframework.test.context.support.DirtiesContextBeforeModesTestExecutionListener@7bd7d6d6, org.springframework.test.context.support.DependencyInjectionTestExecutionListener@43f02ef2, org.springframework.test.context.support.DirtiesContextTestExecutionListener@239a307b, org.springframework.test.context.transaction.TransactionalTestExecutionListener@2a8448fa, org.springframework.test.context.jdbc.SqlScriptsTestExecutionListener@6f204a1a]
&amp#27;[30m2019-05-06 00:00:36,869&amp#27;[0;39m &amp#27;[34mINFO &amp#27;[0;39m [&amp#27;[34mmain&amp#27;[0;39m] &amp#27;[33morg.springframework.test.context.support.AbstractTestContextBootstrapper&amp#27;[0;39m: Neither @ContextConfiguration nor @ContextHierarchy found for test class [com.clarolab.functional.test.ApplicationEventFunctionalTest], using SpringBootContextLoader
&amp#27;[30m2019-05-06 00:00:36,871&amp#27;[0;39m &amp#27;[34mINFO &amp#27;[0;39m [&amp#27;[34mmain&amp#27;[0;39m] &amp#27;[33morg.springframework.test.context.support.AbstractContextLoader&amp#27;[0;39m: Could not detect default resource locations for test class [com.clarolab.functional.test.ApplicationEventFunctionalTest]: no resource found for suffixes {-context.xml, Context.groovy}.
&amp#27;[30m2019-05-06 00:00:36,877&amp#27;[0;39m &amp#27;[34mINFO &amp#27;[0;39m [&amp#27;[34mmain&amp#27;[0;39m] &amp#27;[33morg.springframework.test.context.support.AbstractTestContextBootstrapper&amp#27;[0;39m: Using TestExecutionListeners: [org.springframework.test.context.web.ServletTestExecutionListener@480d3575, org.springframework.test.context.support.DirtiesContextBeforeModesTestExecutionListener@f1da57d, org.springframework.test.context.support.DependencyInjectionTestExecutionListener@194fad1, org.springframework.test.context.support.DirtiesContextTestExecutionListener@26abb146, org.springframework.test.context.transaction.TransactionalTestExecutionListener@72c8e7b, org.springframework.test.context.jdbc.SqlScriptsTestExecutionListener@65f8f5ae]
&amp#27;[30m2019-05-06 00:00:36,880&amp#27;[0;39m &amp#27;[34mINFO &amp#27;[0;39m [&amp#27;[34mmain&amp#27;[0;39m] &amp#27;[33morg.springframework.test.context.support.AbstractTestContextBootstrapper&amp#27;[0;39m: Neither @ContextConfiguration nor @ContextHierarchy found for test class [com.clarolab.functional.test.AutomatedTestIssueFunctionalTest], using SpringBootContextLoader
&amp#27;[30m2019-05-06 00:00:36,882&amp#27;[0;39m &amp#27;[34mINFO &amp#27;[0;39m [&amp#27;[34mmain&amp#27;[0;39m] &amp#27;[33morg.springframework.test.context.support.AbstractContextLoader&amp#27;[0;39m: Could not detect default resource locations for test class [com.clarolab.functional.test.AutomatedTestIssueFunctionalTest]: no resource found for suffixes {-context.xml, Context.groovy}.
&amp#27;[30m2019-05-06 00:00:36,893&amp#27;[0;39m &amp#27;[34mINFO &amp#27;[0;39m [&amp#27;[34mmain&amp#27;[0;39m] &amp#27;[33morg.springframework.test.context.support.AbstractTestContextBootstrapper&amp#27;[0;39m: Using TestExecutionListeners: [org.springframework.test.context.web.ServletTestExecutionListener@1c742ed4, org.springframework.test.context.support.DirtiesContextBeforeModesTestExecutionListener@333d4a8c, org.springframework.test.context.support.DependencyInjectionTestExecutionListener@55de24cc, org.springframework.test.context.support.DirtiesContextTestExecutionListener@dc7df28, org.springframework.test.context.transaction.TransactionalTestExecutionListener@30f842ca, org.springframework.test.context.jdbc.SqlScriptsTestExecutionListener@69c81773]
&amp#27;[30m2019-05-06 00:00:36,897&amp#27;[0;39m &amp#27;[34mINFO &amp#27;[0;39m [&amp#27;[34mmain&amp#27;[0;39m] &amp#27;[33morg.springframework.test.context.support.AbstractTestContextBootstrapper&amp#27;[0;39m: Neither @ContextConfiguration nor @ContextHierarchy found for test class [com.clarolab.functional.test.BuildTriageFunctionalTest], using SpringBootContextLoader
&amp#27;[30m2019-05-06 00:00:36,899&amp#27;[0;39m &amp#27;[34mINFO &amp#27;[0;39m [&amp#27;[34mmain&amp#27;[0;39m] &amp#27;[33morg.springframework.test.context.support.AbstractContextLoader&amp#27;[0;39m: Could not detect default resource locations for test class [com.clarolab.functional.test.BuildTriageFunctionalTest]: no resource found for suffixes {-context.xml, Context.groovy}.
&amp#27;[30m2019-05-06 00:00:36,906&amp#27;[0;39m &amp#27;[34mINFO &amp#27;[0;39m [&amp#27;[34mmain&amp#27;[0;39m] &amp#27;[33morg.springframework.test.context.support.AbstractTestContextBootstrapper&amp#27;[0;39m: Using TestExecutionListeners: [org.springframework.test.context.web.ServletTestExecutionListener@60f00693, org.springframework.test.context.support.DirtiesContextBeforeModesTestExecutionListener@79207381, org.springframework.test.context.support.DependencyInjectionTestExecutionListener@491b9b8, org.springframework.test.context.support.DirtiesContextTestExecutionListener@1a4927d6, org.springframework.test.context.transaction.TransactionalTestExecutionListener@7a6d7e92, org.springframework.test.context.jdbc.SqlScriptsTestExecutionListener@aba625]
&amp#27;[30m2019-05-06 00:00:36,912&amp#27;[0;39m &amp#27;[34mINFO &amp#27;[0;39m [&amp#27;[34mmain&amp#27;[0;39m] &amp#27;[33morg.springframework.test.context.support.AbstractTestContextBootstrapper&amp#27;[0;39m: Neither @ContextConfiguration nor @ContextHierarchy found for test class [com.clarolab.functional.test.CurrentStateFunctionalTest], using SpringBootContextLoader
&amp#27;[30m2019-05-06 00:00:36,914&amp#27;[0;39m &amp#27;[34mINFO &amp#27;[0;39m [&amp#27;[34mmain&amp#27;[0;39m] &amp#27;[33morg.springframework.test.context.support.AbstractContextLoader&amp#27;[0;39m: Could not detect default resource locations for test class [com.clarolab.functional.test.CurrentStateFunctionalTest]: no resource found for suffixes {-context.xml, Context.groovy}.
&amp#27;[30m2019-05-06 00:00:36,922&amp#27;[0;39m &amp#27;[34mINFO &amp#27;[0;39m [&amp#27;[34mmain&amp#27;[0;39m] &amp#27;[33morg.springframework.test.context.support.AbstractTestContextBootstrapper&amp#27;[0;39m: Using TestExecutionListeners: [org.springframework.test.context.web.ServletTestExecutionListener@5276d6ee, org.springframework.test.context.support.DirtiesContextBeforeModesTestExecutionListener@71687585, org.springframework.test.context.support.DependencyInjectionTestExecutionListener@1807f5a7, org.springframework.test.context.support.DirtiesContextTestExecutionListener@1b919693, org.springframework.test.context.transaction.TransactionalTestExecutionListener@7fb4f2a9, org.springframework.test.context.jdbc.SqlScriptsTestExecutionListener@4dc27487]
&amp#27;[30m2019-05-06 00:00:36,925&amp#27;[0;39m &amp#27;[34mINFO &amp#27;[0;39m [&amp#27;[34mmain&amp#27;[0;39m] &amp#27;[33morg.springframework.test.context.support.AbstractTestContextBootstrapper&amp#27;[0;39m: Neither @ContextConfiguration nor @ContextHierarchy found for test class [com.clarolab.functional.test.DataProviderPersistenceFunctionalTest], using SpringBootContextLoader
&amp#27;[30m2019-05-06 00:00:36,926&amp#27;[0;39m &amp#27;[34mINFO &amp#27;[0;39m [&amp#27;[34mmain&amp#27;[0;39m] &amp#27;[33morg.springframework.test.context.support.AbstractContextLoader&amp#27;[0;39m: Could not detect default resource locations for test class [com.clarolab.functional.test.DataProviderPersistenceFunctionalTest]: no resource found for suffixes {-context.xml, Context.groovy}.
&amp#27;[30m2019-05-06 00:00:36,931&amp#27;[0;39m &amp#27;[34mINFO &amp#27;[0;39m [&amp#27;[34mmain&amp#27;[0;39m] &amp#27;[33morg.springframework.test.context.support.AbstractTestContextBootstrapper&amp#27;[0;39m: Using TestExecutionListeners: [org.springframework.test.context.web.ServletTestExecutionListener@f68f0dc, org.springframework.test.context.support.DirtiesContextBeforeModesTestExecutionListener@d2de489, org.springframework.test.context.support.DependencyInjectionTestExecutionListener@14bdbc74, org.springframework.test.context.support.DirtiesContextTestExecutionListener@12591ac8, org.springframework.test.context.transaction.TransactionalTestExecutionListener@5a7fe64f, org.springframework.test.context.jdbc.SqlScriptsTestExecutionListener@38145825]
&amp#27;[30m2019-05-06 00:00:36,933&amp#27;[0;39m &amp#27;[34mINFO &amp#27;[0;39m [&amp#27;[34mmain&amp#27;[0;39m] &amp#27;[33morg.springframework.test.context.support.AbstractTestContextBootstrapper&amp#27;[0;39m: Neither @ContextConfiguration nor @ContextHierarchy found for test class [com.clarolab.functional.test.DisabledEngineRuleFunctionalTest], using SpringBootContextLoader
&amp#27;[30m2019-05-06 00:00:36,935&amp#27;[0;39m &amp#27;[34mINFO &amp#27;[0;39m [&amp#27;[34mmain&amp#27;[0;39m] &amp#27;[33morg.springframework.test.context.support.AbstractContextLoader&amp#27;[0;39m: Could not detect default resource locations for test class [com.clarolab.functional.test.DisabledEngineRuleFunctionalTest]: no resource found for suffixes {-context.xml, Context.groovy}.
&amp#27;[30m2019-05-06 00:00:36,942&amp#27;[0;39m &amp#27;[34mINFO &amp#27;[0;39m [&amp#27;[34mmain&amp#27;[0;39m] &amp#27;[33morg.springframework.test.context.support.AbstractTestContextBootstrapper&amp#27;[0;39m: Using TestExecutionListeners: [org.springframework.test.context.web.ServletTestExecutionListener@798162bc, org.springframework.test.context.support.DirtiesContextBeforeModesTestExecutionListener@1df8da7a, org.springframework.test.context.support.DependencyInjectionTestExecutionListener@23941fb4, org.springframework.test.context.support.DirtiesContextTestExecutionListener@7486b455, org.springframework.test.context.transaction.TransactionalTestExecutionListener@660acfb, org.springframework.test.context.jdbc.SqlScriptsTestExecutionListener@5d908d47]
&amp#27;[30m2019-05-06 00:00:36,945&amp#27;[0;39m &amp#27;[34mINFO &amp#27;[0;39m [&amp#27;[34mmain&amp#27;[0;39m] &amp#27;[33morg.springframework.test.context.support.AbstractTestContextBootstrapper&amp#27;[0;39m: Neither @ContextConfiguration nor @ContextHierarchy found for test class [com.clarolab.functional.test.ErrorLogsFunctionalTest], using SpringBootContextLoader
&amp#27;[30m2019-05-06 00:00:36,946&amp#27;[0;39m &amp#27;[34mINFO &amp#27;[0;39m [&amp#27;[34mmain&amp#27;[0;39m] &amp#27;[33morg.springframework.test.context.support.AbstractContextLoader&amp#27;[0;39m: Could not detect default resource locations for test class [com.clarolab.functional.test.ErrorLogsFunctionalTest]: no resource found for suffixes {-context.xml, Context.groovy}.
&amp#27;[30m2019-05-06 00:00:36,952&amp#27;[0;39m &amp#27;[34mINFO &amp#27;[0;39m [&amp#27;[34mmain&amp#27;[0;39m] &amp#27;[33morg.springframework.test.context.support.AbstractTestContextBootstrapper&amp#27;[0;39m: Using TestExecutionListeners: [org.springframework.test.context.web.ServletTestExecutionListener@6e2aa843, org.springframework.test.context.support.DirtiesContextBeforeModesTestExecutionListener@6f36c2f0, org.springframework.test.context.support.DependencyInjectionTestExecutionListener@f58853c, org.springframework.test.context.support.DirtiesContextTestExecutionListener@1224144a, org.springframework.test.context.transaction.TransactionalTestExecutionListener@29f7cefd, org.springframework.test.context.jdbc.SqlScriptsTestExecutionListener@700fb871]
&amp#27;[30m2019-05-06 00:00:36,953&amp#27;[0;39m &amp#27;[34mINFO &amp#27;[0;39m [&amp#27;[34mmain&amp#27;[0;39m] &amp#27;[33morg.springframework.test.context.support.AbstractTestContextBootstrapper&amp#27;[0;39m: Neither @ContextConfiguration nor @ContextHierarchy found for test class [com.clarolab.functional.test.ExpireBuildEventFunctionalTest], using SpringBootContextLoader
&amp#27;[30m2019-05-06 00:00:36,954&amp#27;[0;39m &amp#27;[34mINFO &amp#27;[0;39m [&amp#27;[34mmain&amp#27;[0;39m] &amp#27;[33morg.springframework.test.context.support.AbstractContextLoader&amp#27;[0;39m: Could not detect default resource locations for test class [com.clarolab.functional.test.ExpireBuildEventFunctionalTest]: no resource found for suffixes {-context.xml, Context.groovy}.
&amp#27;[30m2019-05-06 00:00:36,957&amp#27;[0;39m &amp#27;[34mINFO &amp#27;[0;39m [&amp#27;[34mmain&amp#27;[0;39m] &amp#27;[33morg.springframework.test.context.support.AbstractTestContextBootstrapper&amp#27;[0;39m: Using TestExecutionListeners: [org.springframework.test.context.web.ServletTestExecutionListener@7dc3712, org.springframework.test.context.support.DirtiesContextBeforeModesTestExecutionListener@2f67a4d3, org.springframework.test.context.support.DependencyInjectionTestExecutionListener@5e3f861, org.springframework.test.context.support.DirtiesContextTestExecutionListener@2fb0623e, org.springframework.test.context.transaction.TransactionalTestExecutionListener@49b2a47d, org.springframework.test.context.jdbc.SqlScriptsTestExecutionListener@5be1d0a4]
&amp#27;[30m2019-05-06 00:00:36,959&amp#27;[0;39m &amp#27;[34mINFO &amp#27;[0;39m [&amp#27;[34mmain&amp#27;[0;39m] &amp#27;[33morg.springframework.test.context.support.AbstractTestContextBootstrapper&amp#27;[0;39m: Neither @ContextConfiguration nor @ContextHierarchy found for test class [com.clarolab.functional.test.FirstTriageRuleFunctionalTest], using SpringBootContextLoader
&amp#27;[30m2019-05-06 00:00:36,959&amp#27;[0;39m &amp#27;[34mINFO &amp#27;[0;39m [&amp#27;[34mmain&amp#27;[0;39m] &amp#27;[33morg.springframework.test.context.support.AbstractContextLoader&amp#27;[0;39m: Could not detect default resource locations for test class [com.clarolab.functional.test.FirstTriageRuleFunctionalTest]: no resource found for suffixes {-context.xml, Context.groovy}.
&amp#27;[30m2019-05-06 00:00:36,963&amp#27;[0;39m &amp#27;[34mINFO &amp#27;[0;39m [&amp#27;[34mmain&amp#27;[0;39m] &amp#27;[33morg.springframework.test.context.support.AbstractTestContextBootstrapper&amp#27;[0;39m: Using TestExecutionListeners: [org.springframework.test.context.web.ServletTestExecutionListener@4f49f6af, org.springframework.test.context.support.DirtiesContextBeforeModesTestExecutionListener@78452606, org.springframework.test.context.support.DependencyInjectionTestExecutionListener@147e2ae7, org.springframework.test.context.support.DirtiesContextTestExecutionListener@448c8166, org.springframework.test.context.transaction.TransactionalTestExecutionListener@4470fbd6, org.springframework.test.context.jdbc.SqlScriptsTestExecutionListener@15d49048]
&amp#27;[30m2019-05-06 00:00:36,965&amp#27;[0;39m &amp#27;[34mINFO &amp#27;[0;39m [&amp#27;[34mmain&amp#27;[0;39m] &amp#27;[33morg.springframework.test.context.support.AbstractTestContextBootstrapper&amp#27;[0;39m: Neither @ContextConfiguration nor @ContextHierarchy found for test class [com.clarolab.functional.test.HistoricDataFunctionalTest], using SpringBootContextLoader
&amp#27;[30m2019-05-06 00:00:36,966&amp#27;[0;39m &amp#27;[34mINFO &amp#27;[0;39m [&amp#27;[34mmain&amp#27;[0;39m] &amp#27;[33morg.springframework.test.context.support.AbstractContextLoader&amp#27;[0;39m: Could not detect default resource locations for test class [com.clarolab.functional.test.HistoricDataFunctionalTest]: no resource found for suffixes {-context.xml, Context.groovy}.
&amp#27;[30m2019-05-06 00:00:36,971&amp#27;[0;39m &amp#27;[34mINFO &amp#27;[0;39m [&amp#27;[34mmain&amp#27;[0;39m] &amp#27;[33morg.springframework.test.context.support.AbstractTestContextBootstrapper&amp#27;[0;39m: Using TestExecutionListeners: [org.springframework.test.context.web.ServletTestExecutionListener@24959ca4, org.springframework.test.context.support.DirtiesContextBeforeModesTestExecutionListener@10289886, org.springframework.test.context.support.DependencyInjectionTestExecutionListener@5c86dbc5, org.springframework.test.context.support.DirtiesContextTestExecutionListener@461ad730, org.springframework.test.context.transaction.TransactionalTestExecutionListener@4ee203eb, org.springframework.test.context.jdbc.SqlScriptsTestExecutionListener@1a5a4e19]
&amp#27;[30m2019-05-06 00:00:36,973&amp#27;[0;39m &amp#27;[34mINFO &amp#27;[0;39m [&amp#27;[34mmain&amp#27;[0;39m] &amp#27;[33morg.springframework.test.context.support.AbstractTestContextBootstrapper&amp#27;[0;39m: Neither @ContextConfiguration nor @ContextHierarchy found for test class [com.clarolab.functional.test.SuggestedSuitesFunctionalTest], using SpringBootContextLoader
&amp#27;[30m2019-05-06 00:00:36,974&amp#27;[0;39m &amp#27;[34mINFO &amp#27;[0;39m [&amp#27;[34mmain&amp#27;[0;39m] &amp#27;[33morg.springframework.test.context.support.AbstractContextLoader&amp#27;[0;39m: Could not detect default resource locations for test class [com.clarolab.functional.test.SuggestedSuitesFunctionalTest]: no resource found for suffixes {-context.xml, Context.groovy}.
&amp#27;[30m2019-05-06 00:00:36,979&amp#27;[0;39m &amp#27;[34mINFO &amp#27;[0;39m [&amp#27;[34mmain&amp#27;[0;39m] &amp#27;[33morg.springframework.test.context.support.AbstractTestContextBootstrapper&amp#27;[0;39m: Using TestExecutionListeners: [org.springframework.test.context.web.ServletTestExecutionListener@3e2055d6, org.springframework.test.context.support.DirtiesContextBeforeModesTestExecutionListener@50029372, org.springframework.test.context.support.DependencyInjectionTestExecutionListener@e3b3b2f, org.springframework.test.context.support.DirtiesContextTestExecutionListener@50f6ac94, org.springframework.test.context.transaction.TransactionalTestExecutionListener@6cc4cdb9, org.springframework.test.context.jdbc.SqlScriptsTestExecutionListener@28194a50]
&amp#27;[30m2019-05-06 00:00:36,980&amp#27;[0;39m &amp#27;[34mINFO &amp#27;[0;39m [&amp#27;[34mmain&amp#27;[0;39m] &amp#27;[33morg.springframework.test.context.support.AbstractTestContextBootstrapper&amp#27;[0;39m: Neither @ContextConfiguration nor @ContextHierarchy found for test class [com.clarolab.functional.test.TestCaseFunctionalTest], using SpringBootContextLoader
&amp#27;[30m2019-05-06 00:00:36,981&amp#27;[0;39m &amp#27;[34mINFO &amp#27;[0;39m [&amp#27;[34mmain&amp#27;[0;39m] &amp#27;[33morg.springframework.test.context.support.AbstractContextLoader&amp#27;[0;39m: Could not detect default resource locations for test class [com.clarolab.functional.test.TestCaseFunctionalTest]: no resource found for suffixes {-context.xml, Context.groovy}.
&amp#27;[30m2019-05-06 00:00:36,985&amp#27;[0;39m &amp#27;[34mINFO &amp#27;[0;39m [&amp#27;[34mmain&amp#27;[0;39m] &amp#27;[33morg.springframework.test.context.support.AbstractTestContextBootstrapper&amp#27;[0;39m: Using TestExecutionListeners: [org.springframework.test.context.web.ServletTestExecutionListener@7d9f158f, org.springframework.test.context.support.DirtiesContextBeforeModesTestExecutionListener@45efd90f, org.springframework.test.context.support.DependencyInjectionTestExecutionListener@4b8729ff, org.springframework.test.context.support.DirtiesContextTestExecutionListener@61710c6, org.springframework.test.context.transaction.TransactionalTestExecutionListener@3214ee6, org.springframework.test.context.jdbc.SqlScriptsTestExecutionListener@383dc82c]
&amp#27;[30m2019-05-06 00:00:36,987&amp#27;[0;39m &amp#27;[34mINFO &amp#27;[0;39m [&amp#27;[34mmain&amp#27;[0;39m] &amp#27;[33morg.springframework.test.context.support.AbstractTestContextBootstrapper&amp#27;[0;39m: Neither @ContextConfiguration nor @ContextHierarchy found for test class [com.clarolab.functional.test.TestDetailFunctionalTest], using SpringBootContextLoader
&amp#27;[30m2019-05-06 00:00:36,988&amp#27;[0;39m &amp#27;[34mINFO &amp#27;[0;39m [&amp#27;[34mmain&amp#27;[0;39m] &amp#27;[33morg.springframework.test.context.support.AbstractContextLoader&amp#27;[0;39m: Could not detect default resource locations for test class [com.clarolab.functional.test.TestDetailFunctionalTest]: no resource found for suffixes {-context.xml, Context.groovy}.
&amp#27;[30m2019-05-06 00:00:36,993&amp#27;[0;39m &amp#27;[34mINFO &amp#27;[0;39m [&amp#27;[34mmain&amp#27;[0;39m] &amp#27;[33morg.springframework.test.context.support.AbstractTestContextBootstrapper&amp#27;[0;39m: Using TestExecutionListeners: [org.springframework.test.context.web.ServletTestExecutionListener@2f01783a, org.springframework.test.context.support.DirtiesContextBeforeModesTestExecutionListener@68878f6d, org.springframework.test.context.support.DependencyInjectionTestExecutionListener@41488b16, org.springframework.test.context.support.DirtiesContextTestExecutionListener@a8ef162, org.springframework.test.context.transaction.TransactionalTestExecutionListener@2eea88a1, org.springframework.test.context.jdbc.SqlScriptsTestExecutionListener@7ac296f6]
&amp#27;[30m2019-05-06 00:00:36,995&amp#27;[0;39m &amp#27;[34mINFO &amp#27;[0;39m [&amp#27;[34mmain&amp#27;[0;39m] &amp#27;[33morg.springframework.test.context.support.AbstractTestContextBootstrapper&amp#27;[0;39m: Neither @ContextConfiguration nor @ContextHierarchy found for test class [com.clarolab.functional.test.TriageRuleFunctionalTest], using SpringBootContextLoader
&amp#27;[30m2019-05-06 00:00:36,996&amp#27;[0;39m &amp#27;[34mINFO &amp#27;[0;39m [&amp#27;[34mmain&amp#27;[0;39m] &amp#27;[33morg.springframework.test.context.support.AbstractContextLoader&amp#27;[0;39m: Could not detect default resource locations for test class [com.clarolab.functional.test.TriageRuleFunctionalTest]: no resource found for suffixes {-context.xml, Context.groovy}.
&amp#27;[30m2019-05-06 00:00:37,001&amp#27;[0;39m &amp#27;[34mINFO &amp#27;[0;39m [&amp#27;[34mmain&amp#27;[0;39m] &amp#27;[33morg.springframework.test.context.support.AbstractTestContextBootstrapper&amp#27;[0;39m: Using TestExecutionListeners: [org.springframework.test.context.web.ServletTestExecutionListener@4b86805d, org.springframework.test.context.support.DirtiesContextBeforeModesTestExecutionListener@5852c06f, org.springframework.test.context.support.DependencyInjectionTestExecutionListener@4149c063, org.springframework.test.context.support.DirtiesContextTestExecutionListener@9cb8225, org.springframework.test.context.transaction.TransactionalTestExecutionListener@76b07f29, org.springframework.test.context.jdbc.SqlScriptsTestExecutionListener@38af9828]
]]></system-out>
  </testcase>
  <testcase name="errorSimilar" classname="com.clarolab.functional.test.rules.AbstractTriageRuleFunctionalTest" time="1.254"/>
  <testcase name="id28_abort" classname="com.clarolab.functional.test.rules.AbstractTriageRuleFunctionalTest" time="0.132"/>
  <testcase name="id14_1" classname="com.clarolab.functional.test.rules.AbstractTriageRuleFunctionalTest" time="0.234"/>
  <testcase name="id14_2" classname="com.clarolab.functional.test.rules.AbstractTriageRuleFunctionalTest" time="0.251"/>
  <testcase name="errorVerySimilar" classname="com.clarolab.functional.test.rules.AbstractTriageRuleFunctionalTest" time="0.123"/>
  <testcase name="id29_abort" classname="com.clarolab.functional.test.rules.AbstractTriageRuleFunctionalTest" time="0.105"/>
  <testcase name="id24_cancel" classname="com.clarolab.functional.test.rules.AbstractTriageRuleFunctionalTest" time="0.111"/>
  <testcase name="id29_cancel" classname="com.clarolab.functional.test.rules.AbstractTriageRuleFunctionalTest" time="0.124"/>
  <testcase name="id5_equal" classname="com.clarolab.functional.test.rules.AbstractTriageRuleFunctionalTest" time="0.118"/>
  <testcase name="id1" classname="com.clarolab.functional.test.rules.AbstractTriageRuleFunctionalTest" time="0.112"/>
  <testcase name="id2" classname="com.clarolab.functional.test.rules.AbstractTriageRuleFunctionalTest" time="0.099"/>
  <testcase name="id3" classname="com.clarolab.functional.test.rules.AbstractTriageRuleFunctionalTest" time="0.085"/>
  <testcase name="id4" classname="com.clarolab.functional.test.rules.AbstractTriageRuleFunctionalTest" time="0.076"/>
  <testcase name="id6" classname="com.clarolab.functional.test.rules.AbstractTriageRuleFunctionalTest" time="0.072"/>
  <testcase name="id7" classname="com.clarolab.functional.test.rules.AbstractTriageRuleFunctionalTest" time="0.113"/>
  <testcase name="id8" classname="com.clarolab.functional.test.rules.AbstractTriageRuleFunctionalTest" time="0.104"/>
  <testcase name="id9" classname="com.clarolab.functional.test.rules.AbstractTriageRuleFunctionalTest" time="0.065"/>
  <testcase name="id10" classname="com.clarolab.functional.test.rules.AbstractTriageRuleFunctionalTest" time="0.073"/>
  <testcase name="id11" classname="com.clarolab.functional.test.rules.AbstractTriageRuleFunctionalTest" time="0.069"/>
  <testcase name="id12" classname="com.clarolab.functional.test.rules.AbstractTriageRuleFunctionalTest" time="0.078"/>
  <testcase name="id13" classname="com.clarolab.functional.test.rules.AbstractTriageRuleFunctionalTest" time="0.08"/>
  <testcase name="id15" classname="com.clarolab.functional.test.rules.AbstractTriageRuleFunctionalTest" time="0.075"/>
  <testcase name="id16" classname="com.clarolab.functional.test.rules.AbstractTriageRuleFunctionalTest" time="0.067"/>
  <testcase name="id17" classname="com.clarolab.functional.test.rules.AbstractTriageRuleFunctionalTest" time="0.087"/>
  <testcase name="id18" classname="com.clarolab.functional.test.rules.AbstractTriageRuleFunctionalTest" time="0.06"/>
  <testcase name="id19" classname="com.clarolab.functional.test.rules.AbstractTriageRuleFunctionalTest" time="0.067"/>
  <testcase name="id20" classname="com.clarolab.functional.test.rules.AbstractTriageRuleFunctionalTest" time="0.06"/>
  <testcase name="id21" classname="com.clarolab.functional.test.rules.AbstractTriageRuleFunctionalTest" time="0.057"/>
  <testcase name="id22" classname="com.clarolab.functional.test.rules.AbstractTriageRuleFunctionalTest" time="0.065"/>
  <testcase name="id23" classname="com.clarolab.functional.test.rules.AbstractTriageRuleFunctionalTest" time="0.065"/>
  <testcase name="id25" classname="com.clarolab.functional.test.rules.AbstractTriageRuleFunctionalTest" time="0.055"/>
  <testcase name="id26" classname="com.clarolab.functional.test.rules.AbstractTriageRuleFunctionalTest" time="0.051"/>
  <testcase name="id27_cancel" classname="com.clarolab.functional.test.rules.AbstractTriageRuleFunctionalTest" time="0.044"/>
  <testcase name="id24_skip" classname="com.clarolab.functional.test.rules.AbstractTriageRuleFunctionalTest" time="0.105"/>
  <testcase name="id29_skip" classname="com.clarolab.functional.test.rules.AbstractTriageRuleFunctionalTest" time="0.075"/>
  <testcase name="errorNotEqual" classname="com.clarolab.functional.test.rules.AbstractTriageRuleFunctionalTest" time="0.122"/>
  <testcase name="id5_similar" classname="com.clarolab.functional.test.rules.AbstractTriageRuleFunctionalTest" time="0.072"/>
  <testcase name="id5_notEqual" classname="com.clarolab.functional.test.rules.AbstractTriageRuleFunctionalTest" time="0.07"/>
  <testcase name="id5_notError" classname="com.clarolab.functional.test.rules.AbstractTriageRuleFunctionalTest" time="0.064"/>
  <testcase name="id5_verySimilar" classname="com.clarolab.functional.test.rules.AbstractTriageRuleFunctionalTest" time="0.059"/>
  <testcase name="errorEqual" classname="com.clarolab.functional.test.rules.AbstractTriageRuleFunctionalTest" time="0.09"/>
  <testcase name="id27_abort" classname="com.clarolab.functional.test.rules.AbstractTriageRuleFunctionalTest" time="0.043"/>
  <testcase name="id40_skip" classname="com.clarolab.functional.test.rules.AbstractTriageRuleFunctionalTest" time="0.062"/>
  <testcase name="id28_cancel" classname="com.clarolab.functional.test.rules.AbstractTriageRuleFunctionalTest" time="0.046"/>
  <testcase name="testBasic" classname="com.clarolab.functional.test.model.ApplicationDomainFunctionalTest" time="0.012"/>
  <testcase name="testValidEmail" classname="com.clarolab.functional.test.model.ApplicationDomainFunctionalTest" time="0.015"/>
  <testcase name="testInvalidEmail" classname="com.clarolab.functional.test.model.ApplicationDomainFunctionalTest" time="0.011"/>
  <testcase name="testBlacklist" classname="com.clarolab.functional.test.model.ApplicationDomainFunctionalTest" time="0.015"/>
  <testcase name="testUnknownEventsNotSaved" classname="com.clarolab.functional.test.model.ApplicationEventFunctionalTest" time="0.014"/>
  <testcase name="testProcessed" classname="com.clarolab.functional.test.model.ApplicationEventFunctionalTest" time="0.076"/>
  <testcase name="testCleanupEvents" classname="com.clarolab.functional.test.model.ApplicationEventFunctionalTest" time="0.035"/>
  <testcase name="testTriageExecutor" classname="com.clarolab.functional.test.model.ApplicationEventFunctionalTest" time="0.023"/>
  <testcase name="testTriageAgentDone" classname="com.clarolab.functional.test.model.ApplicationEventFunctionalTest" time="0.012"/>
  <testcase name="testProcessingOrder" classname="com.clarolab.functional.test.model.ApplicationEventFunctionalTest" time="0.022"/>
  <testcase name="testMediumPriority" classname="com.clarolab.functional.test.AutomatedTestIssueFunctionalTest" time="0.046"/>
  <testcase name="testHighPriority" classname="com.clarolab.functional.test.AutomatedTestIssueFunctionalTest" time="0.037"/>
  <testcase name="testFailingAndPassed" classname="com.clarolab.functional.test.AutomatedTestIssueFunctionalTest" time="0.041"/>
  <testcase name="testAutomaticPriority" classname="com.clarolab.functional.test.AutomatedTestIssueFunctionalTest" time="0.033"/>
  <testcase name="testFailAndReopen" classname="com.clarolab.functional.test.AutomatedTestIssueFunctionalTest" time="0.039"/>
  <testcase name="testPassingToFixed" classname="com.clarolab.functional.test.AutomatedTestIssueFunctionalTest" time="0.186"/>
  <testcase name="testPassingAndFailAgain" classname="com.clarolab.functional.test.AutomatedTestIssueFunctionalTest" time="0.03"/>
  <testcase name="automationSameFailures" classname="com.clarolab.functional.test.AutomatedTestIssueFunctionalTest" time="0.048"/>
  <testcase name="testLowPriority" classname="com.clarolab.functional.test.AutomatedTestIssueFunctionalTest" time="0.03"/>
  <testcase name="testWontFix" classname="com.clarolab.functional.test.AutomatedTestIssueFunctionalTest" time="0.034"/>
  <testcase name="test30Passes" classname="com.clarolab.functional.test.AutomatedTestIssueFunctionalTest" time="0.453">
    <failure message="expected null, but was:&lt;com.clarolab.model.TestTriage@207b41f5&gt;" type="java.lang.AssertionError"><![CDATA[java.lang.AssertionError: expected null, but was:<com.clarolab.model.TestTriage@207b41f5>
	at com.clarolab.functional.test.AutomatedTestIssueFunctionalTest.test30Passes(AutomatedTestIssueFunctionalTest.java:110)
]]></failure>
    <system-out><![CDATA[&amp#27;[30m2019-05-06 00:01:06,714&amp#27;[0;39m &amp#27;[34mINFO &amp#27;[0;39m [&amp#27;[34mmain&amp#27;[0;39m] &amp#27;[33morg.springframework.test.context.transaction.TransactionContext&amp#27;[0;39m: Began transaction (1) for test context [DefaultTestContext@5e8f7cf4 testClass = AutomatedTestIssueFunctionalTest, testInstance = com.clarolab.functional.test.AutomatedTestIssueFunctionalTest@5181ec31, testMethod = test30Passes@AutomatedTestIssueFunctionalTest, testException = [null], mergedContextConfiguration = [WebMergedContextConfiguration@71a4c959 testClass = AutomatedTestIssueFunctionalTest, locations = '{}', classes = '{class com.clarolab.QAReportApplication, class com.clarolab.QAReportApplication}', contextInitializerClasses = '[]', activeProfiles = '{}', propertySourceLocations = '{}', propertySourceProperties = '{org.springframework.boot.test.context.SpringBootTestContextBootstrapper=true}', contextCustomizers = set[org.springframework.boot.test.context.filter.ExcludeFilterContextCustomizer@5ae50ce6, org.springframework.boot.test.json.DuplicateJsonObjectContextCustomizerFactory$DuplicateJsonObjectContextCustomizer@3ba9ad43, org.springframework.boot.test.mock.mockito.MockitoContextCustomizer@0, org.springframework.boot.test.web.client.TestRestTemplateContextCustomizer@57c758ac, org.springframework.boot.test.autoconfigure.properties.PropertyMappingContextCustomizer@0, org.springframework.boot.test.autoconfigure.web.servlet.WebDriverContextCustomizerFactory$Customizer@50b472aa], resourceBasePath = 'src/main/webapp', contextLoader = 'org.springframework.boot.test.context.SpringBootContextLoader', parent = [null]], attributes = map['org.springframework.test.context.web.ServletTestExecutionListener.activateListener' -> true, 'org.springframework.test.context.web.ServletTestExecutionListener.populatedRequestContextHolder' -> true, 'org.springframework.test.context.web.ServletTestExecutionListener.resetRequestContextHolder' -> true]]; transaction manager [org.springframework.orm.jpa.JpaTransactionManager@490b8f1e]; rollback [true]
&amp#27;[30m2019-05-06 00:01:06,770&amp#27;[0;39m &amp#27;[34mINFO &amp#27;[0;39m [&amp#27;[34mmain&amp#27;[0;39m] &amp#27;[33mcom.clarolab.agents.TriageAgent&amp#27;[0;39m: Processed 1 builds from 1228
&amp#27;[30m2019-05-06 00:01:07,122&amp#27;[0;39m &amp#27;[34mINFO &amp#27;[0;39m [&amp#27;[34mmain&amp#27;[0;39m] &amp#27;[33mcom.clarolab.agents.TriageAgent&amp#27;[0;39m: Processed 31 builds from 1228
&amp#27;[30m2019-05-06 00:01:07,165&amp#27;[0;39m &amp#27;[34mINFO &amp#27;[0;39m [&amp#27;[34mmain&amp#27;[0;39m] &amp#27;[33morg.springframework.test.context.transaction.TransactionContext&amp#27;[0;39m: Rolled back transaction for test: [DefaultTestContext@5e8f7cf4 testClass = AutomatedTestIssueFunctionalTest, testInstance = com.clarolab.functional.test.AutomatedTestIssueFunctionalTest@5181ec31, testMethod = test30Passes@AutomatedTestIssueFunctionalTest, testException = java.lang.AssertionError: expected null, but was:<com.clarolab.model.TestTriage@207b41f5>, mergedContextConfiguration = [WebMergedContextConfiguration@71a4c959 testClass = AutomatedTestIssueFunctionalTest, locations = '{}', classes = '{class com.clarolab.QAReportApplication, class com.clarolab.QAReportApplication}', contextInitializerClasses = '[]', activeProfiles = '{}', propertySourceLocations = '{}', propertySourceProperties = '{org.springframework.boot.test.context.SpringBootTestContextBootstrapper=true}', contextCustomizers = set[org.springframework.boot.test.context.filter.ExcludeFilterContextCustomizer@5ae50ce6, org.springframework.boot.test.json.DuplicateJsonObjectContextCustomizerFactory$DuplicateJsonObjectContextCustomizer@3ba9ad43, org.springframework.boot.test.mock.mockito.MockitoContextCustomizer@0, org.springframework.boot.test.web.client.TestRestTemplateContextCustomizer@57c758ac, org.springframework.boot.test.autoconfigure.properties.PropertyMappingContextCustomizer@0, org.springframework.boot.test.autoconfigure.web.servlet.WebDriverContextCustomizerFactory$Customizer@50b472aa], resourceBasePath = 'src/main/webapp', contextLoader = 'org.springframework.boot.test.context.SpringBootContextLoader', parent = [null]], attributes = map['org.springframework.test.context.web.ServletTestExecutionListener.activateListener' -> true, 'org.springframework.test.context.web.ServletTestExecutionListener.populatedRequestContextHolder' -> true, 'org.springframework.test.context.web.ServletTestExecutionListener.resetRequestContextHolder' -> true]]
]]></system-out>
  </testcase>
  <testcase name="testBase" classname="com.clarolab.functional.test.BuildTriageFunctionalTest" time="0.069"/>
  <testcase name="testTriageWithoutTest" classname="com.clarolab.functional.test.BuildTriageFunctionalTest" time="0.042"/>
  <testcase name="testTriageIndividual" classname="com.clarolab.functional.test.BuildTriageFunctionalTest" time="0.091"/>
  <testcase name="testBaseByBuildNumber" classname="com.clarolab.functional.test.BuildTriageFunctionalTest" time="0.088"/>
  <testcase name="test1Pass" classname="com.clarolab.functional.test.rules.CurrentStateFunctionalTest" time="0.533"/>
  <testcase name="test5Fail" classname="com.clarolab.functional.test.rules.CurrentStateFunctionalTest" time="0.574"/>
  <testcase name="test6Fail" classname="com.clarolab.functional.test.rules.CurrentStateFunctionalTest" time="0.598"/>
  <testcase name="test11PermanentPass" classname="com.clarolab.functional.test.rules.CurrentStateFunctionalTest" time="0.423">
    <failure message="Create XSS Content10: 0-PASS &gt; 2:FAIL &gt; 19-PASS expected:&lt;NEWPASS&gt; but was:&lt;PASS&gt;" type="java.lang.AssertionError"><![CDATA[java.lang.AssertionError: Create XSS Content10: 0-PASS > 2:FAIL > 19-PASS expected:<NEWPASS> but was:<PASS>
	at com.clarolab.functional.test.rules.CurrentStateFunctionalTest.testSpec(CurrentStateFunctionalTest.java:236)
	at com.clarolab.functional.test.rules.CurrentStateFunctionalTest.test11PermanentPass(CurrentStateFunctionalTest.java:185)
]]></failure>
    <system-out><![CDATA[&amp#27;[30m2019-05-06 00:01:09,195&amp#27;[0;39m &amp#27;[34mINFO &amp#27;[0;39m [&amp#27;[34mmain&amp#27;[0;39m] &amp#27;[33morg.springframework.test.context.transaction.TransactionContext&amp#27;[0;39m: Began transaction (1) for test context [DefaultTestContext@195a0de5 testClass = CurrentStateFunctionalTest, testInstance = com.clarolab.functional.test.CurrentStateFunctionalTest@52b32890, testMethod = test11PermanentPass@CurrentStateFunctionalTest, testException = [null], mergedContextConfiguration = [WebMergedContextConfiguration@fefb1c testClass = CurrentStateFunctionalTest, locations = '{}', classes = '{class com.clarolab.QAReportApplication, class com.clarolab.QAReportApplication}', contextInitializerClasses = '[]', activeProfiles = '{}', propertySourceLocations = '{}', propertySourceProperties = '{org.springframework.boot.test.context.SpringBootTestContextBootstrapper=true}', contextCustomizers = set[org.springframework.boot.test.context.filter.ExcludeFilterContextCustomizer@5ae50ce6, org.springframework.boot.test.json.DuplicateJsonObjectContextCustomizerFactory$DuplicateJsonObjectContextCustomizer@3ba9ad43, org.springframework.boot.test.mock.mockito.MockitoContextCustomizer@0, org.springframework.boot.test.web.client.TestRestTemplateContextCustomizer@57c758ac, org.springframework.boot.test.autoconfigure.properties.PropertyMappingContextCustomizer@0, org.springframework.boot.test.autoconfigure.web.servlet.WebDriverContextCustomizerFactory$Customizer@50b472aa], resourceBasePath = 'src/main/webapp', contextLoader = 'org.springframework.boot.test.context.SpringBootContextLoader', parent = [null]], attributes = map['org.springframework.test.context.web.ServletTestExecutionListener.activateListener' -> true, 'org.springframework.test.context.web.ServletTestExecutionListener.populatedRequestContextHolder' -> true, 'org.springframework.test.context.web.ServletTestExecutionListener.resetRequestContextHolder' -> true]]; transaction manager [org.springframework.orm.jpa.JpaTransactionManager@490b8f1e]; rollback [true]
&amp#27;[30m2019-05-06 00:01:09,258&amp#27;[0;39m &amp#27;[34mINFO &amp#27;[0;39m [&amp#27;[34mmain&amp#27;[0;39m] &amp#27;[33mcom.clarolab.agents.TriageAgent&amp#27;[0;39m: Processed 1 builds from 1939
&amp#27;[30m2019-05-06 00:01:09,268&amp#27;[0;39m &amp#27;[34mINFO &amp#27;[0;39m [&amp#27;[34mmain&amp#27;[0;39m] &amp#27;[33mcom.clarolab.agents.TriageAgent&amp#27;[0;39m: Processed 1 builds from 1939
&amp#27;[30m2019-05-06 00:01:09,280&amp#27;[0;39m &amp#27;[34mINFO &amp#27;[0;39m [&amp#27;[34mmain&amp#27;[0;39m] &amp#27;[33mcom.clarolab.agents.TriageAgent&amp#27;[0;39m: Processed 1 builds from 1939
&amp#27;[30m2019-05-06 00:01:09,293&amp#27;[0;39m &amp#27;[34mINFO &amp#27;[0;39m [&amp#27;[34mmain&amp#27;[0;39m] &amp#27;[33mcom.clarolab.agents.TriageAgent&amp#27;[0;39m: Processed 1 builds from 1939
&amp#27;[30m2019-05-06 00:01:09,311&amp#27;[0;39m &amp#27;[34mINFO &amp#27;[0;39m [&amp#27;[34mmain&amp#27;[0;39m] &amp#27;[33mcom.clarolab.agents.TriageAgent&amp#27;[0;39m: Processed 1 builds from 1939
&amp#27;[30m2019-05-06 00:01:09,323&amp#27;[0;39m &amp#27;[34mINFO &amp#27;[0;39m [&amp#27;[34mmain&amp#27;[0;39m] &amp#27;[33mcom.clarolab.agents.TriageAgent&amp#27;[0;39m: Processed 1 builds from 1939
&amp#27;[30m2019-05-06 00:01:09,338&amp#27;[0;39m &amp#27;[34mINFO &amp#27;[0;39m [&amp#27;[34mmain&amp#27;[0;39m] &amp#27;[33mcom.clarolab.agents.TriageAgent&amp#27;[0;39m: Processed 1 builds from 1939
&amp#27;[30m2019-05-06 00:01:09,353&amp#27;[0;39m &amp#27;[34mINFO &amp#27;[0;39m [&amp#27;[34mmain&amp#27;[0;39m] &amp#27;[33mcom.clarolab.agents.TriageAgent&amp#27;[0;39m: Processed 1 builds from 1939
&amp#27;[30m2019-05-06 00:01:09,369&amp#27;[0;39m &amp#27;[34mINFO &amp#27;[0;39m [&amp#27;[34mmain&amp#27;[0;39m] &amp#27;[33mcom.clarolab.agents.TriageAgent&amp#27;[0;39m: Processed 1 builds from 1939
&amp#27;[30m2019-05-06 00:01:09,386&amp#27;[0;39m &amp#27;[34mINFO &amp#27;[0;39m [&amp#27;[34mmain&amp#27;[0;39m] &amp#27;[33mcom.clarolab.agents.TriageAgent&amp#27;[0;39m: Processed 1 builds from 1939
&amp#27;[30m2019-05-06 00:01:09,404&amp#27;[0;39m &amp#27;[34mINFO &amp#27;[0;39m [&amp#27;[34mmain&amp#27;[0;39m] &amp#27;[33mcom.clarolab.agents.TriageAgent&amp#27;[0;39m: Processed 1 builds from 1939
&amp#27;[30m2019-05-06 00:01:09,422&amp#27;[0;39m &amp#27;[34mINFO &amp#27;[0;39m [&amp#27;[34mmain&amp#27;[0;39m] &amp#27;[33mcom.clarolab.agents.TriageAgent&amp#27;[0;39m: Processed 1 builds from 1939
&amp#27;[30m2019-05-06 00:01:09,441&amp#27;[0;39m &amp#27;[34mINFO &amp#27;[0;39m [&amp#27;[34mmain&amp#27;[0;39m] &amp#27;[33mcom.clarolab.agents.TriageAgent&amp#27;[0;39m: Processed 1 builds from 1939
&amp#27;[30m2019-05-06 00:01:09,460&amp#27;[0;39m &amp#27;[34mINFO &amp#27;[0;39m [&amp#27;[34mmain&amp#27;[0;39m] &amp#27;[33mcom.clarolab.agents.TriageAgent&amp#27;[0;39m: Processed 1 builds from 1939
&amp#27;[30m2019-05-06 00:01:09,480&amp#27;[0;39m &amp#27;[34mINFO &amp#27;[0;39m [&amp#27;[34mmain&amp#27;[0;39m] &amp#27;[33mcom.clarolab.agents.TriageAgent&amp#27;[0;39m: Processed 1 builds from 1939
&amp#27;[30m2019-05-06 00:01:09,502&amp#27;[0;39m &amp#27;[34mINFO &amp#27;[0;39m [&amp#27;[34mmain&amp#27;[0;39m] &amp#27;[33mcom.clarolab.agents.TriageAgent&amp#27;[0;39m: Processed 1 builds from 1939
&amp#27;[30m2019-05-06 00:01:09,535&amp#27;[0;39m &amp#27;[34mINFO &amp#27;[0;39m [&amp#27;[34mmain&amp#27;[0;39m] &amp#27;[33mcom.clarolab.agents.TriageAgent&amp#27;[0;39m: Processed 1 builds from 1939
&amp#27;[30m2019-05-06 00:01:09,555&amp#27;[0;39m &amp#27;[34mINFO &amp#27;[0;39m [&amp#27;[34mmain&amp#27;[0;39m] &amp#27;[33mcom.clarolab.agents.TriageAgent&amp#27;[0;39m: Processed 1 builds from 1939
&amp#27;[30m2019-05-06 00:01:09,575&amp#27;[0;39m &amp#27;[34mINFO &amp#27;[0;39m [&amp#27;[34mmain&amp#27;[0;39m] &amp#27;[33mcom.clarolab.agents.TriageAgent&amp#27;[0;39m: Processed 1 builds from 1939
&amp#27;[30m2019-05-06 00:01:09,616&amp#27;[0;39m &amp#27;[34mINFO &amp#27;[0;39m [&amp#27;[34mmain&amp#27;[0;39m] &amp#27;[33morg.springframework.test.context.transaction.TransactionContext&amp#27;[0;39m: Rolled back transaction for test: [DefaultTestContext@195a0de5 testClass = CurrentStateFunctionalTest, testInstance = com.clarolab.functional.test.CurrentStateFunctionalTest@52b32890, testMethod = test11PermanentPass@CurrentStateFunctionalTest, testException = java.lang.AssertionError: Create XSS Content10: 0-PASS > 2:FAIL > 19-PASS expected:<NEWPASS> but was:<PASS>, mergedContextConfiguration = [WebMergedContextConfiguration@fefb1c testClass = CurrentStateFunctionalTest, locations = '{}', classes = '{class com.clarolab.QAReportApplication, class com.clarolab.QAReportApplication}', contextInitializerClasses = '[]', activeProfiles = '{}', propertySourceLocations = '{}', propertySourceProperties = '{org.springframework.boot.test.context.SpringBootTestContextBootstrapper=true}', contextCustomizers = set[org.springframework.boot.test.context.filter.ExcludeFilterContextCustomizer@5ae50ce6, org.springframework.boot.test.json.DuplicateJsonObjectContextCustomizerFactory$DuplicateJsonObjectContextCustomizer@3ba9ad43, org.springframework.boot.test.mock.mockito.MockitoContextCustomizer@0, org.springframework.boot.test.web.client.TestRestTemplateContextCustomizer@57c758ac, org.springframework.boot.test.autoconfigure.properties.PropertyMappingContextCustomizer@0, org.springframework.boot.test.autoconfigure.web.servlet.WebDriverContextCustomizerFactory$Customizer@50b472aa], resourceBasePath = 'src/main/webapp', contextLoader = 'org.springframework.boot.test.context.SpringBootContextLoader', parent = [null]], attributes = map['org.springframework.test.context.web.ServletTestExecutionListener.activateListener' -> true, 'org.springframework.test.context.web.ServletTestExecutionListener.populatedRequestContextHolder' -> true, 'org.springframework.test.context.web.ServletTestExecutionListener.resetRequestContextHolder' -> true]]
]]></system-out>
  </testcase>
  <testcase name="test4NewFail" classname="com.clarolab.functional.test.rules.CurrentStateFunctionalTest" time="0.393">
    <failure message="Search Content3: 0-FAIL &gt; 1:PASS &gt; 19-FAIL expected:&lt;NEWFAIL&gt; but was:&lt;FAIL&gt;" type="java.lang.AssertionError"><![CDATA[java.lang.AssertionError: Search Content3: 0-FAIL > 1:PASS > 19-FAIL expected:<NEWFAIL> but was:<FAIL>
	at com.clarolab.functional.test.rules.CurrentStateFunctionalTest.testSpec(CurrentStateFunctionalTest.java:236)
	at com.clarolab.functional.test.rules.CurrentStateFunctionalTest.test4NewFail(CurrentStateFunctionalTest.java:113)
]]></failure>
    <system-out><![CDATA[&amp#27;[30m2019-05-06 00:01:09,618&amp#27;[0;39m &amp#27;[34mINFO &amp#27;[0;39m [&amp#27;[34mmain&amp#27;[0;39m] &amp#27;[33morg.springframework.test.context.transaction.TransactionContext&amp#27;[0;39m: Began transaction (1) for test context [DefaultTestContext@195a0de5 testClass = CurrentStateFunctionalTest, testInstance = com.clarolab.functional.test.CurrentStateFunctionalTest@56c9c74a, testMethod = test4NewFail@CurrentStateFunctionalTest, testException = [null], mergedContextConfiguration = [WebMergedContextConfiguration@fefb1c testClass = CurrentStateFunctionalTest, locations = '{}', classes = '{class com.clarolab.QAReportApplication, class com.clarolab.QAReportApplication}', contextInitializerClasses = '[]', activeProfiles = '{}', propertySourceLocations = '{}', propertySourceProperties = '{org.springframework.boot.test.context.SpringBootTestContextBootstrapper=true}', contextCustomizers = set[org.springframework.boot.test.context.filter.ExcludeFilterContextCustomizer@5ae50ce6, org.springframework.boot.test.json.DuplicateJsonObjectContextCustomizerFactory$DuplicateJsonObjectContextCustomizer@3ba9ad43, org.springframework.boot.test.mock.mockito.MockitoContextCustomizer@0, org.springframework.boot.test.web.client.TestRestTemplateContextCustomizer@57c758ac, org.springframework.boot.test.autoconfigure.properties.PropertyMappingContextCustomizer@0, org.springframework.boot.test.autoconfigure.web.servlet.WebDriverContextCustomizerFactory$Customizer@50b472aa], resourceBasePath = 'src/main/webapp', contextLoader = 'org.springframework.boot.test.context.SpringBootContextLoader', parent = [null]], attributes = map['org.springframework.test.context.web.ServletTestExecutionListener.activateListener' -> true, 'org.springframework.test.context.web.ServletTestExecutionListener.populatedRequestContextHolder' -> true, 'org.springframework.test.context.web.ServletTestExecutionListener.resetRequestContextHolder' -> true]]; transaction manager [org.springframework.orm.jpa.JpaTransactionManager@490b8f1e]; rollback [true]
&amp#27;[30m2019-05-06 00:01:09,667&amp#27;[0;39m &amp#27;[34mINFO &amp#27;[0;39m [&amp#27;[34mmain&amp#27;[0;39m] &amp#27;[33mcom.clarolab.agents.TriageAgent&amp#27;[0;39m: Processed 1 builds from 2062
&amp#27;[30m2019-05-06 00:01:09,676&amp#27;[0;39m &amp#27;[34mINFO &amp#27;[0;39m [&amp#27;[34mmain&amp#27;[0;39m] &amp#27;[33mcom.clarolab.agents.TriageAgent&amp#27;[0;39m: Processed 1 builds from 2062
&amp#27;[30m2019-05-06 00:01:09,697&amp#27;[0;39m &amp#27;[34mINFO &amp#27;[0;39m [&amp#27;[34mmain&amp#27;[0;39m] &amp#27;[33mcom.clarolab.agents.TriageAgent&amp#27;[0;39m: Processed 1 builds from 2062
&amp#27;[30m2019-05-06 00:01:09,708&amp#27;[0;39m &amp#27;[34mINFO &amp#27;[0;39m [&amp#27;[34mmain&amp#27;[0;39m] &amp#27;[33mcom.clarolab.agents.TriageAgent&amp#27;[0;39m: Processed 1 builds from 2062
&amp#27;[30m2019-05-06 00:01:09,724&amp#27;[0;39m &amp#27;[34mINFO &amp#27;[0;39m [&amp#27;[34mmain&amp#27;[0;39m] &amp#27;[33mcom.clarolab.agents.TriageAgent&amp#27;[0;39m: Processed 1 builds from 2062
&amp#27;[30m2019-05-06 00:01:09,739&amp#27;[0;39m &amp#27;[34mINFO &amp#27;[0;39m [&amp#27;[34mmain&amp#27;[0;39m] &amp#27;[33mcom.clarolab.agents.TriageAgent&amp#27;[0;39m: Processed 1 builds from 2062
&amp#27;[30m2019-05-06 00:01:09,754&amp#27;[0;39m &amp#27;[34mINFO &amp#27;[0;39m [&amp#27;[34mmain&amp#27;[0;39m] &amp#27;[33mcom.clarolab.agents.TriageAgent&amp#27;[0;39m: Processed 1 builds from 2062
&amp#27;[30m2019-05-06 00:01:09,772&amp#27;[0;39m &amp#27;[34mINFO &amp#27;[0;39m [&amp#27;[34mmain&amp#27;[0;39m] &amp#27;[33mcom.clarolab.agents.TriageAgent&amp#27;[0;39m: Processed 1 builds from 2062
&amp#27;[30m2019-05-06 00:01:09,787&amp#27;[0;39m &amp#27;[34mINFO &amp#27;[0;39m [&amp#27;[34mmain&amp#27;[0;39m] &amp#27;[33mcom.clarolab.agents.TriageAgent&amp#27;[0;39m: Processed 1 builds from 2062
&amp#27;[30m2019-05-06 00:01:09,801&amp#27;[0;39m &amp#27;[34mINFO &amp#27;[0;39m [&amp#27;[34mmain&amp#27;[0;39m] &amp#27;[33mcom.clarolab.agents.TriageAgent&amp#27;[0;39m: Processed 1 builds from 2062
&amp#27;[30m2019-05-06 00:01:09,817&amp#27;[0;39m &amp#27;[34mINFO &amp#27;[0;39m [&amp#27;[34mmain&amp#27;[0;39m] &amp#27;[33mcom.clarolab.agents.TriageAgent&amp#27;[0;39m: Processed 1 builds from 2062
&amp#27;[30m2019-05-06 00:01:09,834&amp#27;[0;39m &amp#27;[34mINFO &amp#27;[0;39m [&amp#27;[34mmain&amp#27;[0;39m] &amp#27;[33mcom.clarolab.agents.TriageAgent&amp#27;[0;39m: Processed 1 builds from 2062
&amp#27;[30m2019-05-06 00:01:09,851&amp#27;[0;39m &amp#27;[34mINFO &amp#27;[0;39m [&amp#27;[34mmain&amp#27;[0;39m] &amp#27;[33mcom.clarolab.agents.TriageAgent&amp#27;[0;39m: Processed 1 builds from 2062
&amp#27;[30m2019-05-06 00:01:09,870&amp#27;[0;39m &amp#27;[34mINFO &amp#27;[0;39m [&amp#27;[34mmain&amp#27;[0;39m] &amp#27;[33mcom.clarolab.agents.TriageAgent&amp#27;[0;39m: Processed 1 builds from 2062
&amp#27;[30m2019-05-06 00:01:09,889&amp#27;[0;39m &amp#27;[34mINFO &amp#27;[0;39m [&amp#27;[34mmain&amp#27;[0;39m] &amp#27;[33mcom.clarolab.agents.TriageAgent&amp#27;[0;39m: Processed 1 builds from 2062
&amp#27;[30m2019-05-06 00:01:09,906&amp#27;[0;39m &amp#27;[34mINFO &amp#27;[0;39m [&amp#27;[34mmain&amp#27;[0;39m] &amp#27;[33mcom.clarolab.agents.TriageAgent&amp#27;[0;39m: Processed 1 builds from 2062
&amp#27;[30m2019-05-06 00:01:09,925&amp#27;[0;39m &amp#27;[34mINFO &amp#27;[0;39m [&amp#27;[34mmain&amp#27;[0;39m] &amp#27;[33mcom.clarolab.agents.TriageAgent&amp#27;[0;39m: Processed 1 builds from 2062
&amp#27;[30m2019-05-06 00:01:09,944&amp#27;[0;39m &amp#27;[34mINFO &amp#27;[0;39m [&amp#27;[34mmain&amp#27;[0;39m] &amp#27;[33mcom.clarolab.agents.TriageAgent&amp#27;[0;39m: Processed 1 builds from 2062
&amp#27;[30m2019-05-06 00:01:09,966&amp#27;[0;39m &amp#27;[34mINFO &amp#27;[0;39m [&amp#27;[34mmain&amp#27;[0;39m] &amp#27;[33mcom.clarolab.agents.TriageAgent&amp#27;[0;39m: Processed 1 builds from 2062
&amp#27;[30m2019-05-06 00:01:10,008&amp#27;[0;39m &amp#27;[34mINFO &amp#27;[0;39m [&amp#27;[34mmain&amp#27;[0;39m] &amp#27;[33morg.springframework.test.context.transaction.TransactionContext&amp#27;[0;39m: Rolled back transaction for test: [DefaultTestContext@195a0de5 testClass = CurrentStateFunctionalTest, testInstance = com.clarolab.functional.test.CurrentStateFunctionalTest@56c9c74a, testMethod = test4NewFail@CurrentStateFunctionalTest, testException = java.lang.AssertionError: Search Content3: 0-FAIL > 1:PASS > 19-FAIL expected:<NEWFAIL> but was:<FAIL>, mergedContextConfiguration = [WebMergedContextConfiguration@fefb1c testClass = CurrentStateFunctionalTest, locations = '{}', classes = '{class com.clarolab.QAReportApplication, class com.clarolab.QAReportApplication}', contextInitializerClasses = '[]', activeProfiles = '{}', propertySourceLocations = '{}', propertySourceProperties = '{org.springframework.boot.test.context.SpringBootTestContextBootstrapper=true}', contextCustomizers = set[org.springframework.boot.test.context.filter.ExcludeFilterContextCustomizer@5ae50ce6, org.springframework.boot.test.json.DuplicateJsonObjectContextCustomizerFactory$DuplicateJsonObjectContextCustomizer@3ba9ad43, org.springframework.boot.test.mock.mockito.MockitoContextCustomizer@0, org.springframework.boot.test.web.client.TestRestTemplateContextCustomizer@57c758ac, org.springframework.boot.test.autoconfigure.properties.PropertyMappingContextCustomizer@0, org.springframework.boot.test.autoconfigure.web.servlet.WebDriverContextCustomizerFactory$Customizer@50b472aa], resourceBasePath = 'src/main/webapp', contextLoader = 'org.springframework.boot.test.context.SpringBootContextLoader', parent = [null]], attributes = map['org.springframework.test.context.web.ServletTestExecutionListener.activateListener' -> true, 'org.springframework.test.context.web.ServletTestExecutionListener.populatedRequestContextHolder' -> true, 'org.springframework.test.context.web.ServletTestExecutionListener.resetRequestContextHolder' -> true]]
]]></system-out>
  </testcase>
  <testcase name="test10PermanentPass" classname="com.clarolab.functional.test.rules.CurrentStateFunctionalTest" time="0.426"/>
  <testcase name="test2NewPass" classname="com.clarolab.functional.test.rules.CurrentStateFunctionalTest" time="0.407">
    <failure message="Update Content: 0-FAIL &gt; 19-PASS expected:&lt;NEWPASS&gt; but was:&lt;PASS&gt;" type="java.lang.AssertionError"><![CDATA[java.lang.AssertionError: Update Content: 0-FAIL > 19-PASS expected:<NEWPASS> but was:<PASS>
	at com.clarolab.functional.test.rules.CurrentStateFunctionalTest.testSpec(CurrentStateFunctionalTest.java:236)
	at com.clarolab.functional.test.rules.CurrentStateFunctionalTest.test2NewPass(CurrentStateFunctionalTest.java:90)
]]></failure>
    <system-out><![CDATA[&amp#27;[30m2019-05-06 00:01:10,438&amp#27;[0;39m &amp#27;[34mINFO &amp#27;[0;39m [&amp#27;[34mmain&amp#27;[0;39m] &amp#27;[33morg.springframework.test.context.transaction.TransactionContext&amp#27;[0;39m: Began transaction (1) for test context [DefaultTestContext@195a0de5 testClass = CurrentStateFunctionalTest, testInstance = com.clarolab.functional.test.CurrentStateFunctionalTest@6e7867a3, testMethod = test2NewPass@CurrentStateFunctionalTest, testException = [null], mergedContextConfiguration = [WebMergedContextConfiguration@fefb1c testClass = CurrentStateFunctionalTest, locations = '{}', classes = '{class com.clarolab.QAReportApplication, class com.clarolab.QAReportApplication}', contextInitializerClasses = '[]', activeProfiles = '{}', propertySourceLocations = '{}', propertySourceProperties = '{org.springframework.boot.test.context.SpringBootTestContextBootstrapper=true}', contextCustomizers = set[org.springframework.boot.test.context.filter.ExcludeFilterContextCustomizer@5ae50ce6, org.springframework.boot.test.json.DuplicateJsonObjectContextCustomizerFactory$DuplicateJsonObjectContextCustomizer@3ba9ad43, org.springframework.boot.test.mock.mockito.MockitoContextCustomizer@0, org.springframework.boot.test.web.client.TestRestTemplateContextCustomizer@57c758ac, org.springframework.boot.test.autoconfigure.properties.PropertyMappingContextCustomizer@0, org.springframework.boot.test.autoconfigure.web.servlet.WebDriverContextCustomizerFactory$Customizer@50b472aa], resourceBasePath = 'src/main/webapp', contextLoader = 'org.springframework.boot.test.context.SpringBootContextLoader', parent = [null]], attributes = map['org.springframework.test.context.web.ServletTestExecutionListener.activateListener' -> true, 'org.springframework.test.context.web.ServletTestExecutionListener.populatedRequestContextHolder' -> true, 'org.springframework.test.context.web.ServletTestExecutionListener.resetRequestContextHolder' -> true]]; transaction manager [org.springframework.orm.jpa.JpaTransactionManager@490b8f1e]; rollback [true]
&amp#27;[30m2019-05-06 00:01:10,498&amp#27;[0;39m &amp#27;[34mINFO &amp#27;[0;39m [&amp#27;[34mmain&amp#27;[0;39m] &amp#27;[33mcom.clarolab.agents.TriageAgent&amp#27;[0;39m: Processed 1 builds from 2307
&amp#27;[30m2019-05-06 00:01:10,511&amp#27;[0;39m &amp#27;[34mINFO &amp#27;[0;39m [&amp#27;[34mmain&amp#27;[0;39m] &amp#27;[33mcom.clarolab.agents.TriageAgent&amp#27;[0;39m: Processed 1 builds from 2307
&amp#27;[30m2019-05-06 00:01:10,522&amp#27;[0;39m &amp#27;[34mINFO &amp#27;[0;39m [&amp#27;[34mmain&amp#27;[0;39m] &amp#27;[33mcom.clarolab.agents.TriageAgent&amp#27;[0;39m: Processed 1 builds from 2307
&amp#27;[30m2019-05-06 00:01:10,534&amp#27;[0;39m &amp#27;[34mINFO &amp#27;[0;39m [&amp#27;[34mmain&amp#27;[0;39m] &amp#27;[33mcom.clarolab.agents.TriageAgent&amp#27;[0;39m: Processed 1 builds from 2307
&amp#27;[30m2019-05-06 00:01:10,547&amp#27;[0;39m &amp#27;[34mINFO &amp#27;[0;39m [&amp#27;[34mmain&amp#27;[0;39m] &amp#27;[33mcom.clarolab.agents.TriageAgent&amp#27;[0;39m: Processed 1 builds from 2307
&amp#27;[30m2019-05-06 00:01:10,560&amp#27;[0;39m &amp#27;[34mINFO &amp#27;[0;39m [&amp#27;[34mmain&amp#27;[0;39m] &amp#27;[33mcom.clarolab.agents.TriageAgent&amp#27;[0;39m: Processed 1 builds from 2307
&amp#27;[30m2019-05-06 00:01:10,573&amp#27;[0;39m &amp#27;[34mINFO &amp#27;[0;39m [&amp#27;[34mmain&amp#27;[0;39m] &amp#27;[33mcom.clarolab.agents.TriageAgent&amp#27;[0;39m: Processed 1 builds from 2307
&amp#27;[30m2019-05-06 00:01:10,586&amp#27;[0;39m &amp#27;[34mINFO &amp#27;[0;39m [&amp#27;[34mmain&amp#27;[0;39m] &amp#27;[33mcom.clarolab.agents.TriageAgent&amp#27;[0;39m: Processed 1 builds from 2307
&amp#27;[30m2019-05-06 00:01:10,600&amp#27;[0;39m &amp#27;[34mINFO &amp#27;[0;39m [&amp#27;[34mmain&amp#27;[0;39m] &amp#27;[33mcom.clarolab.agents.TriageAgent&amp#27;[0;39m: Processed 1 builds from 2307
&amp#27;[30m2019-05-06 00:01:10,616&amp#27;[0;39m &amp#27;[34mINFO &amp#27;[0;39m [&amp#27;[34mmain&amp#27;[0;39m] &amp#27;[33mcom.clarolab.agents.TriageAgent&amp#27;[0;39m: Processed 1 builds from 2307
&amp#27;[30m2019-05-06 00:01:10,631&amp#27;[0;39m &amp#27;[34mINFO &amp#27;[0;39m [&amp#27;[34mmain&amp#27;[0;39m] &amp#27;[33mcom.clarolab.agents.TriageAgent&amp#27;[0;39m: Processed 1 builds from 2307
&amp#27;[30m2019-05-06 00:01:10,682&amp#27;[0;39m &amp#27;[34mINFO &amp#27;[0;39m [&amp#27;[34mmain&amp#27;[0;39m] &amp#27;[33mcom.clarolab.agents.TriageAgent&amp#27;[0;39m: Processed 1 builds from 2307
&amp#27;[30m2019-05-06 00:01:10,701&amp#27;[0;39m &amp#27;[34mINFO &amp#27;[0;39m [&amp#27;[34mmain&amp#27;[0;39m] &amp#27;[33mcom.clarolab.agents.TriageAgent&amp#27;[0;39m: Processed 1 builds from 2307
&amp#27;[30m2019-05-06 00:01:10,716&amp#27;[0;39m &amp#27;[34mINFO &amp#27;[0;39m [&amp#27;[34mmain&amp#27;[0;39m] &amp#27;[33mcom.clarolab.agents.TriageAgent&amp#27;[0;39m: Processed 1 builds from 2307
&amp#27;[30m2019-05-06 00:01:10,734&amp#27;[0;39m &amp#27;[34mINFO &amp#27;[0;39m [&amp#27;[34mmain&amp#27;[0;39m] &amp#27;[33mcom.clarolab.agents.TriageAgent&amp#27;[0;39m: Processed 1 builds from 2307
&amp#27;[30m2019-05-06 00:01:10,757&amp#27;[0;39m &amp#27;[34mINFO &amp#27;[0;39m [&amp#27;[34mmain&amp#27;[0;39m] &amp#27;[33mcom.clarolab.agents.TriageAgent&amp#27;[0;39m: Processed 1 builds from 2307
&amp#27;[30m2019-05-06 00:01:10,774&amp#27;[0;39m &amp#27;[34mINFO &amp#27;[0;39m [&amp#27;[34mmain&amp#27;[0;39m] &amp#27;[33mcom.clarolab.agents.TriageAgent&amp#27;[0;39m: Processed 1 builds from 2307
&amp#27;[30m2019-05-06 00:01:10,787&amp#27;[0;39m &amp#27;[34mINFO &amp#27;[0;39m [&amp#27;[34mmain&amp#27;[0;39m] &amp#27;[33mcom.clarolab.agents.TriageAgent&amp#27;[0;39m: Processed 1 builds from 2307
&amp#27;[30m2019-05-06 00:01:10,806&amp#27;[0;39m &amp#27;[34mINFO &amp#27;[0;39m [&amp#27;[34mmain&amp#27;[0;39m] &amp#27;[33mcom.clarolab.agents.TriageAgent&amp#27;[0;39m: Processed 1 builds from 2307
&amp#27;[30m2019-05-06 00:01:10,843&amp#27;[0;39m &amp#27;[34mINFO &amp#27;[0;39m [&amp#27;[34mmain&amp#27;[0;39m] &amp#27;[33morg.springframework.test.context.transaction.TransactionContext&amp#27;[0;39m: Rolled back transaction for test: [DefaultTestContext@195a0de5 testClass = CurrentStateFunctionalTest, testInstance = com.clarolab.functional.test.CurrentStateFunctionalTest@6e7867a3, testMethod = test2NewPass@CurrentStateFunctionalTest, testException = java.lang.AssertionError: Update Content: 0-FAIL > 19-PASS expected:<NEWPASS> but was:<PASS>, mergedContextConfiguration = [WebMergedContextConfiguration@fefb1c testClass = CurrentStateFunctionalTest, locations = '{}', classes = '{class com.clarolab.QAReportApplication, class com.clarolab.QAReportApplication}', contextInitializerClasses = '[]', activeProfiles = '{}', propertySourceLocations = '{}', propertySourceProperties = '{org.springframework.boot.test.context.SpringBootTestContextBootstrapper=true}', contextCustomizers = set[org.springframework.boot.test.context.filter.ExcludeFilterContextCustomizer@5ae50ce6, org.springframework.boot.test.json.DuplicateJsonObjectContextCustomizerFactory$DuplicateJsonObjectContextCustomizer@3ba9ad43, org.springframework.boot.test.mock.mockito.MockitoContextCustomizer@0, org.springframework.boot.test.web.client.TestRestTemplateContextCustomizer@57c758ac, org.springframework.boot.test.autoconfigure.properties.PropertyMappingContextCustomizer@0, org.springframework.boot.test.autoconfigure.web.servlet.WebDriverContextCustomizerFactory$Customizer@50b472aa], resourceBasePath = 'src/main/webapp', contextLoader = 'org.springframework.boot.test.context.SpringBootContextLoader', parent = [null]], attributes = map['org.springframework.test.context.web.ServletTestExecutionListener.activateListener' -> true, 'org.springframework.test.context.web.ServletTestExecutionListener.populatedRequestContextHolder' -> true, 'org.springframework.test.context.web.ServletTestExecutionListener.resetRequestContextHolder' -> true]]
]]></system-out>
  </testcase>
  <testcase name="test3PermanentFail" classname="com.clarolab.functional.test.rules.CurrentStateFunctionalTest" time="0.419">
    <failure message="Delete Content2: 0-PASS &gt; 3:FAIL &gt; 19-FAIL expected:&lt;PERMANENT&gt; but was:&lt;FAIL&gt;" type="java.lang.AssertionError"><![CDATA[java.lang.AssertionError: Delete Content2: 0-PASS > 3:FAIL > 19-FAIL expected:<PERMANENT> but was:<FAIL>
	at com.clarolab.functional.test.rules.CurrentStateFunctionalTest.testSpec(CurrentStateFunctionalTest.java:236)
	at com.clarolab.functional.test.rules.CurrentStateFunctionalTest.test3PermanentFail(CurrentStateFunctionalTest.java:101)
]]></failure>
    <system-out><![CDATA[&amp#27;[30m2019-05-06 00:01:10,846&amp#27;[0;39m &amp#27;[34mINFO &amp#27;[0;39m [&amp#27;[34mmain&amp#27;[0;39m] &amp#27;[33morg.springframework.test.context.transaction.TransactionContext&amp#27;[0;39m: Began transaction (1) for test context [DefaultTestContext@195a0de5 testClass = CurrentStateFunctionalTest, testInstance = com.clarolab.functional.test.CurrentStateFunctionalTest@43ee6274, testMethod = test3PermanentFail@CurrentStateFunctionalTest, testException = [null], mergedContextConfiguration = [WebMergedContextConfiguration@fefb1c testClass = CurrentStateFunctionalTest, locations = '{}', classes = '{class com.clarolab.QAReportApplication, class com.clarolab.QAReportApplication}', contextInitializerClasses = '[]', activeProfiles = '{}', propertySourceLocations = '{}', propertySourceProperties = '{org.springframework.boot.test.context.SpringBootTestContextBootstrapper=true}', contextCustomizers = set[org.springframework.boot.test.context.filter.ExcludeFilterContextCustomizer@5ae50ce6, org.springframework.boot.test.json.DuplicateJsonObjectContextCustomizerFactory$DuplicateJsonObjectContextCustomizer@3ba9ad43, org.springframework.boot.test.mock.mockito.MockitoContextCustomizer@0, org.springframework.boot.test.web.client.TestRestTemplateContextCustomizer@57c758ac, org.springframework.boot.test.autoconfigure.properties.PropertyMappingContextCustomizer@0, org.springframework.boot.test.autoconfigure.web.servlet.WebDriverContextCustomizerFactory$Customizer@50b472aa], resourceBasePath = 'src/main/webapp', contextLoader = 'org.springframework.boot.test.context.SpringBootContextLoader', parent = [null]], attributes = map['org.springframework.test.context.web.ServletTestExecutionListener.activateListener' -> true, 'org.springframework.test.context.web.ServletTestExecutionListener.populatedRequestContextHolder' -> true, 'org.springframework.test.context.web.ServletTestExecutionListener.resetRequestContextHolder' -> true]]; transaction manager [org.springframework.orm.jpa.JpaTransactionManager@490b8f1e]; rollback [true]
&amp#27;[30m2019-05-06 00:01:10,942&amp#27;[0;39m &amp#27;[34mINFO &amp#27;[0;39m [&amp#27;[34mmain&amp#27;[0;39m] &amp#27;[33mcom.clarolab.agents.TriageAgent&amp#27;[0;39m: Processed 1 builds from 2429
&amp#27;[30m2019-05-06 00:01:10,955&amp#27;[0;39m &amp#27;[34mINFO &amp#27;[0;39m [&amp#27;[34mmain&amp#27;[0;39m] &amp#27;[33mcom.clarolab.agents.TriageAgent&amp#27;[0;39m: Processed 1 builds from 2429
&amp#27;[30m2019-05-06 00:01:10,968&amp#27;[0;39m &amp#27;[34mINFO &amp#27;[0;39m [&amp#27;[34mmain&amp#27;[0;39m] &amp#27;[33mcom.clarolab.agents.TriageAgent&amp#27;[0;39m: Processed 1 builds from 2429
&amp#27;[30m2019-05-06 00:01:10,982&amp#27;[0;39m &amp#27;[34mINFO &amp#27;[0;39m [&amp#27;[34mmain&amp#27;[0;39m] &amp#27;[33mcom.clarolab.agents.TriageAgent&amp#27;[0;39m: Processed 1 builds from 2429
&amp#27;[30m2019-05-06 00:01:10,996&amp#27;[0;39m &amp#27;[34mINFO &amp#27;[0;39m [&amp#27;[34mmain&amp#27;[0;39m] &amp#27;[33mcom.clarolab.agents.TriageAgent&amp#27;[0;39m: Processed 1 builds from 2429
&amp#27;[30m2019-05-06 00:01:11,010&amp#27;[0;39m &amp#27;[34mINFO &amp#27;[0;39m [&amp#27;[34mmain&amp#27;[0;39m] &amp#27;[33mcom.clarolab.agents.TriageAgent&amp#27;[0;39m: Processed 1 builds from 2429
&amp#27;[30m2019-05-06 00:01:11,023&amp#27;[0;39m &amp#27;[34mINFO &amp#27;[0;39m [&amp#27;[34mmain&amp#27;[0;39m] &amp#27;[33mcom.clarolab.agents.TriageAgent&amp#27;[0;39m: Processed 1 builds from 2429
&amp#27;[30m2019-05-06 00:01:11,037&amp#27;[0;39m &amp#27;[34mINFO &amp#27;[0;39m [&amp#27;[34mmain&amp#27;[0;39m] &amp#27;[33mcom.clarolab.agents.TriageAgent&amp#27;[0;39m: Processed 1 builds from 2429
&amp#27;[30m2019-05-06 00:01:11,052&amp#27;[0;39m &amp#27;[34mINFO &amp#27;[0;39m [&amp#27;[34mmain&amp#27;[0;39m] &amp#27;[33mcom.clarolab.agents.TriageAgent&amp#27;[0;39m: Processed 1 builds from 2429
&amp#27;[30m2019-05-06 00:01:11,067&amp#27;[0;39m &amp#27;[34mINFO &amp#27;[0;39m [&amp#27;[34mmain&amp#27;[0;39m] &amp#27;[33mcom.clarolab.agents.TriageAgent&amp#27;[0;39m: Processed 1 builds from 2429
&amp#27;[30m2019-05-06 00:01:11,082&amp#27;[0;39m &amp#27;[34mINFO &amp#27;[0;39m [&amp#27;[34mmain&amp#27;[0;39m] &amp#27;[33mcom.clarolab.agents.TriageAgent&amp#27;[0;39m: Processed 1 builds from 2429
&amp#27;[30m2019-05-06 00:01:11,098&amp#27;[0;39m &amp#27;[34mINFO &amp#27;[0;39m [&amp#27;[34mmain&amp#27;[0;39m] &amp#27;[33mcom.clarolab.agents.TriageAgent&amp#27;[0;39m: Processed 1 builds from 2429
&amp#27;[30m2019-05-06 00:01:11,116&amp#27;[0;39m &amp#27;[34mINFO &amp#27;[0;39m [&amp#27;[34mmain&amp#27;[0;39m] &amp#27;[33mcom.clarolab.agents.TriageAgent&amp#27;[0;39m: Processed 1 builds from 2429
&amp#27;[30m2019-05-06 00:01:11,132&amp#27;[0;39m &amp#27;[34mINFO &amp#27;[0;39m [&amp#27;[34mmain&amp#27;[0;39m] &amp#27;[33mcom.clarolab.agents.TriageAgent&amp#27;[0;39m: Processed 1 builds from 2429
&amp#27;[30m2019-05-06 00:01:11,150&amp#27;[0;39m &amp#27;[34mINFO &amp#27;[0;39m [&amp#27;[34mmain&amp#27;[0;39m] &amp#27;[33mcom.clarolab.agents.TriageAgent&amp#27;[0;39m: Processed 1 builds from 2429
&amp#27;[30m2019-05-06 00:01:11,167&amp#27;[0;39m &amp#27;[34mINFO &amp#27;[0;39m [&amp#27;[34mmain&amp#27;[0;39m] &amp#27;[33mcom.clarolab.agents.TriageAgent&amp#27;[0;39m: Processed 1 builds from 2429
&amp#27;[30m2019-05-06 00:01:11,185&amp#27;[0;39m &amp#27;[34mINFO &amp#27;[0;39m [&amp#27;[34mmain&amp#27;[0;39m] &amp#27;[33mcom.clarolab.agents.TriageAgent&amp#27;[0;39m: Processed 1 builds from 2429
&amp#27;[30m2019-05-06 00:01:11,204&amp#27;[0;39m &amp#27;[34mINFO &amp#27;[0;39m [&amp#27;[34mmain&amp#27;[0;39m] &amp#27;[33mcom.clarolab.agents.TriageAgent&amp#27;[0;39m: Processed 1 builds from 2429
&amp#27;[30m2019-05-06 00:01:11,226&amp#27;[0;39m &amp#27;[34mINFO &amp#27;[0;39m [&amp#27;[34mmain&amp#27;[0;39m] &amp#27;[33mcom.clarolab.agents.TriageAgent&amp#27;[0;39m: Processed 1 builds from 2429
&amp#27;[30m2019-05-06 00:01:11,262&amp#27;[0;39m &amp#27;[34mINFO &amp#27;[0;39m [&amp#27;[34mmain&amp#27;[0;39m] &amp#27;[33morg.springframework.test.context.transaction.TransactionContext&amp#27;[0;39m: Rolled back transaction for test: [DefaultTestContext@195a0de5 testClass = CurrentStateFunctionalTest, testInstance = com.clarolab.functional.test.CurrentStateFunctionalTest@43ee6274, testMethod = test3PermanentFail@CurrentStateFunctionalTest, testException = java.lang.AssertionError: Delete Content2: 0-PASS > 3:FAIL > 19-FAIL expected:<PERMANENT> but was:<FAIL>, mergedContextConfiguration = [WebMergedContextConfiguration@fefb1c testClass = CurrentStateFunctionalTest, locations = '{}', classes = '{class com.clarolab.QAReportApplication, class com.clarolab.QAReportApplication}', contextInitializerClasses = '[]', activeProfiles = '{}', propertySourceLocations = '{}', propertySourceProperties = '{org.springframework.boot.test.context.SpringBootTestContextBootstrapper=true}', contextCustomizers = set[org.springframework.boot.test.context.filter.ExcludeFilterContextCustomizer@5ae50ce6, org.springframework.boot.test.json.DuplicateJsonObjectContextCustomizerFactory$DuplicateJsonObjectContextCustomizer@3ba9ad43, org.springframework.boot.test.mock.mockito.MockitoContextCustomizer@0, org.springframework.boot.test.web.client.TestRestTemplateContextCustomizer@57c758ac, org.springframework.boot.test.autoconfigure.properties.PropertyMappingContextCustomizer@0, org.springframework.boot.test.autoconfigure.web.servlet.WebDriverContextCustomizerFactory$Customizer@50b472aa], resourceBasePath = 'src/main/webapp', contextLoader = 'org.springframework.boot.test.context.SpringBootContextLoader', parent = [null]], attributes = map['org.springframework.test.context.web.ServletTestExecutionListener.activateListener' -> true, 'org.springframework.test.context.web.ServletTestExecutionListener.populatedRequestContextHolder' -> true, 'org.springframework.test.context.web.ServletTestExecutionListener.resetRequestContextHolder' -> true]]
]]></system-out>
  </testcase>
  <testcase name="test9InvalidPermanent" classname="com.clarolab.functional.test.rules.CurrentStateFunctionalTest" time="0.412">
    <failure message="Create Big Content8: 0-CANCELLED &gt; 19-CANCELLED expected:&lt;PERMANENT&gt; but was:&lt;FAIL&gt;" type="java.lang.AssertionError"><![CDATA[java.lang.AssertionError: Create Big Content8: 0-CANCELLED > 19-CANCELLED expected:<PERMANENT> but was:<FAIL>
	at com.clarolab.functional.test.rules.CurrentStateFunctionalTest.testSpec(CurrentStateFunctionalTest.java:236)
	at com.clarolab.functional.test.rules.CurrentStateFunctionalTest.test9InvalidPermanent(CurrentStateFunctionalTest.java:165)
]]></failure>
    <system-out><![CDATA[&amp#27;[30m2019-05-06 00:01:11,265&amp#27;[0;39m &amp#27;[34mINFO &amp#27;[0;39m [&amp#27;[34mmain&amp#27;[0;39m] &amp#27;[33morg.springframework.test.context.transaction.TransactionContext&amp#27;[0;39m: Began transaction (1) for test context [DefaultTestContext@195a0de5 testClass = CurrentStateFunctionalTest, testInstance = com.clarolab.functional.test.CurrentStateFunctionalTest@48bf4bca, testMethod = test9InvalidPermanent@CurrentStateFunctionalTest, testException = [null], mergedContextConfiguration = [WebMergedContextConfiguration@fefb1c testClass = CurrentStateFunctionalTest, locations = '{}', classes = '{class com.clarolab.QAReportApplication, class com.clarolab.QAReportApplication}', contextInitializerClasses = '[]', activeProfiles = '{}', propertySourceLocations = '{}', propertySourceProperties = '{org.springframework.boot.test.context.SpringBootTestContextBootstrapper=true}', contextCustomizers = set[org.springframework.boot.test.context.filter.ExcludeFilterContextCustomizer@5ae50ce6, org.springframework.boot.test.json.DuplicateJsonObjectContextCustomizerFactory$DuplicateJsonObjectContextCustomizer@3ba9ad43, org.springframework.boot.test.mock.mockito.MockitoContextCustomizer@0, org.springframework.boot.test.web.client.TestRestTemplateContextCustomizer@57c758ac, org.springframework.boot.test.autoconfigure.properties.PropertyMappingContextCustomizer@0, org.springframework.boot.test.autoconfigure.web.servlet.WebDriverContextCustomizerFactory$Customizer@50b472aa], resourceBasePath = 'src/main/webapp', contextLoader = 'org.springframework.boot.test.context.SpringBootContextLoader', parent = [null]], attributes = map['org.springframework.test.context.web.ServletTestExecutionListener.activateListener' -> true, 'org.springframework.test.context.web.ServletTestExecutionListener.populatedRequestContextHolder' -> true, 'org.springframework.test.context.web.ServletTestExecutionListener.resetRequestContextHolder' -> true]]; transaction manager [org.springframework.orm.jpa.JpaTransactionManager@490b8f1e]; rollback [true]
&amp#27;[30m2019-05-06 00:01:11,319&amp#27;[0;39m &amp#27;[34mINFO &amp#27;[0;39m [&amp#27;[34mmain&amp#27;[0;39m] &amp#27;[33mcom.clarolab.agents.TriageAgent&amp#27;[0;39m: Processed 1 builds from 2552
&amp#27;[30m2019-05-06 00:01:11,327&amp#27;[0;39m &amp#27;[34mINFO &amp#27;[0;39m [&amp#27;[34mmain&amp#27;[0;39m] &amp#27;[33mcom.clarolab.agents.TriageAgent&amp#27;[0;39m: Processed 1 builds from 2552
&amp#27;[30m2019-05-06 00:01:11,336&amp#27;[0;39m &amp#27;[34mINFO &amp#27;[0;39m [&amp#27;[34mmain&amp#27;[0;39m] &amp#27;[33mcom.clarolab.agents.TriageAgent&amp#27;[0;39m: Processed 1 builds from 2552
&amp#27;[30m2019-05-06 00:01:11,346&amp#27;[0;39m &amp#27;[34mINFO &amp#27;[0;39m [&amp#27;[34mmain&amp#27;[0;39m] &amp#27;[33mcom.clarolab.agents.TriageAgent&amp#27;[0;39m: Processed 1 builds from 2552
&amp#27;[30m2019-05-06 00:01:11,357&amp#27;[0;39m &amp#27;[34mINFO &amp#27;[0;39m [&amp#27;[34mmain&amp#27;[0;39m] &amp#27;[33mcom.clarolab.agents.TriageAgent&amp#27;[0;39m: Processed 1 builds from 2552
&amp#27;[30m2019-05-06 00:01:11,370&amp#27;[0;39m &amp#27;[34mINFO &amp#27;[0;39m [&amp#27;[34mmain&amp#27;[0;39m] &amp#27;[33mcom.clarolab.agents.TriageAgent&amp#27;[0;39m: Processed 1 builds from 2552
&amp#27;[30m2019-05-06 00:01:11,384&amp#27;[0;39m &amp#27;[34mINFO &amp#27;[0;39m [&amp#27;[34mmain&amp#27;[0;39m] &amp#27;[33mcom.clarolab.agents.TriageAgent&amp#27;[0;39m: Processed 1 builds from 2552
&amp#27;[30m2019-05-06 00:01:11,397&amp#27;[0;39m &amp#27;[34mINFO &amp#27;[0;39m [&amp#27;[34mmain&amp#27;[0;39m] &amp#27;[33mcom.clarolab.agents.TriageAgent&amp#27;[0;39m: Processed 1 builds from 2552
&amp#27;[30m2019-05-06 00:01:11,410&amp#27;[0;39m &amp#27;[34mINFO &amp#27;[0;39m [&amp#27;[34mmain&amp#27;[0;39m] &amp#27;[33mcom.clarolab.agents.TriageAgent&amp#27;[0;39m: Processed 1 builds from 2552
&amp#27;[30m2019-05-06 00:01:11,424&amp#27;[0;39m &amp#27;[34mINFO &amp#27;[0;39m [&amp#27;[34mmain&amp#27;[0;39m] &amp#27;[33mcom.clarolab.agents.TriageAgent&amp#27;[0;39m: Processed 1 builds from 2552
&amp#27;[30m2019-05-06 00:01:11,440&amp#27;[0;39m &amp#27;[34mINFO &amp#27;[0;39m [&amp#27;[34mmain&amp#27;[0;39m] &amp#27;[33mcom.clarolab.agents.TriageAgent&amp#27;[0;39m: Processed 1 builds from 2552
&amp#27;[30m2019-05-06 00:01:11,454&amp#27;[0;39m &amp#27;[34mINFO &amp#27;[0;39m [&amp#27;[34mmain&amp#27;[0;39m] &amp#27;[33mcom.clarolab.agents.TriageAgent&amp#27;[0;39m: Processed 1 builds from 2552
&amp#27;[30m2019-05-06 00:01:11,533&amp#27;[0;39m &amp#27;[34mINFO &amp#27;[0;39m [&amp#27;[34mmain&amp#27;[0;39m] &amp#27;[33mcom.clarolab.agents.TriageAgent&amp#27;[0;39m: Processed 1 builds from 2552
&amp#27;[30m2019-05-06 00:01:11,547&amp#27;[0;39m &amp#27;[34mINFO &amp#27;[0;39m [&amp#27;[34mmain&amp#27;[0;39m] &amp#27;[33mcom.clarolab.agents.TriageAgent&amp#27;[0;39m: Processed 1 builds from 2552
&amp#27;[30m2019-05-06 00:01:11,563&amp#27;[0;39m &amp#27;[34mINFO &amp#27;[0;39m [&amp#27;[34mmain&amp#27;[0;39m] &amp#27;[33mcom.clarolab.agents.TriageAgent&amp#27;[0;39m: Processed 1 builds from 2552
&amp#27;[30m2019-05-06 00:01:11,581&amp#27;[0;39m &amp#27;[34mINFO &amp#27;[0;39m [&amp#27;[34mmain&amp#27;[0;39m] &amp#27;[33mcom.clarolab.agents.TriageAgent&amp#27;[0;39m: Processed 1 builds from 2552
&amp#27;[30m2019-05-06 00:01:11,599&amp#27;[0;39m &amp#27;[34mINFO &amp#27;[0;39m [&amp#27;[34mmain&amp#27;[0;39m] &amp#27;[33mcom.clarolab.agents.TriageAgent&amp#27;[0;39m: Processed 1 builds from 2552
&amp#27;[30m2019-05-06 00:01:11,617&amp#27;[0;39m &amp#27;[34mINFO &amp#27;[0;39m [&amp#27;[34mmain&amp#27;[0;39m] &amp#27;[33mcom.clarolab.agents.TriageAgent&amp#27;[0;39m: Processed 1 builds from 2552
&amp#27;[30m2019-05-06 00:01:11,637&amp#27;[0;39m &amp#27;[34mINFO &amp#27;[0;39m [&amp#27;[34mmain&amp#27;[0;39m] &amp#27;[33mcom.clarolab.agents.TriageAgent&amp#27;[0;39m: Processed 1 builds from 2552
&amp#27;[30m2019-05-06 00:01:11,675&amp#27;[0;39m &amp#27;[34mINFO &amp#27;[0;39m [&amp#27;[34mmain&amp#27;[0;39m] &amp#27;[33morg.springframework.test.context.transaction.TransactionContext&amp#27;[0;39m: Rolled back transaction for test: [DefaultTestContext@195a0de5 testClass = CurrentStateFunctionalTest, testInstance = com.clarolab.functional.test.CurrentStateFunctionalTest@48bf4bca, testMethod = test9InvalidPermanent@CurrentStateFunctionalTest, testException = java.lang.AssertionError: Create Big Content8: 0-CANCELLED > 19-CANCELLED expected:<PERMANENT> but was:<FAIL>, mergedContextConfiguration = [WebMergedContextConfiguration@fefb1c testClass = CurrentStateFunctionalTest, locations = '{}', classes = '{class com.clarolab.QAReportApplication, class com.clarolab.QAReportApplication}', contextInitializerClasses = '[]', activeProfiles = '{}', propertySourceLocations = '{}', propertySourceProperties = '{org.springframework.boot.test.context.SpringBootTestContextBootstrapper=true}', contextCustomizers = set[org.springframework.boot.test.context.filter.ExcludeFilterContextCustomizer@5ae50ce6, org.springframework.boot.test.json.DuplicateJsonObjectContextCustomizerFactory$DuplicateJsonObjectContextCustomizer@3ba9ad43, org.springframework.boot.test.mock.mockito.MockitoContextCustomizer@0, org.springframework.boot.test.web.client.TestRestTemplateContextCustomizer@57c758ac, org.springframework.boot.test.autoconfigure.properties.PropertyMappingContextCustomizer@0, org.springframework.boot.test.autoconfigure.web.servlet.WebDriverContextCustomizerFactory$Customizer@50b472aa], resourceBasePath = 'src/main/webapp', contextLoader = 'org.springframework.boot.test.context.SpringBootContextLoader', parent = [null]], attributes = map['org.springframework.test.context.web.ServletTestExecutionListener.activateListener' -> true, 'org.springframework.test.context.web.ServletTestExecutionListener.populatedRequestContextHolder' -> true, 'org.springframework.test.context.web.ServletTestExecutionListener.resetRequestContextHolder' -> true]]
]]></system-out>
  </testcase>
  <testcase name="test8SkipPermanent" classname="com.clarolab.functional.test.rules.CurrentStateFunctionalTest" time="0.498">
    <failure message="Search User7: 0-SKIP &gt; 19-SKIP expected:&lt;PERMANENT&gt; but was:&lt;FAIL&gt;" type="java.lang.AssertionError"><![CDATA[java.lang.AssertionError: Search User7: 0-SKIP > 19-SKIP expected:<PERMANENT> but was:<FAIL>
	at com.clarolab.functional.test.rules.CurrentStateFunctionalTest.testSpec(CurrentStateFunctionalTest.java:236)
	at com.clarolab.functional.test.rules.CurrentStateFunctionalTest.test8SkipPermanent(CurrentStateFunctionalTest.java:155)
]]></failure>
    <system-out><![CDATA[&amp#27;[30m2019-05-06 00:01:11,678&amp#27;[0;39m &amp#27;[34mINFO &amp#27;[0;39m [&amp#27;[34mmain&amp#27;[0;39m] &amp#27;[33morg.springframework.test.context.transaction.TransactionContext&amp#27;[0;39m: Began transaction (1) for test context [DefaultTestContext@195a0de5 testClass = CurrentStateFunctionalTest, testInstance = com.clarolab.functional.test.CurrentStateFunctionalTest@2b70e806, testMethod = test8SkipPermanent@CurrentStateFunctionalTest, testException = [null], mergedContextConfiguration = [WebMergedContextConfiguration@fefb1c testClass = CurrentStateFunctionalTest, locations = '{}', classes = '{class com.clarolab.QAReportApplication, class com.clarolab.QAReportApplication}', contextInitializerClasses = '[]', activeProfiles = '{}', propertySourceLocations = '{}', propertySourceProperties = '{org.springframework.boot.test.context.SpringBootTestContextBootstrapper=true}', contextCustomizers = set[org.springframework.boot.test.context.filter.ExcludeFilterContextCustomizer@5ae50ce6, org.springframework.boot.test.json.DuplicateJsonObjectContextCustomizerFactory$DuplicateJsonObjectContextCustomizer@3ba9ad43, org.springframework.boot.test.mock.mockito.MockitoContextCustomizer@0, org.springframework.boot.test.web.client.TestRestTemplateContextCustomizer@57c758ac, org.springframework.boot.test.autoconfigure.properties.PropertyMappingContextCustomizer@0, org.springframework.boot.test.autoconfigure.web.servlet.WebDriverContextCustomizerFactory$Customizer@50b472aa], resourceBasePath = 'src/main/webapp', contextLoader = 'org.springframework.boot.test.context.SpringBootContextLoader', parent = [null]], attributes = map['org.springframework.test.context.web.ServletTestExecutionListener.activateListener' -> true, 'org.springframework.test.context.web.ServletTestExecutionListener.populatedRequestContextHolder' -> true, 'org.springframework.test.context.web.ServletTestExecutionListener.resetRequestContextHolder' -> true]]; transaction manager [org.springframework.orm.jpa.JpaTransactionManager@490b8f1e]; rollback [true]
&amp#27;[30m2019-05-06 00:01:11,726&amp#27;[0;39m &amp#27;[34mINFO &amp#27;[0;39m [&amp#27;[34mmain&amp#27;[0;39m] &amp#27;[33mcom.clarolab.agents.TriageAgent&amp#27;[0;39m: Processed 1 builds from 2675
&amp#27;[30m2019-05-06 00:01:11,735&amp#27;[0;39m &amp#27;[34mINFO &amp#27;[0;39m [&amp#27;[34mmain&amp#27;[0;39m] &amp#27;[33mcom.clarolab.agents.TriageAgent&amp#27;[0;39m: Processed 1 builds from 2675
&amp#27;[30m2019-05-06 00:01:11,755&amp#27;[0;39m &amp#27;[34mINFO &amp#27;[0;39m [&amp#27;[34mmain&amp#27;[0;39m] &amp#27;[33mcom.clarolab.agents.TriageAgent&amp#27;[0;39m: Processed 1 builds from 2675
&amp#27;[30m2019-05-06 00:01:11,780&amp#27;[0;39m &amp#27;[34mINFO &amp#27;[0;39m [&amp#27;[34mmain&amp#27;[0;39m] &amp#27;[33mcom.clarolab.agents.TriageAgent&amp#27;[0;39m: Processed 1 builds from 2675
&amp#27;[30m2019-05-06 00:01:11,792&amp#27;[0;39m &amp#27;[34mINFO &amp#27;[0;39m [&amp#27;[34mmain&amp#27;[0;39m] &amp#27;[33mcom.clarolab.agents.TriageAgent&amp#27;[0;39m: Processed 1 builds from 2675
&amp#27;[30m2019-05-06 00:01:11,804&amp#27;[0;39m &amp#27;[34mINFO &amp#27;[0;39m [&amp#27;[34mmain&amp#27;[0;39m] &amp#27;[33mcom.clarolab.agents.TriageAgent&amp#27;[0;39m: Processed 1 builds from 2675
&amp#27;[30m2019-05-06 00:01:11,824&amp#27;[0;39m &amp#27;[34mINFO &amp#27;[0;39m [&amp#27;[34mmain&amp#27;[0;39m] &amp#27;[33mcom.clarolab.agents.TriageAgent&amp#27;[0;39m: Processed 1 builds from 2675
&amp#27;[30m2019-05-06 00:01:11,844&amp#27;[0;39m &amp#27;[34mINFO &amp#27;[0;39m [&amp#27;[34mmain&amp#27;[0;39m] &amp#27;[33mcom.clarolab.agents.TriageAgent&amp#27;[0;39m: Processed 1 builds from 2675
&amp#27;[30m2019-05-06 00:01:11,868&amp#27;[0;39m &amp#27;[34mINFO &amp#27;[0;39m [&amp#27;[34mmain&amp#27;[0;39m] &amp#27;[33mcom.clarolab.agents.TriageAgent&amp#27;[0;39m: Processed 1 builds from 2675
&amp#27;[30m2019-05-06 00:01:11,899&amp#27;[0;39m &amp#27;[34mINFO &amp#27;[0;39m [&amp#27;[34mmain&amp#27;[0;39m] &amp#27;[33mcom.clarolab.agents.TriageAgent&amp#27;[0;39m: Processed 1 builds from 2675
&amp#27;[30m2019-05-06 00:01:11,926&amp#27;[0;39m &amp#27;[34mINFO &amp#27;[0;39m [&amp#27;[34mmain&amp#27;[0;39m] &amp#27;[33mcom.clarolab.agents.TriageAgent&amp#27;[0;39m: Processed 1 builds from 2675
&amp#27;[30m2019-05-06 00:01:11,965&amp#27;[0;39m &amp#27;[34mINFO &amp#27;[0;39m [&amp#27;[34mmain&amp#27;[0;39m] &amp#27;[33mcom.clarolab.agents.TriageAgent&amp#27;[0;39m: Processed 1 builds from 2675
&amp#27;[30m2019-05-06 00:01:11,987&amp#27;[0;39m &amp#27;[34mINFO &amp#27;[0;39m [&amp#27;[34mmain&amp#27;[0;39m] &amp#27;[33mcom.clarolab.agents.TriageAgent&amp#27;[0;39m: Processed 1 builds from 2675
&amp#27;[30m2019-05-06 00:01:12,016&amp#27;[0;39m &amp#27;[34mINFO &amp#27;[0;39m [&amp#27;[34mmain&amp#27;[0;39m] &amp#27;[33mcom.clarolab.agents.TriageAgent&amp#27;[0;39m: Processed 1 builds from 2675
&amp#27;[30m2019-05-06 00:01:12,040&amp#27;[0;39m &amp#27;[34mINFO &amp#27;[0;39m [&amp#27;[34mmain&amp#27;[0;39m] &amp#27;[33mcom.clarolab.agents.TriageAgent&amp#27;[0;39m: Processed 1 builds from 2675
&amp#27;[30m2019-05-06 00:01:12,075&amp#27;[0;39m &amp#27;[34mINFO &amp#27;[0;39m [&amp#27;[34mmain&amp#27;[0;39m] &amp#27;[33mcom.clarolab.agents.TriageAgent&amp#27;[0;39m: Processed 1 builds from 2675
&amp#27;[30m2019-05-06 00:01:12,094&amp#27;[0;39m &amp#27;[34mINFO &amp#27;[0;39m [&amp#27;[34mmain&amp#27;[0;39m] &amp#27;[33mcom.clarolab.agents.TriageAgent&amp#27;[0;39m: Processed 1 builds from 2675
&amp#27;[30m2019-05-06 00:01:12,113&amp#27;[0;39m &amp#27;[34mINFO &amp#27;[0;39m [&amp#27;[34mmain&amp#27;[0;39m] &amp#27;[33mcom.clarolab.agents.TriageAgent&amp#27;[0;39m: Processed 1 builds from 2675
&amp#27;[30m2019-05-06 00:01:12,135&amp#27;[0;39m &amp#27;[34mINFO &amp#27;[0;39m [&amp#27;[34mmain&amp#27;[0;39m] &amp#27;[33mcom.clarolab.agents.TriageAgent&amp#27;[0;39m: Processed 1 builds from 2675
&amp#27;[30m2019-05-06 00:01:12,174&amp#27;[0;39m &amp#27;[34mINFO &amp#27;[0;39m [&amp#27;[34mmain&amp#27;[0;39m] &amp#27;[33morg.springframework.test.context.transaction.TransactionContext&amp#27;[0;39m: Rolled back transaction for test: [DefaultTestContext@195a0de5 testClass = CurrentStateFunctionalTest, testInstance = com.clarolab.functional.test.CurrentStateFunctionalTest@2b70e806, testMethod = test8SkipPermanent@CurrentStateFunctionalTest, testException = java.lang.AssertionError: Search User7: 0-SKIP > 19-SKIP expected:<PERMANENT> but was:<FAIL>, mergedContextConfiguration = [WebMergedContextConfiguration@fefb1c testClass = CurrentStateFunctionalTest, locations = '{}', classes = '{class com.clarolab.QAReportApplication, class com.clarolab.QAReportApplication}', contextInitializerClasses = '[]', activeProfiles = '{}', propertySourceLocations = '{}', propertySourceProperties = '{org.springframework.boot.test.context.SpringBootTestContextBootstrapper=true}', contextCustomizers = set[org.springframework.boot.test.context.filter.ExcludeFilterContextCustomizer@5ae50ce6, org.springframework.boot.test.json.DuplicateJsonObjectContextCustomizerFactory$DuplicateJsonObjectContextCustomizer@3ba9ad43, org.springframework.boot.test.mock.mockito.MockitoContextCustomizer@0, org.springframework.boot.test.web.client.TestRestTemplateContextCustomizer@57c758ac, org.springframework.boot.test.autoconfigure.properties.PropertyMappingContextCustomizer@0, org.springframework.boot.test.autoconfigure.web.servlet.WebDriverContextCustomizerFactory$Customizer@50b472aa], resourceBasePath = 'src/main/webapp', contextLoader = 'org.springframework.boot.test.context.SpringBootContextLoader', parent = [null]], attributes = map['org.springframework.test.context.web.ServletTestExecutionListener.activateListener' -> true, 'org.springframework.test.context.web.ServletTestExecutionListener.populatedRequestContextHolder' -> true, 'org.springframework.test.context.web.ServletTestExecutionListener.resetRequestContextHolder' -> true]]
]]></system-out>
  </testcase>
  <testcase name="test7Snooze" classname="com.clarolab.functional.test.rules.CurrentStateFunctionalTest" time="0.513">
    <failure message="Delete User6: 0-FAIL &gt; 19-FAIL expected:&lt;PERMANENT&gt; but was:&lt;FAIL&gt;" type="java.lang.AssertionError"><![CDATA[java.lang.AssertionError: Delete User6: 0-FAIL > 19-FAIL expected:<PERMANENT> but was:<FAIL>
	at com.clarolab.functional.test.rules.CurrentStateFunctionalTest.testSpec(CurrentStateFunctionalTest.java:236)
	at com.clarolab.functional.test.rules.CurrentStateFunctionalTest.test7Snooze(CurrentStateFunctionalTest.java:146)
]]></failure>
    <system-out><![CDATA[&amp#27;[30m2019-05-06 00:01:12,189&amp#27;[0;39m &amp#27;[34mINFO &amp#27;[0;39m [&amp#27;[34mmain&amp#27;[0;39m] &amp#27;[33morg.springframework.test.context.transaction.TransactionContext&amp#27;[0;39m: Began transaction (1) for test context [DefaultTestContext@195a0de5 testClass = CurrentStateFunctionalTest, testInstance = com.clarolab.functional.test.CurrentStateFunctionalTest@65f712f4, testMethod = test7Snooze@CurrentStateFunctionalTest, testException = [null], mergedContextConfiguration = [WebMergedContextConfiguration@fefb1c testClass = CurrentStateFunctionalTest, locations = '{}', classes = '{class com.clarolab.QAReportApplication, class com.clarolab.QAReportApplication}', contextInitializerClasses = '[]', activeProfiles = '{}', propertySourceLocations = '{}', propertySourceProperties = '{org.springframework.boot.test.context.SpringBootTestContextBootstrapper=true}', contextCustomizers = set[org.springframework.boot.test.context.filter.ExcludeFilterContextCustomizer@5ae50ce6, org.springframework.boot.test.json.DuplicateJsonObjectContextCustomizerFactory$DuplicateJsonObjectContextCustomizer@3ba9ad43, org.springframework.boot.test.mock.mockito.MockitoContextCustomizer@0, org.springframework.boot.test.web.client.TestRestTemplateContextCustomizer@57c758ac, org.springframework.boot.test.autoconfigure.properties.PropertyMappingContextCustomizer@0, org.springframework.boot.test.autoconfigure.web.servlet.WebDriverContextCustomizerFactory$Customizer@50b472aa], resourceBasePath = 'src/main/webapp', contextLoader = 'org.springframework.boot.test.context.SpringBootContextLoader', parent = [null]], attributes = map['org.springframework.test.context.web.ServletTestExecutionListener.activateListener' -> true, 'org.springframework.test.context.web.ServletTestExecutionListener.populatedRequestContextHolder' -> true, 'org.springframework.test.context.web.ServletTestExecutionListener.resetRequestContextHolder' -> true]]; transaction manager [org.springframework.orm.jpa.JpaTransactionManager@490b8f1e]; rollback [true]
&amp#27;[30m2019-05-06 00:01:12,237&amp#27;[0;39m &amp#27;[34mINFO &amp#27;[0;39m [&amp#27;[34mmain&amp#27;[0;39m] &amp#27;[33mcom.clarolab.agents.TriageAgent&amp#27;[0;39m: Processed 1 builds from 2797
&amp#27;[30m2019-05-06 00:01:12,246&amp#27;[0;39m &amp#27;[34mINFO &amp#27;[0;39m [&amp#27;[34mmain&amp#27;[0;39m] &amp#27;[33mcom.clarolab.agents.TriageAgent&amp#27;[0;39m: Processed 1 builds from 2797
&amp#27;[30m2019-05-06 00:01:12,254&amp#27;[0;39m &amp#27;[34mINFO &amp#27;[0;39m [&amp#27;[34mmain&amp#27;[0;39m] &amp#27;[33mcom.clarolab.agents.TriageAgent&amp#27;[0;39m: Processed 1 builds from 2797
&amp#27;[30m2019-05-06 00:01:12,261&amp#27;[0;39m &amp#27;[34mINFO &amp#27;[0;39m [&amp#27;[34mmain&amp#27;[0;39m] &amp#27;[33mcom.clarolab.agents.TriageAgent&amp#27;[0;39m: Processed 1 builds from 2797
&amp#27;[30m2019-05-06 00:01:12,270&amp#27;[0;39m &amp#27;[34mINFO &amp#27;[0;39m [&amp#27;[34mmain&amp#27;[0;39m] &amp#27;[33mcom.clarolab.agents.TriageAgent&amp#27;[0;39m: Processed 1 builds from 2797
&amp#27;[30m2019-05-06 00:01:12,279&amp#27;[0;39m &amp#27;[34mINFO &amp#27;[0;39m [&amp#27;[34mmain&amp#27;[0;39m] &amp#27;[33mcom.clarolab.agents.TriageAgent&amp#27;[0;39m: Processed 1 builds from 2797
&amp#27;[30m2019-05-06 00:01:12,319&amp#27;[0;39m &amp#27;[34mINFO &amp#27;[0;39m [&amp#27;[34mmain&amp#27;[0;39m] &amp#27;[33mcom.clarolab.agents.TriageAgent&amp#27;[0;39m: Processed 1 builds from 2797
&amp#27;[30m2019-05-06 00:01:12,340&amp#27;[0;39m &amp#27;[34mINFO &amp#27;[0;39m [&amp#27;[34mmain&amp#27;[0;39m] &amp#27;[33mcom.clarolab.agents.TriageAgent&amp#27;[0;39m: Processed 1 builds from 2797
&amp#27;[30m2019-05-06 00:01:12,392&amp#27;[0;39m &amp#27;[34mINFO &amp#27;[0;39m [&amp#27;[34mmain&amp#27;[0;39m] &amp#27;[33mcom.clarolab.agents.TriageAgent&amp#27;[0;39m: Processed 1 builds from 2797
&amp#27;[30m2019-05-06 00:01:12,406&amp#27;[0;39m &amp#27;[34mINFO &amp#27;[0;39m [&amp#27;[34mmain&amp#27;[0;39m] &amp#27;[33mcom.clarolab.agents.TriageAgent&amp#27;[0;39m: Processed 1 builds from 2797
&amp#27;[30m2019-05-06 00:01:12,430&amp#27;[0;39m &amp#27;[34mINFO &amp#27;[0;39m [&amp#27;[34mmain&amp#27;[0;39m] &amp#27;[33mcom.clarolab.agents.TriageAgent&amp#27;[0;39m: Processed 1 builds from 2797
&amp#27;[30m2019-05-06 00:01:12,458&amp#27;[0;39m &amp#27;[34mINFO &amp#27;[0;39m [&amp#27;[34mmain&amp#27;[0;39m] &amp#27;[33mcom.clarolab.agents.TriageAgent&amp#27;[0;39m: Processed 1 builds from 2797
&amp#27;[30m2019-05-06 00:01:12,475&amp#27;[0;39m &amp#27;[34mINFO &amp#27;[0;39m [&amp#27;[34mmain&amp#27;[0;39m] &amp#27;[33mcom.clarolab.agents.TriageAgent&amp#27;[0;39m: Processed 1 builds from 2797
&amp#27;[30m2019-05-06 00:01:12,514&amp#27;[0;39m &amp#27;[34mINFO &amp#27;[0;39m [&amp#27;[34mmain&amp#27;[0;39m] &amp#27;[33mcom.clarolab.agents.TriageAgent&amp#27;[0;39m: Processed 1 builds from 2797
&amp#27;[30m2019-05-06 00:01:12,535&amp#27;[0;39m &amp#27;[34mINFO &amp#27;[0;39m [&amp#27;[34mmain&amp#27;[0;39m] &amp#27;[33mcom.clarolab.agents.TriageAgent&amp#27;[0;39m: Processed 1 builds from 2797
&amp#27;[30m2019-05-06 00:01:12,560&amp#27;[0;39m &amp#27;[34mINFO &amp#27;[0;39m [&amp#27;[34mmain&amp#27;[0;39m] &amp#27;[33mcom.clarolab.agents.TriageAgent&amp#27;[0;39m: Processed 1 builds from 2797
&amp#27;[30m2019-05-06 00:01:12,599&amp#27;[0;39m &amp#27;[34mINFO &amp#27;[0;39m [&amp#27;[34mmain&amp#27;[0;39m] &amp#27;[33mcom.clarolab.agents.TriageAgent&amp#27;[0;39m: Processed 1 builds from 2797
&amp#27;[30m2019-05-06 00:01:12,628&amp#27;[0;39m &amp#27;[34mINFO &amp#27;[0;39m [&amp#27;[34mmain&amp#27;[0;39m] &amp#27;[33mcom.clarolab.agents.TriageAgent&amp#27;[0;39m: Processed 1 builds from 2797
&amp#27;[30m2019-05-06 00:01:12,664&amp#27;[0;39m &amp#27;[34mINFO &amp#27;[0;39m [&amp#27;[34mmain&amp#27;[0;39m] &amp#27;[33mcom.clarolab.agents.TriageAgent&amp#27;[0;39m: Processed 1 builds from 2797
&amp#27;[30m2019-05-06 00:01:12,700&amp#27;[0;39m &amp#27;[34mINFO &amp#27;[0;39m [&amp#27;[34mmain&amp#27;[0;39m] &amp#27;[33morg.springframework.test.context.transaction.TransactionContext&amp#27;[0;39m: Rolled back transaction for test: [DefaultTestContext@195a0de5 testClass = CurrentStateFunctionalTest, testInstance = com.clarolab.functional.test.CurrentStateFunctionalTest@65f712f4, testMethod = test7Snooze@CurrentStateFunctionalTest, testException = java.lang.AssertionError: Delete User6: 0-FAIL > 19-FAIL expected:<PERMANENT> but was:<FAIL>, mergedContextConfiguration = [WebMergedContextConfiguration@fefb1c testClass = CurrentStateFunctionalTest, locations = '{}', classes = '{class com.clarolab.QAReportApplication, class com.clarolab.QAReportApplication}', contextInitializerClasses = '[]', activeProfiles = '{}', propertySourceLocations = '{}', propertySourceProperties = '{org.springframework.boot.test.context.SpringBootTestContextBootstrapper=true}', contextCustomizers = set[org.springframework.boot.test.context.filter.ExcludeFilterContextCustomizer@5ae50ce6, org.springframework.boot.test.json.DuplicateJsonObjectContextCustomizerFactory$DuplicateJsonObjectContextCustomizer@3ba9ad43, org.springframework.boot.test.mock.mockito.MockitoContextCustomizer@0, org.springframework.boot.test.web.client.TestRestTemplateContextCustomizer@57c758ac, org.springframework.boot.test.autoconfigure.properties.PropertyMappingContextCustomizer@0, org.springframework.boot.test.autoconfigure.web.servlet.WebDriverContextCustomizerFactory$Customizer@50b472aa], resourceBasePath = 'src/main/webapp', contextLoader = 'org.springframework.boot.test.context.SpringBootContextLoader', parent = [null]], attributes = map['org.springframework.test.context.web.ServletTestExecutionListener.activateListener' -> true, 'org.springframework.test.context.web.ServletTestExecutionListener.populatedRequestContextHolder' -> true, 'org.springframework.test.context.web.ServletTestExecutionListener.resetRequestContextHolder' -> true]]
]]></system-out>
  </testcase>
  <testcase name="testAutomatedTestIssue" classname="com.clarolab.functional.test.DataProviderPersistenceFunctionalTest" time="0.025"/>
  <testcase name="testExecutor" classname="com.clarolab.functional.test.DataProviderPersistenceFunctionalTest" time="0.015"/>
  <testcase name="testBuild" classname="com.clarolab.functional.test.DataProviderPersistenceFunctionalTest" time="0.013"/>
  <testcase name="testNote" classname="com.clarolab.functional.test.DataProviderPersistenceFunctionalTest" time="0.012"/>
  <testcase name="testUser" classname="com.clarolab.functional.test.DataProviderPersistenceFunctionalTest" time="0.014"/>
  <testcase name="testApplicationEvent" classname="com.clarolab.functional.test.DataProviderPersistenceFunctionalTest" time="0.012"/>
  <testcase name="testProduct" classname="com.clarolab.functional.test.DataProviderPersistenceFunctionalTest" time="0.012"/>
  <testcase name="testTestCase" classname="com.clarolab.functional.test.DataProviderPersistenceFunctionalTest" time="0.014"/>
  <testcase name="testProperty" classname="com.clarolab.functional.test.DataProviderPersistenceFunctionalTest" time="0.015"/>
  <testcase name="testExecutorProductCombination" classname="com.clarolab.functional.test.DataProviderPersistenceFunctionalTest" time="0.012"/>
  <testcase name="testExecutorStat" classname="com.clarolab.functional.test.DataProviderPersistenceFunctionalTest" time="0.026"/>
  <testcase name="testConnector" classname="com.clarolab.functional.test.DataProviderPersistenceFunctionalTest" time="0.017"/>
  <testcase name="testContainer" classname="com.clarolab.functional.test.DataProviderPersistenceFunctionalTest" time="0.012"/>
  <testcase name="testTestCaseNotUnique" classname="com.clarolab.functional.test.DataProviderPersistenceFunctionalTest" time="0.016"/>
  <testcase name="testIssueTicket" classname="com.clarolab.functional.test.DataProviderPersistenceFunctionalTest" time="0.019"/>
  <testcase name="testPopulateTon" classname="com.clarolab.functional.test.DataProviderPersistenceFunctionalTest" time="0.168"/>
  <testcase name="testDeadline" classname="com.clarolab.functional.test.DataProviderPersistenceFunctionalTest" time="0.019"/>
  <testcase name="testApplicationDomain" classname="com.clarolab.functional.test.DataProviderPersistenceFunctionalTest" time="0.013"/>
  <testcase name="testSlackSpec" classname="com.clarolab.functional.test.DataProviderPersistenceFunctionalTest" time="0.013"/>
  <testcase name="testTestCaseTriage" classname="com.clarolab.functional.test.DataProviderPersistenceFunctionalTest" time="0.029"/>
  <testcase name="testTestCaseUnique" classname="com.clarolab.functional.test.DataProviderPersistenceFunctionalTest" time="0.022"/>
  <testcase name="testBuildTriage" classname="com.clarolab.functional.test.DataProviderPersistenceFunctionalTest" time="0.023"/>
  <testcase name="testManyExecutorStat" classname="com.clarolab.functional.test.DataProviderPersistenceFunctionalTest" time="0.018"/>
  <testcase name="errorSimilar" classname="com.clarolab.functional.test.rules.DisabledEngineRuleFunctionalTest" time="0.046"/>
  <testcase name="id28_abort" classname="com.clarolab.functional.test.rules.DisabledEngineRuleFunctionalTest" time="0.046"/>
  <testcase name="id14_1" classname="com.clarolab.functional.test.rules.DisabledEngineRuleFunctionalTest" time="0.089"/>
  <testcase name="id14_2" classname="com.clarolab.functional.test.rules.DisabledEngineRuleFunctionalTest" time="0.04"/>
  <testcase name="errorVerySimilar" classname="com.clarolab.functional.test.rules.DisabledEngineRuleFunctionalTest" time="0.038"/>
  <testcase name="id29_abort" classname="com.clarolab.functional.test.rules.DisabledEngineRuleFunctionalTest" time="0.048"/>
  <testcase name="id24_cancel" classname="com.clarolab.functional.test.rules.DisabledEngineRuleFunctionalTest" time="0.037"/>
  <testcase name="id29_cancel" classname="com.clarolab.functional.test.rules.DisabledEngineRuleFunctionalTest" time="0.037"/>
  <testcase name="id5_equal" classname="com.clarolab.functional.test.rules.DisabledEngineRuleFunctionalTest" time="0.037"/>
  <testcase name="id1" classname="com.clarolab.functional.test.rules.DisabledEngineRuleFunctionalTest" time="0.039"/>
  <testcase name="id2" classname="com.clarolab.functional.test.rules.DisabledEngineRuleFunctionalTest" time="0.044"/>
  <testcase name="id3" classname="com.clarolab.functional.test.rules.DisabledEngineRuleFunctionalTest" time="0.037"/>
  <testcase name="id4" classname="com.clarolab.functional.test.rules.DisabledEngineRuleFunctionalTest" time="0.045"/>
  <testcase name="id6" classname="com.clarolab.functional.test.rules.DisabledEngineRuleFunctionalTest" time="0.047"/>
  <testcase name="id7" classname="com.clarolab.functional.test.rules.DisabledEngineRuleFunctionalTest" time="0.041"/>
  <testcase name="id8" classname="com.clarolab.functional.test.rules.DisabledEngineRuleFunctionalTest" time="0.04"/>
  <testcase name="id9" classname="com.clarolab.functional.test.rules.DisabledEngineRuleFunctionalTest" time="0.038"/>
  <testcase name="id10" classname="com.clarolab.functional.test.rules.DisabledEngineRuleFunctionalTest" time="0.036"/>
  <testcase name="id11" classname="com.clarolab.functional.test.rules.DisabledEngineRuleFunctionalTest" time="0.04"/>
  <testcase name="id12" classname="com.clarolab.functional.test.rules.DisabledEngineRuleFunctionalTest" time="0.047"/>
  <testcase name="id13" classname="com.clarolab.functional.test.rules.DisabledEngineRuleFunctionalTest" time="0.04"/>
  <testcase name="id15" classname="com.clarolab.functional.test.rules.DisabledEngineRuleFunctionalTest" time="0.038"/>
  <testcase name="id16" classname="com.clarolab.functional.test.rules.DisabledEngineRuleFunctionalTest" time="0.041"/>
  <testcase name="id17" classname="com.clarolab.functional.test.rules.DisabledEngineRuleFunctionalTest" time="0.043"/>
  <testcase name="id18" classname="com.clarolab.functional.test.rules.DisabledEngineRuleFunctionalTest" time="0.076"/>
  <testcase name="id19" classname="com.clarolab.functional.test.rules.DisabledEngineRuleFunctionalTest" time="0.068"/>
  <testcase name="id20" classname="com.clarolab.functional.test.rules.DisabledEngineRuleFunctionalTest" time="0.041"/>
  <testcase name="id21" classname="com.clarolab.functional.test.rules.DisabledEngineRuleFunctionalTest" time="0.037"/>
  <testcase name="id22" classname="com.clarolab.functional.test.rules.DisabledEngineRuleFunctionalTest" time="0.037"/>
  <testcase name="id23" classname="com.clarolab.functional.test.rules.DisabledEngineRuleFunctionalTest" time="0.035"/>
  <testcase name="id25" classname="com.clarolab.functional.test.rules.DisabledEngineRuleFunctionalTest" time="0.044"/>
  <testcase name="id26" classname="com.clarolab.functional.test.rules.DisabledEngineRuleFunctionalTest" time="0.037"/>
  <testcase name="id27_cancel" classname="com.clarolab.functional.test.rules.DisabledEngineRuleFunctionalTest" time="0.039"/>
  <testcase name="id24_skip" classname="com.clarolab.functional.test.rules.DisabledEngineRuleFunctionalTest" time="0.037"/>
  <testcase name="id29_skip" classname="com.clarolab.functional.test.rules.DisabledEngineRuleFunctionalTest" time="0.041"/>
  <testcase name="errorNotEqual" classname="com.clarolab.functional.test.rules.DisabledEngineRuleFunctionalTest" time="0.036"/>
  <testcase name="id5_similar" classname="com.clarolab.functional.test.rules.DisabledEngineRuleFunctionalTest" time="0.037"/>
  <testcase name="id5_notEqual" classname="com.clarolab.functional.test.rules.DisabledEngineRuleFunctionalTest" time="0.035"/>
  <testcase name="id5_notError" classname="com.clarolab.functional.test.rules.DisabledEngineRuleFunctionalTest" time="0.038"/>
  <testcase name="id5_verySimilar" classname="com.clarolab.functional.test.rules.DisabledEngineRuleFunctionalTest" time="0.051"/>
  <testcase name="errorEqual" classname="com.clarolab.functional.test.rules.DisabledEngineRuleFunctionalTest" time="0.061"/>
  <testcase name="id27_abort" classname="com.clarolab.functional.test.rules.DisabledEngineRuleFunctionalTest" time="0.052"/>
  <testcase name="id40_skip" classname="com.clarolab.functional.test.rules.DisabledEngineRuleFunctionalTest" time="0.066"/>
  <testcase name="id28_cancel" classname="com.clarolab.functional.test.rules.DisabledEngineRuleFunctionalTest" time="0.034"/>
  <testcase name="errorParseAllExceptionTypesTest" classname="com.clarolab.functional.test.ErrorLogsFunctionalTest" time="0.012"/>
  <testcase name="errorSimilarTest" classname="com.clarolab.functional.test.ErrorLogsFunctionalTest" time="0.012"/>
  <testcase name="errorNotEqualTest" classname="com.clarolab.functional.test.ErrorLogsFunctionalTest" time="0.013"/>
  <testcase name="errorEqualTest" classname="com.clarolab.functional.test.ErrorLogsFunctionalTest" time="0.012"/>
  <testcase name="errorTestExecutionNotNullAndEqualsServiceTest" classname="com.clarolab.functional.test.ErrorLogsFunctionalTest" time="0.031"/>
  <testcase name="compareIgnoreClassIdentificationTextError" classname="com.clarolab.functional.test.ErrorLogsFunctionalTest" time="0.031"/>
  <testcase name="compareIgnoreClassIdentificationStackError" classname="com.clarolab.functional.test.ErrorLogsFunctionalTest" time="0.031"/>
  <testcase name="errorDetailParseTests" classname="com.clarolab.functional.test.ErrorLogsFunctionalTest" time="0.013">
    <failure message="Couldn&apos;t interpret the error detail Condition with lambda expression in com.lithium.mineraloil.lia.community.login.UserLogin was not fulfilled within 1 minutes." type="java.lang.AssertionError">java.lang.AssertionError: Couldn't interpret the error detail Condition with lambda expression in com.lithium.mineraloil.lia.community.login.UserLogin was not fulfilled within 1 minutes.
	at com.clarolab.functional.test.ErrorLogsFunctionalTest.errorDetailParseTests(ErrorLogsFunctionalTest.java:194)
</failure>
    <system-out><![CDATA[&amp#27;[30m2019-05-06 00:01:15,462&amp#27;[0;39m &amp#27;[34mINFO &amp#27;[0;39m [&amp#27;[34mmain&amp#27;[0;39m] &amp#27;[33morg.springframework.test.context.transaction.TransactionContext&amp#27;[0;39m: Began transaction (1) for test context [DefaultTestContext@6d51c19e testClass = ErrorLogsFunctionalTest, testInstance = com.clarolab.functional.test.ErrorLogsFunctionalTest@42820a1d, testMethod = errorDetailParseTests@ErrorLogsFunctionalTest, testException = [null], mergedContextConfiguration = [WebMergedContextConfiguration@f2efc8 testClass = ErrorLogsFunctionalTest, locations = '{}', classes = '{class com.clarolab.QAReportApplication, class com.clarolab.QAReportApplication}', contextInitializerClasses = '[]', activeProfiles = '{}', propertySourceLocations = '{}', propertySourceProperties = '{org.springframework.boot.test.context.SpringBootTestContextBootstrapper=true}', contextCustomizers = set[org.springframework.boot.test.context.filter.ExcludeFilterContextCustomizer@5ae50ce6, org.springframework.boot.test.json.DuplicateJsonObjectContextCustomizerFactory$DuplicateJsonObjectContextCustomizer@3ba9ad43, org.springframework.boot.test.mock.mockito.MockitoContextCustomizer@0, org.springframework.boot.test.web.client.TestRestTemplateContextCustomizer@57c758ac, org.springframework.boot.test.autoconfigure.properties.PropertyMappingContextCustomizer@0, org.springframework.boot.test.autoconfigure.web.servlet.WebDriverContextCustomizerFactory$Customizer@50b472aa], resourceBasePath = 'src/main/webapp', contextLoader = 'org.springframework.boot.test.context.SpringBootContextLoader', parent = [null]], attributes = map['org.springframework.test.context.web.ServletTestExecutionListener.activateListener' -> true, 'org.springframework.test.context.web.ServletTestExecutionListener.populatedRequestContextHolder' -> true, 'org.springframework.test.context.web.ServletTestExecutionListener.resetRequestContextHolder' -> true]]; transaction manager [org.springframework.orm.jpa.JpaTransactionManager@490b8f1e]; rollback [true]
&amp#27;[30m2019-05-06 00:01:15,472&amp#27;[0;39m &amp#27;[34mINFO &amp#27;[0;39m [&amp#27;[34mmain&amp#27;[0;39m] &amp#27;[33morg.springframework.test.context.transaction.TransactionContext&amp#27;[0;39m: Rolled back transaction for test: [DefaultTestContext@6d51c19e testClass = ErrorLogsFunctionalTest, testInstance = com.clarolab.functional.test.ErrorLogsFunctionalTest@42820a1d, testMethod = errorDetailParseTests@ErrorLogsFunctionalTest, testException = java.lang.AssertionError: Couldn't interpret the error detail Condition with lambda expression in com.lithium.mineraloil.lia.community.login.UserLogin was not fulfilled within 1 minutes., mergedContextConfiguration = [WebMergedContextConfiguration@f2efc8 testClass = ErrorLogsFunctionalTest, locations = '{}', classes = '{class com.clarolab.QAReportApplication, class com.clarolab.QAReportApplication}', contextInitializerClasses = '[]', activeProfiles = '{}', propertySourceLocations = '{}', propertySourceProperties = '{org.springframework.boot.test.context.SpringBootTestContextBootstrapper=true}', contextCustomizers = set[org.springframework.boot.test.context.filter.ExcludeFilterContextCustomizer@5ae50ce6, org.springframework.boot.test.json.DuplicateJsonObjectContextCustomizerFactory$DuplicateJsonObjectContextCustomizer@3ba9ad43, org.springframework.boot.test.mock.mockito.MockitoContextCustomizer@0, org.springframework.boot.test.web.client.TestRestTemplateContextCustomizer@57c758ac, org.springframework.boot.test.autoconfigure.properties.PropertyMappingContextCustomizer@0, org.springframework.boot.test.autoconfigure.web.servlet.WebDriverContextCustomizerFactory$Customizer@50b472aa], resourceBasePath = 'src/main/webapp', contextLoader = 'org.springframework.boot.test.context.SpringBootContextLoader', parent = [null]], attributes = map['org.springframework.test.context.web.ServletTestExecutionListener.activateListener' -> true, 'org.springframework.test.context.web.ServletTestExecutionListener.populatedRequestContextHolder' -> true, 'org.springframework.test.context.web.ServletTestExecutionListener.resetRequestContextHolder' -> true]]
]]></system-out>
  </testcase>
  <testcase name="errorStackParseTests" classname="com.clarolab.functional.test.ErrorLogsFunctionalTest" time="0.837">
    <failure message="Couldn&apos;t interpret the stacktrace CREATED: com.clarolab.model.User@7abf902" type="java.lang.AssertionError">java.lang.AssertionError: Couldn't interpret the stacktrace CREATED: com.clarolab.model.User@7abf902
	at com.clarolab.functional.test.ErrorLogsFunctionalTest.errorStackParseTests(ErrorLogsFunctionalTest.java:182)
</failure>
    <system-out><![CDATA[&amp#27;[30m2019-05-06 00:01:15,475&amp#27;[0;39m &amp#27;[34mINFO &amp#27;[0;39m [&amp#27;[34mmain&amp#27;[0;39m] &amp#27;[33morg.springframework.test.context.transaction.TransactionContext&amp#27;[0;39m: Began transaction (1) for test context [DefaultTestContext@6d51c19e testClass = ErrorLogsFunctionalTest, testInstance = com.clarolab.functional.test.ErrorLogsFunctionalTest@2a647e83, testMethod = errorStackParseTests@ErrorLogsFunctionalTest, testException = [null], mergedContextConfiguration = [WebMergedContextConfiguration@f2efc8 testClass = ErrorLogsFunctionalTest, locations = '{}', classes = '{class com.clarolab.QAReportApplication, class com.clarolab.QAReportApplication}', contextInitializerClasses = '[]', activeProfiles = '{}', propertySourceLocations = '{}', propertySourceProperties = '{org.springframework.boot.test.context.SpringBootTestContextBootstrapper=true}', contextCustomizers = set[org.springframework.boot.test.context.filter.ExcludeFilterContextCustomizer@5ae50ce6, org.springframework.boot.test.json.DuplicateJsonObjectContextCustomizerFactory$DuplicateJsonObjectContextCustomizer@3ba9ad43, org.springframework.boot.test.mock.mockito.MockitoContextCustomizer@0, org.springframework.boot.test.web.client.TestRestTemplateContextCustomizer@57c758ac, org.springframework.boot.test.autoconfigure.properties.PropertyMappingContextCustomizer@0, org.springframework.boot.test.autoconfigure.web.servlet.WebDriverContextCustomizerFactory$Customizer@50b472aa], resourceBasePath = 'src/main/webapp', contextLoader = 'org.springframework.boot.test.context.SpringBootContextLoader', parent = [null]], attributes = map['org.springframework.test.context.web.ServletTestExecutionListener.activateListener' -> true, 'org.springframework.test.context.web.ServletTestExecutionListener.populatedRequestContextHolder' -> true, 'org.springframework.test.context.web.ServletTestExecutionListener.resetRequestContextHolder' -> true]]; transaction manager [org.springframework.orm.jpa.JpaTransactionManager@490b8f1e]; rollback [true]
&amp#27;[30m2019-05-06 00:01:16,311&amp#27;[0;39m &amp#27;[34mINFO &amp#27;[0;39m [&amp#27;[34mmain&amp#27;[0;39m] &amp#27;[33morg.springframework.test.context.transaction.TransactionContext&amp#27;[0;39m: Rolled back transaction for test: [DefaultTestContext@6d51c19e testClass = ErrorLogsFunctionalTest, testInstance = com.clarolab.functional.test.ErrorLogsFunctionalTest@2a647e83, testMethod = errorStackParseTests@ErrorLogsFunctionalTest, testException = java.lang.AssertionError: Couldn't interpret the stacktrace CREATED: com.clarolab.model.User@7abf902, mergedContextConfiguration = [WebMergedContextConfiguration@f2efc8 testClass = ErrorLogsFunctionalTest, locations = '{}', classes = '{class com.clarolab.QAReportApplication, class com.clarolab.QAReportApplication}', contextInitializerClasses = '[]', activeProfiles = '{}', propertySourceLocations = '{}', propertySourceProperties = '{org.springframework.boot.test.context.SpringBootTestContextBootstrapper=true}', contextCustomizers = set[org.springframework.boot.test.context.filter.ExcludeFilterContextCustomizer@5ae50ce6, org.springframework.boot.test.json.DuplicateJsonObjectContextCustomizerFactory$DuplicateJsonObjectContextCustomizer@3ba9ad43, org.springframework.boot.test.mock.mockito.MockitoContextCustomizer@0, org.springframework.boot.test.web.client.TestRestTemplateContextCustomizer@57c758ac, org.springframework.boot.test.autoconfigure.properties.PropertyMappingContextCustomizer@0, org.springframework.boot.test.autoconfigure.web.servlet.WebDriverContextCustomizerFactory$Customizer@50b472aa], resourceBasePath = 'src/main/webapp', contextLoader = 'org.springframework.boot.test.context.SpringBootContextLoader', parent = [null]], attributes = map['org.springframework.test.context.web.ServletTestExecutionListener.activateListener' -> true, 'org.springframework.test.context.web.ServletTestExecutionListener.populatedRequestContextHolder' -> true, 'org.springframework.test.context.web.ServletTestExecutionListener.resetRequestContextHolder' -> true]]
]]></system-out>
  </testcase>
  <testcase name="errorVerySimilarTest" classname="com.clarolab.functional.test.ErrorLogsFunctionalTest" time="0.022"/>
  <testcase name="errorTestExecutionNullServiceTest" classname="com.clarolab.functional.test.ErrorLogsFunctionalTest" time="0.01"/>
  <testcase name="errorNotEquealNoStackFormatTest" classname="com.clarolab.functional.test.ErrorLogsFunctionalTest" time="0.018"/>
  <testcase name="errorNotEquealNoStackTest" classname="com.clarolab.functional.test.ErrorLogsFunctionalTest" time="0.011"/>
  <testcase name="testDontExpire" classname="com.clarolab.functional.test.ExpireBuildEventFunctionalTest" time="0.548"/>
  <testcase name="testExpireEvent" classname="com.clarolab.functional.test.ExpireBuildEventFunctionalTest" time="0.534"/>
  <testcase name="building" classname="com.clarolab.functional.test.rules.FirstTriageRuleFunctionalTest" time="0.021"/>
  <testcase name="cancel" classname="com.clarolab.functional.test.rules.FirstTriageRuleFunctionalTest" time="0.022"/>
  <testcase name="fail" classname="com.clarolab.functional.test.rules.FirstTriageRuleFunctionalTest" time="0.025"/>
  <testcase name="pass" classname="com.clarolab.functional.test.rules.FirstTriageRuleFunctionalTest" time="0.022"/>
  <testcase name="skip" classname="com.clarolab.functional.test.rules.FirstTriageRuleFunctionalTest" time="0.024"/>
  <testcase name="abort" classname="com.clarolab.functional.test.rules.FirstTriageRuleFunctionalTest" time="0.023"/>
  <testcase name="fixed" classname="com.clarolab.functional.test.rules.FirstTriageRuleFunctionalTest" time="0.024"/>
  <testcase name="regression" classname="com.clarolab.functional.test.rules.FirstTriageRuleFunctionalTest" time="0.022"/>
  <testcase name="historicOneFailOneNewTest" classname="com.clarolab.functional.test.HistoricDataFunctionalTest" time="0.202">
    <failure message="expected:&lt;0&gt; but was:&lt;1&gt;" type="java.lang.AssertionError"><![CDATA[java.lang.AssertionError: expected:<0> but was:<1>
	at com.clarolab.functional.test.HistoricDataFunctionalTest.historicOneFailOneNewTest(HistoricDataFunctionalTest.java:91)
]]></failure>
    <system-out><![CDATA[&amp#27;[30m2019-05-06 00:01:17,666&amp#27;[0;39m &amp#27;[34mINFO &amp#27;[0;39m [&amp#27;[34mmain&amp#27;[0;39m] &amp#27;[33morg.springframework.test.context.transaction.TransactionContext&amp#27;[0;39m: Began transaction (1) for test context [DefaultTestContext@5c6596b4 testClass = HistoricDataFunctionalTest, testInstance = com.clarolab.functional.test.HistoricDataFunctionalTest@25de1b13, testMethod = historicOneFailOneNewTest@HistoricDataFunctionalTest, testException = [null], mergedContextConfiguration = [WebMergedContextConfiguration@6b6f9800 testClass = HistoricDataFunctionalTest, locations = '{}', classes = '{class com.clarolab.QAReportApplication, class com.clarolab.QAReportApplication}', contextInitializerClasses = '[]', activeProfiles = '{}', propertySourceLocations = '{}', propertySourceProperties = '{org.springframework.boot.test.context.SpringBootTestContextBootstrapper=true}', contextCustomizers = set[org.springframework.boot.test.context.filter.ExcludeFilterContextCustomizer@5ae50ce6, org.springframework.boot.test.json.DuplicateJsonObjectContextCustomizerFactory$DuplicateJsonObjectContextCustomizer@3ba9ad43, org.springframework.boot.test.mock.mockito.MockitoContextCustomizer@0, org.springframework.boot.test.web.client.TestRestTemplateContextCustomizer@57c758ac, org.springframework.boot.test.autoconfigure.properties.PropertyMappingContextCustomizer@0, org.springframework.boot.test.autoconfigure.web.servlet.WebDriverContextCustomizerFactory$Customizer@50b472aa], resourceBasePath = 'src/main/webapp', contextLoader = 'org.springframework.boot.test.context.SpringBootContextLoader', parent = [null]], attributes = map['org.springframework.test.context.web.ServletTestExecutionListener.activateListener' -> true, 'org.springframework.test.context.web.ServletTestExecutionListener.populatedRequestContextHolder' -> true, 'org.springframework.test.context.web.ServletTestExecutionListener.resetRequestContextHolder' -> true]]; transaction manager [org.springframework.orm.jpa.JpaTransactionManager@490b8f1e]; rollback [true]
&amp#27;[30m2019-05-06 00:01:17,684&amp#27;[0;39m &amp#27;[1;31mERROR&amp#27;[0;39m [&amp#27;[34mmain&amp#27;[0;39m] &amp#27;[33mcom.clarolab.agents.TriageAgent&amp#27;[0;39m: There should be a Triage Flow Spec associated to the executor 4719
&amp#27;[30m2019-05-06 00:01:17,685&amp#27;[0;39m &amp#27;[34mINFO &amp#27;[0;39m [&amp#27;[34mmain&amp#27;[0;39m] &amp#27;[33mcom.clarolab.agents.TriageAgent&amp#27;[0;39m: Processed 0 builds from 4719
&amp#27;[30m2019-05-06 00:01:17,866&amp#27;[0;39m &amp#27;[34mINFO &amp#27;[0;39m [&amp#27;[34mmain&amp#27;[0;39m] &amp#27;[33morg.springframework.test.context.transaction.TransactionContext&amp#27;[0;39m: Rolled back transaction for test: [DefaultTestContext@5c6596b4 testClass = HistoricDataFunctionalTest, testInstance = com.clarolab.functional.test.HistoricDataFunctionalTest@25de1b13, testMethod = historicOneFailOneNewTest@HistoricDataFunctionalTest, testException = java.lang.AssertionError: expected:<0> but was:<1>, mergedContextConfiguration = [WebMergedContextConfiguration@6b6f9800 testClass = HistoricDataFunctionalTest, locations = '{}', classes = '{class com.clarolab.QAReportApplication, class com.clarolab.QAReportApplication}', contextInitializerClasses = '[]', activeProfiles = '{}', propertySourceLocations = '{}', propertySourceProperties = '{org.springframework.boot.test.context.SpringBootTestContextBootstrapper=true}', contextCustomizers = set[org.springframework.boot.test.context.filter.ExcludeFilterContextCustomizer@5ae50ce6, org.springframework.boot.test.json.DuplicateJsonObjectContextCustomizerFactory$DuplicateJsonObjectContextCustomizer@3ba9ad43, org.springframework.boot.test.mock.mockito.MockitoContextCustomizer@0, org.springframework.boot.test.web.client.TestRestTemplateContextCustomizer@57c758ac, org.springframework.boot.test.autoconfigure.properties.PropertyMappingContextCustomizer@0, org.springframework.boot.test.autoconfigure.web.servlet.WebDriverContextCustomizerFactory$Customizer@50b472aa], resourceBasePath = 'src/main/webapp', contextLoader = 'org.springframework.boot.test.context.SpringBootContextLoader', parent = [null]], attributes = map['org.springframework.test.context.web.ServletTestExecutionListener.activateListener' -> true, 'org.springframework.test.context.web.ServletTestExecutionListener.populatedRequestContextHolder' -> true, 'org.springframework.test.context.web.ServletTestExecutionListener.resetRequestContextHolder' -> true]]
]]></system-out>
  </testcase>
  <testcase name="historicAMonthAgoTenFailOneNewTest" classname="com.clarolab.functional.test.HistoricDataFunctionalTest" time="0.302"/>
  <testcase name="historicAMonthAgoOneFailOneNewTest" classname="com.clarolab.functional.test.HistoricDataFunctionalTest" time="0.113"/>
  <testcase name="historicTenFailsTemNewTests" classname="com.clarolab.functional.test.HistoricDataFunctionalTest" time="0.327">
    <failure message="expected:&lt;4&gt; but was:&lt;10&gt;" type="java.lang.AssertionError"><![CDATA[java.lang.AssertionError: expected:<4> but was:<10>
	at com.clarolab.functional.test.HistoricDataFunctionalTest.historicTenFailsTemNewTests(HistoricDataFunctionalTest.java:123)
]]></failure>
    <system-out><![CDATA[&amp#27;[30m2019-05-06 00:01:18,287&amp#27;[0;39m &amp#27;[34mINFO &amp#27;[0;39m [&amp#27;[34mmain&amp#27;[0;39m] &amp#27;[33morg.springframework.test.context.transaction.TransactionContext&amp#27;[0;39m: Began transaction (1) for test context [DefaultTestContext@5c6596b4 testClass = HistoricDataFunctionalTest, testInstance = com.clarolab.functional.test.HistoricDataFunctionalTest@52c84b57, testMethod = historicTenFailsTemNewTests@HistoricDataFunctionalTest, testException = [null], mergedContextConfiguration = [WebMergedContextConfiguration@6b6f9800 testClass = HistoricDataFunctionalTest, locations = '{}', classes = '{class com.clarolab.QAReportApplication, class com.clarolab.QAReportApplication}', contextInitializerClasses = '[]', activeProfiles = '{}', propertySourceLocations = '{}', propertySourceProperties = '{org.springframework.boot.test.context.SpringBootTestContextBootstrapper=true}', contextCustomizers = set[org.springframework.boot.test.context.filter.ExcludeFilterContextCustomizer@5ae50ce6, org.springframework.boot.test.json.DuplicateJsonObjectContextCustomizerFactory$DuplicateJsonObjectContextCustomizer@3ba9ad43, org.springframework.boot.test.mock.mockito.MockitoContextCustomizer@0, org.springframework.boot.test.web.client.TestRestTemplateContextCustomizer@57c758ac, org.springframework.boot.test.autoconfigure.properties.PropertyMappingContextCustomizer@0, org.springframework.boot.test.autoconfigure.web.servlet.WebDriverContextCustomizerFactory$Customizer@50b472aa], resourceBasePath = 'src/main/webapp', contextLoader = 'org.springframework.boot.test.context.SpringBootContextLoader', parent = [null]], attributes = map['org.springframework.test.context.web.ServletTestExecutionListener.activateListener' -> true, 'org.springframework.test.context.web.ServletTestExecutionListener.populatedRequestContextHolder' -> true, 'org.springframework.test.context.web.ServletTestExecutionListener.resetRequestContextHolder' -> true]]; transaction manager [org.springframework.orm.jpa.JpaTransactionManager@490b8f1e]; rollback [true]
&amp#27;[30m2019-05-06 00:01:18,303&amp#27;[0;39m &amp#27;[34mINFO &amp#27;[0;39m [&amp#27;[34mmain&amp#27;[0;39m] &amp#27;[33mcom.clarolab.agents.TriageAgent&amp#27;[0;39m: Processed 1 builds from 4845
&amp#27;[30m2019-05-06 00:01:18,306&amp#27;[0;39m &amp#27;[34mINFO &amp#27;[0;39m [&amp#27;[34mmain&amp#27;[0;39m] &amp#27;[33mcom.clarolab.agents.TriageAgent&amp#27;[0;39m: Processed 0 builds from 4845
&amp#27;[30m2019-05-06 00:01:18,316&amp#27;[0;39m &amp#27;[34mINFO &amp#27;[0;39m [&amp#27;[34mmain&amp#27;[0;39m] &amp#27;[33mcom.clarolab.agents.TriageAgent&amp#27;[0;39m: Processed 1 builds from 4845
&amp#27;[30m2019-05-06 00:01:18,319&amp#27;[0;39m &amp#27;[34mINFO &amp#27;[0;39m [&amp#27;[34mmain&amp#27;[0;39m] &amp#27;[33mcom.clarolab.agents.TriageAgent&amp#27;[0;39m: Processed 0 builds from 4845
&amp#27;[30m2019-05-06 00:01:18,330&amp#27;[0;39m &amp#27;[34mINFO &amp#27;[0;39m [&amp#27;[34mmain&amp#27;[0;39m] &amp#27;[33mcom.clarolab.agents.TriageAgent&amp#27;[0;39m: Processed 1 builds from 4845
&amp#27;[30m2019-05-06 00:01:18,333&amp#27;[0;39m &amp#27;[34mINFO &amp#27;[0;39m [&amp#27;[34mmain&amp#27;[0;39m] &amp#27;[33mcom.clarolab.agents.TriageAgent&amp#27;[0;39m: Processed 0 builds from 4845
&amp#27;[30m2019-05-06 00:01:18,346&amp#27;[0;39m &amp#27;[34mINFO &amp#27;[0;39m [&amp#27;[34mmain&amp#27;[0;39m] &amp#27;[33mcom.clarolab.agents.TriageAgent&amp#27;[0;39m: Processed 1 builds from 4845
&amp#27;[30m2019-05-06 00:01:18,350&amp#27;[0;39m &amp#27;[34mINFO &amp#27;[0;39m [&amp#27;[34mmain&amp#27;[0;39m] &amp#27;[33mcom.clarolab.agents.TriageAgent&amp#27;[0;39m: Processed 0 builds from 4845
&amp#27;[30m2019-05-06 00:01:18,362&amp#27;[0;39m &amp#27;[34mINFO &amp#27;[0;39m [&amp#27;[34mmain&amp#27;[0;39m] &amp#27;[33mcom.clarolab.agents.TriageAgent&amp#27;[0;39m: Processed 1 builds from 4845
&amp#27;[30m2019-05-06 00:01:18,367&amp#27;[0;39m &amp#27;[34mINFO &amp#27;[0;39m [&amp#27;[34mmain&amp#27;[0;39m] &amp#27;[33mcom.clarolab.agents.TriageAgent&amp#27;[0;39m: Processed 0 builds from 4845
&amp#27;[30m2019-05-06 00:01:18,381&amp#27;[0;39m &amp#27;[34mINFO &amp#27;[0;39m [&amp#27;[34mmain&amp#27;[0;39m] &amp#27;[33mcom.clarolab.agents.TriageAgent&amp#27;[0;39m: Processed 1 builds from 4845
&amp#27;[30m2019-05-06 00:01:18,386&amp#27;[0;39m &amp#27;[34mINFO &amp#27;[0;39m [&amp#27;[34mmain&amp#27;[0;39m] &amp#27;[33mcom.clarolab.agents.TriageAgent&amp#27;[0;39m: Processed 0 builds from 4845
&amp#27;[30m2019-05-06 00:01:18,399&amp#27;[0;39m &amp#27;[34mINFO &amp#27;[0;39m [&amp#27;[34mmain&amp#27;[0;39m] &amp#27;[33mcom.clarolab.agents.TriageAgent&amp#27;[0;39m: Processed 1 builds from 4845
&amp#27;[30m2019-05-06 00:01:18,404&amp#27;[0;39m &amp#27;[34mINFO &amp#27;[0;39m [&amp#27;[34mmain&amp#27;[0;39m] &amp#27;[33mcom.clarolab.agents.TriageAgent&amp#27;[0;39m: Processed 0 builds from 4845
&amp#27;[30m2019-05-06 00:01:18,418&amp#27;[0;39m &amp#27;[34mINFO &amp#27;[0;39m [&amp#27;[34mmain&amp#27;[0;39m] &amp#27;[33mcom.clarolab.agents.TriageAgent&amp#27;[0;39m: Processed 1 builds from 4845
&amp#27;[30m2019-05-06 00:01:18,423&amp#27;[0;39m &amp#27;[34mINFO &amp#27;[0;39m [&amp#27;[34mmain&amp#27;[0;39m] &amp#27;[33mcom.clarolab.agents.TriageAgent&amp#27;[0;39m: Processed 0 builds from 4845
&amp#27;[30m2019-05-06 00:01:18,437&amp#27;[0;39m &amp#27;[34mINFO &amp#27;[0;39m [&amp#27;[34mmain&amp#27;[0;39m] &amp#27;[33mcom.clarolab.agents.TriageAgent&amp#27;[0;39m: Processed 1 builds from 4845
&amp#27;[30m2019-05-06 00:01:18,442&amp#27;[0;39m &amp#27;[34mINFO &amp#27;[0;39m [&amp#27;[34mmain&amp#27;[0;39m] &amp#27;[33mcom.clarolab.agents.TriageAgent&amp#27;[0;39m: Processed 0 builds from 4845
&amp#27;[30m2019-05-06 00:01:18,457&amp#27;[0;39m &amp#27;[34mINFO &amp#27;[0;39m [&amp#27;[34mmain&amp#27;[0;39m] &amp#27;[33mcom.clarolab.agents.TriageAgent&amp#27;[0;39m: Processed 1 builds from 4845
&amp#27;[30m2019-05-06 00:01:18,462&amp#27;[0;39m &amp#27;[34mINFO &amp#27;[0;39m [&amp#27;[34mmain&amp#27;[0;39m] &amp#27;[33mcom.clarolab.agents.TriageAgent&amp#27;[0;39m: Processed 0 builds from 4845
&amp#27;[30m2019-05-06 00:01:18,613&amp#27;[0;39m &amp#27;[34mINFO &amp#27;[0;39m [&amp#27;[34mmain&amp#27;[0;39m] &amp#27;[33morg.springframework.test.context.transaction.TransactionContext&amp#27;[0;39m: Rolled back transaction for test: [DefaultTestContext@5c6596b4 testClass = HistoricDataFunctionalTest, testInstance = com.clarolab.functional.test.HistoricDataFunctionalTest@52c84b57, testMethod = historicTenFailsTemNewTests@HistoricDataFunctionalTest, testException = java.lang.AssertionError: expected:<4> but was:<10>, mergedContextConfiguration = [WebMergedContextConfiguration@6b6f9800 testClass = HistoricDataFunctionalTest, locations = '{}', classes = '{class com.clarolab.QAReportApplication, class com.clarolab.QAReportApplication}', contextInitializerClasses = '[]', activeProfiles = '{}', propertySourceLocations = '{}', propertySourceProperties = '{org.springframework.boot.test.context.SpringBootTestContextBootstrapper=true}', contextCustomizers = set[org.springframework.boot.test.context.filter.ExcludeFilterContextCustomizer@5ae50ce6, org.springframework.boot.test.json.DuplicateJsonObjectContextCustomizerFactory$DuplicateJsonObjectContextCustomizer@3ba9ad43, org.springframework.boot.test.mock.mockito.MockitoContextCustomizer@0, org.springframework.boot.test.web.client.TestRestTemplateContextCustomizer@57c758ac, org.springframework.boot.test.autoconfigure.properties.PropertyMappingContextCustomizer@0, org.springframework.boot.test.autoconfigure.web.servlet.WebDriverContextCustomizerFactory$Customizer@50b472aa], resourceBasePath = 'src/main/webapp', contextLoader = 'org.springframework.boot.test.context.SpringBootContextLoader', parent = [null]], attributes = map['org.springframework.test.context.web.ServletTestExecutionListener.activateListener' -> true, 'org.springframework.test.context.web.ServletTestExecutionListener.populatedRequestContextHolder' -> true, 'org.springframework.test.context.web.ServletTestExecutionListener.resetRequestContextHolder' -> true]]
]]></system-out>
  </testcase>
  <testcase name="historicNoFailOneNewTest" classname="com.clarolab.functional.test.HistoricDataFunctionalTest" time="0.073"/>
  <testcase name="suggestedTodayList" classname="com.clarolab.functional.test.SuggestedSuitesFunctionalTest" time="0.037"/>
  <testcase name="suggestedEmptyView" classname="com.clarolab.functional.test.SuggestedSuitesFunctionalTest" time="0.042"/>
  <testcase name="suggestedTomorrowList" classname="com.clarolab.functional.test.SuggestedSuitesFunctionalTest" time="0.051"/>
  <testcase name="createSimilarTestsDiffName" classname="com.clarolab.functional.test.TestCaseFunctionalTest" time="0.037"/>
  <testcase name="createSimilarTestsDiffPath" classname="com.clarolab.functional.test.TestCaseFunctionalTest" time="0.035"/>
  <testcase name="createSameTest" classname="com.clarolab.functional.test.TestCaseFunctionalTest" time="0.031"/>
  <testcase name="createSimilarTestsDiffSuite" classname="com.clarolab.functional.test.TestCaseFunctionalTest" time="0.03"/>
  <testcase name="consecutiveFails" classname="com.clarolab.functional.test.TestDetailFunctionalTest" time="0.127"/>
  <testcase name="historicFails" classname="com.clarolab.functional.test.TestDetailFunctionalTest" time="0.113"/>
  <testcase name="consecutivePasses" classname="com.clarolab.functional.test.TestDetailFunctionalTest" time="0.152"/>
  <testcase name="historicPasses" classname="com.clarolab.functional.test.TestDetailFunctionalTest" time="0.096"/>
  <testcase name="sameErrorInOtherSuite" classname="com.clarolab.functional.test.TestDetailFunctionalTest" time="0.091"/>
  <testcase name="errorSimilar" classname="com.clarolab.functional.test.rules.TriageRuleFunctionalTest" time="0.079"/>
  <testcase name="id28_abort" classname="com.clarolab.functional.test.rules.TriageRuleFunctionalTest" time="0.096"/>
  <testcase name="id14_1" classname="com.clarolab.functional.test.rules.TriageRuleFunctionalTest" time="0.154"/>
  <testcase name="id14_2" classname="com.clarolab.functional.test.rules.TriageRuleFunctionalTest" time="0.068"/>
  <testcase name="errorVerySimilar" classname="com.clarolab.functional.test.rules.TriageRuleFunctionalTest" time="0.039"/>
  <testcase name="id29_abort" classname="com.clarolab.functional.test.rules.TriageRuleFunctionalTest" time="0.04"/>
  <testcase name="id24_cancel" classname="com.clarolab.functional.test.rules.TriageRuleFunctionalTest" time="0.039"/>
  <testcase name="id29_cancel" classname="com.clarolab.functional.test.rules.TriageRuleFunctionalTest" time="0.045"/>
  <testcase name="id5_equal" classname="com.clarolab.functional.test.rules.TriageRuleFunctionalTest" time="0.113"/>
  <testcase name="id1" classname="com.clarolab.functional.test.rules.TriageRuleFunctionalTest" time="0.038"/>
  <testcase name="id2" classname="com.clarolab.functional.test.rules.TriageRuleFunctionalTest" time="0.037"/>
  <testcase name="id3" classname="com.clarolab.functional.test.rules.TriageRuleFunctionalTest" time="0.035"/>
  <testcase name="id4" classname="com.clarolab.functional.test.rules.TriageRuleFunctionalTest" time="0.037"/>
  <testcase name="id6" classname="com.clarolab.functional.test.rules.TriageRuleFunctionalTest" time="0.037"/>
  <testcase name="id7" classname="com.clarolab.functional.test.rules.TriageRuleFunctionalTest" time="0.039"/>
  <testcase name="id8" classname="com.clarolab.functional.test.rules.TriageRuleFunctionalTest" time="0.042"/>
  <testcase name="id9" classname="com.clarolab.functional.test.rules.TriageRuleFunctionalTest" time="0.039"/>
  <testcase name="id10" classname="com.clarolab.functional.test.rules.TriageRuleFunctionalTest" time="0.036"/>
  <testcase name="id11" classname="com.clarolab.functional.test.rules.TriageRuleFunctionalTest" time="0.037"/>
  <testcase name="id12" classname="com.clarolab.functional.test.rules.TriageRuleFunctionalTest" time="0.043"/>
  <testcase name="id13" classname="com.clarolab.functional.test.rules.TriageRuleFunctionalTest" time="0.04"/>
  <testcase name="id15" classname="com.clarolab.functional.test.rules.TriageRuleFunctionalTest" time="0.043"/>
  <testcase name="id16" classname="com.clarolab.functional.test.rules.TriageRuleFunctionalTest" time="0.035"/>
  <testcase name="id17" classname="com.clarolab.functional.test.rules.TriageRuleFunctionalTest" time="0.037"/>
  <testcase name="id18" classname="com.clarolab.functional.test.rules.TriageRuleFunctionalTest" time="0.034"/>
  <testcase name="id19" classname="com.clarolab.functional.test.rules.TriageRuleFunctionalTest" time="0.037"/>
  <testcase name="id20" classname="com.clarolab.functional.test.rules.TriageRuleFunctionalTest" time="0.044"/>
  <testcase name="id21" classname="com.clarolab.functional.test.rules.TriageRuleFunctionalTest" time="0.054"/>
  <testcase name="id22" classname="com.clarolab.functional.test.rules.TriageRuleFunctionalTest" time="0.033"/>
  <testcase name="id23" classname="com.clarolab.functional.test.rules.TriageRuleFunctionalTest" time="0.043"/>
  <testcase name="id25" classname="com.clarolab.functional.test.rules.TriageRuleFunctionalTest" time="0.031"/>
  <testcase name="id26" classname="com.clarolab.functional.test.rules.TriageRuleFunctionalTest" time="0.027"/>
  <testcase name="id27_cancel" classname="com.clarolab.functional.test.rules.TriageRuleFunctionalTest" time="0.028"/>
  <testcase name="id24_skip" classname="com.clarolab.functional.test.rules.TriageRuleFunctionalTest" time="0.023"/>
  <testcase name="id29_skip" classname="com.clarolab.functional.test.rules.TriageRuleFunctionalTest" time="0.026"/>
  <testcase name="errorNotEqual" classname="com.clarolab.functional.test.rules.TriageRuleFunctionalTest" time="0.034"/>
  <testcase name="id5_similar" classname="com.clarolab.functional.test.rules.TriageRuleFunctionalTest" time="0.054"/>
  <testcase name="id5_notEqual" classname="com.clarolab.functional.test.rules.TriageRuleFunctionalTest" time="0.037"/>
  <testcase name="id5_notError" classname="com.clarolab.functional.test.rules.TriageRuleFunctionalTest" time="0.038"/>
  <testcase name="id5_verySimilar" classname="com.clarolab.functional.test.rules.TriageRuleFunctionalTest" time="0.037"/>
  <testcase name="errorEqual" classname="com.clarolab.functional.test.rules.TriageRuleFunctionalTest" time="0.031"/>
  <testcase name="id27_abort" classname="com.clarolab.functional.test.rules.TriageRuleFunctionalTest" time="0.029"/>
  <testcase name="id40_skip" classname="com.clarolab.functional.test.rules.TriageRuleFunctionalTest" time="0.037"/>
  <testcase name="id28_cancel" classname="com.clarolab.functional.test.rules.TriageRuleFunctionalTest" time="0.03"/>
  <testcase name="listAllBuilds" classname="com.clarolab.unit.test.BuilderServiceUnitTest" time="0.02">
    <failure message="expected:&lt;[com.clarolab.model.Build@129bc64]&gt; but was:&lt;[]&gt;" type="java.lang.AssertionError"><![CDATA[java.lang.AssertionError: expected:<[com.clarolab.model.Build@129bc64]> but was:<[]>
	at com.clarolab.unit.test.BuilderServiceUnitTest.listAllBuilds(BuilderServiceUnitTest.java:65)
]]></failure>
  </testcase>
  <testcase name="updateBuild" classname="com.clarolab.unit.test.BuilderServiceUnitTest" time="0.004"/>
  <testcase name="createBuild" classname="com.clarolab.unit.test.BuilderServiceUnitTest" time="0.001"/>
  <testcase name="createNullBuild" classname="com.clarolab.unit.test.BuilderServiceUnitTest" time="0.006"/>
  <testcase name="findByUsernameUser" classname="com.clarolab.unit.test.UserServiceUnitTest" time="0.002"/>
  <testcase name="listAllUsers" classname="com.clarolab.unit.test.UserServiceUnitTest" time="0.003">
    <failure message="expected:&lt;[com.clarolab.model.User@7566bf1e]&gt; but was:&lt;[]&gt;" type="java.lang.AssertionError"><![CDATA[java.lang.AssertionError: expected:<[com.clarolab.model.User@7566bf1e]> but was:<[]>
	at com.clarolab.unit.test.UserServiceUnitTest.listAllUsers(UserServiceUnitTest.java:80)
]]></failure>
  </testcase>
  <testcase name="createNullUser" classname="com.clarolab.unit.test.UserServiceUnitTest" time="0.006"/>
  <testcase name="updateUser" classname="com.clarolab.unit.test.UserServiceUnitTest" time="0.003"/>
  <testcase name="createInvalidUsernameUser" classname="com.clarolab.unit.test.UserServiceUnitTest" time="0.004">
    <failure message="Expected exception: com.clarolab.service.exception.InvalidDataException" type="java.lang.AssertionError">java.lang.AssertionError: Expected exception: com.clarolab.service.exception.InvalidDataException
</failure>
    <system-out><![CDATA[CREATED: com.clarolab.model.User@5919c04b
]]></system-out>
  </testcase>
  <testcase name="testEveryTwoWeeksCalculationWithExistingPreCalculation" classname="com.clarolab.unit.test.WeekFrequencyCalculationTest" time="0.004"/>
  <testcase name="testEveryWeekCalculationWithExistingPreCalculation" classname="com.clarolab.unit.test.WeekFrequencyCalculationTest" time="0.001"/>
  <testcase name="testEveryThreeWeeksCalculation" classname="com.clarolab.unit.test.WeekFrequencyCalculationTest" time="0.002"/>
  <testcase name="testEveryFourWeeksCalculation" classname="com.clarolab.unit.test.WeekFrequencyCalculationTest" time="0.001"/>
  <testcase name="testEveryWeekCalculation" classname="com.clarolab.unit.test.WeekFrequencyCalculationTest" time="0"/>
  <testcase name="testEveryThreeWeeksCalculationWithExistingPreCalculation" classname="com.clarolab.unit.test.WeekFrequencyCalculationTest" time="0"/>
  <testcase name="testEveryTwoWeeksCalculation" classname="com.clarolab.unit.test.WeekFrequencyCalculationTest" time="0.001"/>
  <testcase name="testEveryFourWeeksCalculationWithExistingPreCalculation" classname="com.clarolab.unit.test.WeekFrequencyCalculationTest" time="0.001"/>
</testsuite>